11:57:01.271
Command:	open_port;22;115200;
  Error:	301- Port error

11:57:31.014
Command:	open_port;22;115200;
  Error:	301- Port error

11:58:46.135
Command:	open_port;22;115200;
  Error:	301- Port error

11:58:55.964
Command:	open_port;22;115200;
  Error:	301- Port error

12:00:02.495
Command:	open_port;22;115200;
  Error:	301- Port error

12:17:25.955
Command:	open_port;22;115200;
  Error:	301- Port error

12:17:25.957
Command:	get_date_time
  Error:	305- Port not open

12:50:41.905
Command:	open_port;2;115200;
  Error:	301- Port error

12:50:57.966
Command:	open_port;2;115200;
  Error:	301- Port error

12:51:31.244
Command:	open_port;2;115200;
  Error:	301- Port error

12:51:31.245
Command:	open_port;2;115200;
  Error:	301- Port error

12:59:06.632
Command:	open_port;2;115200;
  Error:	301- Port error

12:59:06.634
Command:	open_port;2;115200;
  Error:	301- Port error

13:02:07.355
Command:	open_port;2;115200;
  Error:	301- Port error

13:02:07.357
Command:	open_port;2;115200;
  Error:	301- Port error

