13:20:32.185
Command:	open_port;22;115200;
  Error:	301- Port error

13:20:32.200
Command:	open_port;22;115200;
  Error:	301- Port error

13:21:02.854
Command:	open_port;22;115200;
  Error:	301- Port error

13:21:39.483
Command:	open_port;22;115200;
  Error:	301- Port error

13:21:43.212
Command:	open_port;22;115200;
  Error:	301- Port error

13:22:28.327
Command:	open_port;22;115200;
  Error:	301- Port error

13:22:40.167
Command:	open_port;22;115200;
  Error:	301- Port error

13:22:42.585
Command:	open_port;22;115200;
  Error:	301- Port error

14:55:52.862
Command:	open_port;22;115200
  Error:	301- Port error

14:56:29.725
Command:	open_receipt;0;
  Error:	18- time of shift is exceeded

15:03:09.491
Command:	open_receipt;0;
  Error:	18- time of shift is exceeded

15:03:09.522
Command:	read_fm_table;1;4;
  Error:	306- No data

15:03:24.639
Command:	open_receipt;0;
  Error:	18- time of shift is exceeded

15:03:35.652
Command:	open_receipt;0;
  Error:	18- time of shift is exceeded

15:03:35.684
Command:	read_fm_table;1;4;
  Error:	306- No data

15:03:49.162
Command:	open_receipt;0;
  Error:	18- time of shift is exceeded

15:03:49.193
Command:	read_fm_table;1;5;
  Error:	306- No data

15:04:41.563
Command:	open_receipt;0;
  Error:	18- time of shift is exceeded

15:05:07.817
Command:	open_receipt;0;
  Error:	18- time of shift is exceeded

15:05:32.122
Command:	open_receipt;0;
  Error:	18- time of shift is exceeded

15:05:32.185
Command:	read_fm_table;1;5;
  Error:	306- No data

15:05:49.704
Command:	open_receipt;0;
  Error:	18- time of shift is exceeded

15:05:49.766
Command:	read_fm_table;1;4;
  Error:	306- No data

15:09:09.868
Command:	open_receipt;0;
  Error:	18- time of shift is exceeded

15:09:09.931
Command:	read_fm_table;1;4;
  Error:	306- No data

15:20:37.968
Command:	open_receipt;0;
  Error:	18- time of shift is exceeded

15:20:47.609
Command:	open_receipt;0;
  Error:	18- time of shift is exceeded

15:20:47.609
Command:	execute_report;z1;
  Error:	303- Wrong number of parameters

15:21:17.966
Command:	execute_report;z1;
  Error:	303- Wrong number of parameters

15:21:17.998
Command:	open_receipt;0;
  Error:	18- time of shift is exceeded

15:22:22.457
Command:	execute_z_report;0;
  Error:	58- wrong password of senior cashier

15:22:22.488
Command:	open_receipt;0;
  Error:	18- time of shift is exceeded

15:22:53.439
Command:	execute_z_report;0;
  Error:	58- wrong password of senior cashier

15:22:53.501
Command:	open_receipt;0;
  Error:	18- time of shift is exceeded

15:23:12.128
Command:	execute_z_report;;
  Error:	302- Invalid parameters

15:23:12.190
Command:	open_receipt;0;
  Error:	18- time of shift is exceeded

15:23:33.874
Command:	execute_report;z1;
  Error:	303- Wrong number of parameters

15:23:33.936
Command:	open_receipt;0;
  Error:	18- time of shift is exceeded

15:24:17.913
Command:	open_receipt;0;
  Error:	43- Cash register is busy and can not execute a command

15:25:18.519
Command:	execute_z1_report;12321;
  Error:	300- Invalid command

15:26:40.372
Command:	cashier_registration;1;0;
  Error:	14- command disabled

15:26:40.403
Command:	execute_z_report;12321;
  Error:	14- command disabled

15:26:40.435
Command:	open_receipt;0;
  Error:	14- command disabled

15:26:54.272
Command:	cashier_registration;1;0;
  Error:	14- command disabled

15:26:54.334
Command:	execute_report;z1;12321;
  Error:	14- command disabled

15:26:54.365
Command:	open_receipt;0;
  Error:	14- command disabled

15:38:53.340
Command:	cashier_registration;1;0;
  Error:	14- command disabled

15:38:56.584
Command:	open_receipt;0;
  Error:	14- command disabled

16:37:10.094
Command:	add_plu;16156;0;0.000;0;0;0;1;81.00;0;Дезодорант для кош туалетов , порошок 567мл;1.000;
  Error:	302- Invalid parameters

16:37:43.372
Command:	add_plu;6803;0;0.000;0;0;0;1;7.50;0;Лопатка  №3 д/гран.и комкующ.песка;1.000;
  Error:	302- Invalid parameters

16:37:44.277
Command:	add_plu;7801;0;0.000;0;0;0;1;67.00;0;BUDGIE Tropifit  корм д/волн.попуг.  700гр;1.000;
  Error:	302- Invalid parameters

16:37:44.979
Command:	add_plu;10332;0;0.000;0;0;0;1;32.50;0;Наполнитель SANI PET для котов  5кг ЛИМОН;3.000;
  Error:	302- Invalid parameters

16:38:08.455
Command:	add_plu;16156;0;0.000;0;0;0;1;81.00;0;'Дезодорант для кош туалетов , порошок 567мл';1.000;
  Error:	302- Invalid parameters

16:38:09.547
Command:	add_plu;6803;0;0.000;0;0;0;1;7.50;0;'Лопатка  №3 д/гран.и комкующ.песка';1.000;
  Error:	302- Invalid parameters

16:38:10.077
Command:	add_plu;7801;0;0.000;0;0;0;1;67.00;0;'BUDGIE Tropifit  корм д/волн.попуг.  700гр';1.000;
  Error:	302- Invalid parameters

16:38:10.576
Command:	add_plu;10332;0;0.000;0;0;0;1;32.50;0;'Наполнитель SANI PET для котов  5кг ЛИМОН';3.000;
  Error:	302- Invalid parameters

16:38:57.954
Command:	add_plu;16156;0;0.000;0;0;0;1;81.00;0;'Дезодорант для кош туалетов , п';1.000;
  Error:	302- Invalid parameters

16:39:00.122
Command:	add_plu;6803;0;0.000;0;0;0;1;7.50;0;'Лопатка  №3 д/гран.и комкующ.пе';1.000;
  Error:	302- Invalid parameters

16:39:00.684
Command:	add_plu;7801;0;0.000;0;0;0;1;67.00;0;'BUDGIE Tropifit  корм д/волн.по';1.000;
  Error:	302- Invalid parameters

16:39:01.199
Command:	add_plu;10332;0;0.000;0;0;0;1;32.50;0;'Наполнитель SANI PET для котов ';3.000;
  Error:	302- Invalid parameters

16:39:26.051
Command:	add_plu;16156;0;0.000;0;0;0;1;81.00;0;'Дезодорант для кош туалетов , п';1.000;
  Error:	302- Invalid parameters

16:39:27.096
Command:	add_plu;6803;0;0.000;0;0;0;1;7.50;0;'Лопатка  №3 д/гран.и комкующ.пе';1.000;
  Error:	302- Invalid parameters

16:39:27.423
Command:	add_plu;7801;0;0.000;0;0;0;1;67.00;0;'BUDGIE Tropifit  корм д/волн.по';1.000;
  Error:	302- Invalid parameters

16:39:27.626
Command:	add_plu;10332;0;0.000;0;0;0;1;32.50;0;'Наполнитель SANI PET для котов ';3.000;
  Error:	302- Invalid parameters

16:42:14.863
Command:	cashier_registration;1;0
  Error:	14- command disabled

16:42:22.012
Command:	open_receipt;0;
  Error:	14- command disabled

16:45:04.983
Command:	cashier_registration;1;0
  Error:	14- command disabled

16:45:07.574
Command:	open_receipt;0;
  Error:	14- command disabled

16:45:08.370
Command:	sale_plu;0;0;1;1.000;16156;81.00
  Error:	47- price of goods specified

16:45:09.805
Command:	sale_plu;0;0;1;1.000;6803;7.50
  Error:	47- price of goods specified

16:45:37.074
Command:	sale_plu;0;0;1;1.000;7801;67.00
  Error:	47- price of goods specified

16:45:38.774
Command:	sale_plu;0;0;1;3.000;10332;32.50
  Error:	47- price of goods specified

16:47:47.157
Command:	add_plu;16156;0;0;0;0;0;1;0;0;Дезодорант для кош туалетов , п;1.000;
  Error:	14- command disabled

16:47:57.599
Command:	add_plu;6803;0;0;0;0;0;1;0;0;Лопатка  №3 д/гран.и комкующ.пе;1.000;
  Error:	14- command disabled

16:48:03.575
Command:	add_plu;7801;0;0;0;0;0;1;0;0;BUDGIE Tropifit  корм д/волн.по;1.000;
  Error:	14- command disabled

16:48:06.666
Command:	add_plu;10332;0;0;0;0;0;1;0;0;Наполнитель SANI PET для котов ;3.000;
  Error:	14- command disabled

16:49:23.812
Command:	add_plu;16156;0;0;0;0;0;1;0;0;Дезодорант для кош туалетов   п;1.000;
  Error:	14- command disabled

16:49:36.433
Command:	add_plu;6803;0;0;0;0;0;1;0;0;Лопатка  №3 д/гран и комкующ пе;1.000;
  Error:	14- command disabled

16:49:40.741
Command:	add_plu;7801;0;0;0;0;0;1;0;0;BUDGIE Tropifit  корм д/волн по;1.000;
  Error:	14- command disabled

16:49:42.989
Command:	add_plu;10332;0;0;0;0;0;1;0;0;Наполнитель SANI PET для котов ;3.000;
  Error:	14- command disabled

16:52:31.252
Command:	cashier_registration;1;0
  Error:	43- Cash register is busy and can not execute a command

16:52:43.697
Command:	get_status;0
  Error:	309- Not respond, timeout

16:53:39.226
Command:	open_port;22;115200
  Error:	301- Port error

16:54:01.013
Command:	open_port;22;115200
  Error:	301- Port error

16:54:07.929
Command:	open_port;22;115200
  Error:	301- Port error

16:55:11.037
Command:	sale_plu;0;0;1;1.000;16156;81.00
  Error:	14- command disabled

16:55:16.501
Command:	sale_plu;0;0;1;1.000;6803;7.50
  Error:	14- command disabled

16:55:25.600
Command:	sale_plu;0;0;1;1.000;7801;67.00
  Error:	14- command disabled

16:55:27.020
Command:	sale_plu;0;0;1;3.000;10332;32.50
  Error:	14- command disabled

16:55:27.739
Command:	pay;0;0;
  Error:	14- command disabled

16:57:29.709
Command:	sale_plu;0;0;1;1.000;16156;81.00
  Error:	14- command disabled

16:58:05.267
Command:	open_port;22;115200
  Error:	301- Port error

16:58:26.525
Command:	open_port;22;115200
  Error:	301- Port error

16:58:34.733
Command:	open_port;22;115200
  Error:	301- Port error

17:58:59.272
Command:	open_port;22;115200
  Error:	301- Port error

17:59:38.654
Command:	open_port;22;115200
  Error:	301- Port error

18:00:03.223
Command:	open_port;22;115200
  Error:	301- Port error

