#
# A fatal error has been detected by the Java Runtime Environment:
#
#  EXCEPTION_ACCESS_VIOLATION (0xc0000005) at pc=0x6d2555fb, pid=8832, tid=8264
#
# JRE version: Java(TM) SE Runtime Environment (8.0_91-b15) (build 1.8.0_91-b15)
# Java VM: Java HotSpot(TM) Client VM (25.91-b15 mixed mode, sharing windows-x86 )
# Problematic frame:
# V  [jvm.dll+0xd55fb]
#
# Failed to write core dump. Minidumps are not enabled by default on client versions of Windows
#
# If you would like to submit a bug report, please visit:
#   http://bugreport.java.com/bugreport/crash.jsp
#

---------------  T H R E A D  ---------------

Current thread (0x16031c00):  JavaThread "AWT-EventQueue-0" [_thread_in_vm, id=8264, stack(0x165a0000,0x165f0000)]

siginfo: ExceptionCode=0xc0000005, reading address 0x00000000

Registers:
EAX=0x00000000, EBX=0x16031c00, ECX=0x16031c00, EDX=0x00000167
ESP=0x165ee20c, EBP=0x165ee228, ESI=0x16031d40, EDI=0x16031d40
EIP=0x6d2555fb, EFLAGS=0x00010246

Top of Stack: (sp=0x165ee20c)
0x165ee20c:   16031d40 1693577c 00000000 16031c00
0x165ee21c:   16030af4 00000167 6d48aad8 00000000
0x165ee22c:   7072f841 16031d40 00000000 16031d40
0x165ee23c:   70721e4b 16031d40 00000000 16031d40
0x165ee24c:   1693577c 01f03f94 16031c00 165ee6ec
0x165ee25c:   165ee6f8 00000000 00000000 00000000
0x165ee26c:   0000000f 165ee70c 165ee6e8 1ad74670
0x165ee27c:   165ee710 00000000 00000000 00000000 

Instructions: (pc=0x6d2555fb)
0x6d2555db:   f3 ff 83 c4 08 83 7b 04 00 89 5d f0 c7 45 f4 00
0x6d2555eb:   00 00 00 74 08 8d 4d f0 e8 e8 0c 0d 00 8b 45 0c
0x6d2555fb:   8b 08 8b 51 04 8b 42 38 50 56 e8 56 4d 08 00 83
0x6d25560b:   c4 08 83 7d f4 00 89 45 08 74 08 8d 4d f0 e8 02 


Register to memory mapping:

EAX=0x00000000 is an unknown value
EBX=0x16031c00 is a thread
ECX=0x16031c00 is a thread
EDX=0x00000167 is an unknown value
ESP=0x165ee20c is pointing into the stack for thread: 0x16031c00
EBP=0x165ee228 is pointing into the stack for thread: 0x16031c00
ESI=0x16031d40 is an unknown value
EDI=0x16031d40 is an unknown value


Stack: [0x165a0000,0x165f0000],  sp=0x165ee20c,  free space=312k
Native frames: (J=compiled Java code, j=interpreted, Vv=VM code, C=native code)
V  [jvm.dll+0xd55fb]
C  [jacob-1.18-x86.dll+0xf841]

Java frames: (J=compiled Java code, j=interpreted, Vv=VM code)
J 463  com.jacob.com.Dispatch.invokev(Lcom/jacob/com/Dispatch;Ljava/lang/String;III[Lcom/jacob/com/Variant;[I)Lcom/jacob/com/Variant; (0 bytes) @ 0x02953ac8 [0x02953a20+0xa8]
J 487 C1 main.POS_Terminal.waitResponse()V (207 bytes) @ 0x029ce698 [0x029ce450+0x248]
j  main.POS_Terminal.returnValues()V+1
j  main.POS_Terminal.purchase()Z+632
j  main.EKKA.terminalCheck(Ljava/math/BigDecimal;Ljava/lang/String;Ljava/math/BigDecimal;)Z+183
j  forms.FrmMain.jButtonPrintCheckActionPerformed(Ljava/awt/event/ActionEvent;Z)V+2093
j  forms.FrmMain.access$1800(Lforms/FrmMain;Ljava/awt/event/ActionEvent;Z)V+3
j  forms.FrmMain$MyKeyListener.keyOverride(Ljava/awt/event/KeyEvent;)Ljava/awt/event/KeyEvent;+777
j  forms.FrmMain$MyKeyListener.keyPressed(Ljava/awt/event/KeyEvent;)V+35
j  java.awt.AWTEventMulticaster.keyPressed(Ljava/awt/event/KeyEvent;)V+21
j  java.awt.Component.processKeyEvent(Ljava/awt/event/KeyEvent;)V+52
j  javax.swing.JComponent.processKeyEvent(Ljava/awt/event/KeyEvent;)V+2
j  java.awt.Component.processEvent(Ljava/awt/AWTEvent;)V+121
j  java.awt.Container.processEvent(Ljava/awt/AWTEvent;)V+18
j  java.awt.Component.dispatchEventImpl(Ljava/awt/AWTEvent;)V+589
j  java.awt.Container.dispatchEventImpl(Ljava/awt/AWTEvent;)V+42
j  java.awt.Component.dispatchEvent(Ljava/awt/AWTEvent;)V+2
j  java.awt.KeyboardFocusManager.redispatchEvent(Ljava/awt/Component;Ljava/awt/AWTEvent;)V+7
j  java.awt.DefaultKeyboardFocusManager.dispatchKeyEvent(Ljava/awt/event/KeyEvent;)Z+63
j  java.awt.DefaultKeyboardFocusManager.preDispatchKeyEvent(Ljava/awt/event/KeyEvent;)Z+137
j  java.awt.DefaultKeyboardFocusManager.typeAheadAssertions(Ljava/awt/Component;Ljava/awt/AWTEvent;)Z+166
j  java.awt.DefaultKeyboardFocusManager.dispatchEvent(Ljava/awt/AWTEvent;)Z+1581
j  java.awt.Component.dispatchEventImpl(Ljava/awt/AWTEvent;)V+151
j  java.awt.Container.dispatchEventImpl(Ljava/awt/AWTEvent;)V+42
j  java.awt.Window.dispatchEventImpl(Ljava/awt/AWTEvent;)V+19
j  java.awt.Component.dispatchEvent(Ljava/awt/AWTEvent;)V+2
j  java.awt.EventQueue.dispatchEventImpl(Ljava/awt/AWTEvent;Ljava/lang/Object;)V+41
j  java.awt.EventQueue.access$500(Ljava/awt/EventQueue;Ljava/awt/AWTEvent;Ljava/lang/Object;)V+3
j  java.awt.EventQueue$3.run()Ljava/lang/Void;+32
j  java.awt.EventQueue$3.run()Ljava/lang/Object;+1
v  ~StubRoutines::call_stub
j  java.security.AccessController.doPrivileged(Ljava/security/PrivilegedAction;Ljava/security/AccessControlContext;)Ljava/lang/Object;+0
j  java.security.ProtectionDomain$JavaSecurityAccessImpl.doIntersectionPrivilege(Ljava/security/PrivilegedAction;Ljava/security/AccessControlContext;Ljava/security/AccessControlContext;)Ljava/lang/Object;+18
j  java.security.ProtectionDomain$JavaSecurityAccessImpl.doIntersectionPrivilege(Ljava/security/PrivilegedAction;Ljava/security/AccessControlContext;)Ljava/lang/Object;+6
j  java.awt.EventQueue$4.run()Ljava/lang/Void;+11
j  java.awt.EventQueue$4.run()Ljava/lang/Object;+1
v  ~StubRoutines::call_stub
j  java.security.AccessController.doPrivileged(Ljava/security/PrivilegedAction;Ljava/security/AccessControlContext;)Ljava/lang/Object;+0
j  java.security.ProtectionDomain$JavaSecurityAccessImpl.doIntersectionPrivilege(Ljava/security/PrivilegedAction;Ljava/security/AccessControlContext;Ljava/security/AccessControlContext;)Ljava/lang/Object;+18
j  java.awt.EventQueue.dispatchEvent(Ljava/awt/AWTEvent;)V+73
j  java.awt.EventDispatchThread.pumpOneEventForFilters(I)V+245
j  java.awt.EventDispatchThread.pumpEventsForFilter(ILjava/awt/Conditional;Ljava/awt/EventFilter;)V+35
j  java.awt.EventDispatchThread.pumpEventsForHierarchy(ILjava/awt/Conditional;Ljava/awt/Component;)V+11
j  java.awt.EventDispatchThread.pumpEvents(ILjava/awt/Conditional;)V+4
j  java.awt.EventDispatchThread.pumpEvents(Ljava/awt/Conditional;)V+3
j  java.awt.EventDispatchThread.run()V+9
v  ~StubRoutines::call_stub

---------------  P R O C E S S  ---------------

Java Threads: ( => current thread )
  0x16968800 JavaThread "TimerQueue" daemon [_thread_blocked, id=3612, stack(0x17440000,0x17490000)]
  0x16968000 JavaThread "Timer-3" daemon [_thread_blocked, id=8180, stack(0x17300000,0x17350000)]
  0x16967400 JavaThread "Timer-1" daemon [_thread_blocked, id=5296, stack(0x17180000,0x171d0000)]
  0x16967000 JavaThread "Timer-0" daemon [_thread_blocked, id=8684, stack(0x17030000,0x17080000)]
  0x160a9000 JavaThread "Abandoned connection cleanup thread" daemon [_thread_blocked, id=4440, stack(0x16620000,0x16670000)]
  0x01f8c000 JavaThread "DestroyJavaVM" [_thread_blocked, id=7648, stack(0x00550000,0x005a0000)]
=>0x16031c00 JavaThread "AWT-EventQueue-0" [_thread_in_vm, id=8264, stack(0x165a0000,0x165f0000)]
  0x1602fc00 JavaThread "AWT-Windows" daemon [_thread_in_native, id=7372, stack(0x16120000,0x16170000)]
  0x1602f400 JavaThread "AWT-Shutdown" [_thread_blocked, id=6996, stack(0x15d90000,0x15de0000)]
  0x1602c000 JavaThread "Java2D Disposer" daemon [_thread_blocked, id=7748, stack(0x163b0000,0x16400000)]
  0x01f20000 JavaThread "Service Thread" daemon [_thread_blocked, id=5972, stack(0x15ed0000,0x15f20000)]
  0x01effc00 JavaThread "C1 CompilerThread0" daemon [_thread_blocked, id=8792, stack(0x00430000,0x00480000)]
  0x01efe000 JavaThread "Attach Listener" daemon [_thread_blocked, id=7772, stack(0x15d40000,0x15d90000)]
  0x01efb000 JavaThread "Signal Dispatcher" daemon [_thread_blocked, id=6260, stack(0x15560000,0x155b0000)]
  0x01ef1c00 JavaThread "Finalizer" daemon [_thread_blocked, id=7376, stack(0x04970000,0x049c0000)]
  0x01e93800 JavaThread "Reference Handler" daemon [_thread_blocked, id=9072, stack(0x01f90000,0x01fe0000)]

Other Threads:
  0x01e8f400 VMThread [stack: 0x048e0000,0x04930000] [id=8544]
  0x01f31000 WatcherThread [stack: 0x15e80000,0x15ed0000] [id=4232]

VM state:not at safepoint (normal execution)

VM Mutex/Monitor currently owned by a thread: None

Heap:
 def new generation   total 78656K, used 70781K [0x04a00000, 0x09f50000, 0x09f50000)
  eden space 69952K,  99% used [0x04a00000, 0x08e4fff0, 0x08e50000)
  from space 8704K,   9% used [0x08e50000, 0x08f1f568, 0x096d0000)
  to   space 8704K,   0% used [0x096d0000, 0x096d0000, 0x09f50000)
 tenured generation   total 174784K, used 174783K [0x09f50000, 0x14a00000, 0x14a00000)
   the space 174784K,  99% used [0x09f50000, 0x149ffff8, 0x14a00000, 0x14a00000)
 Metaspace       used 3616K, capacity 3987K, committed 4032K, reserved 4480K

Card table byte_map: [0x002c0000,0x00350000] byte_map_base: 0x0029b000

Polling page: 0x001a0000

CodeCache: size=32768Kb used=1546Kb max_used=1546Kb free=31221Kb
 bounds [0x02870000, 0x029f8000, 0x04870000]
 total_blobs=828 nmethods=563 adapters=195
 compilation: enabled

Compilation events (10 events):
Event: 112.088 Thread 0x01effc00  564   !         sun.font.FontDesignMetrics::getMetrics (265 bytes)
Event: 112.093 Thread 0x01effc00 nmethod 564 0x029ef148 code [0x029ef3a0, 0x029f0190]
Event: 112.093 Thread 0x01effc00  565             java.util.concurrent.locks.ReentrantLock::lock (8 bytes)
Event: 112.093 Thread 0x01effc00 nmethod 565 0x029f0d48 code [0x029f0e50, 0x029f0eec]
Event: 122.091 Thread 0x01effc00  566             java.awt.EventQueue::getNextEventPrivate (76 bytes)
Event: 122.092 Thread 0x01effc00 nmethod 566 0x029f0f48 code [0x029f1050, 0x029f117c]
Event: 134.741 Thread 0x01effc00  567             java.util.concurrent.locks.ReentrantLock$NonfairSync::lock (25 bytes)
Event: 134.742 Thread 0x01effc00 nmethod 567 0x029f1288 code [0x029f13b0, 0x029f1520]
Event: 178.313 Thread 0x01effc00  569             java.security.AccessControlContext::optimize (318 bytes)
Event: 178.315 Thread 0x01effc00 nmethod 569 0x029f1908 code [0x029f1b10, 0x029f2418]

GC Heap History (10 events):
Event: 166.407 GC heap before
{Heap before GC invocations=18 (full 6):
 def new generation   total 78656K, used 78656K [0x04a00000, 0x09f50000, 0x09f50000)
  eden space 69952K, 100% used [0x04a00000, 0x08e50000, 0x08e50000)
  from space 8704K, 100% used [0x08e50000, 0x096d0000, 0x096d0000)
  to   space 8704K,   0% used [0x096d0000, 0x096d0000, 0x09f50000)
 tenured generation   total 174784K, used 174784K [0x09f50000, 0x14a00000, 0x14a00000)
   the space 174784K, 100% used [0x09f50000, 0x14a00000, 0x14a00000, 0x14a00000)
 Metaspace       used 3616K, capacity 3987K, committed 4032K, reserved 4480K
Event: 167.833 GC heap after
Heap after GC invocations=19 (full 7):
 def new generation   total 78656K, used 56026K [0x04a00000, 0x09f50000, 0x09f50000)
  eden space 69952K,  80% used [0x04a00000, 0x080b6b90, 0x08e50000)
  from space 8704K,   0% used [0x08e50000, 0x08e50000, 0x096d0000)
  to   space 8704K,   0% used [0x096d0000, 0x096d0000, 0x09f50000)
 tenured generation   total 174784K, used 174784K [0x09f50000, 0x14a00000, 0x14a00000)
   the space 174784K, 100% used [0x09f50000, 0x14a00000, 0x14a00000, 0x14a00000)
 Metaspace       used 3616K, capacity 3987K, committed 4032K, reserved 4480K
}
Event: 171.720 GC heap before
{Heap before GC invocations=19 (full 7):
 def new generation   total 78656K, used 78656K [0x04a00000, 0x09f50000, 0x09f50000)
  eden space 69952K, 100% used [0x04a00000, 0x08e50000, 0x08e50000)
  from space 8704K, 100% used [0x08e50000, 0x096d0000, 0x096d0000)
  to   space 8704K,   0% used [0x096d0000, 0x096d0000, 0x09f50000)
 tenured generation   total 174784K, used 174784K [0x09f50000, 0x14a00000, 0x14a00000)
   the space 174784K, 100% used [0x09f50000, 0x14a00000, 0x14a00000, 0x14a00000)
 Metaspace       used 3616K, capacity 3987K, committed 4032K, reserved 4480K
Event: 173.377 GC heap after
Heap after GC invocations=20 (full 8):
 def new generation   total 78656K, used 60729K [0x04a00000, 0x09f50000, 0x09f50000)
  eden space 69952K,  86% used [0x04a00000, 0x0854e410, 0x08e50000)
  from space 8704K,   0% used [0x08e50000, 0x08e50000, 0x096d0000)
  to   space 8704K,   0% used [0x096d0000, 0x096d0000, 0x09f50000)
 tenured generation   total 174784K, used 174784K [0x09f50000, 0x14a00000, 0x14a00000)
   the space 174784K, 100% used [0x09f50000, 0x14a00000, 0x14a00000, 0x14a00000)
 Metaspace       used 3616K, capacity 3987K, committed 4032K, reserved 4480K
}
Event: 176.748 GC heap before
{Heap before GC invocations=20 (full 8):
 def new generation   total 78656K, used 78656K [0x04a00000, 0x09f50000, 0x09f50000)
  eden space 69952K, 100% used [0x04a00000, 0x08e50000, 0x08e50000)
  from space 8704K, 100% used [0x08e50000, 0x096d0000, 0x096d0000)
  to   space 8704K,   0% used [0x096d0000, 0x096d0000, 0x09f50000)
 tenured generation   total 174784K, used 174784K [0x09f50000, 0x14a00000, 0x14a00000)
   the space 174784K, 100% used [0x09f50000, 0x14a00000, 0x14a00000, 0x14a00000)
 Metaspace       used 3616K, capacity 3987K, committed 4032K, reserved 4480K
Event: 178.263 GC heap after
Heap after GC invocations=21 (full 9):
 def new generation   total 78656K, used 70210K [0x04a00000, 0x09f50000, 0x09f50000)
  eden space 69952K,  99% used [0x04a00000, 0x08e4ffe8, 0x08e50000)
  from space 8704K,   2% used [0x08e50000, 0x08e90840, 0x096d0000)
  to   space 8704K,   0% used [0x096d0000, 0x096d0000, 0x09f50000)
 tenured generation   total 174784K, used 174784K [0x09f50000, 0x14a00000, 0x14a00000)
   the space 174784K, 100% used [0x09f50000, 0x14a00000, 0x14a00000, 0x14a00000)
 Metaspace       used 3616K, capacity 3987K, committed 4032K, reserved 4480K
}
Event: 178.475 GC heap before
{Heap before GC invocations=21 (full 9):
 def new generation   total 78656K, used 71321K [0x04a00000, 0x09f50000, 0x09f50000)
  eden space 69952K, 100% used [0x04a00000, 0x08e50000, 0x08e50000)
  from space 8704K,  15% used [0x08e50000, 0x08fa6480, 0x096d0000)
  to   space 8704K,   0% used [0x096d0000, 0x096d0000, 0x09f50000)
 tenured generation   total 174784K, used 174784K [0x09f50000, 0x14a00000, 0x14a00000)
   the space 174784K, 100% used [0x09f50000, 0x14a00000, 0x14a00000, 0x14a00000)
 Metaspace       used 3616K, capacity 3987K, committed 4032K, reserved 4480K
Event: 179.913 GC heap after
Heap after GC invocations=22 (full 10):
 def new generation   total 78656K, used 70798K [0x04a00000, 0x09f50000, 0x09f50000)
  eden space 69952K, 100% used [0x04a00000, 0x08e50000, 0x08e50000)
  from space 8704K,   9% used [0x08e50000, 0x08f238c8, 0x096d0000)
  to   space 8704K,   0% used [0x096d0000, 0x096d0000, 0x09f50000)
 tenured generation   total 174784K, used 174784K [0x09f50000, 0x14a00000, 0x14a00000)
   the space 174784K, 100% used [0x09f50000, 0x14a00000, 0x14a00000, 0x14a00000)
 Metaspace       used 3616K, capacity 3987K, committed 4032K, reserved 4480K
}
Event: 179.913 GC heap before
{Heap before GC invocations=22 (full 10):
 def new generation   total 78656K, used 70798K [0x04a00000, 0x09f50000, 0x09f50000)
  eden space 69952K, 100% used [0x04a00000, 0x08e50000, 0x08e50000)
  from space 8704K,   9% used [0x08e50000, 0x08f238c8, 0x096d0000)
  to   space 8704K,   0% used [0x096d0000, 0x096d0000, 0x09f50000)
 tenured generation   total 174784K, used 174784K [0x09f50000, 0x14a00000, 0x14a00000)
   the space 174784K, 100% used [0x09f50000, 0x14a00000, 0x14a00000, 0x14a00000)
 Metaspace       used 3616K, capacity 3987K, committed 4032K, reserved 4480K
Event: 181.741 GC heap after
Heap after GC invocations=23 (full 11):
 def new generation   total 78656K, used 70781K [0x04a00000, 0x09f50000, 0x09f50000)
  eden space 69952K,  99% used [0x04a00000, 0x08e4fff0, 0x08e50000)
  from space 8704K,   9% used [0x08e50000, 0x08f1f500, 0x096d0000)
  to   space 8704K,   0% used [0x096d0000, 0x096d0000, 0x09f50000)
 tenured generation   total 174784K, used 174783K [0x09f50000, 0x14a00000, 0x14a00000)
   the space 174784K,  99% used [0x09f50000, 0x149ffff8, 0x14a00000, 0x14a00000)
 Metaspace       used 3616K, capacity 3987K, committed 4032K, reserved 4480K
}

Deoptimization events (0 events):
No events

Internal exceptions (10 events):
Event: 0.246 Thread 0x16031c00 Exception <a 'java/lang/ClassNotFoundException': ToggleButton> (0x04ce2080) thrown at [C:\re\workspace\8-2-build-windows-i586-cygwin\jdk8u91\7017\hotspot\src\share\vm\classfile\systemDictionary.cpp, line 210]
Event: 0.246 Thread 0x16031c00 Exception <a 'java/lang/ClassNotFoundException': javax/swing/JToolBarSeparator> (0x04ce2488) thrown at [C:\re\workspace\8-2-build-windows-i586-cygwin\jdk8u91\7017\hotspot\src\share\vm\classfile\systemDictionary.cpp, line 210]
Event: 0.246 Thread 0x16031c00 Exception <a 'java/lang/ClassNotFoundException': ToolBarSeparator> (0x04ce28e0) thrown at [C:\re\workspace\8-2-build-windows-i586-cygwin\jdk8u91\7017\hotspot\src\share\vm\classfile\systemDictionary.cpp, line 210]
Event: 0.246 Thread 0x16031c00 Exception <a 'java/lang/ClassNotFoundException': ToolTip> (0x04ce2f88) thrown at [C:\re\workspace\8-2-build-windows-i586-cygwin\jdk8u91\7017\hotspot\src\share\vm\classfile\systemDictionary.cpp, line 210]
Event: 0.246 Thread 0x16031c00 Exception <a 'java/lang/ClassNotFoundException': Tree> (0x04ce3a70) thrown at [C:\re\workspace\8-2-build-windows-i586-cygwin\jdk8u91\7017\hotspot\src\share\vm\classfile\systemDictionary.cpp, line 210]
Event: 0.246 Thread 0x16031c00 Exception <a 'java/lang/ClassNotFoundException': Tree> (0x04ce4110) thrown at [C:\re\workspace\8-2-build-windows-i586-cygwin\jdk8u91\7017\hotspot\src\share\vm\classfile\systemDictionary.cpp, line 210]
Event: 0.246 Thread 0x16031c00 Exception <a 'java/lang/ClassNotFoundException': javax/swing/JTreeCell> (0x04ce4448) thrown at [C:\re\workspace\8-2-build-windows-i586-cygwin\jdk8u91\7017\hotspot\src\share\vm\classfile\systemDictionary.cpp, line 210]
Event: 0.246 Thread 0x16031c00 Exception <a 'java/lang/ClassNotFoundException': TreeCell> (0x04ce4890) thrown at [C:\re\workspace\8-2-build-windows-i586-cygwin\jdk8u91\7017\hotspot\src\share\vm\classfile\systemDictionary.cpp, line 210]
Event: 0.246 Thread 0x16031c00 Exception <a 'java/lang/ClassNotFoundException': RootPane> (0x04ce5208) thrown at [C:\re\workspace\8-2-build-windows-i586-cygwin\jdk8u91\7017\hotspot\src\share\vm\classfile\systemDictionary.cpp, line 210]
Event: 181.741 Thread 0x16031c00 Exception <a 'java/lang/OutOfMemoryError'> (0x0a100058) thrown at [C:\re\workspace\8-2-build-windows-i586-cygwin\jdk8u91\7017\hotspot\src\share\vm\gc_interface/collectedHeap.inline.hpp, line 159]

Events (10 events):
Event: 156.361 Executing VM operation: GenCollectForAllocation
Event: 157.721 Executing VM operation: GenCollectForAllocation done
Event: 166.407 Executing VM operation: GenCollectForAllocation
Event: 167.833 Executing VM operation: GenCollectForAllocation done
Event: 171.720 Executing VM operation: GenCollectForAllocation
Event: 173.377 Executing VM operation: GenCollectForAllocation done
Event: 176.748 Executing VM operation: GenCollectForAllocation
Event: 178.263 Executing VM operation: GenCollectForAllocation done
Event: 178.474 Executing VM operation: GenCollectForAllocation
Event: 181.741 Executing VM operation: GenCollectForAllocation done


Dynamic libraries:
0x003b0000 - 0x003e3000 	C:\Program Files (x86)\Java\jdk1.8.0_91\bin\java.exe
0x77130000 - 0x772b0000 	C:\Windows\SysWOW64\ntdll.dll
0x76c20000 - 0x76d30000 	C:\Windows\syswow64\kernel32.dll
0x751b0000 - 0x751f7000 	C:\Windows\syswow64\KERNELBASE.dll
0x75b50000 - 0x75bf0000 	C:\Windows\syswow64\ADVAPI32.dll
0x74f60000 - 0x7500c000 	C:\Windows\syswow64\msvcrt.dll
0x75b30000 - 0x75b49000 	C:\Windows\SysWOW64\sechost.dll
0x75360000 - 0x75450000 	C:\Windows\syswow64\RPCRT4.dll
0x74c80000 - 0x74ce0000 	C:\Windows\syswow64\SspiCli.dll
0x74c70000 - 0x74c7c000 	C:\Windows\syswow64\CRYPTBASE.dll
0x75d50000 - 0x75e50000 	C:\Windows\syswow64\USER32.dll
0x74e60000 - 0x74ef0000 	C:\Windows\syswow64\GDI32.dll
0x77100000 - 0x7710a000 	C:\Windows\syswow64\LPK.dll
0x75a90000 - 0x75b2d000 	C:\Windows\syswow64\USP10.dll
0x72050000 - 0x721ee000 	C:\Windows\WinSxS\x86_microsoft.windows.common-controls_6595b64144ccf1df_6.0.7601.17514_none_41e6975e2bd6f2b2\COMCTL32.dll
0x74ef0000 - 0x74f47000 	C:\Windows\syswow64\SHLWAPI.dll
0x75010000 - 0x75070000 	C:\Windows\system32\IMM32.DLL
0x750a0000 - 0x7516c000 	C:\Windows\syswow64\MSCTF.dll
0x6d550000 - 0x6d60d000 	C:\Program Files (x86)\Java\jdk1.8.0_91\jre\bin\msvcr100.dll
0x6d180000 - 0x6d54a000 	C:\Program Files (x86)\Java\jdk1.8.0_91\jre\bin\client\jvm.dll
0x6f4b0000 - 0x6f4b7000 	C:\Windows\system32\WSOCK32.dll
0x75170000 - 0x751a5000 	C:\Windows\syswow64\WS2_32.dll
0x74dc0000 - 0x74dc6000 	C:\Windows\syswow64\NSI.dll
0x717c0000 - 0x717f2000 	C:\Windows\system32\WINMM.dll
0x72800000 - 0x72809000 	C:\Windows\system32\VERSION.dll
0x758d0000 - 0x758d5000 	C:\Windows\syswow64\PSAPI.DLL
0x731a0000 - 0x731ac000 	C:\Program Files (x86)\Java\jdk1.8.0_91\jre\bin\verify.dll
0x72b40000 - 0x72b61000 	C:\Program Files (x86)\Java\jdk1.8.0_91\jre\bin\java.dll
0x73020000 - 0x73033000 	C:\Program Files (x86)\Java\jdk1.8.0_91\jre\bin\zip.dll
0x75fa0000 - 0x76beb000 	C:\Windows\syswow64\SHELL32.dll
0x75200000 - 0x7535c000 	C:\Windows\syswow64\ole32.dll
0x72830000 - 0x7283b000 	C:\Windows\system32\profapi.dll
0x6d030000 - 0x6d175000 	C:\Program Files (x86)\Java\jdk1.8.0_91\jre\bin\awt.dll
0x75450000 - 0x754df000 	C:\Windows\syswow64\OLEAUT32.dll
0x73bc0000 - 0x73bd3000 	C:\Windows\system32\DWMAPI.DLL
0x707c0000 - 0x707f9000 	C:\Program Files (x86)\Java\jdk1.8.0_91\jre\bin\fontmanager.dll
0x73000000 - 0x73016000 	C:\Program Files (x86)\Java\jdk1.8.0_91\jre\bin\net.dll
0x72460000 - 0x7249c000 	C:\Windows\system32\mswsock.dll
0x721f0000 - 0x721f6000 	C:\Windows\System32\wship6.dll
0x72450000 - 0x72455000 	C:\Windows\System32\wshtcpip.dll
0x71f00000 - 0x71f44000 	C:\Windows\system32\DNSAPI.dll
0x71ee0000 - 0x71efc000 	C:\Windows\system32\IPHLPAPI.DLL
0x71ed0000 - 0x71ed7000 	C:\Windows\system32\WINNSI.DLL
0x71e80000 - 0x71e86000 	C:\Windows\system32\rasadhlp.dll
0x71e90000 - 0x71ec8000 	C:\Windows\System32\fwpuclnt.dll
0x73c20000 - 0x73c2f000 	C:\Program Files (x86)\Java\jdk1.8.0_91\jre\bin\nio.dll
0x70780000 - 0x707b2000 	C:\Program Files (x86)\Java\jdk1.8.0_91\jre\bin\t2k.dll
0x73770000 - 0x7377a000 	C:\Program Files (x86)\Yandex\Punto Switcher\pshook.dll
0x754e0000 - 0x7550a000 	C:\Windows\syswow64\imagehlp.dll
0x70750000 - 0x70774000 	C:\Program Files (x86)\Java\jdk1.8.0_91\jre\bin\dcpr.dll
0x70720000 - 0x7074f000 	D:\Project\ShopV2\lib\jacob-1.18-x86.dll
0x74dd0000 - 0x74e53000 	C:\Windows\syswow64\CLBCatQ.DLL
0x67bc0000 - 0x67cfc000 	D:\Project\ShopV2\lib\ECRcommX.dll
0x71980000 - 0x719df000 	C:\Windows\system32\SXS.DLL
0x75070000 - 0x75097000 	C:\Windows\syswow64\CFGMGR32.dll
0x6c8b0000 - 0x6c99b000 	C:\Windows\system32\dbghelp.dll

VM Arguments:
jvm_args: -Dfile.encoding=UTF-8 
java_command: main.ShopMain
java_class_path (initial): E:\Distrib\MySQL\mysql-connector-java-5.1.35-bin.jar;C:\NetBeans\java\modules\ext\AbsoluteLayout.jar;C:\NetBeans\platform\modules\ext\swing-layout-1.0.4.jar;D:\Project\ShopV2\lib\jacob.jar;E:\Distrib\JAVA\json_simple-1.1-all\lib\json_simple-1.1.jar;E:\Distrib\JAVA\httpcomponents-client-4.5.1\lib\commons-logging-1.2.jar;E:\Distrib\JAVA\httpcomponents-client-4.5.1\lib\httpclient-4.5.1.jar;E:\Distrib\JAVA\httpcomponents-client-4.5.1\lib\httpcore-4.4.3.jar;D:\Project\ShopV2\build\classes
Launcher Type: SUN_STANDARD

Environment Variables:
PATH=C:\ProgramData\Oracle\Java\javapath;C:\Windows\system32;C:\Windows;C:\Windows\System32\Wbem;C:\Windows\System32\WindowsPowerShell\v1.0\;C:\Program Files (x86)\Intel\OpenCL SDK\2.0\bin\x86;C:\Program Files (x86)\Intel\OpenCL SDK\2.0\bin\x64;C:\Program Files (x86)\AMD\ATI.ACE\Core-Static;C:\MariaDB\bin\;C:\Apache24\bin\;C:\Apache24\PHP\;C:\Program Files\Hewlett-Packard\SimplePass\;C:\Program Files (x86)\Skype\Phone\;D:\Project\ShopV2\lib\
USERNAME=alik
OS=Windows_NT
PROCESSOR_IDENTIFIER=Intel64 Family 6 Model 42 Stepping 7, GenuineIntel



---------------  S Y S T E M  ---------------

OS: Windows 7 , 64 bit Build 7601 (6.1.7601.18409)

CPU:total 4 (2 cores per cpu, 2 threads per core) family 6 model 42 stepping 7, cmov, cx8, fxsr, mmx, sse, sse2, sse3, ssse3, sse4.1, sse4.2, popcnt, avx, clmul, ht, tsc, tscinvbit

Memory: 4k page, physical 4140912k(472296k free), swap 8279968k(1187780k free)

vm_info: Java HotSpot(TM) Client VM (25.91-b15) for windows-x86 JRE (1.8.0_91-b15), built on May 20 2016 17:33:18 by "java_re" with MS VC++ 10.0 (VS2010)

time: Fri Jul 15 16:54:48 2016
elapsed time: 181 seconds (0d 0h 3m 1s)

