#
# A fatal error has been detected by the Java Runtime Environment:
#
#  EXCEPTION_ACCESS_VIOLATION (0xc0000005) at pc=0x6e2255fb, pid=6512, tid=5876
#
# JRE version: Java(TM) SE Runtime Environment (8.0_91-b15) (build 1.8.0_91-b15)
# Java VM: Java HotSpot(TM) Client VM (25.91-b15 mixed mode, sharing windows-x86 )
# Problematic frame:
# V  [jvm.dll+0xd55fb]
#
# Failed to write core dump. Minidumps are not enabled by default on client versions of Windows
#
# If you would like to submit a bug report, please visit:
#   http://bugreport.java.com/bugreport/crash.jsp
#

---------------  T H R E A D  ---------------

Current thread (0x160be800):  JavaThread "AWT-EventQueue-0" [_thread_in_vm, id=5876, stack(0x15e10000,0x15e60000)]

siginfo: ExceptionCode=0xc0000005, reading address 0x00000000

Registers:
EAX=0x00000000, EBX=0x160be800, ECX=0x160be800, EDX=0x00000167
ESP=0x15e5df6c, EBP=0x15e5df88, ESI=0x160be940, EDI=0x160be940
EIP=0x6e2255fb, EFLAGS=0x00010246

Top of Stack: (sp=0x15e5df6c)
0x15e5df6c:   160be940 1694ff2c 00000000 160be800
0x15e5df7c:   160bd90c 00000167 6e45aad8 00000000
0x15e5df8c:   6df9f841 160be940 00000000 160be940
0x15e5df9c:   6df91e4b 160be940 00000000 160be940
0x15e5dfac:   1694ff2c 00cf97b4 160be800 15e5e44c
0x15e5dfbc:   15e5e458 00000000 00000000 00000000
0x15e5dfcc:   0000000f 15e5e46c 15e5e448 1877c680
0x15e5dfdc:   15e5e470 00000000 00000000 00000000 

Instructions: (pc=0x6e2255fb)
0x6e2255db:   f3 ff 83 c4 08 83 7b 04 00 89 5d f0 c7 45 f4 00
0x6e2255eb:   00 00 00 74 08 8d 4d f0 e8 e8 0c 0d 00 8b 45 0c
0x6e2255fb:   8b 08 8b 51 04 8b 42 38 50 56 e8 56 4d 08 00 83
0x6e22560b:   c4 08 83 7d f4 00 89 45 08 74 08 8d 4d f0 e8 02 


Register to memory mapping:

EAX=0x00000000 is an unknown value
EBX=0x160be800 is a thread
ECX=0x160be800 is a thread
EDX=0x00000167 is an unknown value
ESP=0x15e5df6c is pointing into the stack for thread: 0x160be800
EBP=0x15e5df88 is pointing into the stack for thread: 0x160be800
ESI=0x160be940 is an unknown value
EDI=0x160be940 is an unknown value


Stack: [0x15e10000,0x15e60000],  sp=0x15e5df6c,  free space=311k
Native frames: (J=compiled Java code, j=interpreted, Vv=VM code, C=native code)
V  [jvm.dll+0xd55fb]
C  [jacob-1.18-x86.dll+0xf841]

Java frames: (J=compiled Java code, j=interpreted, Vv=VM code)
J 458  com.jacob.com.Dispatch.invokev(Lcom/jacob/com/Dispatch;Ljava/lang/String;III[Lcom/jacob/com/Variant;[I)Lcom/jacob/com/Variant; (0 bytes) @ 0x028d3ac8 [0x028d3a20+0xa8]
J 470 C1 main.POS_Terminal.waitResponse()V (207 bytes) @ 0x02949358 [0x02949110+0x248]
j  main.POS_Terminal.returnValues()V+1
j  main.POS_Terminal.purchase()Z+632
j  main.EKKA.terminalCheck(Ljava/math/BigDecimal;Ljava/lang/String;Ljava/math/BigDecimal;)Z+183
j  forms.FrmMain.jButtonPrintCheckActionPerformed(Ljava/awt/event/ActionEvent;Z)V+2093
j  forms.FrmMain.access$1800(Lforms/FrmMain;Ljava/awt/event/ActionEvent;Z)V+3
j  forms.FrmMain$MyKeyListener.keyOverride(Ljava/awt/event/KeyEvent;)Ljava/awt/event/KeyEvent;+777
j  forms.FrmMain$MyKeyListener.keyPressed(Ljava/awt/event/KeyEvent;)V+35
j  java.awt.AWTEventMulticaster.keyPressed(Ljava/awt/event/KeyEvent;)V+21
j  java.awt.Component.processKeyEvent(Ljava/awt/event/KeyEvent;)V+52
j  javax.swing.JComponent.processKeyEvent(Ljava/awt/event/KeyEvent;)V+2
j  java.awt.Component.processEvent(Ljava/awt/AWTEvent;)V+121
j  java.awt.Container.processEvent(Ljava/awt/AWTEvent;)V+18
j  java.awt.Component.dispatchEventImpl(Ljava/awt/AWTEvent;)V+589
j  java.awt.Container.dispatchEventImpl(Ljava/awt/AWTEvent;)V+42
j  java.awt.Component.dispatchEvent(Ljava/awt/AWTEvent;)V+2
j  java.awt.KeyboardFocusManager.redispatchEvent(Ljava/awt/Component;Ljava/awt/AWTEvent;)V+7
j  java.awt.DefaultKeyboardFocusManager.dispatchKeyEvent(Ljava/awt/event/KeyEvent;)Z+63
j  java.awt.DefaultKeyboardFocusManager.preDispatchKeyEvent(Ljava/awt/event/KeyEvent;)Z+137
j  java.awt.DefaultKeyboardFocusManager.typeAheadAssertions(Ljava/awt/Component;Ljava/awt/AWTEvent;)Z+166
j  java.awt.DefaultKeyboardFocusManager.dispatchEvent(Ljava/awt/AWTEvent;)Z+1581
j  java.awt.Component.dispatchEventImpl(Ljava/awt/AWTEvent;)V+151
j  java.awt.Container.dispatchEventImpl(Ljava/awt/AWTEvent;)V+42
j  java.awt.Window.dispatchEventImpl(Ljava/awt/AWTEvent;)V+19
j  java.awt.Component.dispatchEvent(Ljava/awt/AWTEvent;)V+2
j  java.awt.EventQueue.dispatchEventImpl(Ljava/awt/AWTEvent;Ljava/lang/Object;)V+41
j  java.awt.EventQueue.access$500(Ljava/awt/EventQueue;Ljava/awt/AWTEvent;Ljava/lang/Object;)V+3
j  java.awt.EventQueue$3.run()Ljava/lang/Void;+32
j  java.awt.EventQueue$3.run()Ljava/lang/Object;+1
v  ~StubRoutines::call_stub
j  java.security.AccessController.doPrivileged(Ljava/security/PrivilegedAction;Ljava/security/AccessControlContext;)Ljava/lang/Object;+0
j  java.security.ProtectionDomain$JavaSecurityAccessImpl.doIntersectionPrivilege(Ljava/security/PrivilegedAction;Ljava/security/AccessControlContext;Ljava/security/AccessControlContext;)Ljava/lang/Object;+18
j  java.security.ProtectionDomain$JavaSecurityAccessImpl.doIntersectionPrivilege(Ljava/security/PrivilegedAction;Ljava/security/AccessControlContext;)Ljava/lang/Object;+6
j  java.awt.EventQueue$4.run()Ljava/lang/Void;+11
j  java.awt.EventQueue$4.run()Ljava/lang/Object;+1
v  ~StubRoutines::call_stub
j  java.security.AccessController.doPrivileged(Ljava/security/PrivilegedAction;Ljava/security/AccessControlContext;)Ljava/lang/Object;+0
j  java.security.ProtectionDomain$JavaSecurityAccessImpl.doIntersectionPrivilege(Ljava/security/PrivilegedAction;Ljava/security/AccessControlContext;Ljava/security/AccessControlContext;)Ljava/lang/Object;+18
j  java.awt.EventQueue.dispatchEvent(Ljava/awt/AWTEvent;)V+73
j  java.awt.EventDispatchThread.pumpOneEventForFilters(I)V+245
j  java.awt.EventDispatchThread.pumpEventsForFilter(ILjava/awt/Conditional;Ljava/awt/EventFilter;)V+35
j  java.awt.EventDispatchThread.pumpEventsForHierarchy(ILjava/awt/Conditional;Ljava/awt/Component;)V+11
j  java.awt.EventDispatchThread.pumpEvents(ILjava/awt/Conditional;)V+4
j  java.awt.EventDispatchThread.pumpEvents(Ljava/awt/Conditional;)V+3
j  java.awt.EventDispatchThread.run()V+9
v  ~StubRoutines::call_stub

---------------  P R O C E S S  ---------------

Java Threads: ( => current thread )
  0x16953000 JavaThread "Image Fetcher 0" daemon [_thread_blocked, id=5276, stack(0x172d0000,0x17320000)]
  0x16952000 JavaThread "Timer-3" daemon [_thread_blocked, id=6996, stack(0x173b0000,0x17400000)]
  0x1694f000 JavaThread "Timer-1" daemon [_thread_blocked, id=7664, stack(0x15d80000,0x15dd0000)]
  0x1694ec00 JavaThread "Timer-0" daemon [_thread_blocked, id=7600, stack(0x16f90000,0x16fe0000)]
  0x16128000 JavaThread "Abandoned connection cleanup thread" daemon [_thread_blocked, id=8012, stack(0x163b0000,0x16400000)]
  0x0028c000 JavaThread "DestroyJavaVM" [_thread_blocked, id=6640, stack(0x00d80000,0x00dd0000)]
=>0x160be800 JavaThread "AWT-EventQueue-0" [_thread_in_vm, id=5876, stack(0x15e10000,0x15e60000)]
  0x160bcc00 JavaThread "AWT-Windows" daemon [_thread_in_native, id=1080, stack(0x161b0000,0x16200000)]
  0x160bc400 JavaThread "AWT-Shutdown" [_thread_blocked, id=3144, stack(0x165c0000,0x16610000)]
  0x160b7400 JavaThread "Java2D Disposer" daemon [_thread_blocked, id=7452, stack(0x164d0000,0x16520000)]
  0x00d0d800 JavaThread "Service Thread" daemon [_thread_blocked, id=3032, stack(0x15f00000,0x15f50000)]
  0x00cf5400 JavaThread "C1 CompilerThread0" daemon [_thread_blocked, id=4068, stack(0x15e70000,0x15ec0000)]
  0x00cf3c00 JavaThread "Attach Listener" daemon [_thread_blocked, id=4528, stack(0x15bc0000,0x15c10000)]
  0x00ced000 JavaThread "Signal Dispatcher" daemon [_thread_blocked, id=7492, stack(0x15c60000,0x15cb0000)]
  0x00ce1c00 JavaThread "Finalizer" daemon [_thread_blocked, id=1628, stack(0x154a0000,0x154f0000)]
  0x00c83800 JavaThread "Reference Handler" daemon [_thread_blocked, id=7484, stack(0x14910000,0x14960000)]

Other Threads:
  0x00c7f400 VMThread [stack: 0x14830000,0x14880000] [id=5164]
  0x00d26800 WatcherThread [stack: 0x15f60000,0x15fb0000] [id=8084]

VM state:synchronizing (normal execution)

VM Mutex/Monitor currently owned by a thread:  ([mutex/lock_event])
[0x0028a428] Threads_lock - owner thread: 0x00c7f400

Heap:
 def new generation   total 78656K, used 70969K [0x04800000, 0x09d50000, 0x09d50000)
  eden space 69952K, 100% used [0x04800000, 0x08c50000, 0x08c50000)
  from space 8704K,  11% used [0x08c50000, 0x08d4e750, 0x094d0000)
  to   space 8704K,   0% used [0x094d0000, 0x094d0000, 0x09d50000)
 tenured generation   total 174784K, used 174783K [0x09d50000, 0x14800000, 0x14800000)
   the space 174784K,  99% used [0x09d50000, 0x147ffff0, 0x14800000, 0x14800000)
 Metaspace       used 3574K, capacity 3987K, committed 4032K, reserved 4480K

Card table byte_map: [0x00fa0000,0x01030000] byte_map_base: 0x00f7c000

Polling page: 0x001f0000

CodeCache: size=32768Kb used=1420Kb max_used=1420Kb free=31347Kb
 bounds [0x027f0000, 0x02958000, 0x047f0000]
 total_blobs=756 nmethods=492 adapters=195
 compilation: enabled

Compilation events (10 events):
Event: 16.580 Thread 0x00cf5400  494             javax.swing.plaf.nimbus.NimbusDefaults::getStyle (171 bytes)
Event: 16.583 Thread 0x00cf5400 nmethod 494 0x0294ffc8 code [0x02950150, 0x02950480]
Event: 16.587 Thread 0x00cf5400  495   !         java.awt.Component::getName (58 bytes)
Event: 16.588 Thread 0x00cf5400 nmethod 495 0x02950808 code [0x02950910, 0x02950b6c]
Event: 55.153 Thread 0x00cf5400  496             java.lang.ref.ReferenceQueue::reallyPoll (66 bytes)
Event: 55.153 Thread 0x00cf5400 nmethod 496 0x028d5988 code [0x028d5a90, 0x028d5bf0]
Event: 72.016 Thread 0x00cf5400  497  s!         sun.misc.URLClassPath::getLoader (197 bytes)
Event: 72.019 Thread 0x00cf5400 nmethod 497 0x02950c48 code [0x02950ea0, 0x02951fcc]
Event: 92.015 Thread 0x00cf5400  498             sun.misc.URLClassPath::findResource (47 bytes)
Event: 92.016 Thread 0x00cf5400 nmethod 498 0x02953148 code [0x02953270, 0x02953394]

GC Heap History (10 events):
Event: 64.940 GC heap before
{Heap before GC invocations=17 (full 5):
 def new generation   total 78656K, used 69952K [0x04800000, 0x09d50000, 0x09d50000)
  eden space 69952K, 100% used [0x04800000, 0x08c50000, 0x08c50000)
  from space 8704K,   0% used [0x08c50000, 0x08c50000, 0x094d0000)
  to   space 8704K,   0% used [0x094d0000, 0x094d0000, 0x09d50000)
 tenured generation   total 174784K, used 148539K [0x09d50000, 0x14800000, 0x14800000)
   the space 174784K,  84% used [0x09d50000, 0x12e5ece0, 0x12e5ee00, 0x14800000)
 Metaspace       used 3574K, capacity 3987K, committed 4032K, reserved 4480K
Event: 66.545 GC heap after
Heap after GC invocations=18 (full 6):
 def new generation   total 78656K, used 10766K [0x04800000, 0x09d50000, 0x09d50000)
  eden space 69952K,  15% used [0x04800000, 0x05283928, 0x08c50000)
  from space 8704K,   0% used [0x08c50000, 0x08c50000, 0x094d0000)
  to   space 8704K,   0% used [0x094d0000, 0x094d0000, 0x09d50000)
 tenured generation   total 174784K, used 174783K [0x09d50000, 0x14800000, 0x14800000)
   the space 174784K,  99% used [0x09d50000, 0x147ffff8, 0x14800000, 0x14800000)
 Metaspace       used 3574K, capacity 3987K, committed 4032K, reserved 4480K
}
Event: 82.948 GC heap before
{Heap before GC invocations=18 (full 6):
 def new generation   total 78656K, used 78656K [0x04800000, 0x09d50000, 0x09d50000)
  eden space 69952K, 100% used [0x04800000, 0x08c50000, 0x08c50000)
  from space 8704K, 100% used [0x08c50000, 0x094d0000, 0x094d0000)
  to   space 8704K,   0% used [0x094d0000, 0x094d0000, 0x09d50000)
 tenured generation   total 174784K, used 174783K [0x09d50000, 0x14800000, 0x14800000)
   the space 174784K,  99% used [0x09d50000, 0x147ffff8, 0x14800000, 0x14800000)
 Metaspace       used 3574K, capacity 3987K, committed 4032K, reserved 4480K
Event: 84.798 GC heap after
Heap after GC invocations=19 (full 7):
 def new generation   total 78656K, used 46693K [0x04800000, 0x09d50000, 0x09d50000)
  eden space 69952K,  66% used [0x04800000, 0x075994f8, 0x08c50000)
  from space 8704K,   0% used [0x08c50000, 0x08c50000, 0x094d0000)
  to   space 8704K,   0% used [0x094d0000, 0x094d0000, 0x09d50000)
 tenured generation   total 174784K, used 174783K [0x09d50000, 0x14800000, 0x14800000)
   the space 174784K,  99% used [0x09d50000, 0x147ffff8, 0x14800000, 0x14800000)
 Metaspace       used 3574K, capacity 3987K, committed 4032K, reserved 4480K
}
Event: 92.720 GC heap before
{Heap before GC invocations=19 (full 7):
 def new generation   total 78656K, used 78656K [0x04800000, 0x09d50000, 0x09d50000)
  eden space 69952K, 100% used [0x04800000, 0x08c50000, 0x08c50000)
  from space 8704K, 100% used [0x08c50000, 0x094d0000, 0x094d0000)
  to   space 8704K,   0% used [0x094d0000, 0x094d0000, 0x09d50000)
 tenured generation   total 174784K, used 174783K [0x09d50000, 0x14800000, 0x14800000)
   the space 174784K,  99% used [0x09d50000, 0x147ffff8, 0x14800000, 0x14800000)
 Metaspace       used 3574K, capacity 3987K, committed 4032K, reserved 4480K
Event: 94.942 GC heap after
Heap after GC invocations=20 (full 8):
 def new generation   total 78656K, used 63520K [0x04800000, 0x09d50000, 0x09d50000)
  eden space 69952K,  90% used [0x04800000, 0x08608368, 0x08c50000)
  from space 8704K,   0% used [0x08c50000, 0x08c50000, 0x094d0000)
  to   space 8704K,   0% used [0x094d0000, 0x094d0000, 0x09d50000)
 tenured generation   total 174784K, used 174783K [0x09d50000, 0x14800000, 0x14800000)
   the space 174784K,  99% used [0x09d50000, 0x147ffff8, 0x14800000, 0x14800000)
 Metaspace       used 3574K, capacity 3987K, committed 4032K, reserved 4480K
}
Event: 98.586 GC heap before
{Heap before GC invocations=20 (full 8):
 def new generation   total 78656K, used 77614K [0x04800000, 0x09d50000, 0x09d50000)
  eden space 69952K, 100% used [0x04800000, 0x08c50000, 0x08c50000)
  from space 8704K,  88% used [0x08c50000, 0x093cb8f8, 0x094d0000)
  to   space 8704K,   0% used [0x094d0000, 0x094d0000, 0x09d50000)
 tenured generation   total 174784K, used 174783K [0x09d50000, 0x14800000, 0x14800000)
   the space 174784K,  99% used [0x09d50000, 0x147ffff8, 0x14800000, 0x14800000)
 Metaspace       used 3574K, capacity 3987K, committed 4032K, reserved 4480K
Event: 100.521 GC heap after
Heap after GC invocations=21 (full 9):
 def new generation   total 78656K, used 70982K [0x04800000, 0x09d50000, 0x09d50000)
  eden space 69952K, 100% used [0x04800000, 0x08c50000, 0x08c50000)
  from space 8704K,  11% used [0x08c50000, 0x08d51808, 0x094d0000)
  to   space 8704K,   0% used [0x094d0000, 0x094d0000, 0x09d50000)
 tenured generation   total 174784K, used 174783K [0x09d50000, 0x14800000, 0x14800000)
   the space 174784K,  99% used [0x09d50000, 0x147ffff8, 0x14800000, 0x14800000)
 Metaspace       used 3574K, capacity 3987K, committed 4032K, reserved 4480K
}
Event: 100.521 GC heap before
{Heap before GC invocations=21 (full 9):
 def new generation   total 78656K, used 70982K [0x04800000, 0x09d50000, 0x09d50000)
  eden space 69952K, 100% used [0x04800000, 0x08c50000, 0x08c50000)
  from space 8704K,  11% used [0x08c50000, 0x08d51808, 0x094d0000)
  to   space 8704K,   0% used [0x094d0000, 0x094d0000, 0x09d50000)
 tenured generation   total 174784K, used 174783K [0x09d50000, 0x14800000, 0x14800000)
   the space 174784K,  99% used [0x09d50000, 0x147ffff8, 0x14800000, 0x14800000)
 Metaspace       used 3574K, capacity 3987K, committed 4032K, reserved 4480K
Event: 102.788 GC heap after
Heap after GC invocations=22 (full 10):
 def new generation   total 78656K, used 70965K [0x04800000, 0x09d50000, 0x09d50000)
  eden space 69952K, 100% used [0x04800000, 0x08c50000, 0x08c50000)
  from space 8704K,  11% used [0x08c50000, 0x08d4d488, 0x094d0000)
  to   space 8704K,   0% used [0x094d0000, 0x094d0000, 0x09d50000)
 tenured generation   total 174784K, used 174783K [0x09d50000, 0x14800000, 0x14800000)
   the space 174784K,  99% used [0x09d50000, 0x147ffff0, 0x14800000, 0x14800000)
 Metaspace       used 3574K, capacity 3987K, committed 4032K, reserved 4480K
}

Deoptimization events (0 events):
No events

Internal exceptions (10 events):
Event: 0.264 Thread 0x160be800 Exception <a 'java/lang/ClassNotFoundException': ToggleButton> (0x04ae2080) thrown at [C:\re\workspace\8-2-build-windows-i586-cygwin\jdk8u91\7017\hotspot\src\share\vm\classfile\systemDictionary.cpp, line 210]
Event: 0.264 Thread 0x160be800 Exception <a 'java/lang/ClassNotFoundException': javax/swing/JToolBarSeparator> (0x04ae2488) thrown at [C:\re\workspace\8-2-build-windows-i586-cygwin\jdk8u91\7017\hotspot\src\share\vm\classfile\systemDictionary.cpp, line 210]
Event: 0.264 Thread 0x160be800 Exception <a 'java/lang/ClassNotFoundException': ToolBarSeparator> (0x04ae28e0) thrown at [C:\re\workspace\8-2-build-windows-i586-cygwin\jdk8u91\7017\hotspot\src\share\vm\classfile\systemDictionary.cpp, line 210]
Event: 0.264 Thread 0x160be800 Exception <a 'java/lang/ClassNotFoundException': ToolTip> (0x04ae2f88) thrown at [C:\re\workspace\8-2-build-windows-i586-cygwin\jdk8u91\7017\hotspot\src\share\vm\classfile\systemDictionary.cpp, line 210]
Event: 0.264 Thread 0x160be800 Exception <a 'java/lang/ClassNotFoundException': Tree> (0x04ae3a70) thrown at [C:\re\workspace\8-2-build-windows-i586-cygwin\jdk8u91\7017\hotspot\src\share\vm\classfile\systemDictionary.cpp, line 210]
Event: 0.264 Thread 0x160be800 Exception <a 'java/lang/ClassNotFoundException': Tree> (0x04ae4110) thrown at [C:\re\workspace\8-2-build-windows-i586-cygwin\jdk8u91\7017\hotspot\src\share\vm\classfile\systemDictionary.cpp, line 210]
Event: 0.265 Thread 0x160be800 Exception <a 'java/lang/ClassNotFoundException': javax/swing/JTreeCell> (0x04ae4448) thrown at [C:\re\workspace\8-2-build-windows-i586-cygwin\jdk8u91\7017\hotspot\src\share\vm\classfile\systemDictionary.cpp, line 210]
Event: 0.265 Thread 0x160be800 Exception <a 'java/lang/ClassNotFoundException': TreeCell> (0x04ae4890) thrown at [C:\re\workspace\8-2-build-windows-i586-cygwin\jdk8u91\7017\hotspot\src\share\vm\classfile\systemDictionary.cpp, line 210]
Event: 0.265 Thread 0x160be800 Exception <a 'java/lang/ClassNotFoundException': RootPane> (0x04ae5208) thrown at [C:\re\workspace\8-2-build-windows-i586-cygwin\jdk8u91\7017\hotspot\src\share\vm\classfile\systemDictionary.cpp, line 210]
Event: 102.788 Thread 0x160be800 Exception <a 'java/lang/OutOfMemoryError'> (0x09f00058) thrown at [C:\re\workspace\8-2-build-windows-i586-cygwin\jdk8u91\7017\hotspot\src\share\vm\gc_interface/collectedHeap.inline.hpp, line 159]

Events (10 events):
Event: 46.422 Executing VM operation: GenCollectForAllocation
Event: 47.953 Executing VM operation: GenCollectForAllocation done
Event: 64.940 Executing VM operation: GenCollectForAllocation
Event: 66.545 Executing VM operation: GenCollectForAllocation done
Event: 82.948 Executing VM operation: GenCollectForAllocation
Event: 84.798 Executing VM operation: GenCollectForAllocation done
Event: 92.720 Executing VM operation: GenCollectForAllocation
Event: 94.942 Executing VM operation: GenCollectForAllocation done
Event: 98.586 Executing VM operation: GenCollectForAllocation
Event: 102.788 Executing VM operation: GenCollectForAllocation done


Dynamic libraries:
0x010e0000 - 0x01113000 	C:\Program Files (x86)\Java\jdk1.8.0_91\bin\java.exe
0x77130000 - 0x772b0000 	C:\Windows\SysWOW64\ntdll.dll
0x76c20000 - 0x76d30000 	C:\Windows\syswow64\kernel32.dll
0x751b0000 - 0x751f7000 	C:\Windows\syswow64\KERNELBASE.dll
0x75b50000 - 0x75bf0000 	C:\Windows\syswow64\ADVAPI32.dll
0x74f60000 - 0x7500c000 	C:\Windows\syswow64\msvcrt.dll
0x75b30000 - 0x75b49000 	C:\Windows\SysWOW64\sechost.dll
0x75360000 - 0x75450000 	C:\Windows\syswow64\RPCRT4.dll
0x74c80000 - 0x74ce0000 	C:\Windows\syswow64\SspiCli.dll
0x74c70000 - 0x74c7c000 	C:\Windows\syswow64\CRYPTBASE.dll
0x75d50000 - 0x75e50000 	C:\Windows\syswow64\USER32.dll
0x74e60000 - 0x74ef0000 	C:\Windows\syswow64\GDI32.dll
0x77100000 - 0x7710a000 	C:\Windows\syswow64\LPK.dll
0x75a90000 - 0x75b2d000 	C:\Windows\syswow64\USP10.dll
0x72050000 - 0x721ee000 	C:\Windows\WinSxS\x86_microsoft.windows.common-controls_6595b64144ccf1df_6.0.7601.17514_none_41e6975e2bd6f2b2\COMCTL32.dll
0x74ef0000 - 0x74f47000 	C:\Windows\syswow64\SHLWAPI.dll
0x75010000 - 0x75070000 	C:\Windows\system32\IMM32.DLL
0x750a0000 - 0x7516c000 	C:\Windows\syswow64\MSCTF.dll
0x6e520000 - 0x6e5dd000 	C:\Program Files (x86)\Java\jdk1.8.0_91\jre\bin\msvcr100.dll
0x6e150000 - 0x6e51a000 	C:\Program Files (x86)\Java\jdk1.8.0_91\jre\bin\client\jvm.dll
0x6f4b0000 - 0x6f4b7000 	C:\Windows\system32\WSOCK32.dll
0x75170000 - 0x751a5000 	C:\Windows\syswow64\WS2_32.dll
0x74dc0000 - 0x74dc6000 	C:\Windows\syswow64\NSI.dll
0x717c0000 - 0x717f2000 	C:\Windows\system32\WINMM.dll
0x72800000 - 0x72809000 	C:\Windows\system32\VERSION.dll
0x758d0000 - 0x758d5000 	C:\Windows\syswow64\PSAPI.DLL
0x73440000 - 0x7344c000 	C:\Program Files (x86)\Java\jdk1.8.0_91\jre\bin\verify.dll
0x71830000 - 0x71851000 	C:\Program Files (x86)\Java\jdk1.8.0_91\jre\bin\java.dll
0x72b10000 - 0x72b23000 	C:\Program Files (x86)\Java\jdk1.8.0_91\jre\bin\zip.dll
0x75fa0000 - 0x76beb000 	C:\Windows\syswow64\SHELL32.dll
0x75200000 - 0x7535c000 	C:\Windows\syswow64\ole32.dll
0x72830000 - 0x7283b000 	C:\Windows\system32\profapi.dll
0x6e000000 - 0x6e145000 	C:\Program Files (x86)\Java\jdk1.8.0_91\jre\bin\awt.dll
0x75450000 - 0x754df000 	C:\Windows\syswow64\OLEAUT32.dll
0x73bc0000 - 0x73bd3000 	C:\Windows\system32\DWMAPI.DLL
0x6f4c0000 - 0x6f4f9000 	C:\Program Files (x86)\Java\jdk1.8.0_91\jre\bin\fontmanager.dll
0x71870000 - 0x71886000 	C:\Program Files (x86)\Java\jdk1.8.0_91\jre\bin\net.dll
0x72460000 - 0x7249c000 	C:\Windows\system32\mswsock.dll
0x721f0000 - 0x721f6000 	C:\Windows\System32\wship6.dll
0x72450000 - 0x72455000 	C:\Windows\System32\wshtcpip.dll
0x71f00000 - 0x71f44000 	C:\Windows\system32\DNSAPI.dll
0x71ee0000 - 0x71efc000 	C:\Windows\system32\IPHLPAPI.DLL
0x71ed0000 - 0x71ed7000 	C:\Windows\system32\WINNSI.DLL
0x71e80000 - 0x71e86000 	C:\Windows\system32\rasadhlp.dll
0x71e90000 - 0x71ec8000 	C:\Windows\System32\fwpuclnt.dll
0x73740000 - 0x7374f000 	C:\Program Files (x86)\Java\jdk1.8.0_91\jre\bin\nio.dll
0x6dfc0000 - 0x6dff2000 	C:\Program Files (x86)\Java\jdk1.8.0_91\jre\bin\t2k.dll
0x73770000 - 0x7377a000 	C:\Program Files (x86)\Yandex\Punto Switcher\pshook.dll
0x754e0000 - 0x7550a000 	C:\Windows\syswow64\imagehlp.dll
0x71750000 - 0x71774000 	C:\Program Files (x86)\Java\jdk1.8.0_91\jre\bin\dcpr.dll
0x6df90000 - 0x6dfbf000 	D:\Project\ShopV2\lib\jacob-1.18-x86.dll
0x74dd0000 - 0x74e53000 	C:\Windows\syswow64\CLBCatQ.DLL
0x6de50000 - 0x6df8c000 	D:\Project\ShopV2\lib\ECRcommX.dll
0x71980000 - 0x719df000 	C:\Windows\system32\SXS.DLL
0x75070000 - 0x75097000 	C:\Windows\syswow64\CFGMGR32.dll
0x6dd60000 - 0x6de4b000 	C:\Windows\system32\dbghelp.dll

VM Arguments:
jvm_args: -Dfile.encoding=UTF-8 
java_command: main.ShopMain
java_class_path (initial): E:\Distrib\MySQL\mysql-connector-java-5.1.35-bin.jar;C:\NetBeans\java\modules\ext\AbsoluteLayout.jar;C:\NetBeans\platform\modules\ext\swing-layout-1.0.4.jar;D:\Project\ShopV2\lib\jacob.jar;E:\Distrib\JAVA\json_simple-1.1-all\lib\json_simple-1.1.jar;E:\Distrib\JAVA\httpcomponents-client-4.5.1\lib\commons-logging-1.2.jar;E:\Distrib\JAVA\httpcomponents-client-4.5.1\lib\httpclient-4.5.1.jar;E:\Distrib\JAVA\httpcomponents-client-4.5.1\lib\httpcore-4.4.3.jar;D:\Project\ShopV2\build\classes
Launcher Type: SUN_STANDARD

Environment Variables:
PATH=C:\ProgramData\Oracle\Java\javapath;C:\Windows\system32;C:\Windows;C:\Windows\System32\Wbem;C:\Windows\System32\WindowsPowerShell\v1.0\;C:\Program Files (x86)\Intel\OpenCL SDK\2.0\bin\x86;C:\Program Files (x86)\Intel\OpenCL SDK\2.0\bin\x64;C:\Program Files (x86)\AMD\ATI.ACE\Core-Static;C:\MariaDB\bin\;C:\Apache24\bin\;C:\Apache24\PHP\;C:\Program Files\Hewlett-Packard\SimplePass\;C:\Program Files (x86)\Skype\Phone\;D:\Project\ShopV2\lib\
USERNAME=alik
OS=Windows_NT
PROCESSOR_IDENTIFIER=Intel64 Family 6 Model 42 Stepping 7, GenuineIntel



---------------  S Y S T E M  ---------------

OS: Windows 7 , 64 bit Build 7601 (6.1.7601.18409)

CPU:total 4 (2 cores per cpu, 2 threads per core) family 6 model 42 stepping 7, cmov, cx8, fxsr, mmx, sse, sse2, sse3, ssse3, sse4.1, sse4.2, popcnt, avx, clmul, ht, tsc, tscinvbit

Memory: 4k page, physical 4140912k(822240k free), swap 8279968k(2011816k free)

vm_info: Java HotSpot(TM) Client VM (25.91-b15) for windows-x86 JRE (1.8.0_91-b15), built on May 20 2016 17:33:18 by "java_re" with MS VC++ 10.0 (VS2010)

time: Tue Jul 12 12:44:57 2016
elapsed time: 102 seconds (0d 0h 1m 42s)

