#
# A fatal error has been detected by the Java Runtime Environment:
#
#  EXCEPTION_ACCESS_VIOLATION (0xc0000005) at pc=0x6d2055fb, pid=8496, tid=7592
#
# JRE version: Java(TM) SE Runtime Environment (8.0_91-b15) (build 1.8.0_91-b15)
# Java VM: Java HotSpot(TM) Client VM (25.91-b15 mixed mode, sharing windows-x86 )
# Problematic frame:
# V  [jvm.dll+0xd55fb]
#
# Failed to write core dump. Minidumps are not enabled by default on client versions of Windows
#
# If you would like to submit a bug report, please visit:
#   http://bugreport.java.com/bugreport/crash.jsp
#

---------------  T H R E A D  ---------------

Current thread (0x160be000):  JavaThread "AWT-EventQueue-0" [_thread_in_vm, id=7592, stack(0x16640000,0x16690000)]

siginfo: ExceptionCode=0xc0000005, reading address 0x00000000

Registers:
EAX=0x00000000, EBX=0x160be000, ECX=0x160be000, EDX=0x00000167
ESP=0x1668de8c, EBP=0x1668dea8, ESI=0x160be140, EDI=0x160be140
EIP=0x6d2055fb, EFLAGS=0x00010246

Top of Stack: (sp=0x1668de8c)
0x1668de8c:   160be140 16131e14 00000000 160be000
0x1668de9c:   160bcdec 00000167 6d43aad8 00000000
0x1668deac:   7072f841 160be140 00000000 160be140
0x1668debc:   70721e4b 160be140 00000000 160be140
0x1668decc:   16131e14 008851ec 160be000 1668e36c
0x1668dedc:   1668e378 00000000 00000000 00000000
0x1668deec:   0000000f 1668e38c 1668e368 1af942e0
0x1668defc:   1668e390 00000000 00000000 00000000 

Instructions: (pc=0x6d2055fb)
0x6d2055db:   f3 ff 83 c4 08 83 7b 04 00 89 5d f0 c7 45 f4 00
0x6d2055eb:   00 00 00 74 08 8d 4d f0 e8 e8 0c 0d 00 8b 45 0c
0x6d2055fb:   8b 08 8b 51 04 8b 42 38 50 56 e8 56 4d 08 00 83
0x6d20560b:   c4 08 83 7d f4 00 89 45 08 74 08 8d 4d f0 e8 02 


Register to memory mapping:

EAX=0x00000000 is an unknown value
EBX=0x160be000 is a thread
ECX=0x160be000 is a thread
EDX=0x00000167 is an unknown value
ESP=0x1668de8c is pointing into the stack for thread: 0x160be000
EBP=0x1668dea8 is pointing into the stack for thread: 0x160be000
ESI=0x160be140 is an unknown value
EDI=0x160be140 is an unknown value


Stack: [0x16640000,0x16690000],  sp=0x1668de8c,  free space=311k
Native frames: (J=compiled Java code, j=interpreted, Vv=VM code, C=native code)
V  [jvm.dll+0xd55fb]
C  [jacob-1.18-x86.dll+0xf841]

Java frames: (J=compiled Java code, j=interpreted, Vv=VM code)
J 496  com.jacob.com.Dispatch.invokev(Lcom/jacob/com/Dispatch;Ljava/lang/String;III[Lcom/jacob/com/Variant;[I)Lcom/jacob/com/Variant; (0 bytes) @ 0x02880ec8 [0x02880e20+0xa8]
J 532 C1 main.POS_Terminal.waitResponse()V (207 bytes) @ 0x0289b018 [0x0289add0+0x248]
j  main.POS_Terminal.returnValues()V+1
j  main.POS_Terminal.purchase()Z+632
j  main.EKKA.terminalCheck(Ljava/math/BigDecimal;Ljava/lang/String;Ljava/math/BigDecimal;)Z+183
j  forms.FrmMain.jButtonPrintCheckActionPerformed(Ljava/awt/event/ActionEvent;Z)V+2093
j  forms.FrmMain.access$1800(Lforms/FrmMain;Ljava/awt/event/ActionEvent;Z)V+3
j  forms.FrmMain$MyKeyListener.keyOverride(Ljava/awt/event/KeyEvent;)Ljava/awt/event/KeyEvent;+777
j  forms.FrmMain$MyKeyListener.keyPressed(Ljava/awt/event/KeyEvent;)V+35
j  java.awt.AWTEventMulticaster.keyPressed(Ljava/awt/event/KeyEvent;)V+21
j  java.awt.Component.processKeyEvent(Ljava/awt/event/KeyEvent;)V+52
j  javax.swing.JComponent.processKeyEvent(Ljava/awt/event/KeyEvent;)V+2
j  java.awt.Component.processEvent(Ljava/awt/AWTEvent;)V+121
j  java.awt.Container.processEvent(Ljava/awt/AWTEvent;)V+18
j  java.awt.Component.dispatchEventImpl(Ljava/awt/AWTEvent;)V+589
j  java.awt.Container.dispatchEventImpl(Ljava/awt/AWTEvent;)V+42
j  java.awt.Component.dispatchEvent(Ljava/awt/AWTEvent;)V+2
j  java.awt.KeyboardFocusManager.redispatchEvent(Ljava/awt/Component;Ljava/awt/AWTEvent;)V+7
j  java.awt.DefaultKeyboardFocusManager.dispatchKeyEvent(Ljava/awt/event/KeyEvent;)Z+63
j  java.awt.DefaultKeyboardFocusManager.preDispatchKeyEvent(Ljava/awt/event/KeyEvent;)Z+137
j  java.awt.DefaultKeyboardFocusManager.typeAheadAssertions(Ljava/awt/Component;Ljava/awt/AWTEvent;)Z+166
j  java.awt.DefaultKeyboardFocusManager.dispatchEvent(Ljava/awt/AWTEvent;)Z+1581
j  java.awt.Component.dispatchEventImpl(Ljava/awt/AWTEvent;)V+151
j  java.awt.Container.dispatchEventImpl(Ljava/awt/AWTEvent;)V+42
j  java.awt.Window.dispatchEventImpl(Ljava/awt/AWTEvent;)V+19
j  java.awt.Component.dispatchEvent(Ljava/awt/AWTEvent;)V+2
j  java.awt.EventQueue.dispatchEventImpl(Ljava/awt/AWTEvent;Ljava/lang/Object;)V+41
j  java.awt.EventQueue.access$500(Ljava/awt/EventQueue;Ljava/awt/AWTEvent;Ljava/lang/Object;)V+3
j  java.awt.EventQueue$3.run()Ljava/lang/Void;+32
j  java.awt.EventQueue$3.run()Ljava/lang/Object;+1
v  ~StubRoutines::call_stub
j  java.security.AccessController.doPrivileged(Ljava/security/PrivilegedAction;Ljava/security/AccessControlContext;)Ljava/lang/Object;+0
j  java.security.ProtectionDomain$JavaSecurityAccessImpl.doIntersectionPrivilege(Ljava/security/PrivilegedAction;Ljava/security/AccessControlContext;Ljava/security/AccessControlContext;)Ljava/lang/Object;+18
j  java.security.ProtectionDomain$JavaSecurityAccessImpl.doIntersectionPrivilege(Ljava/security/PrivilegedAction;Ljava/security/AccessControlContext;)Ljava/lang/Object;+6
j  java.awt.EventQueue$4.run()Ljava/lang/Void;+11
j  java.awt.EventQueue$4.run()Ljava/lang/Object;+1
v  ~StubRoutines::call_stub
j  java.security.AccessController.doPrivileged(Ljava/security/PrivilegedAction;Ljava/security/AccessControlContext;)Ljava/lang/Object;+0
j  java.security.ProtectionDomain$JavaSecurityAccessImpl.doIntersectionPrivilege(Ljava/security/PrivilegedAction;Ljava/security/AccessControlContext;Ljava/security/AccessControlContext;)Ljava/lang/Object;+18
j  java.awt.EventQueue.dispatchEvent(Ljava/awt/AWTEvent;)V+73
j  java.awt.EventDispatchThread.pumpOneEventForFilters(I)V+245
j  java.awt.EventDispatchThread.pumpEventsForFilter(ILjava/awt/Conditional;Ljava/awt/EventFilter;)V+35
j  java.awt.EventDispatchThread.pumpEventsForHierarchy(ILjava/awt/Conditional;Ljava/awt/Component;)V+11
j  java.awt.EventDispatchThread.pumpEvents(ILjava/awt/Conditional;)V+4
j  java.awt.EventDispatchThread.pumpEvents(Ljava/awt/Conditional;)V+3
j  java.awt.EventDispatchThread.run()V+9
v  ~StubRoutines::call_stub

---------------  P R O C E S S  ---------------

Java Threads: ( => current thread )
  0x169da000 JavaThread "TimerQueue" daemon [_thread_blocked, id=2432, stack(0x14960000,0x149b0000)]
  0x169d9c00 JavaThread "Timer-3" daemon [_thread_blocked, id=3964, stack(0x17250000,0x172a0000)]
  0x169d9000 JavaThread "Timer-1" daemon [_thread_blocked, id=6404, stack(0x170b0000,0x17100000)]
  0x169d6800 JavaThread "Timer-0" daemon [_thread_blocked, id=8908, stack(0x17020000,0x17070000)]
  0x16136400 JavaThread "Abandoned connection cleanup thread" daemon [_thread_blocked, id=7880, stack(0x161b0000,0x16200000)]
  0x0091c000 JavaThread "DestroyJavaVM" [_thread_blocked, id=3808, stack(0x008c0000,0x00910000)]
=>0x160be000 JavaThread "AWT-EventQueue-0" [_thread_in_vm, id=7592, stack(0x16640000,0x16690000)]
  0x160bc000 JavaThread "AWT-Windows" daemon [_thread_in_native, id=7648, stack(0x16410000,0x16460000)]
  0x160bb800 JavaThread "AWT-Shutdown" [_thread_blocked, id=532, stack(0x16470000,0x164c0000)]
  0x160b8800 JavaThread "Java2D Disposer" daemon [_thread_blocked, id=8120, stack(0x16500000,0x16550000)]
  0x008a5000 JavaThread "Service Thread" daemon [_thread_blocked, id=8100, stack(0x15eb0000,0x15f00000)]
  0x0086fc00 JavaThread "C1 CompilerThread0" daemon [_thread_blocked, id=2500, stack(0x15ce0000,0x15d30000)]
  0x0086e000 JavaThread "Attach Listener" daemon [_thread_blocked, id=7292, stack(0x15d60000,0x15db0000)]
  0x0086b000 JavaThread "Signal Dispatcher" daemon [_thread_blocked, id=6572, stack(0x154d0000,0x15520000)]
  0x00861c00 JavaThread "Finalizer" daemon [_thread_blocked, id=904, stack(0x15530000,0x15580000)]
  0x00803800 JavaThread "Reference Handler" daemon [_thread_blocked, id=1220, stack(0x15470000,0x154c0000)]

Other Threads:
  0x007ff400 VMThread [stack: 0x148c0000,0x14910000] [id=5432]
  0x008b6000 WatcherThread [stack: 0x15f40000,0x15f90000] [id=1184]

VM state:not at safepoint (normal execution)

VM Mutex/Monitor currently owned by a thread: None

Heap:
 def new generation   total 78656K, used 71039K [0x04800000, 0x09d50000, 0x09d50000)
  eden space 69952K,  99% used [0x04800000, 0x08c4fff8, 0x08c50000)
  from space 8704K,  12% used [0x094d0000, 0x095dff60, 0x09d50000)
  to   space 8704K,   0% used [0x08c50000, 0x08c50000, 0x094d0000)
 tenured generation   total 174784K, used 174784K [0x09d50000, 0x14800000, 0x14800000)
   the space 174784K, 100% used [0x09d50000, 0x14800000, 0x14800000, 0x14800000)
 Metaspace       used 3748K, capacity 4017K, committed 4160K, reserved 4480K

Card table byte_map: [0x00b10000,0x00ba0000] byte_map_base: 0x00aec000

Polling page: 0x00210000

CodeCache: size=32768Kb used=1517Kb max_used=1517Kb free=31250Kb
 bounds [0x02730000, 0x028b0000, 0x04730000]
 total_blobs=815 nmethods=550 adapters=196
 compilation: enabled

Compilation events (10 events):
Event: 72.579 Thread 0x0086fc00  554             sun.awt.AWTAutoShutdown::getInstance (4 bytes)
Event: 72.579 Thread 0x0086fc00 nmethod 554 0x028aa588 code [0x028aa680, 0x028aa6f0]
Event: 82.169 Thread 0x0086fc00  555             sun.misc.URLClassPath::findResource (47 bytes)
Event: 82.170 Thread 0x0086fc00 nmethod 555 0x028aa748 code [0x028aa870, 0x028aa994]
Event: 87.660 Thread 0x0086fc00  556             sun.awt.AWTAutoShutdown::isReadyToShutdown (37 bytes)
Event: 87.660 Thread 0x0086fc00 nmethod 556 0x028aaa88 code [0x028aab90, 0x028aac88]
Event: 88.763 Thread 0x0086fc00  557   !         sun.awt.AWTAutoShutdown::setToolkitBusy (124 bytes)
Event: 88.763 Thread 0x0086fc00 nmethod 557 0x028aad08 code [0x028aae50, 0x028ab2cc]
Event: 91.997 Thread 0x0086fc00  558             sun.misc.URLClassPath$JarLoader::findResource (18 bytes)
Event: 91.997 Thread 0x0086fc00 nmethod 558 0x028ab648 code [0x028ab760, 0x028ab828]

GC Heap History (10 events):
Event: 80.845 GC heap before
{Heap before GC invocations=18 (full 5):
 def new generation   total 78656K, used 78656K [0x04800000, 0x09d50000, 0x09d50000)
  eden space 69952K, 100% used [0x04800000, 0x08c50000, 0x08c50000)
  from space 8704K, 100% used [0x094d0000, 0x09d50000, 0x09d50000)
  to   space 8704K,   0% used [0x08c50000, 0x08c50000, 0x094d0000)
 tenured generation   total 174784K, used 163659K [0x09d50000, 0x14800000, 0x14800000)
   the space 174784K,  93% used [0x09d50000, 0x13d22d98, 0x13d22e00, 0x14800000)
 Metaspace       used 3748K, capacity 4017K, committed 4160K, reserved 4480K
Event: 82.169 GC heap after
Heap after GC invocations=19 (full 6):
 def new generation   total 78656K, used 34597K [0x04800000, 0x09d50000, 0x09d50000)
  eden space 69952K,  49% used [0x04800000, 0x069c9798, 0x08c50000)
  from space 8704K,   0% used [0x094d0000, 0x094d0000, 0x09d50000)
  to   space 8704K,   0% used [0x08c50000, 0x08c50000, 0x094d0000)
 tenured generation   total 174784K, used 174784K [0x09d50000, 0x14800000, 0x14800000)
   the space 174784K, 100% used [0x09d50000, 0x14800000, 0x14800000, 0x14800000)
 Metaspace       used 3748K, capacity 4017K, committed 4160K, reserved 4480K
}
Event: 89.434 GC heap before
{Heap before GC invocations=19 (full 6):
 def new generation   total 78656K, used 78656K [0x04800000, 0x09d50000, 0x09d50000)
  eden space 69952K, 100% used [0x04800000, 0x08c50000, 0x08c50000)
  from space 8704K, 100% used [0x094d0000, 0x09d50000, 0x09d50000)
  to   space 8704K,   0% used [0x08c50000, 0x08c50000, 0x094d0000)
 tenured generation   total 174784K, used 174784K [0x09d50000, 0x14800000, 0x14800000)
   the space 174784K, 100% used [0x09d50000, 0x14800000, 0x14800000, 0x14800000)
 Metaspace       used 3748K, capacity 4017K, committed 4160K, reserved 4480K
Event: 90.868 GC heap after
Heap after GC invocations=20 (full 7):
 def new generation   total 78656K, used 57817K [0x04800000, 0x09d50000, 0x09d50000)
  eden space 69952K,  82% used [0x04800000, 0x08076468, 0x08c50000)
  from space 8704K,   0% used [0x094d0000, 0x094d0000, 0x09d50000)
  to   space 8704K,   0% used [0x08c50000, 0x08c50000, 0x094d0000)
 tenured generation   total 174784K, used 174784K [0x09d50000, 0x14800000, 0x14800000)
   the space 174784K, 100% used [0x09d50000, 0x14800000, 0x14800000, 0x14800000)
 Metaspace       used 3748K, capacity 4017K, committed 4160K, reserved 4480K
}
Event: 94.648 GC heap before
{Heap before GC invocations=20 (full 7):
 def new generation   total 78656K, used 78656K [0x04800000, 0x09d50000, 0x09d50000)
  eden space 69952K, 100% used [0x04800000, 0x08c50000, 0x08c50000)
  from space 8704K, 100% used [0x094d0000, 0x09d50000, 0x09d50000)
  to   space 8704K,   0% used [0x08c50000, 0x08c50000, 0x094d0000)
 tenured generation   total 174784K, used 174784K [0x09d50000, 0x14800000, 0x14800000)
   the space 174784K, 100% used [0x09d50000, 0x14800000, 0x14800000, 0x14800000)
 Metaspace       used 3748K, capacity 4017K, committed 4160K, reserved 4480K
Event: 96.374 GC heap after
Heap after GC invocations=21 (full 8):
 def new generation   total 78656K, used 68487K [0x04800000, 0x09d50000, 0x09d50000)
  eden space 69952K,  97% used [0x04800000, 0x08ae1f60, 0x08c50000)
  from space 8704K,   0% used [0x094d0000, 0x094d0000, 0x09d50000)
  to   space 8704K,   0% used [0x08c50000, 0x08c50000, 0x094d0000)
 tenured generation   total 174784K, used 174783K [0x09d50000, 0x14800000, 0x14800000)
   the space 174784K,  99% used [0x09d50000, 0x147ffff0, 0x14800000, 0x14800000)
 Metaspace       used 3748K, capacity 4017K, committed 4160K, reserved 4480K
}
Event: 97.421 GC heap before
{Heap before GC invocations=21 (full 8):
 def new generation   total 78656K, used 73340K [0x04800000, 0x09d50000, 0x09d50000)
  eden space 69952K, 100% used [0x04800000, 0x08c50000, 0x08c50000)
  from space 8704K,  38% used [0x094d0000, 0x0981f3d8, 0x09d50000)
  to   space 8704K,   0% used [0x08c50000, 0x08c50000, 0x094d0000)
 tenured generation   total 174784K, used 174783K [0x09d50000, 0x14800000, 0x14800000)
   the space 174784K,  99% used [0x09d50000, 0x147ffff0, 0x14800000, 0x14800000)
 Metaspace       used 3748K, capacity 4017K, committed 4160K, reserved 4480K
Event: 98.953 GC heap after
Heap after GC invocations=22 (full 9):
 def new generation   total 78656K, used 71057K [0x04800000, 0x09d50000, 0x09d50000)
  eden space 69952K,  99% used [0x04800000, 0x08c4fff8, 0x08c50000)
  from space 8704K,  12% used [0x094d0000, 0x095e4490, 0x09d50000)
  to   space 8704K,   0% used [0x08c50000, 0x08c50000, 0x094d0000)
 tenured generation   total 174784K, used 174783K [0x09d50000, 0x14800000, 0x14800000)
   the space 174784K,  99% used [0x09d50000, 0x147ffff0, 0x14800000, 0x14800000)
 Metaspace       used 3748K, capacity 4017K, committed 4160K, reserved 4480K
}
Event: 98.953 GC heap before
{Heap before GC invocations=22 (full 9):
 def new generation   total 78656K, used 71057K [0x04800000, 0x09d50000, 0x09d50000)
  eden space 69952K,  99% used [0x04800000, 0x08c4fff8, 0x08c50000)
  from space 8704K,  12% used [0x094d0000, 0x095e4490, 0x09d50000)
  to   space 8704K,   0% used [0x08c50000, 0x08c50000, 0x094d0000)
 tenured generation   total 174784K, used 174783K [0x09d50000, 0x14800000, 0x14800000)
   the space 174784K,  99% used [0x09d50000, 0x147ffff0, 0x14800000, 0x14800000)
 Metaspace       used 3748K, capacity 4017K, committed 4160K, reserved 4480K
Event: 100.642 GC heap after
Heap after GC invocations=23 (full 10):
 def new generation   total 78656K, used 71039K [0x04800000, 0x09d50000, 0x09d50000)
  eden space 69952K,  99% used [0x04800000, 0x08c4fff8, 0x08c50000)
  from space 8704K,  12% used [0x094d0000, 0x095dff60, 0x09d50000)
  to   space 8704K,   0% used [0x08c50000, 0x08c50000, 0x094d0000)
 tenured generation   total 174784K, used 174784K [0x09d50000, 0x14800000, 0x14800000)
   the space 174784K, 100% used [0x09d50000, 0x14800000, 0x14800000, 0x14800000)
 Metaspace       used 3748K, capacity 4017K, committed 4160K, reserved 4480K
}

Deoptimization events (0 events):
No events

Internal exceptions (10 events):
Event: 0.212 Thread 0x160be000 Exception <a 'java/lang/ClassNotFoundException': ToggleButton> (0x04ae2080) thrown at [C:\re\workspace\8-2-build-windows-i586-cygwin\jdk8u91\7017\hotspot\src\share\vm\classfile\systemDictionary.cpp, line 210]
Event: 0.212 Thread 0x160be000 Exception <a 'java/lang/ClassNotFoundException': javax/swing/JToolBarSeparator> (0x04ae2488) thrown at [C:\re\workspace\8-2-build-windows-i586-cygwin\jdk8u91\7017\hotspot\src\share\vm\classfile\systemDictionary.cpp, line 210]
Event: 0.212 Thread 0x160be000 Exception <a 'java/lang/ClassNotFoundException': ToolBarSeparator> (0x04ae28e0) thrown at [C:\re\workspace\8-2-build-windows-i586-cygwin\jdk8u91\7017\hotspot\src\share\vm\classfile\systemDictionary.cpp, line 210]
Event: 0.212 Thread 0x160be000 Exception <a 'java/lang/ClassNotFoundException': ToolTip> (0x04ae2f88) thrown at [C:\re\workspace\8-2-build-windows-i586-cygwin\jdk8u91\7017\hotspot\src\share\vm\classfile\systemDictionary.cpp, line 210]
Event: 0.213 Thread 0x160be000 Exception <a 'java/lang/ClassNotFoundException': Tree> (0x04ae3a70) thrown at [C:\re\workspace\8-2-build-windows-i586-cygwin\jdk8u91\7017\hotspot\src\share\vm\classfile\systemDictionary.cpp, line 210]
Event: 0.213 Thread 0x160be000 Exception <a 'java/lang/ClassNotFoundException': Tree> (0x04ae4110) thrown at [C:\re\workspace\8-2-build-windows-i586-cygwin\jdk8u91\7017\hotspot\src\share\vm\classfile\systemDictionary.cpp, line 210]
Event: 0.213 Thread 0x160be000 Exception <a 'java/lang/ClassNotFoundException': javax/swing/JTreeCell> (0x04ae4448) thrown at [C:\re\workspace\8-2-build-windows-i586-cygwin\jdk8u91\7017\hotspot\src\share\vm\classfile\systemDictionary.cpp, line 210]
Event: 0.213 Thread 0x160be000 Exception <a 'java/lang/ClassNotFoundException': TreeCell> (0x04ae4890) thrown at [C:\re\workspace\8-2-build-windows-i586-cygwin\jdk8u91\7017\hotspot\src\share\vm\classfile\systemDictionary.cpp, line 210]
Event: 0.213 Thread 0x160be000 Exception <a 'java/lang/ClassNotFoundException': RootPane> (0x04ae5208) thrown at [C:\re\workspace\8-2-build-windows-i586-cygwin\jdk8u91\7017\hotspot\src\share\vm\classfile\systemDictionary.cpp, line 210]
Event: 100.642 Thread 0x160be000 Exception <a 'java/lang/OutOfMemoryError'> (0x09f000c0) thrown at [C:\re\workspace\8-2-build-windows-i586-cygwin\jdk8u91\7017\hotspot\src\share\vm\gc_interface/collectedHeap.inline.hpp, line 159]

Events (10 events):
Event: 69.544 Executing VM operation: GenCollectForAllocation
Event: 69.827 Executing VM operation: GenCollectForAllocation done
Event: 80.845 Executing VM operation: GenCollectForAllocation
Event: 82.169 Executing VM operation: GenCollectForAllocation done
Event: 89.434 Executing VM operation: GenCollectForAllocation
Event: 90.868 Executing VM operation: GenCollectForAllocation done
Event: 94.648 Executing VM operation: GenCollectForAllocation
Event: 96.374 Executing VM operation: GenCollectForAllocation done
Event: 97.421 Executing VM operation: GenCollectForAllocation
Event: 100.642 Executing VM operation: GenCollectForAllocation done


Dynamic libraries:
0x00c40000 - 0x00c73000 	C:\Program Files (x86)\Java\jdk1.8.0_91\bin\java.exe
0x77130000 - 0x772b0000 	C:\Windows\SysWOW64\ntdll.dll
0x76c20000 - 0x76d30000 	C:\Windows\syswow64\kernel32.dll
0x751b0000 - 0x751f7000 	C:\Windows\syswow64\KERNELBASE.dll
0x75b50000 - 0x75bf0000 	C:\Windows\syswow64\ADVAPI32.dll
0x74f60000 - 0x7500c000 	C:\Windows\syswow64\msvcrt.dll
0x75b30000 - 0x75b49000 	C:\Windows\SysWOW64\sechost.dll
0x75360000 - 0x75450000 	C:\Windows\syswow64\RPCRT4.dll
0x74c80000 - 0x74ce0000 	C:\Windows\syswow64\SspiCli.dll
0x74c70000 - 0x74c7c000 	C:\Windows\syswow64\CRYPTBASE.dll
0x75d50000 - 0x75e50000 	C:\Windows\syswow64\USER32.dll
0x74e60000 - 0x74ef0000 	C:\Windows\syswow64\GDI32.dll
0x77100000 - 0x7710a000 	C:\Windows\syswow64\LPK.dll
0x75a90000 - 0x75b2d000 	C:\Windows\syswow64\USP10.dll
0x72050000 - 0x721ee000 	C:\Windows\WinSxS\x86_microsoft.windows.common-controls_6595b64144ccf1df_6.0.7601.17514_none_41e6975e2bd6f2b2\COMCTL32.dll
0x74ef0000 - 0x74f47000 	C:\Windows\syswow64\SHLWAPI.dll
0x75010000 - 0x75070000 	C:\Windows\system32\IMM32.DLL
0x750a0000 - 0x7516c000 	C:\Windows\syswow64\MSCTF.dll
0x6d660000 - 0x6d71d000 	C:\Program Files (x86)\Java\jdk1.8.0_91\jre\bin\msvcr100.dll
0x6d130000 - 0x6d4fa000 	C:\Program Files (x86)\Java\jdk1.8.0_91\jre\bin\client\jvm.dll
0x6f4b0000 - 0x6f4b7000 	C:\Windows\system32\WSOCK32.dll
0x75170000 - 0x751a5000 	C:\Windows\syswow64\WS2_32.dll
0x74dc0000 - 0x74dc6000 	C:\Windows\syswow64\NSI.dll
0x717c0000 - 0x717f2000 	C:\Windows\system32\WINMM.dll
0x72800000 - 0x72809000 	C:\Windows\system32\VERSION.dll
0x758d0000 - 0x758d5000 	C:\Windows\syswow64\PSAPI.DLL
0x731a0000 - 0x731ac000 	C:\Program Files (x86)\Java\jdk1.8.0_91\jre\bin\verify.dll
0x72b40000 - 0x72b61000 	C:\Program Files (x86)\Java\jdk1.8.0_91\jre\bin\java.dll
0x73020000 - 0x73033000 	C:\Program Files (x86)\Java\jdk1.8.0_91\jre\bin\zip.dll
0x75fa0000 - 0x76beb000 	C:\Windows\syswow64\SHELL32.dll
0x75200000 - 0x7535c000 	C:\Windows\syswow64\ole32.dll
0x72830000 - 0x7283b000 	C:\Windows\system32\profapi.dll
0x6cfe0000 - 0x6d125000 	C:\Program Files (x86)\Java\jdk1.8.0_91\jre\bin\awt.dll
0x75450000 - 0x754df000 	C:\Windows\syswow64\OLEAUT32.dll
0x73bc0000 - 0x73bd3000 	C:\Windows\system32\DWMAPI.DLL
0x707c0000 - 0x707f9000 	C:\Program Files (x86)\Java\jdk1.8.0_91\jre\bin\fontmanager.dll
0x73000000 - 0x73016000 	C:\Program Files (x86)\Java\jdk1.8.0_91\jre\bin\net.dll
0x72460000 - 0x7249c000 	C:\Windows\system32\mswsock.dll
0x721f0000 - 0x721f6000 	C:\Windows\System32\wship6.dll
0x72450000 - 0x72455000 	C:\Windows\System32\wshtcpip.dll
0x71f00000 - 0x71f44000 	C:\Windows\system32\DNSAPI.dll
0x71ee0000 - 0x71efc000 	C:\Windows\system32\IPHLPAPI.DLL
0x71ed0000 - 0x71ed7000 	C:\Windows\system32\WINNSI.DLL
0x71e80000 - 0x71e86000 	C:\Windows\system32\rasadhlp.dll
0x71e90000 - 0x71ec8000 	C:\Windows\System32\fwpuclnt.dll
0x73c20000 - 0x73c2f000 	C:\Program Files (x86)\Java\jdk1.8.0_91\jre\bin\nio.dll
0x70780000 - 0x707b2000 	C:\Program Files (x86)\Java\jdk1.8.0_91\jre\bin\t2k.dll
0x73770000 - 0x7377a000 	C:\Program Files (x86)\Yandex\Punto Switcher\pshook.dll
0x754e0000 - 0x7550a000 	C:\Windows\syswow64\imagehlp.dll
0x70750000 - 0x70774000 	C:\Program Files (x86)\Java\jdk1.8.0_91\jre\bin\dcpr.dll
0x74dd0000 - 0x74e53000 	C:\Windows\syswow64\CLBCatQ.DLL
0x73620000 - 0x7371b000 	C:\Windows\system32\WindowsCodecs.dll
0x725c0000 - 0x7260c000 	C:\Windows\system32\apphelp.dll
0x6ce20000 - 0x6ce51000 	C:\Windows\system32\EhStorShell.dll
0x758f0000 - 0x75a8d000 	C:\Windows\syswow64\SETUPAPI.dll
0x75070000 - 0x75097000 	C:\Windows\syswow64\CFGMGR32.dll
0x75f80000 - 0x75f92000 	C:\Windows\syswow64\DEVOBJ.dll
0x71f50000 - 0x72045000 	C:\Windows\system32\PROPSYS.dll
0x73800000 - 0x73870000 	C:\Windows\system32\ntshrui.dll
0x724d0000 - 0x724e9000 	C:\Windows\system32\srvcli.dll
0x737f0000 - 0x737fb000 	C:\Windows\system32\cscapi.dll
0x737e0000 - 0x737ea000 	C:\Windows\system32\slc.dll
0x70720000 - 0x7074f000 	D:\Project\ShopV2\lib\jacob-1.18-x86.dll
0x67bc0000 - 0x67cfc000 	D:\Project\ShopV2\lib\ECRcommX.dll
0x71980000 - 0x719df000 	C:\Windows\system32\SXS.DLL
0x6c8b0000 - 0x6c99b000 	C:\Windows\system32\dbghelp.dll

VM Arguments:
jvm_args: -Dfile.encoding=UTF-8 
java_command: main.ShopMain
java_class_path (initial): E:\Distrib\MySQL\mysql-connector-java-5.1.35-bin.jar;C:\NetBeans\java\modules\ext\AbsoluteLayout.jar;C:\NetBeans\platform\modules\ext\swing-layout-1.0.4.jar;D:\Project\ShopV2\lib\jacob.jar;E:\Distrib\JAVA\json_simple-1.1-all\lib\json_simple-1.1.jar;E:\Distrib\JAVA\httpcomponents-client-4.5.1\lib\commons-logging-1.2.jar;E:\Distrib\JAVA\httpcomponents-client-4.5.1\lib\httpclient-4.5.1.jar;E:\Distrib\JAVA\httpcomponents-client-4.5.1\lib\httpcore-4.4.3.jar;D:\Project\ShopV2\build\classes
Launcher Type: SUN_STANDARD

Environment Variables:
PATH=C:\ProgramData\Oracle\Java\javapath;C:\Windows\system32;C:\Windows;C:\Windows\System32\Wbem;C:\Windows\System32\WindowsPowerShell\v1.0\;C:\Program Files (x86)\Intel\OpenCL SDK\2.0\bin\x86;C:\Program Files (x86)\Intel\OpenCL SDK\2.0\bin\x64;C:\Program Files (x86)\AMD\ATI.ACE\Core-Static;C:\MariaDB\bin\;C:\Apache24\bin\;C:\Apache24\PHP\;C:\Program Files\Hewlett-Packard\SimplePass\;C:\Program Files (x86)\Skype\Phone\;D:\Project\ShopV2\lib\
USERNAME=alik
OS=Windows_NT
PROCESSOR_IDENTIFIER=Intel64 Family 6 Model 42 Stepping 7, GenuineIntel



---------------  S Y S T E M  ---------------

OS: Windows 7 , 64 bit Build 7601 (6.1.7601.18409)

CPU:total 4 (2 cores per cpu, 2 threads per core) family 6 model 42 stepping 7, cmov, cx8, fxsr, mmx, sse, sse2, sse3, ssse3, sse4.1, sse4.2, popcnt, avx, clmul, ht, tsc, tscinvbit

Memory: 4k page, physical 4140912k(447616k free), swap 8279968k(1185204k free)

vm_info: Java HotSpot(TM) Client VM (25.91-b15) for windows-x86 JRE (1.8.0_91-b15), built on May 20 2016 17:33:18 by "java_re" with MS VC++ 10.0 (VS2010)

time: Fri Jul 15 17:07:10 2016
elapsed time: 100 seconds (0d 0h 1m 40s)

