#
# A fatal error has been detected by the Java Runtime Environment:
#
#  EXCEPTION_ACCESS_VIOLATION (0xc0000005) at pc=0x77aadf85, pid=1296, tid=6216
#
# JRE version: Java(TM) SE Runtime Environment (7.0_60-b19) (build 1.7.0_60-b19)
# Java VM: Java HotSpot(TM) Client VM (24.60-b09 mixed mode windows-x86 )
# Problematic frame:
# C  [ntdll.dll+0x2df85]
#
# Failed to write core dump. Minidumps are not enabled by default on client versions of Windows
#
# If you would like to submit a bug report, please visit:
#   http://bugreport.sun.com/bugreport/crash.jsp
# The crash happened outside the Java Virtual Machine in native code.
# See problematic frame for where to report the bug.
#

---------------  T H R E A D  ---------------

Current thread (0x18761c00):  JavaThread "AWT-EventQueue-0" [_thread_in_native, id=6216, stack(0x19390000,0x193e0000)]

siginfo: ExceptionCode=0xc0000005, writing address 0x02460000

Registers:
EAX=0x00000000, EBX=0x193de4f4, ECX=0x00000001, EDX=0x00000000
ESP=0x193de378, EBP=0x193de3ac, ESI=0x7704b20c, EDI=0x02460000
EIP=0x77aadf85, EFLAGS=0x00010202

Top of Stack: (sp=0x193de378)
0x193de378:   193de3f4 7751521a 02460000 00000000
0x193de388:   00000004 00000001 77046840 004d3374
0x193de398:   00000000 77046892 00000000 00000007
0x193de3a8:   476ce3c8 193de7c4 775900d4 193de4f0
0x193de3b8:   1f8d514f 00000000 193deae8 00000000
0x193de3c8:   00000000 00000000 00000000 76be6e01
0x193de3d8:   00000006 193de301 00000000 1f8097aa
0x193de3e8:   193de3f8 193de4ec 00000000 193de3c8 

Instructions: (pc=0x77aadf85)
0x77aadf65:   83 c7 01 83 e9 01 75 f6 8b c8 c1 e0 08 03 c1 8b
0x77aadf75:   c8 c1 e0 10 03 c1 8b ca 83 e2 03 c1 e9 02 74 06
0x77aadf85:   f3 ab 85 d2 74 0a 88 07 83 c7 01 83 ea 01 75 f6
0x77aadf95:   8b 44 24 08 5f c3 8b 44 24 04 c3 90 90 90 90 90 


Register to memory mapping:

EAX=0x00000000 is an unknown value
EBX=0x193de4f4 is pointing into the stack for thread: 0x18761c00
ECX=0x00000001 is an unknown value
EDX=0x00000000 is an unknown value
ESP=0x193de378 is pointing into the stack for thread: 0x18761c00
EBP=0x193de3ac is pointing into the stack for thread: 0x18761c00
ESI=0x7704b20c is an unknown value
EDI=0x02460000 is an unknown value


Stack: [0x19390000,0x193e0000],  sp=0x193de378,  free space=312k
Native frames: (J=compiled Java code, j=interpreted, Vv=VM code, C=native code)
C  [ntdll.dll+0x2df85]
C  [RPCRT4.dll+0xb00d4]
C  [OLEAUT32.dll+0x3429f]
C  [OLEAUT32.dll+0x3426c]

Java frames: (J=compiled Java code, j=interpreted, Vv=VM code)
j  com.jacob.com.Dispatch.invokev(Ljava/lang/Object;Ljava/lang/String;III[Lcom/jacob/com/Variant;[I)Lcom/jacob/com/Variant;+0
j  com.jacob.activeX.ActiveXComponent.getProperty(Ljava/lang/String;)Lcom/jacob/com/Variant;+39
j  main.MyEKKA2.<init>()V+31
j  main.ShopMain$1.run()V+4
j  java.awt.event.InvocationEvent.dispatch()V+47
j  java.awt.EventQueue.dispatchEventImpl(Ljava/awt/AWTEvent;Ljava/lang/Object;)V+21
j  java.awt.EventQueue.access$200(Ljava/awt/EventQueue;Ljava/awt/AWTEvent;Ljava/lang/Object;)V+3
j  java.awt.EventQueue$3.run()Ljava/lang/Void;+12
j  java.awt.EventQueue$3.run()Ljava/lang/Object;+1
v  ~StubRoutines::call_stub
j  java.security.AccessController.doPrivileged(Ljava/security/PrivilegedAction;Ljava/security/AccessControlContext;)Ljava/lang/Object;+0
j  java.security.ProtectionDomain$1.doIntersectionPrivilege(Ljava/security/PrivilegedAction;Ljava/security/AccessControlContext;Ljava/security/AccessControlContext;)Ljava/lang/Object;+28
j  java.awt.EventQueue.dispatchEvent(Ljava/awt/AWTEvent;)V+46
j  java.awt.EventDispatchThread.pumpOneEventForFilters(I)V+245
j  java.awt.EventDispatchThread.pumpEventsForFilter(ILjava/awt/Conditional;Ljava/awt/EventFilter;)V+35
j  java.awt.EventDispatchThread.pumpEventsForHierarchy(ILjava/awt/Conditional;Ljava/awt/Component;)V+11
j  java.awt.EventDispatchThread.pumpEvents(ILjava/awt/Conditional;)V+4
j  java.awt.EventDispatchThread.pumpEvents(Ljava/awt/Conditional;)V+3
j  java.awt.EventDispatchThread.run()V+9
v  ~StubRoutines::call_stub

---------------  P R O C E S S  ---------------

Java Threads: ( => current thread )
  0x1877a400 JavaThread "org.netbeans.modules.debugger.jpda.visual AWT Access Loop" daemon [_thread_blocked, id=7216, stack(0x18a90000,0x18ae0000)]
  0x002ec400 JavaThread "DestroyJavaVM" [_thread_blocked, id=1904, stack(0x02470000,0x024c0000)]
=>0x18761c00 JavaThread "AWT-EventQueue-0" [_thread_in_native, id=6216, stack(0x19390000,0x193e0000)]
  0x1873e400 JavaThread "AWT-Windows" daemon [_thread_in_native, id=4296, stack(0x191c0000,0x19210000)]
  0x1873d800 JavaThread "AWT-Shutdown" [_thread_blocked, id=8156, stack(0x18db0000,0x18e00000)]
  0x1873cc00 JavaThread "Java2D Disposer" daemon [_thread_blocked, id=1072, stack(0x19170000,0x191c0000)]
  0x18670000 JavaThread "Service Thread" daemon [_thread_blocked, id=7356, stack(0x18e60000,0x18eb0000)]
  0x1866d000 JavaThread "C1 CompilerThread0" daemon [_thread_blocked, id=1020, stack(0x18ed0000,0x18f20000)]
  0x1865f400 JavaThread "JDWP Command Reader" daemon [_thread_in_native, id=7764, stack(0x18c60000,0x18cb0000)]
  0x18658000 JavaThread "JDWP Event Helper Thread" daemon [_thread_blocked, id=3892, stack(0x189f0000,0x18a40000)]
  0x18654400 JavaThread "JDWP Transport Listener: dt_shmem" daemon [_thread_blocked, id=7500, stack(0x18ce0000,0x18d30000)]
  0x18648400 JavaThread "Attach Listener" daemon [_thread_blocked, id=6768, stack(0x18c10000,0x18c60000)]
  0x18645400 JavaThread "Signal Dispatcher" daemon [_thread_blocked, id=3180, stack(0x044d0000,0x04520000)]
  0x18617c00 JavaThread "Finalizer" daemon [_thread_blocked, id=1984, stack(0x04570000,0x045c0000)]
  0x18612800 JavaThread "Reference Handler" daemon [_thread_blocked, id=6596, stack(0x18a40000,0x18a90000)]

Other Threads:
  0x1860fc00 VMThread [stack: 0x18850000,0x188a0000] [id=6892]
  0x18682800 WatcherThread [stack: 0x19030000,0x19080000] [id=4876]

VM state:not at safepoint (normal execution)

VM Mutex/Monitor currently owned by a thread: None

Heap
 def new generation   total 4928K, used 1540K [0x04600000, 0x04b50000, 0x09b50000)
  eden space 4416K,  34% used [0x04600000, 0x047813e8, 0x04a50000)
  from space 512K,   0% used [0x04a50000, 0x04a50000, 0x04ad0000)
  to   space 512K,   0% used [0x04ad0000, 0x04ad0000, 0x04b50000)
 tenured generation   total 10944K, used 0K [0x09b50000, 0x0a600000, 0x14600000)
   the space 10944K,   0% used [0x09b50000, 0x09b50000, 0x09b50200, 0x0a600000)
 compacting perm gen  total 12288K, used 2996K [0x14600000, 0x15200000, 0x18600000)
   the space 12288K,  24% used [0x14600000, 0x148ed098, 0x148ed200, 0x15200000)
No shared spaces configured.

Card table byte_map: [0x023b0000,0x02460000] byte_map_base: 0x0238d000

Polling page: 0x001b0000

Code Cache  [0x024c0000, 0x02568000, 0x044c0000)
 total_blobs=179 nmethods=30 adapters=95 free_code_cache=32098Kb largest_free_block=32868800

Compilation events (10 events):
Event: 0.293 Thread 0x1866d000   26             sun.net.www.ParseUtil::encodePath (336 bytes)
Event: 0.294 Thread 0x1866d000 nmethod 26 0x02564e08 code [0x02564fb0, 0x02565688]
Event: 0.294 Thread 0x1866d000   27             sun.nio.cs.UTF_8$Encoder::encode (361 bytes)
Event: 0.295 Thread 0x1866d000 nmethod 27 0x02565d88 code [0x02565ee0, 0x025663b8]
Event: 0.296 Thread 0x1866d000   28             java.util.jar.Manifest$FastInputStream::readLine (167 bytes)
Event: 0.296 Thread 0x1866d000 nmethod 28 0x02566a48 code [0x02566b70, 0x02566de8]
Event: 3.785 Thread 0x1866d000   29             java.lang.Math::min (11 bytes)
Event: 3.786 Thread 0x1866d000 nmethod 29 0x02567048 code [0x02567140, 0x025671b0]
Event: 3.790 Thread 0x1866d000   30             java.lang.String::startsWith (72 bytes)
Event: 3.791 Thread 0x1866d000 nmethod 30 0x02567208 code [0x02567310, 0x02567460]

GC Heap History (0 events):
No events

Deoptimization events (0 events):
No events

Internal exceptions (10 events):
Event: 0.294 Thread 0x18761c00 Threw 0x0470f798 at C:\re\jdk7u60\1081\hotspot\src\share\vm\prims\jvm.cpp:1244
Event: 0.299 Thread 0x18761c00 Threw 0x047555b0 at C:\re\jdk7u60\1081\hotspot\src\share\vm\prims\jvm.cpp:1244
Event: 0.305 Thread 0x18761c00 Threw 0x04757ce0 at C:\re\jdk7u60\1081\hotspot\src\share\vm\prims\jvm.cpp:1244
Event: 0.306 Thread 0x18761c00 Threw 0x0475a790 at C:\re\jdk7u60\1081\hotspot\src\share\vm\prims\jvm.cpp:1244
Event: 0.306 Thread 0x18761c00 Threw 0x0475cbf8 at C:\re\jdk7u60\1081\hotspot\src\share\vm\prims\jvm.cpp:1244
Event: 0.307 Thread 0x18761c00 Threw 0x0475e888 at C:\re\jdk7u60\1081\hotspot\src\share\vm\prims\jvm.cpp:1244
Event: 2.852 Thread 0x18761c00 Threw 0x04760920 at C:\re\jdk7u60\1081\hotspot\src\share\vm\prims\jvm.cpp:1244
Event: 3.785 Thread 0x18761c00 Threw 0x04763718 at C:\re\jdk7u60\1081\hotspot\src\share\vm\prims\jvm.cpp:1244
Event: 3.791 Thread 0x18761c00 Threw 0x04768d18 at C:\re\jdk7u60\1081\hotspot\src\share\vm\prims\jvm.cpp:1244
Event: 3.793 Thread 0x18761c00 Threw 0x0476ac60 at C:\re\jdk7u60\1081\hotspot\src\share\vm\prims\jvm.cpp:1244

Events (10 events):
Event: 4.241 Executing VM operation: EnableBiasedLocking
Event: 4.242 Executing VM operation: EnableBiasedLocking done
Event: 4.579 Executing VM operation: EnterInterpOnlyMode
Event: 4.579 Executing VM operation: EnterInterpOnlyMode done
Event: 4.579 Executing VM operation: GetCurrentLocation
Event: 4.579 Executing VM operation: GetCurrentLocation done
Event: 4.579 Executing VM operation: ChangeSingleStep
Event: 4.579 Executing VM operation: ChangeSingleStep done
Event: 4.583 Executing VM operation: ChangeSingleStep
Event: 4.583 Executing VM operation: ChangeSingleStep done


Dynamic libraries:
0x00f80000 - 0x00faf000 	C:\Program Files (x86)\Java\jdk1.7.0_60\bin\java.exe
0x77a80000 - 0x77c00000 	C:\Windows\SysWOW64\ntdll.dll
0x76500000 - 0x76610000 	C:\Windows\syswow64\kernel32.dll
0x75620000 - 0x75667000 	C:\Windows\syswow64\KERNELBASE.dll
0x775e0000 - 0x77680000 	C:\Windows\syswow64\ADVAPI32.dll
0x757e0000 - 0x7588c000 	C:\Windows\syswow64\msvcrt.dll
0x76f40000 - 0x76f59000 	C:\Windows\SysWOW64\sechost.dll
0x774e0000 - 0x775d0000 	C:\Windows\syswow64\RPCRT4.dll
0x75410000 - 0x75470000 	C:\Windows\syswow64\SspiCli.dll
0x75400000 - 0x7540c000 	C:\Windows\syswow64\CRYPTBASE.dll
0x76de0000 - 0x76ee0000 	C:\Windows\syswow64\USER32.dll
0x76d50000 - 0x76de0000 	C:\Windows\syswow64\GDI32.dll
0x775d0000 - 0x775da000 	C:\Windows\syswow64\LPK.dll
0x75740000 - 0x757dd000 	C:\Windows\syswow64\USP10.dll
0x72d70000 - 0x72f0e000 	C:\Windows\WinSxS\x86_microsoft.windows.common-controls_6595b64144ccf1df_6.0.7601.17514_none_41e6975e2bd6f2b2\COMCTL32.dll
0x76620000 - 0x76677000 	C:\Windows\syswow64\SHLWAPI.dll
0x76ee0000 - 0x76f40000 	C:\Windows\system32\IMM32.DLL
0x76f70000 - 0x7703c000 	C:\Windows\syswow64\MSCTF.dll
0x739d0000 - 0x73a8f000 	C:\Program Files (x86)\Java\jdk1.7.0_60\jre\bin\msvcr100.dll
0x6e340000 - 0x6e6c8000 	C:\Program Files (x86)\Java\jdk1.7.0_60\jre\bin\client\jvm.dll
0x73850000 - 0x73857000 	C:\Windows\system32\WSOCK32.dll
0x76b40000 - 0x76b75000 	C:\Windows\syswow64\WS2_32.dll
0x758a0000 - 0x758a6000 	C:\Windows\syswow64\NSI.dll
0x73020000 - 0x73052000 	C:\Windows\system32\WINMM.dll
0x75890000 - 0x75895000 	C:\Windows\syswow64\PSAPI.DLL
0x74cd0000 - 0x74cdc000 	C:\Program Files (x86)\Java\jdk1.7.0_60\jre\bin\verify.dll
0x74a30000 - 0x74a50000 	C:\Program Files (x86)\Java\jdk1.7.0_60\jre\bin\java.dll
0x71b60000 - 0x71b8a000 	C:\Program Files (x86)\Java\jdk1.7.0_60\jre\bin\jdwp.dll
0x71b50000 - 0x71b57000 	C:\Program Files (x86)\Java\jdk1.7.0_60\jre\bin\npt.dll
0x73b70000 - 0x73b83000 	C:\Program Files (x86)\Java\jdk1.7.0_60\jre\bin\zip.dll
0x73970000 - 0x73979000 	C:\Program Files (x86)\Java\jdk1.7.0_60\jre\bin\dt_shmem.dll
0x70440000 - 0x70583000 	C:\Program Files (x86)\Java\jdk1.7.0_60\jre\bin\awt.dll
0x77040000 - 0x770cf000 	C:\Windows\syswow64\OLEAUT32.dll
0x76b90000 - 0x76cec000 	C:\Windows\syswow64\ole32.dll
0x00ed0000 - 0x00ee2000 	C:\Program Files (x86)\RocketDock\RocketDock.dll
0x74aa0000 - 0x74aaa000 	C:\Program Files (x86)\Yandex\Punto Switcher\pshook.dll
0x755d0000 - 0x755fb000 	C:\Windows\syswow64\imagehlp.dll
0x00f30000 - 0x00f48000 	C:\Program Files (x86)\Java\jdk1.7.0_60\bin\jacob.dll
0x770d0000 - 0x77153000 	C:\Windows\syswow64\CLBCatQ.DLL
0x734b0000 - 0x734c7000 	C:\Windows\system32\CRYPTSP.dll
0x73470000 - 0x734ab000 	C:\Windows\system32\rsaenh.dll
0x73210000 - 0x7321e000 	C:\Windows\system32\RpcRtRemote.dll
0x73380000 - 0x7346b000 	C:\Windows\system32\dbghelp.dll

VM Arguments:
jvm_args: -Xdebug -Xrunjdwp:transport=dt_shmem,address=javadebug -Dfile.encoding=UTF-8 
java_command: main.ShopMain
Launcher Type: SUN_STANDARD

Environment Variables:
PATH=C:\Program Files (x86)\PC Connectivity Solution\;C:\Program Files (x86)\HP SimplePass 2012\;C:\Program Files (x86)\AMD APP\bin\x86_64;C:\Program Files (x86)\AMD APP\bin\x86;C:\Windows\system32;C:\Windows;C:\Windows\System32\Wbem;C:\Windows\System32\WindowsPowerShell\v1.0\;C:\Program Files (x86)\ATI Technologies\ATI.ACE\Core-Static;C:\MySQL\MySQL Utilities\;C:\MySQL\MySQL Utilities\Doctrine extensions for PHP\;C:\WEB\nodejs\;C:\WEB\ant\;C:\WEB\ant\\bin;C:\Program Files (x86)\Java\jdk1.7.0_60\bin\;C:\Program Files (x86)\Skype\Phone\;C:\Users\alik\AppData\Roaming\npm
USERNAME=alik
OS=Windows_NT
PROCESSOR_IDENTIFIER=Intel64 Family 6 Model 42 Stepping 7, GenuineIntel



---------------  S Y S T E M  ---------------

OS: Windows 7 , 64 bit Build 7601 Service Pack 1

CPU:total 4 (2 cores per cpu, 2 threads per core) family 6 model 42 stepping 7, cmov, cx8, fxsr, mmx, sse, sse2, sse3, ssse3, sse4.1, sse4.2, popcnt, avx, ht, tsc, tscinvbit

Memory: 4k page, physical 4140912k(1855148k free), swap 8279968k(4223288k free)

vm_info: Java HotSpot(TM) Client VM (24.60-b09) for windows-x86 JRE (1.7.0_60-b19), built on May  7 2014 13:09:52 by "java_re" with unknown MS VC++:1600

time: Thu Apr 16 11:41:54 2015
elapsed time: 4 seconds

