#
# A fatal error has been detected by the Java Runtime Environment:
#
#  EXCEPTION_ACCESS_VIOLATION (0xc0000005) at pc=0x6d4255fb, pid=6008, tid=424
#
# JRE version: Java(TM) SE Runtime Environment (8.0_91-b15) (build 1.8.0_91-b15)
# Java VM: Java HotSpot(TM) Client VM (25.91-b15 mixed mode, sharing windows-x86 )
# Problematic frame:
# V  [jvm.dll+0xd55fb]
#
# Failed to write core dump. Minidumps are not enabled by default on client versions of Windows
#
# If you would like to submit a bug report, please visit:
#   http://bugreport.java.com/bugreport/crash.jsp
#

---------------  T H R E A D  ---------------

Current thread (0x15f6c400):  JavaThread "AWT-EventQueue-0" [_thread_in_vm, id=424, stack(0x164e0000,0x16530000)]

siginfo: ExceptionCode=0xc0000005, reading address 0x00000000

Registers:
EAX=0x00000000, EBX=0x15f6c400, ECX=0x15f6c400, EDX=0x00000167
ESP=0x1652e01c, EBP=0x1652e038, ESI=0x15f6c540, EDI=0x15f6c540
EIP=0x6d4255fb, EFLAGS=0x00010246

Top of Stack: (sp=0x1652e01c)
0x1652e01c:   15f6c540 168a5644 00000000 15f6c400
0x1652e02c:   15f6b98c 00000167 6d65aad8 00000000
0x1652e03c:   704df841 15f6c540 00000000 15f6c540
0x1652e04c:   704d1e4b 15f6c540 00000000 15f6c540
0x1652e05c:   168a5644 008977ac 15f6c400 1652e4fc
0x1652e06c:   1652e508 00000000 00000000 00000000
0x1652e07c:   0000000c 1652e51c 1652e4f8 005e5a80
0x1652e08c:   1652e520 00000000 00000000 00000000 

Instructions: (pc=0x6d4255fb)
0x6d4255db:   f3 ff 83 c4 08 83 7b 04 00 89 5d f0 c7 45 f4 00
0x6d4255eb:   00 00 00 74 08 8d 4d f0 e8 e8 0c 0d 00 8b 45 0c
0x6d4255fb:   8b 08 8b 51 04 8b 42 38 50 56 e8 56 4d 08 00 83
0x6d42560b:   c4 08 83 7d f4 00 89 45 08 74 08 8d 4d f0 e8 02 


Register to memory mapping:

EAX=0x00000000 is an unknown value
EBX=0x15f6c400 is a thread
ECX=0x15f6c400 is a thread
EDX=0x00000167 is an unknown value
ESP=0x1652e01c is pointing into the stack for thread: 0x15f6c400
EBP=0x1652e038 is pointing into the stack for thread: 0x15f6c400
ESI=0x15f6c540 is an unknown value
EDI=0x15f6c540 is an unknown value


Stack: [0x164e0000,0x16530000],  sp=0x1652e01c,  free space=312k
Native frames: (J=compiled Java code, j=interpreted, Vv=VM code, C=native code)
V  [jvm.dll+0xd55fb]
C  [jacob-1.18-x86.dll+0xf841]

Java frames: (J=compiled Java code, j=interpreted, Vv=VM code)
J 491  com.jacob.com.Dispatch.invokev(Lcom/jacob/com/Dispatch;Ljava/lang/String;III[Lcom/jacob/com/Variant;[I)Lcom/jacob/com/Variant; (0 bytes) @ 0x02880808 [0x02880760+0xa8]
J 499% C1 main.POS_Terminal.waitResponse()V (207 bytes) @ 0x0288d700 [0x0288d5d0+0x130]
j  main.POS_Terminal.returnValues()V+1
j  main.POS_Terminal.purchase()Z+632
j  main.EKKA.terminalCheck(Ljava/math/BigDecimal;Ljava/lang/String;Ljava/math/BigDecimal;)Z+183
j  forms.FrmMain.jButtonPrintCheckActionPerformed(Ljava/awt/event/ActionEvent;Z)V+2093
j  forms.FrmMain.jButtonPrintCheckActionPerformed(Ljava/awt/event/ActionEvent;)V+3
j  forms.FrmMain.access$2200(Lforms/FrmMain;Ljava/awt/event/ActionEvent;)V+2
j  forms.FrmMain$2.actionPerformed(Ljava/awt/event/ActionEvent;)V+5
j  javax.swing.AbstractButton.fireActionPerformed(Ljava/awt/event/ActionEvent;)V+83
j  javax.swing.AbstractButton$Handler.actionPerformed(Ljava/awt/event/ActionEvent;)V+5
j  javax.swing.DefaultButtonModel.fireActionPerformed(Ljava/awt/event/ActionEvent;)V+34
j  javax.swing.DefaultButtonModel.setPressed(Z)V+117
j  javax.swing.plaf.basic.BasicButtonListener.focusLost(Ljava/awt/event/FocusEvent;)V+101
j  java.awt.AWTEventMulticaster.focusLost(Ljava/awt/event/FocusEvent;)V+8
j  java.awt.Component.processFocusEvent(Ljava/awt/event/FocusEvent;)V+52
j  java.awt.Component.processEvent(Ljava/awt/AWTEvent;)V+12
j  java.awt.Container.processEvent(Ljava/awt/AWTEvent;)V+18
j  java.awt.Component.dispatchEventImpl(Ljava/awt/AWTEvent;)V+589
j  java.awt.Container.dispatchEventImpl(Ljava/awt/AWTEvent;)V+42
j  java.awt.Component.dispatchEvent(Ljava/awt/AWTEvent;)V+2
j  java.awt.KeyboardFocusManager.redispatchEvent(Ljava/awt/Component;Ljava/awt/AWTEvent;)V+7
j  java.awt.DefaultKeyboardFocusManager.typeAheadAssertions(Ljava/awt/Component;Ljava/awt/AWTEvent;)Z+347
j  java.awt.DefaultKeyboardFocusManager.dispatchEvent(Ljava/awt/AWTEvent;)Z+1233
j  java.awt.Component.dispatchEventImpl(Ljava/awt/AWTEvent;)V+151
j  java.awt.Container.dispatchEventImpl(Ljava/awt/AWTEvent;)V+42
j  java.awt.Component.dispatchEvent(Ljava/awt/AWTEvent;)V+2
j  java.awt.EventQueue.dispatchEventImpl(Ljava/awt/AWTEvent;Ljava/lang/Object;)V+41
j  java.awt.EventQueue.access$500(Ljava/awt/EventQueue;Ljava/awt/AWTEvent;Ljava/lang/Object;)V+3
j  java.awt.EventQueue$3.run()Ljava/lang/Void;+32
j  java.awt.EventQueue$3.run()Ljava/lang/Object;+1
v  ~StubRoutines::call_stub
j  java.security.AccessController.doPrivileged(Ljava/security/PrivilegedAction;Ljava/security/AccessControlContext;)Ljava/lang/Object;+0
j  java.security.ProtectionDomain$JavaSecurityAccessImpl.doIntersectionPrivilege(Ljava/security/PrivilegedAction;Ljava/security/AccessControlContext;Ljava/security/AccessControlContext;)Ljava/lang/Object;+18
j  java.security.ProtectionDomain$JavaSecurityAccessImpl.doIntersectionPrivilege(Ljava/security/PrivilegedAction;Ljava/security/AccessControlContext;)Ljava/lang/Object;+6
j  java.awt.EventQueue$4.run()Ljava/lang/Void;+11
j  java.awt.EventQueue$4.run()Ljava/lang/Object;+1
v  ~StubRoutines::call_stub
j  java.security.AccessController.doPrivileged(Ljava/security/PrivilegedAction;Ljava/security/AccessControlContext;)Ljava/lang/Object;+0
j  java.security.ProtectionDomain$JavaSecurityAccessImpl.doIntersectionPrivilege(Ljava/security/PrivilegedAction;Ljava/security/AccessControlContext;Ljava/security/AccessControlContext;)Ljava/lang/Object;+18
j  java.awt.EventQueue.dispatchEvent(Ljava/awt/AWTEvent;)V+73
j  java.awt.EventDispatchThread.pumpOneEventForFilters(I)V+245
j  java.awt.EventDispatchThread.pumpEventsForFilter(ILjava/awt/Conditional;Ljava/awt/EventFilter;)V+35
j  java.awt.EventDispatchThread.pumpEventsForHierarchy(ILjava/awt/Conditional;Ljava/awt/Component;)V+11
j  java.awt.EventDispatchThread.pumpEvents(ILjava/awt/Conditional;)V+4
j  java.awt.EventDispatchThread.pumpEvents(Ljava/awt/Conditional;)V+3
j  java.awt.EventDispatchThread.run()V+9
v  ~StubRoutines::call_stub

---------------  P R O C E S S  ---------------

Java Threads: ( => current thread )
  0x16895c00 JavaThread "Image Fetcher 0" daemon [_thread_blocked, id=3612, stack(0x18c80000,0x18cd0000)]
  0x16895400 JavaThread "TimerQueue" daemon [_thread_blocked, id=7820, stack(0x17490000,0x174e0000)]
  0x16895000 JavaThread "Timer-3" daemon [_thread_blocked, id=1960, stack(0x16bd0000,0x16c20000)]
  0x16894400 JavaThread "Timer-1" daemon [_thread_blocked, id=7976, stack(0x17250000,0x172a0000)]
  0x16891c00 JavaThread "Timer-0" daemon [_thread_blocked, id=2160, stack(0x17200000,0x17250000)]
  0x15fc3000 JavaThread "Abandoned connection cleanup thread" daemon [_thread_blocked, id=676, stack(0x16440000,0x16490000)]
  0x0020c000 JavaThread "DestroyJavaVM" [_thread_blocked, id=2496, stack(0x00a90000,0x00ae0000)]
=>0x15f6c400 JavaThread "AWT-EventQueue-0" [_thread_in_vm, id=424, stack(0x164e0000,0x16530000)]
  0x15f6ac00 JavaThread "AWT-Windows" daemon [_thread_in_native, id=4604, stack(0x04790000,0x047e0000)]
  0x15f6a400 JavaThread "AWT-Shutdown" [_thread_blocked, id=7972, stack(0x161a0000,0x161f0000)]
  0x15f65400 JavaThread "Java2D Disposer" daemon [_thread_blocked, id=7060, stack(0x162e0000,0x16330000)]
  0x008b3000 JavaThread "Service Thread" daemon [_thread_blocked, id=8172, stack(0x15be0000,0x15c30000)]
  0x00893400 JavaThread "C1 CompilerThread0" daemon [_thread_blocked, id=7488, stack(0x15d60000,0x15db0000)]
  0x00891c00 JavaThread "Attach Listener" daemon [_thread_blocked, id=8488, stack(0x15cf0000,0x15d40000)]
  0x0088b000 JavaThread "Signal Dispatcher" daemon [_thread_blocked, id=6372, stack(0x15c30000,0x15c80000)]
  0x00881c00 JavaThread "Finalizer" daemon [_thread_blocked, id=8100, stack(0x154d0000,0x15520000)]
  0x00823800 JavaThread "Reference Handler" daemon [_thread_blocked, id=6224, stack(0x14900000,0x14950000)]

Other Threads:
  0x0081f400 VMThread [stack: 0x14960000,0x149b0000] [id=3756]
  0x008c4000 WatcherThread [stack: 0x149b0000,0x14a00000] [id=7752]

VM state:synchronizing (normal execution)

VM Mutex/Monitor currently owned by a thread:  ([mutex/lock_event])
[0x0020a428] Threads_lock - owner thread: 0x0081f400

Heap:
 def new generation   total 78656K, used 70779K [0x04800000, 0x09d50000, 0x09d50000)
  eden space 69952K, 100% used [0x04800000, 0x08c50000, 0x08c50000)
  from space 8704K,   9% used [0x094d0000, 0x0959edb8, 0x09d50000)
  to   space 8704K,   0% used [0x08c50000, 0x08c50000, 0x094d0000)
 tenured generation   total 174784K, used 174783K [0x09d50000, 0x14800000, 0x14800000)
   the space 174784K,  99% used [0x09d50000, 0x147fffe8, 0x14800000, 0x14800000)
 Metaspace       used 3614K, capacity 3985K, committed 4032K, reserved 4480K

Card table byte_map: [0x00b60000,0x00bf0000] byte_map_base: 0x00b3c000

Polling page: 0x001e0000

CodeCache: size=32768Kb used=1419Kb max_used=1419Kb free=31348Kb
 bounds [0x02730000, 0x02898000, 0x04730000]
 total_blobs=762 nmethods=498 adapters=195
 compilation: enabled

Compilation events (10 events):
Event: 16.875 Thread 0x00893400 nmethod 499% 0x0288d248 code [0x0288d5d0, 0x0288e308]
Event: 22.025 Thread 0x00893400  500  s!         sun.misc.URLClassPath::getLoader (197 bytes)
Event: 22.027 Thread 0x00893400 nmethod 500 0x0288f448 code [0x0288f6a0, 0x028907cc]
Event: 22.028 Thread 0x00893400  501             java.util.Calendar::setFieldsComputed (117 bytes)
Event: 22.029 Thread 0x00893400 nmethod 501 0x02891948 code [0x02891a60, 0x02891c20]
Event: 32.242 Thread 0x00893400  502             java.lang.ref.ReferenceQueue::reallyPoll (66 bytes)
Event: 32.242 Thread 0x00893400 nmethod 502 0x02891ec8 code [0x02891fd0, 0x02892130]
Event: 47.382 Thread 0x00893400  503   !         java.lang.ref.ReferenceQueue::remove (125 bytes)
Event: 47.383 Thread 0x00893400 nmethod 503 0x02892188 code [0x028922d0, 0x02892790]
Event: 94.824 Thread 0x00893400  504             sun.misc.URLClassPath::findResource (47 bytes)

GC Heap History (10 events):
Event: 75.267 GC heap before
{Heap before GC invocations=17 (full 5):
 def new generation   total 78656K, used 78655K [0x04800000, 0x09d50000, 0x09d50000)
  eden space 69952K, 100% used [0x04800000, 0x08c50000, 0x08c50000)
  from space 8704K,  99% used [0x094d0000, 0x09d4fff8, 0x09d50000)
  to   space 8704K,   0% used [0x08c50000, 0x08c50000, 0x094d0000)
 tenured generation   total 174784K, used 163933K [0x09d50000, 0x14800000, 0x14800000)
   the space 174784K,  93% used [0x09d50000, 0x13d67598, 0x13d67600, 0x14800000)
 Metaspace       used 3614K, capacity 3985K, committed 4032K, reserved 4480K
Event: 76.604 GC heap after
Heap after GC invocations=18 (full 6):
 def new generation   total 78656K, used 34864K [0x04800000, 0x09d50000, 0x09d50000)
  eden space 69952K,  49% used [0x04800000, 0x06a0c188, 0x08c50000)
  from space 8704K,   0% used [0x094d0000, 0x094d0000, 0x09d50000)
  to   space 8704K,   0% used [0x08c50000, 0x08c50000, 0x094d0000)
 tenured generation   total 174784K, used 174784K [0x09d50000, 0x14800000, 0x14800000)
   the space 174784K, 100% used [0x09d50000, 0x14800000, 0x14800000, 0x14800000)
 Metaspace       used 3614K, capacity 3985K, committed 4032K, reserved 4480K
}
Event: 83.871 GC heap before
{Heap before GC invocations=18 (full 6):
 def new generation   total 78656K, used 78655K [0x04800000, 0x09d50000, 0x09d50000)
  eden space 69952K, 100% used [0x04800000, 0x08c50000, 0x08c50000)
  from space 8704K,  99% used [0x094d0000, 0x09d4fff8, 0x09d50000)
  to   space 8704K,   0% used [0x08c50000, 0x08c50000, 0x094d0000)
 tenured generation   total 174784K, used 174784K [0x09d50000, 0x14800000, 0x14800000)
   the space 174784K, 100% used [0x09d50000, 0x14800000, 0x14800000, 0x14800000)
 Metaspace       used 3614K, capacity 3985K, committed 4032K, reserved 4480K
Event: 85.431 GC heap after
Heap after GC invocations=19 (full 7):
 def new generation   total 78656K, used 58032K [0x04800000, 0x09d50000, 0x09d50000)
  eden space 69952K,  82% used [0x04800000, 0x080ac270, 0x08c50000)
  from space 8704K,   0% used [0x094d0000, 0x094d0000, 0x09d50000)
  to   space 8704K,   0% used [0x08c50000, 0x08c50000, 0x094d0000)
 tenured generation   total 174784K, used 174784K [0x09d50000, 0x14800000, 0x14800000)
   the space 174784K, 100% used [0x09d50000, 0x14800000, 0x14800000, 0x14800000)
 Metaspace       used 3614K, capacity 3985K, committed 4032K, reserved 4480K
}
Event: 88.945 GC heap before
{Heap before GC invocations=19 (full 7):
 def new generation   total 78656K, used 78656K [0x04800000, 0x09d50000, 0x09d50000)
  eden space 69952K, 100% used [0x04800000, 0x08c50000, 0x08c50000)
  from space 8704K, 100% used [0x094d0000, 0x09d50000, 0x09d50000)
  to   space 8704K,   0% used [0x08c50000, 0x08c50000, 0x094d0000)
 tenured generation   total 174784K, used 174784K [0x09d50000, 0x14800000, 0x14800000)
   the space 174784K, 100% used [0x09d50000, 0x14800000, 0x14800000, 0x14800000)
 Metaspace       used 3614K, capacity 3985K, committed 4032K, reserved 4480K
Event: 90.715 GC heap after
Heap after GC invocations=20 (full 8):
 def new generation   total 78656K, used 68943K [0x04800000, 0x09d50000, 0x09d50000)
  eden space 69952K,  98% used [0x04800000, 0x08b53c58, 0x08c50000)
  from space 8704K,   0% used [0x094d0000, 0x094d0000, 0x09d50000)
  to   space 8704K,   0% used [0x08c50000, 0x08c50000, 0x094d0000)
 tenured generation   total 174784K, used 174783K [0x09d50000, 0x14800000, 0x14800000)
   the space 174784K,  99% used [0x09d50000, 0x147ffff0, 0x14800000, 0x14800000)
 Metaspace       used 3614K, capacity 3985K, committed 4032K, reserved 4480K
}
Event: 91.344 GC heap before
{Heap before GC invocations=20 (full 8):
 def new generation   total 78656K, used 72434K [0x04800000, 0x09d50000, 0x09d50000)
  eden space 69952K, 100% used [0x04800000, 0x08c50000, 0x08c50000)
  from space 8704K,  28% used [0x094d0000, 0x0973c9a8, 0x09d50000)
  to   space 8704K,   0% used [0x08c50000, 0x08c50000, 0x094d0000)
 tenured generation   total 174784K, used 174783K [0x09d50000, 0x14800000, 0x14800000)
   the space 174784K,  99% used [0x09d50000, 0x147ffff0, 0x14800000, 0x14800000)
 Metaspace       used 3614K, capacity 3985K, committed 4032K, reserved 4480K
Event: 92.903 GC heap after
Heap after GC invocations=21 (full 9):
 def new generation   total 78656K, used 70791K [0x04800000, 0x09d50000, 0x09d50000)
  eden space 69952K, 100% used [0x04800000, 0x08c50000, 0x08c50000)
  from space 8704K,   9% used [0x094d0000, 0x095a1df0, 0x09d50000)
  to   space 8704K,   0% used [0x08c50000, 0x08c50000, 0x094d0000)
 tenured generation   total 174784K, used 174783K [0x09d50000, 0x14800000, 0x14800000)
   the space 174784K,  99% used [0x09d50000, 0x147ffff0, 0x14800000, 0x14800000)
 Metaspace       used 3614K, capacity 3985K, committed 4032K, reserved 4480K
}
Event: 92.903 GC heap before
{Heap before GC invocations=21 (full 9):
 def new generation   total 78656K, used 70791K [0x04800000, 0x09d50000, 0x09d50000)
  eden space 69952K, 100% used [0x04800000, 0x08c50000, 0x08c50000)
  from space 8704K,   9% used [0x094d0000, 0x095a1df0, 0x09d50000)
  to   space 8704K,   0% used [0x08c50000, 0x08c50000, 0x094d0000)
 tenured generation   total 174784K, used 174783K [0x09d50000, 0x14800000, 0x14800000)
   the space 174784K,  99% used [0x09d50000, 0x147ffff0, 0x14800000, 0x14800000)
 Metaspace       used 3614K, capacity 3985K, committed 4032K, reserved 4480K
Event: 94.824 GC heap after
Heap after GC invocations=22 (full 10):
 def new generation   total 78656K, used 70774K [0x04800000, 0x09d50000, 0x09d50000)
  eden space 69952K, 100% used [0x04800000, 0x08c50000, 0x08c50000)
  from space 8704K,   9% used [0x094d0000, 0x0959da70, 0x09d50000)
  to   space 8704K,   0% used [0x08c50000, 0x08c50000, 0x094d0000)
 tenured generation   total 174784K, used 174783K [0x09d50000, 0x14800000, 0x14800000)
   the space 174784K,  99% used [0x09d50000, 0x147fffe8, 0x14800000, 0x14800000)
 Metaspace       used 3614K, capacity 3985K, committed 4032K, reserved 4480K
}

Deoptimization events (0 events):
No events

Internal exceptions (10 events):
Event: 0.212 Thread 0x15f6c400 Exception <a 'java/lang/ClassNotFoundException': ToggleButton> (0x04ae2080) thrown at [C:\re\workspace\8-2-build-windows-i586-cygwin\jdk8u91\7017\hotspot\src\share\vm\classfile\systemDictionary.cpp, line 210]
Event: 0.212 Thread 0x15f6c400 Exception <a 'java/lang/ClassNotFoundException': javax/swing/JToolBarSeparator> (0x04ae2488) thrown at [C:\re\workspace\8-2-build-windows-i586-cygwin\jdk8u91\7017\hotspot\src\share\vm\classfile\systemDictionary.cpp, line 210]
Event: 0.212 Thread 0x15f6c400 Exception <a 'java/lang/ClassNotFoundException': ToolBarSeparator> (0x04ae28e0) thrown at [C:\re\workspace\8-2-build-windows-i586-cygwin\jdk8u91\7017\hotspot\src\share\vm\classfile\systemDictionary.cpp, line 210]
Event: 0.212 Thread 0x15f6c400 Exception <a 'java/lang/ClassNotFoundException': ToolTip> (0x04ae2f88) thrown at [C:\re\workspace\8-2-build-windows-i586-cygwin\jdk8u91\7017\hotspot\src\share\vm\classfile\systemDictionary.cpp, line 210]
Event: 0.212 Thread 0x15f6c400 Exception <a 'java/lang/ClassNotFoundException': Tree> (0x04ae3a70) thrown at [C:\re\workspace\8-2-build-windows-i586-cygwin\jdk8u91\7017\hotspot\src\share\vm\classfile\systemDictionary.cpp, line 210]
Event: 0.212 Thread 0x15f6c400 Exception <a 'java/lang/ClassNotFoundException': Tree> (0x04ae4110) thrown at [C:\re\workspace\8-2-build-windows-i586-cygwin\jdk8u91\7017\hotspot\src\share\vm\classfile\systemDictionary.cpp, line 210]
Event: 0.212 Thread 0x15f6c400 Exception <a 'java/lang/ClassNotFoundException': javax/swing/JTreeCell> (0x04ae4448) thrown at [C:\re\workspace\8-2-build-windows-i586-cygwin\jdk8u91\7017\hotspot\src\share\vm\classfile\systemDictionary.cpp, line 210]
Event: 0.212 Thread 0x15f6c400 Exception <a 'java/lang/ClassNotFoundException': TreeCell> (0x04ae4890) thrown at [C:\re\workspace\8-2-build-windows-i586-cygwin\jdk8u91\7017\hotspot\src\share\vm\classfile\systemDictionary.cpp, line 210]
Event: 0.212 Thread 0x15f6c400 Exception <a 'java/lang/ClassNotFoundException': RootPane> (0x04ae5208) thrown at [C:\re\workspace\8-2-build-windows-i586-cygwin\jdk8u91\7017\hotspot\src\share\vm\classfile\systemDictionary.cpp, line 210]
Event: 94.824 Thread 0x15f6c400 Exception <a 'java/lang/OutOfMemoryError'> (0x09f01678) thrown at [C:\re\workspace\8-2-build-windows-i586-cygwin\jdk8u91\7017\hotspot\src\share\vm\gc_interface/collectedHeap.inline.hpp, line 159]

Events (10 events):
Event: 63.735 Executing VM operation: GenCollectForAllocation
Event: 64.024 Executing VM operation: GenCollectForAllocation done
Event: 75.267 Executing VM operation: GenCollectForAllocation
Event: 76.604 Executing VM operation: GenCollectForAllocation done
Event: 83.871 Executing VM operation: GenCollectForAllocation
Event: 85.431 Executing VM operation: GenCollectForAllocation done
Event: 88.945 Executing VM operation: GenCollectForAllocation
Event: 90.715 Executing VM operation: GenCollectForAllocation done
Event: 91.344 Executing VM operation: GenCollectForAllocation
Event: 94.824 Executing VM operation: GenCollectForAllocation done


Dynamic libraries:
0x00c40000 - 0x00c73000 	C:\Program Files (x86)\Java\jdk1.8.0_91\bin\java.exe
0x77130000 - 0x772b0000 	C:\Windows\SysWOW64\ntdll.dll
0x76c20000 - 0x76d30000 	C:\Windows\syswow64\kernel32.dll
0x751b0000 - 0x751f7000 	C:\Windows\syswow64\KERNELBASE.dll
0x75b50000 - 0x75bf0000 	C:\Windows\syswow64\ADVAPI32.dll
0x74f60000 - 0x7500c000 	C:\Windows\syswow64\msvcrt.dll
0x75b30000 - 0x75b49000 	C:\Windows\SysWOW64\sechost.dll
0x75360000 - 0x75450000 	C:\Windows\syswow64\RPCRT4.dll
0x74c80000 - 0x74ce0000 	C:\Windows\syswow64\SspiCli.dll
0x74c70000 - 0x74c7c000 	C:\Windows\syswow64\CRYPTBASE.dll
0x75d50000 - 0x75e50000 	C:\Windows\syswow64\USER32.dll
0x74e60000 - 0x74ef0000 	C:\Windows\syswow64\GDI32.dll
0x77100000 - 0x7710a000 	C:\Windows\syswow64\LPK.dll
0x75a90000 - 0x75b2d000 	C:\Windows\syswow64\USP10.dll
0x72050000 - 0x721ee000 	C:\Windows\WinSxS\x86_microsoft.windows.common-controls_6595b64144ccf1df_6.0.7601.17514_none_41e6975e2bd6f2b2\COMCTL32.dll
0x74ef0000 - 0x74f47000 	C:\Windows\syswow64\SHLWAPI.dll
0x75010000 - 0x75070000 	C:\Windows\system32\IMM32.DLL
0x750a0000 - 0x7516c000 	C:\Windows\syswow64\MSCTF.dll
0x70740000 - 0x707fd000 	C:\Program Files (x86)\Java\jdk1.8.0_91\jre\bin\msvcr100.dll
0x6d350000 - 0x6d71a000 	C:\Program Files (x86)\Java\jdk1.8.0_91\jre\bin\client\jvm.dll
0x6f4b0000 - 0x6f4b7000 	C:\Windows\system32\WSOCK32.dll
0x75170000 - 0x751a5000 	C:\Windows\syswow64\WS2_32.dll
0x74dc0000 - 0x74dc6000 	C:\Windows\syswow64\NSI.dll
0x717c0000 - 0x717f2000 	C:\Windows\system32\WINMM.dll
0x72800000 - 0x72809000 	C:\Windows\system32\VERSION.dll
0x758d0000 - 0x758d5000 	C:\Windows\syswow64\PSAPI.DLL
0x73c20000 - 0x73c2c000 	C:\Program Files (x86)\Java\jdk1.8.0_91\jre\bin\verify.dll
0x73010000 - 0x73031000 	C:\Program Files (x86)\Java\jdk1.8.0_91\jre\bin\java.dll
0x73190000 - 0x731a3000 	C:\Program Files (x86)\Java\jdk1.8.0_91\jre\bin\zip.dll
0x75fa0000 - 0x76beb000 	C:\Windows\syswow64\SHELL32.dll
0x75200000 - 0x7535c000 	C:\Windows\syswow64\ole32.dll
0x72830000 - 0x7283b000 	C:\Windows\system32\profapi.dll
0x6d200000 - 0x6d345000 	C:\Program Files (x86)\Java\jdk1.8.0_91\jre\bin\awt.dll
0x75450000 - 0x754df000 	C:\Windows\syswow64\OLEAUT32.dll
0x73bc0000 - 0x73bd3000 	C:\Windows\system32\DWMAPI.DLL
0x72b30000 - 0x72b69000 	C:\Program Files (x86)\Java\jdk1.8.0_91\jre\bin\fontmanager.dll
0x718e0000 - 0x718f6000 	C:\Program Files (x86)\Java\jdk1.8.0_91\jre\bin\net.dll
0x72460000 - 0x7249c000 	C:\Windows\system32\mswsock.dll
0x721f0000 - 0x721f6000 	C:\Windows\System32\wship6.dll
0x72450000 - 0x72455000 	C:\Windows\System32\wshtcpip.dll
0x71f00000 - 0x71f44000 	C:\Windows\system32\DNSAPI.dll
0x71ee0000 - 0x71efc000 	C:\Windows\system32\IPHLPAPI.DLL
0x71ed0000 - 0x71ed7000 	C:\Windows\system32\WINNSI.DLL
0x71e80000 - 0x71e86000 	C:\Windows\system32\rasadhlp.dll
0x71e90000 - 0x71ec8000 	C:\Windows\System32\fwpuclnt.dll
0x73000000 - 0x7300f000 	C:\Program Files (x86)\Java\jdk1.8.0_91\jre\bin\nio.dll
0x70500000 - 0x70532000 	C:\Program Files (x86)\Java\jdk1.8.0_91\jre\bin\t2k.dll
0x73770000 - 0x7377a000 	C:\Program Files (x86)\Yandex\Punto Switcher\pshook.dll
0x754e0000 - 0x7550a000 	C:\Windows\syswow64\imagehlp.dll
0x70710000 - 0x70734000 	C:\Program Files (x86)\Java\jdk1.8.0_91\jre\bin\dcpr.dll
0x704d0000 - 0x704ff000 	D:\Project\ShopV2\lib\jacob-1.18-x86.dll
0x74dd0000 - 0x74e53000 	C:\Windows\syswow64\CLBCatQ.DLL
0x6d0c0000 - 0x6d1fc000 	D:\Project\ShopV2\lib\ECRcommX.dll
0x71980000 - 0x719df000 	C:\Windows\system32\SXS.DLL
0x75070000 - 0x75097000 	C:\Windows\syswow64\CFGMGR32.dll
0x6c8b0000 - 0x6c99b000 	C:\Windows\system32\dbghelp.dll

VM Arguments:
jvm_args: -Dfile.encoding=UTF-8 
java_command: main.ShopMain
java_class_path (initial): E:\Distrib\MySQL\mysql-connector-java-5.1.35-bin.jar;C:\NetBeans\java\modules\ext\AbsoluteLayout.jar;C:\NetBeans\platform\modules\ext\swing-layout-1.0.4.jar;D:\Project\ShopV2\lib\jacob.jar;E:\Distrib\JAVA\json_simple-1.1-all\lib\json_simple-1.1.jar;E:\Distrib\JAVA\httpcomponents-client-4.5.1\lib\commons-logging-1.2.jar;E:\Distrib\JAVA\httpcomponents-client-4.5.1\lib\httpclient-4.5.1.jar;E:\Distrib\JAVA\httpcomponents-client-4.5.1\lib\httpcore-4.4.3.jar;D:\Project\ShopV2\build\classes
Launcher Type: SUN_STANDARD

Environment Variables:
PATH=C:\ProgramData\Oracle\Java\javapath;C:\Windows\system32;C:\Windows;C:\Windows\System32\Wbem;C:\Windows\System32\WindowsPowerShell\v1.0\;C:\Program Files (x86)\Intel\OpenCL SDK\2.0\bin\x86;C:\Program Files (x86)\Intel\OpenCL SDK\2.0\bin\x64;C:\Program Files (x86)\AMD\ATI.ACE\Core-Static;C:\MariaDB\bin\;C:\Apache24\bin\;C:\Apache24\PHP\;C:\Program Files\Hewlett-Packard\SimplePass\;C:\Program Files (x86)\Skype\Phone\;D:\Project\ShopV2\lib\
USERNAME=alik
OS=Windows_NT
PROCESSOR_IDENTIFIER=Intel64 Family 6 Model 42 Stepping 7, GenuineIntel



---------------  S Y S T E M  ---------------

OS: Windows 7 , 64 bit Build 7601 (6.1.7601.18409)

CPU:total 4 (2 cores per cpu, 2 threads per core) family 6 model 42 stepping 7, cmov, cx8, fxsr, mmx, sse, sse2, sse3, ssse3, sse4.1, sse4.2, popcnt, avx, clmul, ht, tsc, tscinvbit

Memory: 4k page, physical 4140912k(473556k free), swap 8279968k(1196628k free)

vm_info: Java HotSpot(TM) Client VM (25.91-b15) for windows-x86 JRE (1.8.0_91-b15), built on May 20 2016 17:33:18 by "java_re" with MS VC++ 10.0 (VS2010)

time: Fri Jul 15 16:57:13 2016
elapsed time: 94 seconds (0d 0h 1m 34s)

