#
# A fatal error has been detected by the Java Runtime Environment:
#
#  EXCEPTION_ACCESS_VIOLATION (0xc0000005) at pc=0x6daa55fb, pid=5744, tid=3624
#
# JRE version: Java(TM) SE Runtime Environment (8.0_91-b15) (build 1.8.0_91-b15)
# Java VM: Java HotSpot(TM) Client VM (25.91-b15 mixed mode, sharing windows-x86 )
# Problematic frame:
# V  [jvm.dll+0xd55fb]
#
# Failed to write core dump. Minidumps are not enabled by default on client versions of Windows
#
# If you would like to submit a bug report, please visit:
#   http://bugreport.java.com/bugreport/crash.jsp
#

---------------  T H R E A D  ---------------

Current thread (0x160ccc00):  JavaThread "AWT-EventQueue-0" [_thread_in_vm, id=3624, stack(0x164c0000,0x16510000)]

siginfo: ExceptionCode=0xc0000005, reading address 0x00000000

Registers:
EAX=0x00000000, EBX=0x160ccc00, ECX=0x160ccc00, EDX=0x00000167
ESP=0x1650dc7c, EBP=0x1650dc98, ESI=0x160ccd40, EDI=0x160ccd40
EIP=0x6daa55fb, EFLAGS=0x00010246

Top of Stack: (sp=0x1650dc7c)
0x1650dc7c:   160ccd40 1678ab0c 00000000 160ccc00
0x1650dc8c:   160cbb5c 00000167 6dcdaad8 00000000
0x1650dc9c:   704df841 160ccd40 00000000 160ccd40
0x1650dcac:   704d1e4b 160ccd40 00000000 160ccd40
0x1650dcbc:   1678ab0c 00ce77ac 160ccc00 1650e15c
0x1650dccc:   1650e168 00000000 00000000 00000000
0x1650dcdc:   0000000f 1650e17c 1650e158 1e134680
0x1650dcec:   1650e180 00000000 00000000 00000000 

Instructions: (pc=0x6daa55fb)
0x6daa55db:   f3 ff 83 c4 08 83 7b 04 00 89 5d f0 c7 45 f4 00
0x6daa55eb:   00 00 00 74 08 8d 4d f0 e8 e8 0c 0d 00 8b 45 0c
0x6daa55fb:   8b 08 8b 51 04 8b 42 38 50 56 e8 56 4d 08 00 83
0x6daa560b:   c4 08 83 7d f4 00 89 45 08 74 08 8d 4d f0 e8 02 


Register to memory mapping:

EAX=0x00000000 is an unknown value
EBX=0x160ccc00 is a thread
ECX=0x160ccc00 is a thread
EDX=0x00000167 is an unknown value
ESP=0x1650dc7c is pointing into the stack for thread: 0x160ccc00
EBP=0x1650dc98 is pointing into the stack for thread: 0x160ccc00
ESI=0x160ccd40 is an unknown value
EDI=0x160ccd40 is an unknown value


Stack: [0x164c0000,0x16510000],  sp=0x1650dc7c,  free space=311k
Native frames: (J=compiled Java code, j=interpreted, Vv=VM code, C=native code)
V  [jvm.dll+0xd55fb]
C  [jacob-1.18-x86.dll+0xf841]

Java frames: (J=compiled Java code, j=interpreted, Vv=VM code)
J 1012  com.jacob.com.Dispatch.invokev(Lcom/jacob/com/Dispatch;Ljava/lang/String;III[Lcom/jacob/com/Variant;[I)Lcom/jacob/com/Variant; (0 bytes) @ 0x028e2f88 [0x028e2ee0+0xa8]
J 1041 C1 main.POS_Terminal.waitResponse()V (207 bytes) @ 0x028fc898 [0x028fc650+0x248]
j  main.POS_Terminal.returnValues()V+1
j  main.POS_Terminal.purchase()Z+632
j  main.EKKA.terminalCheck(Ljava/math/BigDecimal;Ljava/lang/String;Ljava/math/BigDecimal;)Z+183
j  forms.FrmMain.jButtonPrintCheckActionPerformed(Ljava/awt/event/ActionEvent;Z)V+2093
j  forms.FrmMain.jButtonPrintCheckActionPerformed(Ljava/awt/event/ActionEvent;)V+3
j  forms.FrmMain.access$2200(Lforms/FrmMain;Ljava/awt/event/ActionEvent;)V+2
j  forms.FrmMain$2.actionPerformed(Ljava/awt/event/ActionEvent;)V+5
j  javax.swing.AbstractButton.fireActionPerformed(Ljava/awt/event/ActionEvent;)V+83
j  javax.swing.AbstractButton$Handler.actionPerformed(Ljava/awt/event/ActionEvent;)V+5
j  javax.swing.DefaultButtonModel.fireActionPerformed(Ljava/awt/event/ActionEvent;)V+34
j  javax.swing.DefaultButtonModel.setPressed(Z)V+117
j  javax.swing.plaf.basic.BasicButtonListener.focusLost(Ljava/awt/event/FocusEvent;)V+101
j  java.awt.AWTEventMulticaster.focusLost(Ljava/awt/event/FocusEvent;)V+8
j  java.awt.Component.processFocusEvent(Ljava/awt/event/FocusEvent;)V+52
j  java.awt.Component.processEvent(Ljava/awt/AWTEvent;)V+12
j  java.awt.Container.processEvent(Ljava/awt/AWTEvent;)V+18
j  java.awt.Component.dispatchEventImpl(Ljava/awt/AWTEvent;)V+589
j  java.awt.Container.dispatchEventImpl(Ljava/awt/AWTEvent;)V+42
j  java.awt.Component.dispatchEvent(Ljava/awt/AWTEvent;)V+2
j  java.awt.KeyboardFocusManager.redispatchEvent(Ljava/awt/Component;Ljava/awt/AWTEvent;)V+7
j  java.awt.DefaultKeyboardFocusManager.typeAheadAssertions(Ljava/awt/Component;Ljava/awt/AWTEvent;)Z+347
j  java.awt.DefaultKeyboardFocusManager.dispatchEvent(Ljava/awt/AWTEvent;)Z+1233
j  java.awt.Component.dispatchEventImpl(Ljava/awt/AWTEvent;)V+151
j  java.awt.Container.dispatchEventImpl(Ljava/awt/AWTEvent;)V+42
J 937 C1 java.awt.EventQueue.dispatchEventImpl(Ljava/awt/AWTEvent;Ljava/lang/Object;)V (149 bytes) @ 0x028cf75c [0x028cf310+0x44c]
J 854 C1 java.awt.EventQueue$3.run()Ljava/lang/Void; (60 bytes) @ 0x028ad21c [0x028ad1c0+0x5c]
J 853 C1 java.awt.EventQueue$3.run()Ljava/lang/Object; (5 bytes) @ 0x028acfa0 [0x028acf80+0x20]
v  ~StubRoutines::call_stub
J 697  java.security.AccessController.doPrivileged(Ljava/security/PrivilegedAction;Ljava/security/AccessControlContext;)Ljava/lang/Object; (0 bytes) @ 0x028545c7 [0x02854560+0x67]
J 732 C1 java.security.ProtectionDomain$JavaSecurityAccessImpl.doIntersectionPrivilege(Ljava/security/PrivilegedAction;Ljava/security/AccessControlContext;Ljava/security/AccessControlContext;)Ljava/lang/Object; (22 bytes) @ 0x0288ae40 [0x0288ad40+0x100]
j  java.security.ProtectionDomain$JavaSecurityAccessImpl.doIntersectionPrivilege(Ljava/security/PrivilegedAction;Ljava/security/AccessControlContext;)Ljava/lang/Object;+6
j  java.awt.EventQueue$4.run()Ljava/lang/Void;+11
j  java.awt.EventQueue$4.run()Ljava/lang/Object;+1
v  ~StubRoutines::call_stub
J 697  java.security.AccessController.doPrivileged(Ljava/security/PrivilegedAction;Ljava/security/AccessControlContext;)Ljava/lang/Object; (0 bytes) @ 0x028545c7 [0x02854560+0x67]
J 935 C1 java.awt.EventQueue.dispatchEvent(Ljava/awt/AWTEvent;)V (80 bytes) @ 0x028ce35c [0x028ce000+0x35c]
J 683 C1 java.awt.EventDispatchThread.pumpOneEventForFilters(I)V (295 bytes) @ 0x0287c390 [0x0287bd00+0x690]
j  java.awt.EventDispatchThread.pumpEventsForFilter(ILjava/awt/Conditional;Ljava/awt/EventFilter;)V+35
j  java.awt.EventDispatchThread.pumpEventsForHierarchy(ILjava/awt/Conditional;Ljava/awt/Component;)V+11
j  java.awt.EventDispatchThread.pumpEvents(ILjava/awt/Conditional;)V+4
j  java.awt.EventDispatchThread.pumpEvents(Ljava/awt/Conditional;)V+3
j  java.awt.EventDispatchThread.run()V+9
v  ~StubRoutines::call_stub

---------------  P R O C E S S  ---------------

Java Threads: ( => current thread )
  0x16780c00 JavaThread "Image Fetcher 0" daemon [_thread_blocked, id=8652, stack(0x16ee0000,0x16f30000)]
  0x16780000 JavaThread "TimerQueue" daemon [_thread_blocked, id=8012, stack(0x17260000,0x172b0000)]
  0x1677f800 JavaThread "Timer-3" daemon [_thread_blocked, id=7600, stack(0x174a0000,0x174f0000)]
  0x166fb400 JavaThread "Timer-1" daemon [_thread_blocked, id=6204, stack(0x17210000,0x17260000)]
  0x166fb000 JavaThread "Timer-0" daemon [_thread_blocked, id=3964, stack(0x17060000,0x170b0000)]
  0x16133400 JavaThread "Abandoned connection cleanup thread" daemon [_thread_blocked, id=6428, stack(0x16520000,0x16570000)]
  0x007ac000 JavaThread "DestroyJavaVM" [_thread_blocked, id=7308, stack(0x006a0000,0x006f0000)]
=>0x160ccc00 JavaThread "AWT-EventQueue-0" [_thread_in_vm, id=3624, stack(0x164c0000,0x16510000)]
  0x160cac00 JavaThread "AWT-Windows" daemon [_thread_in_native, id=8972, stack(0x165e0000,0x16630000)]
  0x160ca400 JavaThread "AWT-Shutdown" [_thread_blocked, id=3508, stack(0x16450000,0x164a0000)]
  0x160c5400 JavaThread "Java2D Disposer" daemon [_thread_blocked, id=7976, stack(0x15dd0000,0x15e20000)]
  0x00d03800 JavaThread "Service Thread" daemon [_thread_blocked, id=7472, stack(0x15b90000,0x15be0000)]
  0x00ce3400 JavaThread "C1 CompilerThread0" daemon [_thread_blocked, id=8744, stack(0x15c80000,0x15cd0000)]
  0x00ce1c00 JavaThread "Attach Listener" daemon [_thread_blocked, id=2436, stack(0x15d00000,0x15d50000)]
  0x00cdb000 JavaThread "Signal Dispatcher" daemon [_thread_blocked, id=7800, stack(0x149a0000,0x149f0000)]
  0x00cd1c00 JavaThread "Finalizer" daemon [_thread_blocked, id=7068, stack(0x15570000,0x155c0000)]
  0x00c73800 JavaThread "Reference Handler" daemon [_thread_blocked, id=7396, stack(0x148b0000,0x14900000)]

Other Threads:
  0x00c6f400 VMThread [stack: 0x04770000,0x047c0000] [id=8568]
  0x00d14800 WatcherThread [stack: 0x15f70000,0x15fc0000] [id=7572]

VM state:synchronizing (normal execution)

VM Mutex/Monitor currently owned by a thread:  ([mutex/lock_event])
[0x007aa428] Threads_lock - owner thread: 0x00c6f400

Heap:
 def new generation   total 78656K, used 71429K [0x04800000, 0x09d50000, 0x09d50000)
  eden space 69952K, 100% used [0x04800000, 0x08c50000, 0x08c50000)
  from space 8704K,  16% used [0x08c50000, 0x08dc1658, 0x094d0000)
  to   space 8704K,   0% used [0x094d0000, 0x094d0000, 0x09d50000)
 tenured generation   total 174784K, used 174784K [0x09d50000, 0x14800000, 0x14800000)
   the space 174784K, 100% used [0x09d50000, 0x14800000, 0x14800000, 0x14800000)
 Metaspace       used 4504K, capacity 4704K, committed 4736K, reserved 5504K

Card table byte_map: [0x022f0000,0x02380000] byte_map_base: 0x022cc000

Polling page: 0x00220000

CodeCache: size=32768Kb used=2271Kb max_used=2306Kb free=30496Kb
 bounds [0x026e0000, 0x02928000, 0x046e0000]
 total_blobs=1331 nmethods=1061 adapters=200
 compilation: enabled

Compilation events (10 events):
Event: 1166.492 Thread 0x00ce3400 1073             java.awt.Container::validateTree (153 bytes)
Event: 1166.493 Thread 0x00ce3400 nmethod 1073 0x0291f8c8 code [0x0291fa80, 0x0291ff68]
Event: 1166.499 Thread 0x00ce3400 1074             java.awt.WaitDispatchSupport::access$300 (5 bytes)
Event: 1166.499 Thread 0x00ce3400 nmethod 1074 0x02920208 code [0x02920300, 0x02920370]
Event: 1168.519 Thread 0x00ce3400 1075             java.awt.geom.Path2D$Float::needRoom (72 bytes)
Event: 1168.520 Thread 0x00ce3400 nmethod 1075 0x029203c8 code [0x029204f0, 0x02920654]
Event: 1169.315 Thread 0x00ce3400 1076             javax.swing.JComponent::getBounds (50 bytes)
Event: 1169.317 Thread 0x00ce3400 nmethod 1076 0x02920788 code [0x02920880, 0x02920990]
Event: 1169.317 Thread 0x00ce3400 1077             javax.swing.plaf.nimbus.NimbusStyle::getColorForState (107 bytes)
Event: 1169.318 Thread 0x00ce3400 nmethod 1077 0x02920a48 code [0x02920b60, 0x02920cbc]

GC Heap History (10 events):
Event: 1159.810 GC heap before
{Heap before GC invocations=22 (full 6):
 def new generation   total 78656K, used 78656K [0x04800000, 0x09d50000, 0x09d50000)
  eden space 69952K, 100% used [0x04800000, 0x08c50000, 0x08c50000)
  from space 8704K, 100% used [0x08c50000, 0x094d0000, 0x094d0000)
  to   space 8704K,   0% used [0x094d0000, 0x094d0000, 0x09d50000)
 tenured generation   total 174784K, used 174784K [0x09d50000, 0x14800000, 0x14800000)
   the space 174784K, 100% used [0x09d50000, 0x14800000, 0x14800000, 0x14800000)
 Metaspace       used 4502K, capacity 4704K, committed 4736K, reserved 5504K
Event: 1161.239 GC heap after
Heap after GC invocations=23 (full 7):
 def new generation   total 78656K, used 57450K [0x04800000, 0x09d50000, 0x09d50000)
  eden space 69952K,  82% used [0x04800000, 0x0801aa70, 0x08c50000)
  from space 8704K,   0% used [0x08c50000, 0x08c50000, 0x094d0000)
  to   space 8704K,   0% used [0x094d0000, 0x094d0000, 0x09d50000)
 tenured generation   total 174784K, used 174784K [0x09d50000, 0x14800000, 0x14800000)
   the space 174784K, 100% used [0x09d50000, 0x14800000, 0x14800000, 0x14800000)
 Metaspace       used 4502K, capacity 4704K, committed 4736K, reserved 5504K
}
Event: 1164.845 GC heap before
{Heap before GC invocations=23 (full 7):
 def new generation   total 78656K, used 78656K [0x04800000, 0x09d50000, 0x09d50000)
  eden space 69952K, 100% used [0x04800000, 0x08c50000, 0x08c50000)
  from space 8704K, 100% used [0x08c50000, 0x094d0000, 0x094d0000)
  to   space 8704K,   0% used [0x094d0000, 0x094d0000, 0x09d50000)
 tenured generation   total 174784K, used 174784K [0x09d50000, 0x14800000, 0x14800000)
   the space 174784K, 100% used [0x09d50000, 0x14800000, 0x14800000, 0x14800000)
 Metaspace       used 4502K, capacity 4704K, committed 4736K, reserved 5504K
Event: 1166.487 GC heap after
Heap after GC invocations=24 (full 8):
 def new generation   total 78656K, used 61794K [0x04800000, 0x09d50000, 0x09d50000)
  eden space 69952K,  88% used [0x04800000, 0x08458b48, 0x08c50000)
  from space 8704K,   0% used [0x08c50000, 0x08c50000, 0x094d0000)
  to   space 8704K,   0% used [0x094d0000, 0x094d0000, 0x09d50000)
 tenured generation   total 174784K, used 174783K [0x09d50000, 0x14800000, 0x14800000)
   the space 174784K,  99% used [0x09d50000, 0x147ffff8, 0x14800000, 0x14800000)
 Metaspace       used 4502K, capacity 4704K, committed 4736K, reserved 5504K
}
Event: 1172.569 GC heap before
{Heap before GC invocations=24 (full 8):
 def new generation   total 78656K, used 78656K [0x04800000, 0x09d50000, 0x09d50000)
  eden space 69952K, 100% used [0x04800000, 0x08c50000, 0x08c50000)
  from space 8704K, 100% used [0x08c50000, 0x094d0000, 0x094d0000)
  to   space 8704K,   0% used [0x094d0000, 0x094d0000, 0x09d50000)
 tenured generation   total 174784K, used 174783K [0x09d50000, 0x14800000, 0x14800000)
   the space 174784K,  99% used [0x09d50000, 0x147ffff8, 0x14800000, 0x14800000)
 Metaspace       used 4504K, capacity 4704K, committed 4736K, reserved 5504K
Event: 1174.076 GC heap after
Heap after GC invocations=25 (full 9):
 def new generation   total 78656K, used 70464K [0x04800000, 0x09d50000, 0x09d50000)
  eden space 69952K,  99% used [0x04800000, 0x08c4fff0, 0x08c50000)
  from space 8704K,   5% used [0x08c50000, 0x08cd01f8, 0x094d0000)
  to   space 8704K,   0% used [0x094d0000, 0x094d0000, 0x09d50000)
 tenured generation   total 174784K, used 174783K [0x09d50000, 0x14800000, 0x14800000)
   the space 174784K,  99% used [0x09d50000, 0x147ffff8, 0x14800000, 0x14800000)
 Metaspace       used 4504K, capacity 4704K, committed 4736K, reserved 5504K
}
Event: 1174.455 GC heap before
{Heap before GC invocations=25 (full 9):
 def new generation   total 78656K, used 72464K [0x04800000, 0x09d50000, 0x09d50000)
  eden space 69952K, 100% used [0x04800000, 0x08c50000, 0x08c50000)
  from space 8704K,  28% used [0x08c50000, 0x08ec40a8, 0x094d0000)
  to   space 8704K,   0% used [0x094d0000, 0x094d0000, 0x09d50000)
 tenured generation   total 174784K, used 174783K [0x09d50000, 0x14800000, 0x14800000)
   the space 174784K,  99% used [0x09d50000, 0x147ffff8, 0x14800000, 0x14800000)
 Metaspace       used 4504K, capacity 4704K, committed 4736K, reserved 5504K
Event: 1175.916 GC heap after
Heap after GC invocations=26 (full 10):
 def new generation   total 78656K, used 71446K [0x04800000, 0x09d50000, 0x09d50000)
  eden space 69952K,  99% used [0x04800000, 0x08c4fff8, 0x08c50000)
  from space 8704K,  17% used [0x08c50000, 0x08dc5820, 0x094d0000)
  to   space 8704K,   0% used [0x094d0000, 0x094d0000, 0x09d50000)
 tenured generation   total 174784K, used 174783K [0x09d50000, 0x14800000, 0x14800000)
   the space 174784K,  99% used [0x09d50000, 0x147ffff8, 0x14800000, 0x14800000)
 Metaspace       used 4504K, capacity 4704K, committed 4736K, reserved 5504K
}
Event: 1175.916 GC heap before
{Heap before GC invocations=26 (full 10):
 def new generation   total 78656K, used 71446K [0x04800000, 0x09d50000, 0x09d50000)
  eden space 69952K,  99% used [0x04800000, 0x08c4fff8, 0x08c50000)
  from space 8704K,  17% used [0x08c50000, 0x08dc5820, 0x094d0000)
  to   space 8704K,   0% used [0x094d0000, 0x094d0000, 0x09d50000)
 tenured generation   total 174784K, used 174783K [0x09d50000, 0x14800000, 0x14800000)
   the space 174784K,  99% used [0x09d50000, 0x147ffff8, 0x14800000, 0x14800000)
 Metaspace       used 4504K, capacity 4704K, committed 4736K, reserved 5504K
Event: 1177.624 GC heap after
Heap after GC invocations=27 (full 11):
 def new generation   total 78656K, used 71424K [0x04800000, 0x09d50000, 0x09d50000)
  eden space 69952K, 100% used [0x04800000, 0x08c50000, 0x08c50000)
  from space 8704K,  16% used [0x08c50000, 0x08dc0390, 0x094d0000)
  to   space 8704K,   0% used [0x094d0000, 0x094d0000, 0x09d50000)
 tenured generation   total 174784K, used 174784K [0x09d50000, 0x14800000, 0x14800000)
   the space 174784K, 100% used [0x09d50000, 0x14800000, 0x14800000, 0x14800000)
 Metaspace       used 4504K, capacity 4704K, committed 4736K, reserved 5504K
}

Deoptimization events (0 events):
No events

Internal exceptions (10 events):
Event: 0.647 Thread 0x160ccc00 Exception <a 'java/lang/ClassNotFoundException': javax/swing/JToolBarSeparator> (0x04ae2488) thrown at [C:\re\workspace\8-2-build-windows-i586-cygwin\jdk8u91\7017\hotspot\src\share\vm\classfile\systemDictionary.cpp, line 210]
Event: 0.647 Thread 0x160ccc00 Exception <a 'java/lang/ClassNotFoundException': ToolBarSeparator> (0x04ae28e0) thrown at [C:\re\workspace\8-2-build-windows-i586-cygwin\jdk8u91\7017\hotspot\src\share\vm\classfile\systemDictionary.cpp, line 210]
Event: 0.648 Thread 0x160ccc00 Exception <a 'java/lang/ClassNotFoundException': ToolTip> (0x04ae2f88) thrown at [C:\re\workspace\8-2-build-windows-i586-cygwin\jdk8u91\7017\hotspot\src\share\vm\classfile\systemDictionary.cpp, line 210]
Event: 0.648 Thread 0x160ccc00 Exception <a 'java/lang/ClassNotFoundException': Tree> (0x04ae3a70) thrown at [C:\re\workspace\8-2-build-windows-i586-cygwin\jdk8u91\7017\hotspot\src\share\vm\classfile\systemDictionary.cpp, line 210]
Event: 0.648 Thread 0x160ccc00 Exception <a 'java/lang/ClassNotFoundException': Tree> (0x04ae4110) thrown at [C:\re\workspace\8-2-build-windows-i586-cygwin\jdk8u91\7017\hotspot\src\share\vm\classfile\systemDictionary.cpp, line 210]
Event: 0.648 Thread 0x160ccc00 Exception <a 'java/lang/ClassNotFoundException': javax/swing/JTreeCell> (0x04ae4448) thrown at [C:\re\workspace\8-2-build-windows-i586-cygwin\jdk8u91\7017\hotspot\src\share\vm\classfile\systemDictionary.cpp, line 210]
Event: 0.648 Thread 0x160ccc00 Exception <a 'java/lang/ClassNotFoundException': TreeCell> (0x04ae4890) thrown at [C:\re\workspace\8-2-build-windows-i586-cygwin\jdk8u91\7017\hotspot\src\share\vm\classfile\systemDictionary.cpp, line 210]
Event: 0.648 Thread 0x160ccc00 Exception <a 'java/lang/ClassNotFoundException': RootPane> (0x04ae5208) thrown at [C:\re\workspace\8-2-build-windows-i586-cygwin\jdk8u91\7017\hotspot\src\share\vm\classfile\systemDictionary.cpp, line 210]
Event: 1102.040 Thread 0x160ccc00 Implicit null exception at 0x02900c7f to 0x029024fc
Event: 1177.624 Thread 0x160ccc00 Exception <a 'java/lang/OutOfMemoryError'> (0x09f00a68) thrown at [C:\re\workspace\8-2-build-windows-i586-cygwin\jdk8u91\7017\hotspot\src\share\vm\gc_interface/collectedHeap.inline.hpp, line 159]

Events (10 events):
Event: 1164.843 Executing VM operation: RevokeBias done
Event: 1164.845 Executing VM operation: GenCollectForAllocation
Event: 1166.487 Executing VM operation: GenCollectForAllocation done
Event: 1167.872 loading class javax/swing/plaf/basic/BasicButtonListener$Actions
Event: 1167.874 loading class javax/swing/plaf/basic/BasicButtonListener$Actions done
Event: 1169.319 Thread 0x00ce3400 flushing nmethod 0x028ffe88
Event: 1172.569 Executing VM operation: GenCollectForAllocation
Event: 1174.076 Executing VM operation: GenCollectForAllocation done
Event: 1174.455 Executing VM operation: GenCollectForAllocation
Event: 1177.624 Executing VM operation: GenCollectForAllocation done


Dynamic libraries:
0x00eb0000 - 0x00ee3000 	C:\Program Files (x86)\Java\jdk1.8.0_91\bin\java.exe
0x77130000 - 0x772b0000 	C:\Windows\SysWOW64\ntdll.dll
0x76c20000 - 0x76d30000 	C:\Windows\syswow64\kernel32.dll
0x751b0000 - 0x751f7000 	C:\Windows\syswow64\KERNELBASE.dll
0x75b50000 - 0x75bf0000 	C:\Windows\syswow64\ADVAPI32.dll
0x74f60000 - 0x7500c000 	C:\Windows\syswow64\msvcrt.dll
0x75b30000 - 0x75b49000 	C:\Windows\SysWOW64\sechost.dll
0x75360000 - 0x75450000 	C:\Windows\syswow64\RPCRT4.dll
0x74c80000 - 0x74ce0000 	C:\Windows\syswow64\SspiCli.dll
0x74c70000 - 0x74c7c000 	C:\Windows\syswow64\CRYPTBASE.dll
0x75d50000 - 0x75e50000 	C:\Windows\syswow64\USER32.dll
0x74e60000 - 0x74ef0000 	C:\Windows\syswow64\GDI32.dll
0x77100000 - 0x7710a000 	C:\Windows\syswow64\LPK.dll
0x75a90000 - 0x75b2d000 	C:\Windows\syswow64\USP10.dll
0x72050000 - 0x721ee000 	C:\Windows\WinSxS\x86_microsoft.windows.common-controls_6595b64144ccf1df_6.0.7601.17514_none_41e6975e2bd6f2b2\COMCTL32.dll
0x74ef0000 - 0x74f47000 	C:\Windows\syswow64\SHLWAPI.dll
0x75010000 - 0x75070000 	C:\Windows\system32\IMM32.DLL
0x750a0000 - 0x7516c000 	C:\Windows\syswow64\MSCTF.dll
0x70740000 - 0x707fd000 	C:\Program Files (x86)\Java\jdk1.8.0_91\jre\bin\msvcr100.dll
0x6d9d0000 - 0x6dd9a000 	C:\Program Files (x86)\Java\jdk1.8.0_91\jre\bin\client\jvm.dll
0x6f4b0000 - 0x6f4b7000 	C:\Windows\system32\WSOCK32.dll
0x75170000 - 0x751a5000 	C:\Windows\syswow64\WS2_32.dll
0x74dc0000 - 0x74dc6000 	C:\Windows\syswow64\NSI.dll
0x717c0000 - 0x717f2000 	C:\Windows\system32\WINMM.dll
0x72800000 - 0x72809000 	C:\Windows\system32\VERSION.dll
0x758d0000 - 0x758d5000 	C:\Windows\syswow64\PSAPI.DLL
0x73c20000 - 0x73c2c000 	C:\Program Files (x86)\Java\jdk1.8.0_91\jre\bin\verify.dll
0x73010000 - 0x73031000 	C:\Program Files (x86)\Java\jdk1.8.0_91\jre\bin\java.dll
0x73190000 - 0x731a3000 	C:\Program Files (x86)\Java\jdk1.8.0_91\jre\bin\zip.dll
0x75fa0000 - 0x76beb000 	C:\Windows\syswow64\SHELL32.dll
0x75200000 - 0x7535c000 	C:\Windows\syswow64\ole32.dll
0x72830000 - 0x7283b000 	C:\Windows\system32\profapi.dll
0x6d880000 - 0x6d9c5000 	C:\Program Files (x86)\Java\jdk1.8.0_91\jre\bin\awt.dll
0x75450000 - 0x754df000 	C:\Windows\syswow64\OLEAUT32.dll
0x73bc0000 - 0x73bd3000 	C:\Windows\system32\DWMAPI.DLL
0x72b30000 - 0x72b69000 	C:\Program Files (x86)\Java\jdk1.8.0_91\jre\bin\fontmanager.dll
0x718e0000 - 0x718f6000 	C:\Program Files (x86)\Java\jdk1.8.0_91\jre\bin\net.dll
0x72460000 - 0x7249c000 	C:\Windows\system32\mswsock.dll
0x721f0000 - 0x721f6000 	C:\Windows\System32\wship6.dll
0x72450000 - 0x72455000 	C:\Windows\System32\wshtcpip.dll
0x71f00000 - 0x71f44000 	C:\Windows\system32\DNSAPI.dll
0x71ee0000 - 0x71efc000 	C:\Windows\system32\IPHLPAPI.DLL
0x71ed0000 - 0x71ed7000 	C:\Windows\system32\WINNSI.DLL
0x71e80000 - 0x71e86000 	C:\Windows\system32\rasadhlp.dll
0x71e90000 - 0x71ec8000 	C:\Windows\System32\fwpuclnt.dll
0x73000000 - 0x7300f000 	C:\Program Files (x86)\Java\jdk1.8.0_91\jre\bin\nio.dll
0x70500000 - 0x70532000 	C:\Program Files (x86)\Java\jdk1.8.0_91\jre\bin\t2k.dll
0x73770000 - 0x7377a000 	C:\Program Files (x86)\Yandex\Punto Switcher\pshook.dll
0x754e0000 - 0x7550a000 	C:\Windows\syswow64\imagehlp.dll
0x70710000 - 0x70734000 	C:\Program Files (x86)\Java\jdk1.8.0_91\jre\bin\dcpr.dll
0x74dd0000 - 0x74e53000 	C:\Windows\syswow64\CLBCatQ.DLL
0x73620000 - 0x7371b000 	C:\Windows\system32\WindowsCodecs.dll
0x725c0000 - 0x7260c000 	C:\Windows\system32\apphelp.dll
0x6ce20000 - 0x6ce51000 	C:\Windows\system32\EhStorShell.dll
0x758f0000 - 0x75a8d000 	C:\Windows\syswow64\SETUPAPI.dll
0x75070000 - 0x75097000 	C:\Windows\syswow64\CFGMGR32.dll
0x75f80000 - 0x75f92000 	C:\Windows\syswow64\DEVOBJ.dll
0x71f50000 - 0x72045000 	C:\Windows\system32\PROPSYS.dll
0x73800000 - 0x73870000 	C:\Windows\system32\ntshrui.dll
0x724d0000 - 0x724e9000 	C:\Windows\system32\srvcli.dll
0x737f0000 - 0x737fb000 	C:\Windows\system32\cscapi.dll
0x737e0000 - 0x737ea000 	C:\Windows\system32\slc.dll
0x704d0000 - 0x704ff000 	D:\Project\ShopV2\lib\jacob-1.18-x86.dll
0x6d740000 - 0x6d87c000 	D:\Project\ShopV2\lib\ECRcommX.dll
0x71980000 - 0x719df000 	C:\Windows\system32\SXS.DLL
0x6c8b0000 - 0x6c99b000 	C:\Windows\system32\dbghelp.dll

VM Arguments:
jvm_args: -Dfile.encoding=UTF-8 
java_command: main.ShopMain
java_class_path (initial): E:\Distrib\MySQL\mysql-connector-java-5.1.35-bin.jar;C:\NetBeans\java\modules\ext\AbsoluteLayout.jar;C:\NetBeans\platform\modules\ext\swing-layout-1.0.4.jar;D:\Project\ShopV2\lib\jacob.jar;E:\Distrib\JAVA\json_simple-1.1-all\lib\json_simple-1.1.jar;E:\Distrib\JAVA\httpcomponents-client-4.5.1\lib\commons-logging-1.2.jar;E:\Distrib\JAVA\httpcomponents-client-4.5.1\lib\httpclient-4.5.1.jar;E:\Distrib\JAVA\httpcomponents-client-4.5.1\lib\httpcore-4.4.3.jar;D:\Project\ShopV2\build\classes
Launcher Type: SUN_STANDARD

Environment Variables:
PATH=C:\ProgramData\Oracle\Java\javapath;C:\Windows\system32;C:\Windows;C:\Windows\System32\Wbem;C:\Windows\System32\WindowsPowerShell\v1.0\;C:\Program Files (x86)\Intel\OpenCL SDK\2.0\bin\x86;C:\Program Files (x86)\Intel\OpenCL SDK\2.0\bin\x64;C:\Program Files (x86)\AMD\ATI.ACE\Core-Static;C:\MariaDB\bin\;C:\Apache24\bin\;C:\Apache24\PHP\;C:\Program Files\Hewlett-Packard\SimplePass\;C:\Program Files (x86)\Skype\Phone\;D:\Project\ShopV2\lib\
USERNAME=alik
OS=Windows_NT
PROCESSOR_IDENTIFIER=Intel64 Family 6 Model 42 Stepping 7, GenuineIntel



---------------  S Y S T E M  ---------------

OS: Windows 7 , 64 bit Build 7601 (6.1.7601.18409)

CPU:total 4 (2 cores per cpu, 2 threads per core) family 6 model 42 stepping 7, cmov, cx8, fxsr, mmx, sse, sse2, sse3, ssse3, sse4.1, sse4.2, popcnt, avx, clmul, ht, tsc, tscinvbit

Memory: 4k page, physical 4140912k(517648k free), swap 8279968k(1249860k free)

vm_info: Java HotSpot(TM) Client VM (25.91-b15) for windows-x86 JRE (1.8.0_91-b15), built on May 20 2016 17:33:18 by "java_re" with MS VC++ 10.0 (VS2010)

time: Fri Jul 15 16:50:30 2016
elapsed time: 1177 seconds (0d 0h 19m 37s)

