#
# A fatal error has been detected by the Java Runtime Environment:
#
#  EXCEPTION_ACCESS_VIOLATION (0xc0000005) at pc=0x6a7955fb, pid=4332, tid=3256
#
# JRE version: Java(TM) SE Runtime Environment (8.0_91-b15) (build 1.8.0_91-b15)
# Java VM: Java HotSpot(TM) Client VM (25.91-b15 mixed mode, sharing windows-x86 )
# Problematic frame:
# V  [jvm.dll+0xd55fb]
#
# Failed to write core dump. Minidumps are not enabled by default on client versions of Windows
#
# If you would like to submit a bug report, please visit:
#   http://bugreport.java.com/bugreport/crash.jsp
#

---------------  T H R E A D  ---------------

Current thread (0x15f99c00):  JavaThread "AWT-EventQueue-0" [_thread_in_vm, id=3256, stack(0x165b0000,0x16600000)]

siginfo: ExceptionCode=0xc0000005, reading address 0x00000000

Registers:
EAX=0x00000000, EBX=0x15f99c00, ECX=0x15f99c00, EDX=0x00000167
ESP=0x165fd9cc, EBP=0x165fd9e8, ESI=0x15f99d40, EDI=0x15f99d40
EIP=0x6a7955fb, EFLAGS=0x00010246

Top of Stack: (sp=0x165fd9cc)
0x165fd9cc:   15f99d40 1600d77c 00000000 15f99c00
0x165fd9dc:   15f98c7c 00000167 6a9caad8 00000000
0x165fd9ec:   6a2ff841 15f99d40 00000000 15f99d40
0x165fd9fc:   6a2f1e4b 15f99d40 00000000 15f99d40
0x165fda0c:   1600d77c 00533fa4 15f99c00 165fdeac
0x165fda1c:   165fdeb8 00000000 00000000 00000000
0x165fda2c:   0000000c 165fdecc 165fdea8 00413228
0x165fda3c:   165fded0 00000000 00000000 00000000 

Instructions: (pc=0x6a7955fb)
0x6a7955db:   f3 ff 83 c4 08 83 7b 04 00 89 5d f0 c7 45 f4 00
0x6a7955eb:   00 00 00 74 08 8d 4d f0 e8 e8 0c 0d 00 8b 45 0c
0x6a7955fb:   8b 08 8b 51 04 8b 42 38 50 56 e8 56 4d 08 00 83
0x6a79560b:   c4 08 83 7d f4 00 89 45 08 74 08 8d 4d f0 e8 02 


Register to memory mapping:

EAX=0x00000000 is an unknown value
EBX=0x15f99c00 is a thread
ECX=0x15f99c00 is a thread
EDX=0x00000167 is an unknown value
ESP=0x165fd9cc is pointing into the stack for thread: 0x15f99c00
EBP=0x165fd9e8 is pointing into the stack for thread: 0x15f99c00
ESI=0x15f99d40 is an unknown value
EDI=0x15f99d40 is an unknown value


Stack: [0x165b0000,0x16600000],  sp=0x165fd9cc,  free space=310k
Native frames: (J=compiled Java code, j=interpreted, Vv=VM code, C=native code)
V  [jvm.dll+0xd55fb]
C  [jacob-1.18-x86.dll+0xf841]

Java frames: (J=compiled Java code, j=interpreted, Vv=VM code)
J 488  com.jacob.com.Dispatch.invokev(Lcom/jacob/com/Dispatch;Ljava/lang/String;III[Lcom/jacob/com/Variant;[I)Lcom/jacob/com/Variant; (0 bytes) @ 0x0294e3c8 [0x0294e320+0xa8]
J 496% C1 main.POS_Terminal.waitResponse()V (207 bytes) @ 0x0295b100 [0x0295afd0+0x130]
j  main.POS_Terminal.returnValues()V+1
j  main.POS_Terminal.purchase()Z+632
j  main.EKKA.terminalCheck(Ljava/math/BigDecimal;Ljava/lang/String;Ljava/math/BigDecimal;)Z+183
j  forms.FrmMain.jButtonPrintCheckActionPerformed(Ljava/awt/event/ActionEvent;Z)V+2118
j  forms.FrmMain.jButtonPrintCheckActionPerformed(Ljava/awt/event/ActionEvent;)V+3
j  forms.FrmMain.access$2200(Lforms/FrmMain;Ljava/awt/event/ActionEvent;)V+2
j  forms.FrmMain$2.actionPerformed(Ljava/awt/event/ActionEvent;)V+5
j  javax.swing.AbstractButton.fireActionPerformed(Ljava/awt/event/ActionEvent;)V+83
j  javax.swing.AbstractButton$Handler.actionPerformed(Ljava/awt/event/ActionEvent;)V+5
j  javax.swing.DefaultButtonModel.fireActionPerformed(Ljava/awt/event/ActionEvent;)V+34
j  javax.swing.DefaultButtonModel.setPressed(Z)V+117
j  javax.swing.plaf.basic.BasicButtonListener.focusLost(Ljava/awt/event/FocusEvent;)V+101
j  java.awt.AWTEventMulticaster.focusLost(Ljava/awt/event/FocusEvent;)V+8
j  java.awt.Component.processFocusEvent(Ljava/awt/event/FocusEvent;)V+52
j  java.awt.Component.processEvent(Ljava/awt/AWTEvent;)V+12
j  java.awt.Container.processEvent(Ljava/awt/AWTEvent;)V+18
j  java.awt.Component.dispatchEventImpl(Ljava/awt/AWTEvent;)V+589
j  java.awt.Container.dispatchEventImpl(Ljava/awt/AWTEvent;)V+42
j  java.awt.Component.dispatchEvent(Ljava/awt/AWTEvent;)V+2
j  java.awt.KeyboardFocusManager.redispatchEvent(Ljava/awt/Component;Ljava/awt/AWTEvent;)V+7
j  java.awt.DefaultKeyboardFocusManager.typeAheadAssertions(Ljava/awt/Component;Ljava/awt/AWTEvent;)Z+347
j  java.awt.DefaultKeyboardFocusManager.dispatchEvent(Ljava/awt/AWTEvent;)Z+1233
j  java.awt.Component.dispatchEventImpl(Ljava/awt/AWTEvent;)V+151
j  java.awt.Container.dispatchEventImpl(Ljava/awt/AWTEvent;)V+42
j  java.awt.Component.dispatchEvent(Ljava/awt/AWTEvent;)V+2
j  java.awt.EventQueue.dispatchEventImpl(Ljava/awt/AWTEvent;Ljava/lang/Object;)V+41
j  java.awt.EventQueue.access$500(Ljava/awt/EventQueue;Ljava/awt/AWTEvent;Ljava/lang/Object;)V+3
j  java.awt.EventQueue$3.run()Ljava/lang/Void;+32
j  java.awt.EventQueue$3.run()Ljava/lang/Object;+1
v  ~StubRoutines::call_stub
j  java.security.AccessController.doPrivileged(Ljava/security/PrivilegedAction;Ljava/security/AccessControlContext;)Ljava/lang/Object;+0
j  java.security.ProtectionDomain$JavaSecurityAccessImpl.doIntersectionPrivilege(Ljava/security/PrivilegedAction;Ljava/security/AccessControlContext;Ljava/security/AccessControlContext;)Ljava/lang/Object;+18
j  java.security.ProtectionDomain$JavaSecurityAccessImpl.doIntersectionPrivilege(Ljava/security/PrivilegedAction;Ljava/security/AccessControlContext;)Ljava/lang/Object;+6
j  java.awt.EventQueue$4.run()Ljava/lang/Void;+11
j  java.awt.EventQueue$4.run()Ljava/lang/Object;+1
v  ~StubRoutines::call_stub
j  java.security.AccessController.doPrivileged(Ljava/security/PrivilegedAction;Ljava/security/AccessControlContext;)Ljava/lang/Object;+0
j  java.security.ProtectionDomain$JavaSecurityAccessImpl.doIntersectionPrivilege(Ljava/security/PrivilegedAction;Ljava/security/AccessControlContext;Ljava/security/AccessControlContext;)Ljava/lang/Object;+18
j  java.awt.EventQueue.dispatchEvent(Ljava/awt/AWTEvent;)V+73
j  java.awt.EventDispatchThread.pumpOneEventForFilters(I)V+245
j  java.awt.EventDispatchThread.pumpEventsForFilter(ILjava/awt/Conditional;Ljava/awt/EventFilter;)V+35
j  java.awt.EventDispatchThread.pumpEventsForHierarchy(ILjava/awt/Conditional;Ljava/awt/Component;)V+11
j  java.awt.EventDispatchThread.pumpEvents(ILjava/awt/Conditional;)V+4
j  java.awt.EventDispatchThread.pumpEvents(Ljava/awt/Conditional;)V+3
j  java.awt.EventDispatchThread.run()V+9
v  ~StubRoutines::call_stub

---------------  P R O C E S S  ---------------

Java Threads: ( => current thread )
  0x1691c000 JavaThread "Thread-6" daemon [_thread_blocked, id=10004, stack(0x18360000,0x183b0000)]
  0x1691b000 JavaThread "TimerQueue" daemon [_thread_blocked, id=8920, stack(0x17250000,0x172a0000)]
  0x168e2000 JavaThread "Timer-3" daemon [_thread_blocked, id=9236, stack(0x171e0000,0x17230000)]
  0x168e1400 JavaThread "Timer-1" daemon [_thread_blocked, id=5588, stack(0x17030000,0x17080000)]
  0x168dc800 JavaThread "Timer-0" daemon [_thread_blocked, id=9912, stack(0x16e50000,0x16ea0000)]
  0x15ffbc00 JavaThread "Abandoned connection cleanup thread" daemon [_thread_blocked, id=5164, stack(0x15ca0000,0x15cf0000)]
  0x0020c000 JavaThread "DestroyJavaVM" [_thread_blocked, id=8008, stack(0x024e0000,0x02530000)]
=>0x15f99c00 JavaThread "AWT-EventQueue-0" [_thread_in_vm, id=3256, stack(0x165b0000,0x16600000)]
  0x15f98000 JavaThread "AWT-Windows" daemon [_thread_in_native, id=9892, stack(0x16510000,0x16560000)]
  0x15f97400 JavaThread "AWT-Shutdown" [_thread_blocked, id=8616, stack(0x16430000,0x16480000)]
  0x15f92000 JavaThread "Java2D Disposer" daemon [_thread_blocked, id=4124, stack(0x14860000,0x148b0000)]
  0x00558000 JavaThread "Service Thread" daemon [_thread_blocked, id=9276, stack(0x15e40000,0x15e90000)]
  0x0052fc00 JavaThread "C1 CompilerThread0" daemon [_thread_blocked, id=9672, stack(0x15d30000,0x15d80000)]
  0x0052e000 JavaThread "Attach Listener" daemon [_thread_blocked, id=6992, stack(0x15c50000,0x15ca0000)]
  0x0052b000 JavaThread "Signal Dispatcher" daemon [_thread_blocked, id=8336, stack(0x15bc0000,0x15c10000)]
  0x0051e000 JavaThread "Finalizer" daemon [_thread_blocked, id=10148, stack(0x14800000,0x14850000)]
  0x004c3800 JavaThread "Reference Handler" daemon [_thread_blocked, id=9928, stack(0x148b0000,0x14900000)]

Other Threads:
  0x004bf400 VMThread [stack: 0x14900000,0x14950000] [id=10092]
  0x00561000 WatcherThread [stack: 0x15b70000,0x15bc0000] [id=7596]

VM state:not at safepoint (normal execution)

VM Mutex/Monitor currently owned by a thread: None

Heap:
 def new generation   total 78656K, used 70774K [0x04800000, 0x09d50000, 0x09d50000)
  eden space 69952K,  99% used [0x04800000, 0x08c4fff8, 0x08c50000)
  from space 8704K,   9% used [0x094d0000, 0x0959d8f0, 0x09d50000)
  to   space 8704K,   0% used [0x08c50000, 0x08c50000, 0x094d0000)
 tenured generation   total 174784K, used 174783K [0x09d50000, 0x14800000, 0x14800000)
   the space 174784K,  99% used [0x09d50000, 0x147ffff0, 0x14800000, 0x14800000)
 Metaspace       used 3528K, capacity 3987K, committed 4032K, reserved 4480K

Card table byte_map: [0x022e0000,0x02370000] byte_map_base: 0x022bc000

Polling page: 0x00130000

CodeCache: size=32768Kb used=1438Kb max_used=1438Kb free=31330Kb
 bounds [0x02800000, 0x02968000, 0x04800000]
 total_blobs=779 nmethods=515 adapters=195
 compilation: enabled

Compilation events (10 events):
Event: 49.528 Thread 0x0052fc00  516   !         java.lang.ref.ReferenceQueue::remove (125 bytes)
Event: 49.529 Thread 0x0052fc00 nmethod 516 0x02963e08 code [0x02963f50, 0x02964410]
Event: 51.960 Thread 0x0052fc00  517             javax.swing.JComponent::getHeight (5 bytes)
Event: 51.960 Thread 0x0052fc00 nmethod 517 0x02964748 code [0x02964840, 0x029648c0]
Event: 58.740 Thread 0x0052fc00  518   !         sun.awt.AWTAutoShutdown::setToolkitBusy (124 bytes)
Event: 58.740 Thread 0x0052fc00 nmethod 518 0x02964908 code [0x02964a50, 0x02964ecc]
Event: 61.959 Thread 0x0052fc00  519             javax.swing.JComponent::getWidth (5 bytes)
Event: 61.959 Thread 0x0052fc00 nmethod 519 0x02965248 code [0x02965340, 0x029653c0]
Event: 61.959 Thread 0x0052fc00  520  s!         sun.misc.URLClassPath::getLoader (197 bytes)
Event: 61.961 Thread 0x0052fc00 nmethod 520 0x02965408 code [0x02965660, 0x0296678c]

GC Heap History (10 events):
Event: 62.739 GC heap before
{Heap before GC invocations=18 (full 5):
 def new generation   total 78656K, used 78655K [0x04800000, 0x09d50000, 0x09d50000)
  eden space 69952K, 100% used [0x04800000, 0x08c50000, 0x08c50000)
  from space 8704K,  99% used [0x094d0000, 0x09d4fff8, 0x09d50000)
  to   space 8704K,   0% used [0x08c50000, 0x08c50000, 0x094d0000)
 tenured generation   total 174784K, used 167866K [0x09d50000, 0x14800000, 0x14800000)
   the space 174784K,  96% used [0x09d50000, 0x1413ea08, 0x1413ec00, 0x14800000)
 Metaspace       used 3528K, capacity 3987K, committed 4032K, reserved 4480K
Event: 64.097 GC heap after
Heap after GC invocations=19 (full 6):
 def new generation   total 78656K, used 38797K [0x04800000, 0x09d50000, 0x09d50000)
  eden space 69952K,  55% used [0x04800000, 0x06de36a0, 0x08c50000)
  from space 8704K,   0% used [0x094d0000, 0x094d0000, 0x09d50000)
  to   space 8704K,   0% used [0x08c50000, 0x08c50000, 0x094d0000)
 tenured generation   total 174784K, used 174784K [0x09d50000, 0x14800000, 0x14800000)
   the space 174784K, 100% used [0x09d50000, 0x14800000, 0x14800000, 0x14800000)
 Metaspace       used 3528K, capacity 3987K, committed 4032K, reserved 4480K
}
Event: 70.511 GC heap before
{Heap before GC invocations=19 (full 6):
 def new generation   total 78656K, used 78656K [0x04800000, 0x09d50000, 0x09d50000)
  eden space 69952K, 100% used [0x04800000, 0x08c50000, 0x08c50000)
  from space 8704K, 100% used [0x094d0000, 0x09d50000, 0x09d50000)
  to   space 8704K,   0% used [0x08c50000, 0x08c50000, 0x094d0000)
 tenured generation   total 174784K, used 174784K [0x09d50000, 0x14800000, 0x14800000)
   the space 174784K, 100% used [0x09d50000, 0x14800000, 0x14800000, 0x14800000)
 Metaspace       used 3528K, capacity 3987K, committed 4032K, reserved 4480K
Event: 71.952 GC heap after
Heap after GC invocations=20 (full 7):
 def new generation   total 78656K, used 59898K [0x04800000, 0x09d50000, 0x09d50000)
  eden space 69952K,  85% used [0x04800000, 0x0827eb70, 0x08c50000)
  from space 8704K,   0% used [0x094d0000, 0x094d0000, 0x09d50000)
  to   space 8704K,   0% used [0x08c50000, 0x08c50000, 0x094d0000)
 tenured generation   total 174784K, used 174784K [0x09d50000, 0x14800000, 0x14800000)
   the space 174784K, 100% used [0x09d50000, 0x14800000, 0x14800000, 0x14800000)
 Metaspace       used 3528K, capacity 3987K, committed 4032K, reserved 4480K
}
Event: 75.098 GC heap before
{Heap before GC invocations=20 (full 7):
 def new generation   total 78656K, used 78656K [0x04800000, 0x09d50000, 0x09d50000)
  eden space 69952K, 100% used [0x04800000, 0x08c50000, 0x08c50000)
  from space 8704K, 100% used [0x094d0000, 0x09d50000, 0x09d50000)
  to   space 8704K,   0% used [0x08c50000, 0x08c50000, 0x094d0000)
 tenured generation   total 174784K, used 174784K [0x09d50000, 0x14800000, 0x14800000)
   the space 174784K, 100% used [0x09d50000, 0x14800000, 0x14800000, 0x14800000)
 Metaspace       used 3528K, capacity 3987K, committed 4032K, reserved 4480K
Event: 76.805 GC heap after
Heap after GC invocations=21 (full 8):
 def new generation   total 78656K, used 69791K [0x04800000, 0x09d50000, 0x09d50000)
  eden space 69952K,  99% used [0x04800000, 0x08c27c20, 0x08c50000)
  from space 8704K,   0% used [0x094d0000, 0x094d0000, 0x09d50000)
  to   space 8704K,   0% used [0x08c50000, 0x08c50000, 0x094d0000)
 tenured generation   total 174784K, used 174783K [0x09d50000, 0x14800000, 0x14800000)
   the space 174784K,  99% used [0x09d50000, 0x147ffff8, 0x14800000, 0x14800000)
 Metaspace       used 3528K, capacity 3987K, committed 4032K, reserved 4480K
}
Event: 77.147 GC heap before
{Heap before GC invocations=21 (full 8):
 def new generation   total 78656K, used 71680K [0x04800000, 0x09d50000, 0x09d50000)
  eden space 69952K, 100% used [0x04800000, 0x08c50000, 0x08c50000)
  from space 8704K,  19% used [0x094d0000, 0x09680030, 0x09d50000)
  to   space 8704K,   0% used [0x08c50000, 0x08c50000, 0x094d0000)
 tenured generation   total 174784K, used 174783K [0x09d50000, 0x14800000, 0x14800000)
   the space 174784K,  99% used [0x09d50000, 0x147ffff8, 0x14800000, 0x14800000)
 Metaspace       used 3528K, capacity 3987K, committed 4032K, reserved 4480K
Event: 78.586 GC heap after
Heap after GC invocations=22 (full 9):
 def new generation   total 78656K, used 70791K [0x04800000, 0x09d50000, 0x09d50000)
  eden space 69952K,  99% used [0x04800000, 0x08c4fff8, 0x08c50000)
  from space 8704K,   9% used [0x094d0000, 0x095a1c70, 0x09d50000)
  to   space 8704K,   0% used [0x08c50000, 0x08c50000, 0x094d0000)
 tenured generation   total 174784K, used 174783K [0x09d50000, 0x14800000, 0x14800000)
   the space 174784K,  99% used [0x09d50000, 0x147ffff8, 0x14800000, 0x14800000)
 Metaspace       used 3528K, capacity 3987K, committed 4032K, reserved 4480K
}
Event: 78.586 GC heap before
{Heap before GC invocations=22 (full 9):
 def new generation   total 78656K, used 70791K [0x04800000, 0x09d50000, 0x09d50000)
  eden space 69952K,  99% used [0x04800000, 0x08c4fff8, 0x08c50000)
  from space 8704K,   9% used [0x094d0000, 0x095a1c70, 0x09d50000)
  to   space 8704K,   0% used [0x08c50000, 0x08c50000, 0x094d0000)
 tenured generation   total 174784K, used 174783K [0x09d50000, 0x14800000, 0x14800000)
   the space 174784K,  99% used [0x09d50000, 0x147ffff8, 0x14800000, 0x14800000)
 Metaspace       used 3528K, capacity 3987K, committed 4032K, reserved 4480K
Event: 80.275 GC heap after
Heap after GC invocations=23 (full 10):
 def new generation   total 78656K, used 70774K [0x04800000, 0x09d50000, 0x09d50000)
  eden space 69952K,  99% used [0x04800000, 0x08c4fff8, 0x08c50000)
  from space 8704K,   9% used [0x094d0000, 0x0959d8f0, 0x09d50000)
  to   space 8704K,   0% used [0x08c50000, 0x08c50000, 0x094d0000)
 tenured generation   total 174784K, used 174783K [0x09d50000, 0x14800000, 0x14800000)
   the space 174784K,  99% used [0x09d50000, 0x147ffff0, 0x14800000, 0x14800000)
 Metaspace       used 3528K, capacity 3987K, committed 4032K, reserved 4480K
}

Deoptimization events (0 events):
No events

Internal exceptions (10 events):
Event: 0.241 Thread 0x15f99c00 Exception <a 'java/lang/ClassNotFoundException': ToggleButton> (0x04ae2080) thrown at [C:\re\workspace\8-2-build-windows-i586-cygwin\jdk8u91\7017\hotspot\src\share\vm\classfile\systemDictionary.cpp, line 210]
Event: 0.241 Thread 0x15f99c00 Exception <a 'java/lang/ClassNotFoundException': javax/swing/JToolBarSeparator> (0x04ae2488) thrown at [C:\re\workspace\8-2-build-windows-i586-cygwin\jdk8u91\7017\hotspot\src\share\vm\classfile\systemDictionary.cpp, line 210]
Event: 0.241 Thread 0x15f99c00 Exception <a 'java/lang/ClassNotFoundException': ToolBarSeparator> (0x04ae28e0) thrown at [C:\re\workspace\8-2-build-windows-i586-cygwin\jdk8u91\7017\hotspot\src\share\vm\classfile\systemDictionary.cpp, line 210]
Event: 0.241 Thread 0x15f99c00 Exception <a 'java/lang/ClassNotFoundException': ToolTip> (0x04ae2f88) thrown at [C:\re\workspace\8-2-build-windows-i586-cygwin\jdk8u91\7017\hotspot\src\share\vm\classfile\systemDictionary.cpp, line 210]
Event: 0.242 Thread 0x15f99c00 Exception <a 'java/lang/ClassNotFoundException': Tree> (0x04ae3a70) thrown at [C:\re\workspace\8-2-build-windows-i586-cygwin\jdk8u91\7017\hotspot\src\share\vm\classfile\systemDictionary.cpp, line 210]
Event: 0.242 Thread 0x15f99c00 Exception <a 'java/lang/ClassNotFoundException': Tree> (0x04ae4110) thrown at [C:\re\workspace\8-2-build-windows-i586-cygwin\jdk8u91\7017\hotspot\src\share\vm\classfile\systemDictionary.cpp, line 210]
Event: 0.242 Thread 0x15f99c00 Exception <a 'java/lang/ClassNotFoundException': javax/swing/JTreeCell> (0x04ae4448) thrown at [C:\re\workspace\8-2-build-windows-i586-cygwin\jdk8u91\7017\hotspot\src\share\vm\classfile\systemDictionary.cpp, line 210]
Event: 0.242 Thread 0x15f99c00 Exception <a 'java/lang/ClassNotFoundException': TreeCell> (0x04ae4890) thrown at [C:\re\workspace\8-2-build-windows-i586-cygwin\jdk8u91\7017\hotspot\src\share\vm\classfile\systemDictionary.cpp, line 210]
Event: 0.242 Thread 0x15f99c00 Exception <a 'java/lang/ClassNotFoundException': RootPane> (0x04ae5208) thrown at [C:\re\workspace\8-2-build-windows-i586-cygwin\jdk8u91\7017\hotspot\src\share\vm\classfile\systemDictionary.cpp, line 210]
Event: 80.275 Thread 0x15f99c00 Exception <a 'java/lang/OutOfMemoryError'> (0x09f00058) thrown at [C:\re\workspace\8-2-build-windows-i586-cygwin\jdk8u91\7017\hotspot\src\share\vm\gc_interface/collectedHeap.inline.hpp, line 159]

Events (10 events):
Event: 51.609 Executing VM operation: GenCollectForAllocation
Event: 51.920 Executing VM operation: GenCollectForAllocation done
Event: 62.739 Executing VM operation: GenCollectForAllocation
Event: 64.097 Executing VM operation: GenCollectForAllocation done
Event: 70.511 Executing VM operation: GenCollectForAllocation
Event: 71.953 Executing VM operation: GenCollectForAllocation done
Event: 75.098 Executing VM operation: GenCollectForAllocation
Event: 76.805 Executing VM operation: GenCollectForAllocation done
Event: 77.146 Executing VM operation: GenCollectForAllocation
Event: 80.275 Executing VM operation: GenCollectForAllocation done


Dynamic libraries:
0x009c0000 - 0x009f3000 	C:\Program Files (x86)\Java\jdk1.8.0_91\bin\java.exe
0x77400000 - 0x77580000 	C:\Windows\SysWOW64\ntdll.dll
0x75b60000 - 0x75c70000 	C:\Windows\syswow64\kernel32.dll
0x752f0000 - 0x75337000 	C:\Windows\syswow64\KERNELBASE.dll
0x75f50000 - 0x75ff0000 	C:\Windows\syswow64\ADVAPI32.dll
0x76e20000 - 0x76ecc000 	C:\Windows\syswow64\msvcrt.dll
0x75b30000 - 0x75b49000 	C:\Windows\SysWOW64\sechost.dll
0x75480000 - 0x75570000 	C:\Windows\syswow64\RPCRT4.dll
0x74f50000 - 0x74fb0000 	C:\Windows\syswow64\SspiCli.dll
0x74f40000 - 0x74f4c000 	C:\Windows\syswow64\CRYPTBASE.dll
0x75570000 - 0x75670000 	C:\Windows\syswow64\USER32.dll
0x74fb0000 - 0x75040000 	C:\Windows\syswow64\GDI32.dll
0x75160000 - 0x7516a000 	C:\Windows\syswow64\LPK.dll
0x75a90000 - 0x75b2d000 	C:\Windows\syswow64\USP10.dll
0x72560000 - 0x726fe000 	C:\Windows\WinSxS\x86_microsoft.windows.common-controls_6595b64144ccf1df_6.0.7601.17514_none_41e6975e2bd6f2b2\COMCTL32.dll
0x75040000 - 0x75097000 	C:\Windows\syswow64\SHLWAPI.dll
0x75340000 - 0x753a0000 	C:\Windows\system32\IMM32.DLL
0x75ff0000 - 0x760bc000 	C:\Windows\syswow64\MSCTF.dll
0x6af10000 - 0x6afcd000 	C:\Program Files (x86)\Java\jdk1.8.0_91\jre\bin\msvcr100.dll
0x6a6c0000 - 0x6aa8a000 	C:\Program Files (x86)\Java\jdk1.8.0_91\jre\bin\client\jvm.dll
0x71e00000 - 0x71e07000 	C:\Windows\system32\WSOCK32.dll
0x753b0000 - 0x753e5000 	C:\Windows\syswow64\WS2_32.dll
0x756a0000 - 0x756a6000 	C:\Windows\syswow64\NSI.dll
0x724c0000 - 0x724f2000 	C:\Windows\system32\WINMM.dll
0x72a50000 - 0x72a59000 	C:\Windows\system32\VERSION.dll
0x75b50000 - 0x75b55000 	C:\Windows\syswow64\PSAPI.DLL
0x73050000 - 0x7305c000 	C:\Program Files (x86)\Java\jdk1.8.0_91\jre\bin\verify.dll
0x6b0d0000 - 0x6b0f1000 	C:\Program Files (x86)\Java\jdk1.8.0_91\jre\bin\java.dll
0x6c070000 - 0x6c083000 	C:\Program Files (x86)\Java\jdk1.8.0_91\jre\bin\zip.dll
0x76150000 - 0x76d9b000 	C:\Windows\syswow64\SHELL32.dll
0x75170000 - 0x752cc000 	C:\Windows\syswow64\ole32.dll
0x73e90000 - 0x73e9b000 	C:\Windows\system32\profapi.dll
0x6a3d0000 - 0x6a515000 	C:\Program Files (x86)\Java\jdk1.8.0_91\jre\bin\awt.dll
0x760c0000 - 0x7614f000 	C:\Windows\syswow64\OLEAUT32.dll
0x731c0000 - 0x731d3000 	C:\Windows\system32\DWMAPI.DLL
0x6a390000 - 0x6a3c9000 	C:\Program Files (x86)\Java\jdk1.8.0_91\jre\bin\fontmanager.dll
0x6a6a0000 - 0x6a6b6000 	C:\Program Files (x86)\Java\jdk1.8.0_91\jre\bin\net.dll
0x72710000 - 0x7274c000 	C:\Windows\system32\mswsock.dll
0x72200000 - 0x72206000 	C:\Windows\System32\wship6.dll
0x72770000 - 0x72775000 	C:\Windows\System32\wshtcpip.dll
0x720b0000 - 0x720f4000 	C:\Windows\system32\DNSAPI.dll
0x72090000 - 0x720ac000 	C:\Windows\system32\IPHLPAPI.DLL
0x72080000 - 0x72087000 	C:\Windows\system32\WINNSI.DLL
0x72070000 - 0x72076000 	C:\Windows\system32\rasadhlp.dll
0x72480000 - 0x724b8000 	C:\Windows\System32\fwpuclnt.dll
0x6ba20000 - 0x6ba2f000 	C:\Program Files (x86)\Java\jdk1.8.0_91\jre\bin\nio.dll
0x6a350000 - 0x6a382000 	C:\Program Files (x86)\Java\jdk1.8.0_91\jre\bin\t2k.dll
0x72f70000 - 0x72f7a000 	C:\Program Files (x86)\Yandex\Punto Switcher\pshook.dll
0x750a0000 - 0x750ca000 	C:\Windows\syswow64\imagehlp.dll
0x6a320000 - 0x6a344000 	C:\Program Files (x86)\Java\jdk1.8.0_91\jre\bin\dcpr.dll
0x6a2f0000 - 0x6a31f000 	D:\Project\ShopV2\lib\jacob-1.18-x86.dll
0x753f0000 - 0x75473000 	C:\Windows\syswow64\CLBCatQ.DLL
0x694e0000 - 0x6961c000 	D:\Sites\TERMINAL\ECRcommX.dll
0x71920000 - 0x7197f000 	C:\Windows\system32\SXS.DLL
0x75670000 - 0x75697000 	C:\Windows\syswow64\CFGMGR32.dll
0x6f0c0000 - 0x6f1ab000 	C:\Windows\system32\dbghelp.dll

VM Arguments:
jvm_args: -Dfile.encoding=UTF-8 
java_command: main.ShopMain
java_class_path (initial): E:\Distrib\MySQL\mysql-connector-java-5.1.35-bin.jar;C:\NetBeans\java\modules\ext\AbsoluteLayout.jar;C:\NetBeans\platform\modules\ext\swing-layout-1.0.4.jar;D:\Project\ShopV2\lib\jacob.jar;E:\Distrib\JAVA\json_simple-1.1-all\lib\json_simple-1.1.jar;E:\Distrib\JAVA\httpcomponents-client-4.5.1\lib\commons-logging-1.2.jar;E:\Distrib\JAVA\httpcomponents-client-4.5.1\lib\httpclient-4.5.1.jar;E:\Distrib\JAVA\httpcomponents-client-4.5.1\lib\httpcore-4.4.3.jar;D:\Project\ShopV2\build\classes
Launcher Type: SUN_STANDARD

Environment Variables:
PATH=C:\ProgramData\Oracle\Java\javapath;C:\Windows\system32;C:\Windows;C:\Windows\System32\Wbem;C:\Windows\System32\WindowsPowerShell\v1.0\;C:\Program Files (x86)\Intel\OpenCL SDK\2.0\bin\x86;C:\Program Files (x86)\Intel\OpenCL SDK\2.0\bin\x64;C:\Program Files (x86)\AMD\ATI.ACE\Core-Static;C:\MariaDB\bin\;C:\Apache24\bin\;C:\Apache24\PHP\;C:\Program Files\Hewlett-Packard\SimplePass\;C:\Program Files (x86)\Skype\Phone\;D:\Project\ShopV2\lib\
USERNAME=alik
OS=Windows_NT
PROCESSOR_IDENTIFIER=Intel64 Family 6 Model 42 Stepping 7, GenuineIntel



---------------  S Y S T E M  ---------------

OS: Windows 7 , 64 bit Build 7601 (6.1.7601.18409)

CPU:total 4 (2 cores per cpu, 2 threads per core) family 6 model 42 stepping 7, cmov, cx8, fxsr, mmx, sse, sse2, sse3, ssse3, sse4.1, sse4.2, popcnt, avx, clmul, ht, tsc, tscinvbit

Memory: 4k page, physical 4140912k(1553048k free), swap 8279968k(2466492k free)

vm_info: Java HotSpot(TM) Client VM (25.91-b15) for windows-x86 JRE (1.8.0_91-b15), built on May 20 2016 17:33:18 by "java_re" with MS VC++ 10.0 (VS2010)

time: Tue Jul 26 10:56:45 2016
elapsed time: 80 seconds (0d 0h 1m 20s)

