#
# A fatal error has been detected by the Java Runtime Environment:
#
#  EXCEPTION_ACCESS_VIOLATION (0xc0000005) at pc=0x6e1655fb, pid=6476, tid=6756
#
# JRE version: Java(TM) SE Runtime Environment (8.0_91-b15) (build 1.8.0_91-b15)
# Java VM: Java HotSpot(TM) Client VM (25.91-b15 mixed mode, sharing windows-x86 )
# Problematic frame:
# V  [jvm.dll+0xd55fb]
#
# Failed to write core dump. Minidumps are not enabled by default on client versions of Windows
#
# If you would like to submit a bug report, please visit:
#   http://bugreport.java.com/bugreport/crash.jsp
#

---------------  T H R E A D  ---------------

Current thread (0x15fcd400):  JavaThread "AWT-EventQueue-0" [_thread_in_vm, id=6756, stack(0x16500000,0x16550000)]

siginfo: ExceptionCode=0xc0000005, reading address 0x00000000

Registers:
EAX=0x00000000, EBX=0x15fcd400, ECX=0x15fcd400, EDX=0x00000167
ESP=0x1654d9bc, EBP=0x1654d9d8, ESI=0x15fcd540, EDI=0x15fcd540
EIP=0x6e1655fb, EFLAGS=0x00010246

Top of Stack: (sp=0x1654d9bc)
0x1654d9bc:   15fcd540 16021bf4 00000000 15fcd400
0x1654d9cc:   15fcdd94 00000167 6e39aad8 00000000
0x1654d9dc:   6e57f841 15fcd540 00000000 15fcd540
0x1654d9ec:   6e571e4b 15fcd540 00000000 15fcd540
0x1654d9fc:   16021bf4 00483f14 15fcd400 1654de9c
0x1654da0c:   1654dea8 00000000 00000000 00000000
0x1654da1c:   0000000c 1654debc 1654de98 005e0cb8
0x1654da2c:   1654dec0 00000000 00000000 00000000 

Instructions: (pc=0x6e1655fb)
0x6e1655db:   f3 ff 83 c4 08 83 7b 04 00 89 5d f0 c7 45 f4 00
0x6e1655eb:   00 00 00 74 08 8d 4d f0 e8 e8 0c 0d 00 8b 45 0c
0x6e1655fb:   8b 08 8b 51 04 8b 42 38 50 56 e8 56 4d 08 00 83
0x6e16560b:   c4 08 83 7d f4 00 89 45 08 74 08 8d 4d f0 e8 02 


Register to memory mapping:

EAX=0x00000000 is an unknown value
EBX=0x15fcd400 is a thread
ECX=0x15fcd400 is a thread
EDX=0x00000167 is an unknown value
ESP=0x1654d9bc is pointing into the stack for thread: 0x15fcd400
EBP=0x1654d9d8 is pointing into the stack for thread: 0x15fcd400
ESI=0x15fcd540 is an unknown value
EDI=0x15fcd540 is an unknown value


Stack: [0x16500000,0x16550000],  sp=0x1654d9bc,  free space=310k
Native frames: (J=compiled Java code, j=interpreted, Vv=VM code, C=native code)
V  [jvm.dll+0xd55fb]
C  [jacob-1.18-x86.dll+0xf841]

Java frames: (J=compiled Java code, j=interpreted, Vv=VM code)
J 548  com.jacob.com.Dispatch.invokev(Lcom/jacob/com/Dispatch;Ljava/lang/String;III[Lcom/jacob/com/Variant;[I)Lcom/jacob/com/Variant; (0 bytes) @ 0x02952148 [0x029520a0+0xa8]
J 558 C1 main.POS_Terminal.waitResponse()V (207 bytes) @ 0x029612b4 [0x02961190+0x124]
j  main.POS_Terminal.returnValues()V+1
j  main.POS_Terminal.purchase()Z+632
j  main.EKKA.terminalCheck(Ljava/math/BigDecimal;Ljava/lang/String;Ljava/math/BigDecimal;)Z+183
j  forms.FrmMain.jButtonPrintCheckActionPerformed(Ljava/awt/event/ActionEvent;Z)V+2093
j  forms.FrmMain.access$1800(Lforms/FrmMain;Ljava/awt/event/ActionEvent;Z)V+3
j  forms.FrmMain$MyKeyListener.keyOverride(Ljava/awt/event/KeyEvent;)Ljava/awt/event/KeyEvent;+777
j  forms.FrmMain$MyKeyListener.keyPressed(Ljava/awt/event/KeyEvent;)V+35
j  java.awt.AWTEventMulticaster.keyPressed(Ljava/awt/event/KeyEvent;)V+21
j  java.awt.Component.processKeyEvent(Ljava/awt/event/KeyEvent;)V+52
j  javax.swing.JComponent.processKeyEvent(Ljava/awt/event/KeyEvent;)V+2
j  java.awt.Component.processEvent(Ljava/awt/AWTEvent;)V+121
j  java.awt.Container.processEvent(Ljava/awt/AWTEvent;)V+18
j  java.awt.Component.dispatchEventImpl(Ljava/awt/AWTEvent;)V+589
j  java.awt.Container.dispatchEventImpl(Ljava/awt/AWTEvent;)V+42
j  java.awt.Component.dispatchEvent(Ljava/awt/AWTEvent;)V+2
j  java.awt.KeyboardFocusManager.redispatchEvent(Ljava/awt/Component;Ljava/awt/AWTEvent;)V+7
j  java.awt.DefaultKeyboardFocusManager.dispatchKeyEvent(Ljava/awt/event/KeyEvent;)Z+63
j  java.awt.DefaultKeyboardFocusManager.preDispatchKeyEvent(Ljava/awt/event/KeyEvent;)Z+137
j  java.awt.DefaultKeyboardFocusManager.typeAheadAssertions(Ljava/awt/Component;Ljava/awt/AWTEvent;)Z+166
j  java.awt.DefaultKeyboardFocusManager.dispatchEvent(Ljava/awt/AWTEvent;)Z+1581
j  java.awt.Component.dispatchEventImpl(Ljava/awt/AWTEvent;)V+151
j  java.awt.Container.dispatchEventImpl(Ljava/awt/AWTEvent;)V+42
j  java.awt.Window.dispatchEventImpl(Ljava/awt/AWTEvent;)V+19
j  java.awt.Component.dispatchEvent(Ljava/awt/AWTEvent;)V+2
j  java.awt.EventQueue.dispatchEventImpl(Ljava/awt/AWTEvent;Ljava/lang/Object;)V+41
j  java.awt.EventQueue.access$500(Ljava/awt/EventQueue;Ljava/awt/AWTEvent;Ljava/lang/Object;)V+3
j  java.awt.EventQueue$3.run()Ljava/lang/Void;+32
j  java.awt.EventQueue$3.run()Ljava/lang/Object;+1
v  ~StubRoutines::call_stub
j  java.security.AccessController.doPrivileged(Ljava/security/PrivilegedAction;Ljava/security/AccessControlContext;)Ljava/lang/Object;+0
j  java.security.ProtectionDomain$JavaSecurityAccessImpl.doIntersectionPrivilege(Ljava/security/PrivilegedAction;Ljava/security/AccessControlContext;Ljava/security/AccessControlContext;)Ljava/lang/Object;+18
j  java.security.ProtectionDomain$JavaSecurityAccessImpl.doIntersectionPrivilege(Ljava/security/PrivilegedAction;Ljava/security/AccessControlContext;)Ljava/lang/Object;+6
j  java.awt.EventQueue$4.run()Ljava/lang/Void;+11
j  java.awt.EventQueue$4.run()Ljava/lang/Object;+1
v  ~StubRoutines::call_stub
j  java.security.AccessController.doPrivileged(Ljava/security/PrivilegedAction;Ljava/security/AccessControlContext;)Ljava/lang/Object;+0
j  java.security.ProtectionDomain$JavaSecurityAccessImpl.doIntersectionPrivilege(Ljava/security/PrivilegedAction;Ljava/security/AccessControlContext;Ljava/security/AccessControlContext;)Ljava/lang/Object;+18
j  java.awt.EventQueue.dispatchEvent(Ljava/awt/AWTEvent;)V+73
j  java.awt.EventDispatchThread.pumpOneEventForFilters(I)V+245
j  java.awt.EventDispatchThread.pumpEventsForFilter(ILjava/awt/Conditional;Ljava/awt/EventFilter;)V+35
j  java.awt.EventDispatchThread.pumpEventsForHierarchy(ILjava/awt/Conditional;Ljava/awt/Component;)V+11
j  java.awt.EventDispatchThread.pumpEvents(ILjava/awt/Conditional;)V+4
j  java.awt.EventDispatchThread.pumpEvents(Ljava/awt/Conditional;)V+3
j  java.awt.EventDispatchThread.run()V+9
v  ~StubRoutines::call_stub

---------------  P R O C E S S  ---------------

Java Threads: ( => current thread )
  0x16a26000 JavaThread "TimerQueue" daemon [_thread_blocked, id=5856, stack(0x17530000,0x17580000)]
  0x16a25800 JavaThread "Timer-3" daemon [_thread_blocked, id=6640, stack(0x17240000,0x17290000)]
  0x16a24c00 JavaThread "Timer-1" daemon [_thread_blocked, id=1756, stack(0x17090000,0x170e0000)]
  0x16a24400 JavaThread "Timer-0" daemon [_thread_blocked, id=7208, stack(0x16d80000,0x16dd0000)]
  0x16036c00 JavaThread "Abandoned connection cleanup thread" daemon [_thread_blocked, id=7968, stack(0x166e0000,0x16730000)]
  0x002bc000 JavaThread "DestroyJavaVM" [_thread_blocked, id=1532, stack(0x00240000,0x00290000)]
=>0x15fcd400 JavaThread "AWT-EventQueue-0" [_thread_in_vm, id=6756, stack(0x16500000,0x16550000)]
  0x15fcb800 JavaThread "AWT-Windows" daemon [_thread_in_native, id=6652, stack(0x16600000,0x16650000)]
  0x15fcac00 JavaThread "AWT-Shutdown" [_thread_blocked, id=5808, stack(0x16410000,0x16460000)]
  0x15fc5800 JavaThread "Java2D Disposer" daemon [_thread_blocked, id=588, stack(0x16340000,0x16390000)]
  0x0049f800 JavaThread "Service Thread" daemon [_thread_blocked, id=6024, stack(0x15d60000,0x15db0000)]
  0x0047fc00 JavaThread "C1 CompilerThread0" daemon [_thread_blocked, id=8112, stack(0x15c50000,0x15ca0000)]
  0x0047e000 JavaThread "Attach Listener" daemon [_thread_blocked, id=7428, stack(0x15d10000,0x15d60000)]
  0x0047b000 JavaThread "Signal Dispatcher" daemon [_thread_blocked, id=6352, stack(0x15570000,0x155c0000)]
  0x00471c00 JavaThread "Finalizer" daemon [_thread_blocked, id=6092, stack(0x15b80000,0x15bd0000)]
  0x00413800 JavaThread "Reference Handler" daemon [_thread_blocked, id=7416, stack(0x15480000,0x154d0000)]

Other Threads:
  0x0040f400 VMThread [stack: 0x14880000,0x148d0000] [id=8024]
  0x004b0c00 WatcherThread [stack: 0x15e70000,0x15ec0000] [id=6760]

VM state:not at safepoint (normal execution)

VM Mutex/Monitor currently owned by a thread: None

Heap:
 def new generation   total 78656K, used 70966K [0x04800000, 0x09d50000, 0x09d50000)
  eden space 69952K, 100% used [0x04800000, 0x08c50000, 0x08c50000)
  from space 8704K,  11% used [0x08c50000, 0x08d4d9e0, 0x094d0000)
  to   space 8704K,   0% used [0x094d0000, 0x094d0000, 0x09d50000)
 tenured generation   total 174784K, used 174783K [0x09d50000, 0x14800000, 0x14800000)
   the space 174784K,  99% used [0x09d50000, 0x147ffff8, 0x14800000, 0x14800000)
 Metaspace       used 3576K, capacity 3985K, committed 4032K, reserved 4480K

Card table byte_map: [0x00ed0000,0x00f60000] byte_map_base: 0x00eac000

Polling page: 0x001e0000

CodeCache: size=32768Kb used=1547Kb max_used=1547Kb free=31220Kb
 bounds [0x027e0000, 0x02968000, 0x047e0000]
 total_blobs=818 nmethods=553 adapters=195
 compilation: enabled

Compilation events (10 events):
Event: 309.595 Thread 0x0047fc00  555             java.lang.Byte::toString (8 bytes)
Event: 309.595 Thread 0x0047fc00 nmethod 555 0x0295e7c8 code [0x0295e8c0, 0x0295e94c]
Event: 310.164 Thread 0x0047fc00  556 %           main.POS_Terminal::waitResponse @ 12 (207 bytes)
Event: 310.166 Thread 0x0047fc00 nmethod 556% 0x0295e9c8 code [0x0295ed50, 0x0295fa88]
Event: 311.952 Thread 0x0047fc00  557             java.util.Calendar::internalSet (8 bytes)
Event: 311.952 Thread 0x0047fc00 nmethod 557 0x02960bc8 code [0x02960cc0, 0x02960d60]
Event: 330.664 Thread 0x0047fc00  558             main.POS_Terminal::waitResponse (207 bytes)
Event: 330.666 Thread 0x0047fc00 nmethod 558 0x02960e08 code [0x02961190, 0x02961e48]
Event: 341.950 Thread 0x0047fc00  559             java.awt.ImageMediaEntry::parseflags (31 bytes)
Event: 341.950 Thread 0x0047fc00 nmethod 559 0x02962f88 code [0x02963080, 0x02963160]

GC Heap History (10 events):
Event: 363.040 GC heap before
{Heap before GC invocations=18 (full 5):
 def new generation   total 78656K, used 69952K [0x04800000, 0x09d50000, 0x09d50000)
  eden space 69952K, 100% used [0x04800000, 0x08c50000, 0x08c50000)
  from space 8704K,   0% used [0x08c50000, 0x08c50000, 0x094d0000)
  to   space 8704K,   0% used [0x094d0000, 0x094d0000, 0x09d50000)
 tenured generation   total 174784K, used 154698K [0x09d50000, 0x14800000, 0x14800000)
   the space 174784K,  88% used [0x09d50000, 0x13462a98, 0x13462c00, 0x14800000)
 Metaspace       used 3576K, capacity 3985K, committed 4032K, reserved 4480K
Event: 364.251 GC heap after
Heap after GC invocations=19 (full 6):
 def new generation   total 78656K, used 16929K [0x04800000, 0x09d50000, 0x09d50000)
  eden space 69952K,  24% used [0x04800000, 0x058886c0, 0x08c50000)
  from space 8704K,   0% used [0x08c50000, 0x08c50000, 0x094d0000)
  to   space 8704K,   0% used [0x094d0000, 0x094d0000, 0x09d50000)
 tenured generation   total 174784K, used 174784K [0x09d50000, 0x14800000, 0x14800000)
   the space 174784K, 100% used [0x09d50000, 0x14800000, 0x14800000, 0x14800000)
 Metaspace       used 3576K, capacity 3985K, committed 4032K, reserved 4480K
}
Event: 374.436 GC heap before
{Heap before GC invocations=19 (full 6):
 def new generation   total 78656K, used 78656K [0x04800000, 0x09d50000, 0x09d50000)
  eden space 69952K, 100% used [0x04800000, 0x08c50000, 0x08c50000)
  from space 8704K, 100% used [0x08c50000, 0x094d0000, 0x094d0000)
  to   space 8704K,   0% used [0x094d0000, 0x094d0000, 0x09d50000)
 tenured generation   total 174784K, used 174784K [0x09d50000, 0x14800000, 0x14800000)
   the space 174784K, 100% used [0x09d50000, 0x14800000, 0x14800000, 0x14800000)
 Metaspace       used 3576K, capacity 3985K, committed 4032K, reserved 4480K
Event: 375.846 GC heap after
Heap after GC invocations=20 (full 7):
 def new generation   total 78656K, used 49596K [0x04800000, 0x09d50000, 0x09d50000)
  eden space 69952K,  70% used [0x04800000, 0x0786f298, 0x08c50000)
  from space 8704K,   0% used [0x08c50000, 0x08c50000, 0x094d0000)
  to   space 8704K,   0% used [0x094d0000, 0x094d0000, 0x09d50000)
 tenured generation   total 174784K, used 174784K [0x09d50000, 0x14800000, 0x14800000)
   the space 174784K, 100% used [0x09d50000, 0x14800000, 0x14800000, 0x14800000)
 Metaspace       used 3576K, capacity 3985K, committed 4032K, reserved 4480K
}
Event: 380.796 GC heap before
{Heap before GC invocations=20 (full 7):
 def new generation   total 78656K, used 78656K [0x04800000, 0x09d50000, 0x09d50000)
  eden space 69952K, 100% used [0x04800000, 0x08c50000, 0x08c50000)
  from space 8704K, 100% used [0x08c50000, 0x094d0000, 0x094d0000)
  to   space 8704K,   0% used [0x094d0000, 0x094d0000, 0x09d50000)
 tenured generation   total 174784K, used 174784K [0x09d50000, 0x14800000, 0x14800000)
   the space 174784K, 100% used [0x09d50000, 0x14800000, 0x14800000, 0x14800000)
 Metaspace       used 3576K, capacity 3985K, committed 4032K, reserved 4480K
Event: 382.471 GC heap after
Heap after GC invocations=21 (full 8):
 def new generation   total 78656K, used 64972K [0x04800000, 0x09d50000, 0x09d50000)
  eden space 69952K,  92% used [0x04800000, 0x08773160, 0x08c50000)
  from space 8704K,   0% used [0x08c50000, 0x08c50000, 0x094d0000)
  to   space 8704K,   0% used [0x094d0000, 0x094d0000, 0x09d50000)
 tenured generation   total 174784K, used 174784K [0x09d50000, 0x14800000, 0x14800000)
   the space 174784K, 100% used [0x09d50000, 0x14800000, 0x14800000, 0x14800000)
 Metaspace       used 3576K, capacity 3985K, committed 4032K, reserved 4480K
}
Event: 384.486 GC heap before
{Heap before GC invocations=21 (full 8):
 def new generation   total 78656K, used 76341K [0x04800000, 0x09d50000, 0x09d50000)
  eden space 69952K, 100% used [0x04800000, 0x08c50000, 0x08c50000)
  from space 8704K,  73% used [0x08c50000, 0x0928d530, 0x094d0000)
  to   space 8704K,   0% used [0x094d0000, 0x094d0000, 0x09d50000)
 tenured generation   total 174784K, used 174784K [0x09d50000, 0x14800000, 0x14800000)
   the space 174784K, 100% used [0x09d50000, 0x14800000, 0x14800000, 0x14800000)
 Metaspace       used 3576K, capacity 3985K, committed 4032K, reserved 4480K
Event: 385.984 GC heap after
Heap after GC invocations=22 (full 9):
 def new generation   total 78656K, used 70983K [0x04800000, 0x09d50000, 0x09d50000)
  eden space 69952K, 100% used [0x04800000, 0x08c50000, 0x08c50000)
  from space 8704K,  11% used [0x08c50000, 0x08d51d60, 0x094d0000)
  to   space 8704K,   0% used [0x094d0000, 0x094d0000, 0x09d50000)
 tenured generation   total 174784K, used 174784K [0x09d50000, 0x14800000, 0x14800000)
   the space 174784K, 100% used [0x09d50000, 0x14800000, 0x14800000, 0x14800000)
 Metaspace       used 3576K, capacity 3985K, committed 4032K, reserved 4480K
}
Event: 385.984 GC heap before
{Heap before GC invocations=22 (full 9):
 def new generation   total 78656K, used 70983K [0x04800000, 0x09d50000, 0x09d50000)
  eden space 69952K, 100% used [0x04800000, 0x08c50000, 0x08c50000)
  from space 8704K,  11% used [0x08c50000, 0x08d51d60, 0x094d0000)
  to   space 8704K,   0% used [0x094d0000, 0x094d0000, 0x09d50000)
 tenured generation   total 174784K, used 174784K [0x09d50000, 0x14800000, 0x14800000)
   the space 174784K, 100% used [0x09d50000, 0x14800000, 0x14800000, 0x14800000)
 Metaspace       used 3576K, capacity 3985K, committed 4032K, reserved 4480K
Event: 387.670 GC heap after
Heap after GC invocations=23 (full 10):
 def new generation   total 78656K, used 70966K [0x04800000, 0x09d50000, 0x09d50000)
  eden space 69952K, 100% used [0x04800000, 0x08c50000, 0x08c50000)
  from space 8704K,  11% used [0x08c50000, 0x08d4d9e0, 0x094d0000)
  to   space 8704K,   0% used [0x094d0000, 0x094d0000, 0x09d50000)
 tenured generation   total 174784K, used 174783K [0x09d50000, 0x14800000, 0x14800000)
   the space 174784K,  99% used [0x09d50000, 0x147ffff8, 0x14800000, 0x14800000)
 Metaspace       used 3576K, capacity 3985K, committed 4032K, reserved 4480K
}

Deoptimization events (0 events):
No events

Internal exceptions (10 events):
Event: 0.232 Thread 0x15fcd400 Exception <a 'java/lang/ClassNotFoundException': ToggleButton> (0x04ae2080) thrown at [C:\re\workspace\8-2-build-windows-i586-cygwin\jdk8u91\7017\hotspot\src\share\vm\classfile\systemDictionary.cpp, line 210]
Event: 0.232 Thread 0x15fcd400 Exception <a 'java/lang/ClassNotFoundException': javax/swing/JToolBarSeparator> (0x04ae2488) thrown at [C:\re\workspace\8-2-build-windows-i586-cygwin\jdk8u91\7017\hotspot\src\share\vm\classfile\systemDictionary.cpp, line 210]
Event: 0.232 Thread 0x15fcd400 Exception <a 'java/lang/ClassNotFoundException': ToolBarSeparator> (0x04ae28e0) thrown at [C:\re\workspace\8-2-build-windows-i586-cygwin\jdk8u91\7017\hotspot\src\share\vm\classfile\systemDictionary.cpp, line 210]
Event: 0.232 Thread 0x15fcd400 Exception <a 'java/lang/ClassNotFoundException': ToolTip> (0x04ae2f88) thrown at [C:\re\workspace\8-2-build-windows-i586-cygwin\jdk8u91\7017\hotspot\src\share\vm\classfile\systemDictionary.cpp, line 210]
Event: 0.232 Thread 0x15fcd400 Exception <a 'java/lang/ClassNotFoundException': Tree> (0x04ae3a70) thrown at [C:\re\workspace\8-2-build-windows-i586-cygwin\jdk8u91\7017\hotspot\src\share\vm\classfile\systemDictionary.cpp, line 210]
Event: 0.233 Thread 0x15fcd400 Exception <a 'java/lang/ClassNotFoundException': Tree> (0x04ae4110) thrown at [C:\re\workspace\8-2-build-windows-i586-cygwin\jdk8u91\7017\hotspot\src\share\vm\classfile\systemDictionary.cpp, line 210]
Event: 0.233 Thread 0x15fcd400 Exception <a 'java/lang/ClassNotFoundException': javax/swing/JTreeCell> (0x04ae4448) thrown at [C:\re\workspace\8-2-build-windows-i586-cygwin\jdk8u91\7017\hotspot\src\share\vm\classfile\systemDictionary.cpp, line 210]
Event: 0.233 Thread 0x15fcd400 Exception <a 'java/lang/ClassNotFoundException': TreeCell> (0x04ae4890) thrown at [C:\re\workspace\8-2-build-windows-i586-cygwin\jdk8u91\7017\hotspot\src\share\vm\classfile\systemDictionary.cpp, line 210]
Event: 0.233 Thread 0x15fcd400 Exception <a 'java/lang/ClassNotFoundException': RootPane> (0x04ae5208) thrown at [C:\re\workspace\8-2-build-windows-i586-cygwin\jdk8u91\7017\hotspot\src\share\vm\classfile\systemDictionary.cpp, line 210]
Event: 387.671 Thread 0x15fcd400 Exception <a 'java/lang/OutOfMemoryError'> (0x09f00aa8) thrown at [C:\re\workspace\8-2-build-windows-i586-cygwin\jdk8u91\7017\hotspot\src\share\vm\gc_interface/collectedHeap.inline.hpp, line 159]

Events (10 events):
Event: 350.535 Executing VM operation: GenCollectForAllocation
Event: 351.777 Executing VM operation: GenCollectForAllocation done
Event: 363.040 Executing VM operation: GenCollectForAllocation
Event: 364.251 Executing VM operation: GenCollectForAllocation done
Event: 374.436 Executing VM operation: GenCollectForAllocation
Event: 375.847 Executing VM operation: GenCollectForAllocation done
Event: 380.796 Executing VM operation: GenCollectForAllocation
Event: 382.471 Executing VM operation: GenCollectForAllocation done
Event: 384.486 Executing VM operation: GenCollectForAllocation
Event: 387.671 Executing VM operation: GenCollectForAllocation done


Dynamic libraries:
0x013a0000 - 0x013d3000 	C:\Program Files (x86)\Java\jdk1.8.0_91\bin\java.exe
0x77130000 - 0x772b0000 	C:\Windows\SysWOW64\ntdll.dll
0x76c20000 - 0x76d30000 	C:\Windows\syswow64\kernel32.dll
0x751b0000 - 0x751f7000 	C:\Windows\syswow64\KERNELBASE.dll
0x75b50000 - 0x75bf0000 	C:\Windows\syswow64\ADVAPI32.dll
0x74f60000 - 0x7500c000 	C:\Windows\syswow64\msvcrt.dll
0x75b30000 - 0x75b49000 	C:\Windows\SysWOW64\sechost.dll
0x75360000 - 0x75450000 	C:\Windows\syswow64\RPCRT4.dll
0x74c80000 - 0x74ce0000 	C:\Windows\syswow64\SspiCli.dll
0x74c70000 - 0x74c7c000 	C:\Windows\syswow64\CRYPTBASE.dll
0x75d50000 - 0x75e50000 	C:\Windows\syswow64\USER32.dll
0x74e60000 - 0x74ef0000 	C:\Windows\syswow64\GDI32.dll
0x77100000 - 0x7710a000 	C:\Windows\syswow64\LPK.dll
0x75a90000 - 0x75b2d000 	C:\Windows\syswow64\USP10.dll
0x72050000 - 0x721ee000 	C:\Windows\WinSxS\x86_microsoft.windows.common-controls_6595b64144ccf1df_6.0.7601.17514_none_41e6975e2bd6f2b2\COMCTL32.dll
0x74ef0000 - 0x74f47000 	C:\Windows\syswow64\SHLWAPI.dll
0x75010000 - 0x75070000 	C:\Windows\system32\IMM32.DLL
0x750a0000 - 0x7516c000 	C:\Windows\syswow64\MSCTF.dll
0x6e460000 - 0x6e51d000 	C:\Program Files (x86)\Java\jdk1.8.0_91\jre\bin\msvcr100.dll
0x6e090000 - 0x6e45a000 	C:\Program Files (x86)\Java\jdk1.8.0_91\jre\bin\client\jvm.dll
0x6f4b0000 - 0x6f4b7000 	C:\Windows\system32\WSOCK32.dll
0x75170000 - 0x751a5000 	C:\Windows\syswow64\WS2_32.dll
0x74dc0000 - 0x74dc6000 	C:\Windows\syswow64\NSI.dll
0x717c0000 - 0x717f2000 	C:\Windows\system32\WINMM.dll
0x72800000 - 0x72809000 	C:\Windows\system32\VERSION.dll
0x758d0000 - 0x758d5000 	C:\Windows\syswow64\PSAPI.DLL
0x73740000 - 0x7374c000 	C:\Program Files (x86)\Java\jdk1.8.0_91\jre\bin\verify.dll
0x71750000 - 0x71771000 	C:\Program Files (x86)\Java\jdk1.8.0_91\jre\bin\java.dll
0x73430000 - 0x73443000 	C:\Program Files (x86)\Java\jdk1.8.0_91\jre\bin\zip.dll
0x75fa0000 - 0x76beb000 	C:\Windows\syswow64\SHELL32.dll
0x75200000 - 0x7535c000 	C:\Windows\syswow64\ole32.dll
0x72830000 - 0x7283b000 	C:\Windows\system32\profapi.dll
0x6df40000 - 0x6e085000 	C:\Program Files (x86)\Java\jdk1.8.0_91\jre\bin\awt.dll
0x75450000 - 0x754df000 	C:\Windows\syswow64\OLEAUT32.dll
0x73bc0000 - 0x73bd3000 	C:\Windows\system32\DWMAPI.DLL
0x71820000 - 0x71859000 	C:\Program Files (x86)\Java\jdk1.8.0_91\jre\bin\fontmanager.dll
0x72b10000 - 0x72b26000 	C:\Program Files (x86)\Java\jdk1.8.0_91\jre\bin\net.dll
0x72460000 - 0x7249c000 	C:\Windows\system32\mswsock.dll
0x721f0000 - 0x721f6000 	C:\Windows\System32\wship6.dll
0x72450000 - 0x72455000 	C:\Windows\System32\wshtcpip.dll
0x71f00000 - 0x71f44000 	C:\Windows\system32\DNSAPI.dll
0x71ee0000 - 0x71efc000 	C:\Windows\system32\IPHLPAPI.DLL
0x71ed0000 - 0x71ed7000 	C:\Windows\system32\WINNSI.DLL
0x71e80000 - 0x71e86000 	C:\Windows\system32\rasadhlp.dll
0x71e90000 - 0x71ec8000 	C:\Windows\System32\fwpuclnt.dll
0x73070000 - 0x7307f000 	C:\Program Files (x86)\Java\jdk1.8.0_91\jre\bin\nio.dll
0x6e5a0000 - 0x6e5d2000 	C:\Program Files (x86)\Java\jdk1.8.0_91\jre\bin\t2k.dll
0x73770000 - 0x7377a000 	C:\Program Files (x86)\Yandex\Punto Switcher\pshook.dll
0x754e0000 - 0x7550a000 	C:\Windows\syswow64\imagehlp.dll
0x6f4d0000 - 0x6f4f4000 	C:\Program Files (x86)\Java\jdk1.8.0_91\jre\bin\dcpr.dll
0x6e570000 - 0x6e59f000 	D:\Project\ShopV2\lib\jacob-1.18-x86.dll
0x74dd0000 - 0x74e53000 	C:\Windows\syswow64\CLBCatQ.DLL
0x6de00000 - 0x6df3c000 	D:\Project\ShopV2\lib\ECRcommX.dll
0x71980000 - 0x719df000 	C:\Windows\system32\SXS.DLL
0x75070000 - 0x75097000 	C:\Windows\syswow64\CFGMGR32.dll
0x6dd10000 - 0x6ddfb000 	C:\Windows\system32\dbghelp.dll

VM Arguments:
jvm_args: -Dfile.encoding=UTF-8 
java_command: main.ShopMain
java_class_path (initial): E:\Distrib\MySQL\mysql-connector-java-5.1.35-bin.jar;C:\NetBeans\java\modules\ext\AbsoluteLayout.jar;C:\NetBeans\platform\modules\ext\swing-layout-1.0.4.jar;D:\Project\ShopV2\lib\jacob.jar;E:\Distrib\JAVA\json_simple-1.1-all\lib\json_simple-1.1.jar;E:\Distrib\JAVA\httpcomponents-client-4.5.1\lib\commons-logging-1.2.jar;E:\Distrib\JAVA\httpcomponents-client-4.5.1\lib\httpclient-4.5.1.jar;E:\Distrib\JAVA\httpcomponents-client-4.5.1\lib\httpcore-4.4.3.jar;D:\Project\ShopV2\build\classes
Launcher Type: SUN_STANDARD

Environment Variables:
PATH=C:\ProgramData\Oracle\Java\javapath;C:\Windows\system32;C:\Windows;C:\Windows\System32\Wbem;C:\Windows\System32\WindowsPowerShell\v1.0\;C:\Program Files (x86)\Intel\OpenCL SDK\2.0\bin\x86;C:\Program Files (x86)\Intel\OpenCL SDK\2.0\bin\x64;C:\Program Files (x86)\AMD\ATI.ACE\Core-Static;C:\MariaDB\bin\;C:\Apache24\bin\;C:\Apache24\PHP\;C:\Program Files\Hewlett-Packard\SimplePass\;C:\Program Files (x86)\Skype\Phone\;D:\Project\ShopV2\lib\
USERNAME=alik
OS=Windows_NT
PROCESSOR_IDENTIFIER=Intel64 Family 6 Model 42 Stepping 7, GenuineIntel



---------------  S Y S T E M  ---------------

OS: Windows 7 , 64 bit Build 7601 (6.1.7601.18409)

CPU:total 4 (2 cores per cpu, 2 threads per core) family 6 model 42 stepping 7, cmov, cx8, fxsr, mmx, sse, sse2, sse3, ssse3, sse4.1, sse4.2, popcnt, avx, clmul, ht, tsc, tscinvbit

Memory: 4k page, physical 4140912k(869448k free), swap 8279968k(2058636k free)

vm_info: Java HotSpot(TM) Client VM (25.91-b15) for windows-x86 JRE (1.8.0_91-b15), built on May 20 2016 17:33:18 by "java_re" with MS VC++ 10.0 (VS2010)

time: Tue Jul 12 12:19:37 2016
elapsed time: 387 seconds (0d 0h 6m 27s)

