#
# A fatal error has been detected by the Java Runtime Environment:
#
#  EXCEPTION_ACCESS_VIOLATION (0xc0000005) at pc=0x6eb355fb, pid=8480, tid=6156
#
# JRE version: Java(TM) SE Runtime Environment (8.0_91-b15) (build 1.8.0_91-b15)
# Java VM: Java HotSpot(TM) Client VM (25.91-b15 mixed mode, sharing windows-x86 )
# Problematic frame:
# V  [jvm.dll+0xd55fb]
#
# Failed to write core dump. Minidumps are not enabled by default on client versions of Windows
#
# If you would like to submit a bug report, please visit:
#   http://bugreport.java.com/bugreport/crash.jsp
#

---------------  T H R E A D  ---------------

Current thread (0x160f1800):  JavaThread "AWT-EventQueue-0" [_thread_in_vm, id=6156, stack(0x16320000,0x16370000)]

siginfo: ExceptionCode=0xc0000005, reading address 0x00000000

Registers:
EAX=0x00000000, EBX=0x160f1800, ECX=0x160f1800, EDX=0x00000167
ESP=0x1636dd7c, EBP=0x1636dd98, ESI=0x160f1940, EDI=0x160f1940
EIP=0x6eb355fb, EFLAGS=0x00010246

Top of Stack: (sp=0x1636dd7c)
0x1636dd7c:   160f1940 16147124 00000000 160f1800
0x1636dd8c:   00c846f4 00000167 6ed6aad8 00000000
0x1636dd9c:   7074f841 160f1940 00000000 160f1940
0x1636ddac:   70741e4b 160f1940 00000000 160f1940
0x1636ddbc:   16147124 00c67f0c 160f1800 1636e25c
0x1636ddcc:   1636e268 00000000 00000000 00000000
0x1636dddc:   0000000c 1636e27c 1636e258 00369038
0x1636ddec:   1636e280 00000000 00000000 00000000 

Instructions: (pc=0x6eb355fb)
0x6eb355db:   f3 ff 83 c4 08 83 7b 04 00 89 5d f0 c7 45 f4 00
0x6eb355eb:   00 00 00 74 08 8d 4d f0 e8 e8 0c 0d 00 8b 45 0c
0x6eb355fb:   8b 08 8b 51 04 8b 42 38 50 56 e8 56 4d 08 00 83
0x6eb3560b:   c4 08 83 7d f4 00 89 45 08 74 08 8d 4d f0 e8 02 


Register to memory mapping:

EAX=0x00000000 is an unknown value
EBX=0x160f1800 is a thread
ECX=0x160f1800 is a thread
EDX=0x00000167 is an unknown value
ESP=0x1636dd7c is pointing into the stack for thread: 0x160f1800
EBP=0x1636dd98 is pointing into the stack for thread: 0x160f1800
ESI=0x160f1940 is an unknown value
EDI=0x160f1940 is an unknown value


Stack: [0x16320000,0x16370000],  sp=0x1636dd7c,  free space=311k
Native frames: (J=compiled Java code, j=interpreted, Vv=VM code, C=native code)
V  [jvm.dll+0xd55fb]
C  [jacob-1.18-x86.dll+0xf841]

Java frames: (J=compiled Java code, j=interpreted, Vv=VM code)
J 458  com.jacob.com.Dispatch.invokev(Lcom/jacob/com/Dispatch;Ljava/lang/String;III[Lcom/jacob/com/Variant;[I)Lcom/jacob/com/Variant; (0 bytes) @ 0x027f3908 [0x027f3860+0xa8]
J 466% C1 main.POS_Terminal.waitResponse()V (207 bytes) @ 0x02865a80 [0x02865950+0x130]
j  main.POS_Terminal.returnValues()V+1
j  main.POS_Terminal.purchase()Z+632
j  main.EKKA.terminalCheck(Ljava/math/BigDecimal;Ljava/lang/String;Ljava/math/BigDecimal;)Z+183
j  forms.FrmMain.jButtonPrintCheckActionPerformed(Ljava/awt/event/ActionEvent;Z)V+2093
j  forms.FrmMain.access$1800(Lforms/FrmMain;Ljava/awt/event/ActionEvent;Z)V+3
j  forms.FrmMain$MyKeyListener.keyOverride(Ljava/awt/event/KeyEvent;)Ljava/awt/event/KeyEvent;+777
j  forms.FrmMain$MyKeyListener.keyPressed(Ljava/awt/event/KeyEvent;)V+35
j  java.awt.AWTEventMulticaster.keyPressed(Ljava/awt/event/KeyEvent;)V+21
j  java.awt.Component.processKeyEvent(Ljava/awt/event/KeyEvent;)V+52
j  javax.swing.JComponent.processKeyEvent(Ljava/awt/event/KeyEvent;)V+2
j  java.awt.Component.processEvent(Ljava/awt/AWTEvent;)V+121
j  java.awt.Container.processEvent(Ljava/awt/AWTEvent;)V+18
j  java.awt.Component.dispatchEventImpl(Ljava/awt/AWTEvent;)V+589
j  java.awt.Container.dispatchEventImpl(Ljava/awt/AWTEvent;)V+42
j  java.awt.Component.dispatchEvent(Ljava/awt/AWTEvent;)V+2
j  java.awt.KeyboardFocusManager.redispatchEvent(Ljava/awt/Component;Ljava/awt/AWTEvent;)V+7
j  java.awt.DefaultKeyboardFocusManager.dispatchKeyEvent(Ljava/awt/event/KeyEvent;)Z+63
j  java.awt.DefaultKeyboardFocusManager.preDispatchKeyEvent(Ljava/awt/event/KeyEvent;)Z+137
j  java.awt.DefaultKeyboardFocusManager.typeAheadAssertions(Ljava/awt/Component;Ljava/awt/AWTEvent;)Z+166
j  java.awt.DefaultKeyboardFocusManager.dispatchEvent(Ljava/awt/AWTEvent;)Z+1581
j  java.awt.Component.dispatchEventImpl(Ljava/awt/AWTEvent;)V+151
j  java.awt.Container.dispatchEventImpl(Ljava/awt/AWTEvent;)V+42
j  java.awt.Window.dispatchEventImpl(Ljava/awt/AWTEvent;)V+19
j  java.awt.Component.dispatchEvent(Ljava/awt/AWTEvent;)V+2
j  java.awt.EventQueue.dispatchEventImpl(Ljava/awt/AWTEvent;Ljava/lang/Object;)V+41
j  java.awt.EventQueue.access$500(Ljava/awt/EventQueue;Ljava/awt/AWTEvent;Ljava/lang/Object;)V+3
j  java.awt.EventQueue$3.run()Ljava/lang/Void;+32
j  java.awt.EventQueue$3.run()Ljava/lang/Object;+1
v  ~StubRoutines::call_stub
j  java.security.AccessController.doPrivileged(Ljava/security/PrivilegedAction;Ljava/security/AccessControlContext;)Ljava/lang/Object;+0
j  java.security.ProtectionDomain$JavaSecurityAccessImpl.doIntersectionPrivilege(Ljava/security/PrivilegedAction;Ljava/security/AccessControlContext;Ljava/security/AccessControlContext;)Ljava/lang/Object;+18
j  java.security.ProtectionDomain$JavaSecurityAccessImpl.doIntersectionPrivilege(Ljava/security/PrivilegedAction;Ljava/security/AccessControlContext;)Ljava/lang/Object;+6
j  java.awt.EventQueue$4.run()Ljava/lang/Void;+11
j  java.awt.EventQueue$4.run()Ljava/lang/Object;+1
v  ~StubRoutines::call_stub
j  java.security.AccessController.doPrivileged(Ljava/security/PrivilegedAction;Ljava/security/AccessControlContext;)Ljava/lang/Object;+0
j  java.security.ProtectionDomain$JavaSecurityAccessImpl.doIntersectionPrivilege(Ljava/security/PrivilegedAction;Ljava/security/AccessControlContext;Ljava/security/AccessControlContext;)Ljava/lang/Object;+18
j  java.awt.EventQueue.dispatchEvent(Ljava/awt/AWTEvent;)V+73
j  java.awt.EventDispatchThread.pumpOneEventForFilters(I)V+245
j  java.awt.EventDispatchThread.pumpEventsForFilter(ILjava/awt/Conditional;Ljava/awt/EventFilter;)V+35
j  java.awt.EventDispatchThread.pumpEventsForHierarchy(ILjava/awt/Conditional;Ljava/awt/Component;)V+11
j  java.awt.EventDispatchThread.pumpEvents(ILjava/awt/Conditional;)V+4
j  java.awt.EventDispatchThread.pumpEvents(Ljava/awt/Conditional;)V+3
j  java.awt.EventDispatchThread.run()V+9
v  ~StubRoutines::call_stub

---------------  P R O C E S S  ---------------

Java Threads: ( => current thread )
  0x169b1c00 JavaThread "Thread-6" daemon [_thread_blocked, id=1220, stack(0x16610000,0x16660000)]
  0x169b1000 JavaThread "Timer-3" daemon [_thread_blocked, id=5968, stack(0x16ee0000,0x16f30000)]
  0x169b0000 JavaThread "Timer-1" daemon [_thread_blocked, id=820, stack(0x17150000,0x171a0000)]
  0x169afc00 JavaThread "Timer-0" daemon [_thread_blocked, id=8988, stack(0x16f50000,0x16fa0000)]
  0x1615dc00 JavaThread "Abandoned connection cleanup thread" daemon [_thread_blocked, id=6420, stack(0x16680000,0x166d0000)]
  0x00d6c000 JavaThread "DestroyJavaVM" [_thread_blocked, id=9180, stack(0x003d0000,0x00420000)]
=>0x160f1800 JavaThread "AWT-EventQueue-0" [_thread_in_vm, id=6156, stack(0x16320000,0x16370000)]
  0x160efc00 JavaThread "AWT-Windows" daemon [_thread_in_native, id=8676, stack(0x16580000,0x165d0000)]
  0x160ef400 JavaThread "AWT-Shutdown" [_thread_blocked, id=5812, stack(0x16470000,0x164c0000)]
  0x160ea400 JavaThread "Java2D Disposer" daemon [_thread_blocked, id=7388, stack(0x15f00000,0x15f50000)]
  0x00c83c00 JavaThread "Service Thread" daemon [_thread_blocked, id=8184, stack(0x15e60000,0x15eb0000)]
  0x00c5f800 JavaThread "C1 CompilerThread0" daemon [_thread_blocked, id=8408, stack(0x148b0000,0x14900000)]
  0x00c5e000 JavaThread "Attach Listener" daemon [_thread_blocked, id=3400, stack(0x15d40000,0x15d90000)]
  0x00c5b000 JavaThread "Signal Dispatcher" daemon [_thread_blocked, id=7436, stack(0x15540000,0x15590000)]
  0x00c51c00 JavaThread "Finalizer" daemon [_thread_blocked, id=8636, stack(0x154e0000,0x15530000)]
  0x00bf3800 JavaThread "Reference Handler" daemon [_thread_blocked, id=9192, stack(0x15490000,0x154e0000)]

Other Threads:
  0x00bef400 VMThread [stack: 0x14900000,0x14950000] [id=6920]
  0x00c98c00 WatcherThread [stack: 0x15f90000,0x15fe0000] [id=7836]

VM state:not at safepoint (normal execution)

VM Mutex/Monitor currently owned by a thread: None

Heap:
 def new generation   total 78656K, used 70769K [0x04800000, 0x09d50000, 0x09d50000)
  eden space 69952K, 100% used [0x04800000, 0x08c50000, 0x08c50000)
  from space 8704K,   9% used [0x08c50000, 0x08d1c4b0, 0x094d0000)
  to   space 8704K,   0% used [0x094d0000, 0x094d0000, 0x09d50000)
 tenured generation   total 174784K, used 174783K [0x09d50000, 0x14800000, 0x14800000)
   the space 174784K,  99% used [0x09d50000, 0x147ffff8, 0x14800000, 0x14800000)
 Metaspace       used 3524K, capacity 3987K, committed 4032K, reserved 4480K

Card table byte_map: [0x02310000,0x023a0000] byte_map_base: 0x022ec000

Polling page: 0x00260000

CodeCache: size=32768Kb used=1418Kb max_used=1418Kb free=31350Kb
 bounds [0x02710000, 0x02878000, 0x04710000]
 total_blobs=746 nmethods=482 adapters=195
 compilation: enabled

Compilation events (10 events):
Event: 15.027 Thread 0x00c5f800  482             javax.swing.plaf.nimbus.NimbusDefaults$LazyStyle::matches (229 bytes)
Event: 15.029 Thread 0x00c5f800 nmethod 482 0x0286e3c8 code [0x0286e5a0, 0x0286ea60]
Event: 31.336 Thread 0x00c5f800  484             java.lang.ref.ReferenceQueue::reallyPoll (66 bytes)
Event: 31.336 Thread 0x00c5f800 nmethod 484 0x0286f448 code [0x0286f550, 0x0286f6b0]
Event: 47.252 Thread 0x00c5f800  485   !         java.lang.ref.ReferenceQueue::remove (125 bytes)
Event: 47.252 Thread 0x00c5f800 nmethod 485 0x0286f708 code [0x0286f850, 0x0286fd10]
Event: 62.642 Thread 0x00c5f800  486  s!         sun.misc.URLClassPath::getLoader (197 bytes)
Event: 62.644 Thread 0x00c5f800 nmethod 486 0x02870048 code [0x028702a0, 0x028713cc]
Event: 92.641 Thread 0x00c5f800  487             sun.misc.URLClassPath::findResource (47 bytes)
Event: 92.641 Thread 0x00c5f800 nmethod 487 0x02872548 code [0x02872670, 0x02872794]

GC Heap History (10 events):
Event: 70.857 GC heap before
{Heap before GC invocations=17 (full 5):
 def new generation   total 78656K, used 69952K [0x04800000, 0x09d50000, 0x09d50000)
  eden space 69952K, 100% used [0x04800000, 0x08c50000, 0x08c50000)
  from space 8704K,   0% used [0x08c50000, 0x08c50000, 0x094d0000)
  to   space 8704K,   0% used [0x094d0000, 0x094d0000, 0x09d50000)
 tenured generation   total 174784K, used 152435K [0x09d50000, 0x14800000, 0x14800000)
   the space 174784K,  87% used [0x09d50000, 0x1322ce88, 0x1322d000, 0x14800000)
 Metaspace       used 3524K, capacity 3987K, committed 4032K, reserved 4480K
Event: 72.213 GC heap after
Heap after GC invocations=18 (full 6):
 def new generation   total 78656K, used 14670K [0x04800000, 0x09d50000, 0x09d50000)
  eden space 69952K,  20% used [0x04800000, 0x056538d8, 0x08c50000)
  from space 8704K,   0% used [0x08c50000, 0x08c50000, 0x094d0000)
  to   space 8704K,   0% used [0x094d0000, 0x094d0000, 0x09d50000)
 tenured generation   total 174784K, used 174783K [0x09d50000, 0x14800000, 0x14800000)
   the space 174784K,  99% used [0x09d50000, 0x147ffff8, 0x14800000, 0x14800000)
 Metaspace       used 3524K, capacity 3987K, committed 4032K, reserved 4480K
}
Event: 84.987 GC heap before
{Heap before GC invocations=18 (full 6):
 def new generation   total 78656K, used 78656K [0x04800000, 0x09d50000, 0x09d50000)
  eden space 69952K, 100% used [0x04800000, 0x08c50000, 0x08c50000)
  from space 8704K, 100% used [0x08c50000, 0x094d0000, 0x094d0000)
  to   space 8704K,   0% used [0x094d0000, 0x094d0000, 0x09d50000)
 tenured generation   total 174784K, used 174783K [0x09d50000, 0x14800000, 0x14800000)
   the space 174784K,  99% used [0x09d50000, 0x147ffff8, 0x14800000, 0x14800000)
 Metaspace       used 3524K, capacity 3987K, committed 4032K, reserved 4480K
Event: 86.586 GC heap after
Heap after GC invocations=19 (full 7):
 def new generation   total 78656K, used 48525K [0x04800000, 0x09d50000, 0x09d50000)
  eden space 69952K,  69% used [0x04800000, 0x07763718, 0x08c50000)
  from space 8704K,   0% used [0x08c50000, 0x08c50000, 0x094d0000)
  to   space 8704K,   0% used [0x094d0000, 0x094d0000, 0x09d50000)
 tenured generation   total 174784K, used 174783K [0x09d50000, 0x14800000, 0x14800000)
   the space 174784K,  99% used [0x09d50000, 0x147ffff8, 0x14800000, 0x14800000)
 Metaspace       used 3524K, capacity 3987K, committed 4032K, reserved 4480K
}
Event: 92.835 GC heap before
{Heap before GC invocations=19 (full 7):
 def new generation   total 78656K, used 78656K [0x04800000, 0x09d50000, 0x09d50000)
  eden space 69952K, 100% used [0x04800000, 0x08c50000, 0x08c50000)
  from space 8704K, 100% used [0x08c50000, 0x094d0000, 0x094d0000)
  to   space 8704K,   0% used [0x094d0000, 0x094d0000, 0x09d50000)
 tenured generation   total 174784K, used 174783K [0x09d50000, 0x14800000, 0x14800000)
   the space 174784K,  99% used [0x09d50000, 0x147ffff8, 0x14800000, 0x14800000)
 Metaspace       used 3524K, capacity 3987K, committed 4032K, reserved 4480K
Event: 94.741 GC heap after
Heap after GC invocations=20 (full 8):
 def new generation   total 78656K, used 64468K [0x04800000, 0x09d50000, 0x09d50000)
  eden space 69952K,  92% used [0x04800000, 0x086f5218, 0x08c50000)
  from space 8704K,   0% used [0x08c50000, 0x08c50000, 0x094d0000)
  to   space 8704K,   0% used [0x094d0000, 0x094d0000, 0x09d50000)
 tenured generation   total 174784K, used 174784K [0x09d50000, 0x14800000, 0x14800000)
   the space 174784K, 100% used [0x09d50000, 0x14800000, 0x14800000, 0x14800000)
 Metaspace       used 3524K, capacity 3987K, committed 4032K, reserved 4480K
}
Event: 97.343 GC heap before
{Heap before GC invocations=20 (full 8):
 def new generation   total 78656K, used 76401K [0x04800000, 0x09d50000, 0x09d50000)
  eden space 69952K, 100% used [0x04800000, 0x08c50000, 0x08c50000)
  from space 8704K,  74% used [0x08c50000, 0x0929c6d8, 0x094d0000)
  to   space 8704K,   0% used [0x094d0000, 0x094d0000, 0x09d50000)
 tenured generation   total 174784K, used 174784K [0x09d50000, 0x14800000, 0x14800000)
   the space 174784K, 100% used [0x09d50000, 0x14800000, 0x14800000, 0x14800000)
 Metaspace       used 3524K, capacity 3987K, committed 4032K, reserved 4480K
Event: 99.053 GC heap after
Heap after GC invocations=21 (full 9):
 def new generation   total 78656K, used 70786K [0x04800000, 0x09d50000, 0x09d50000)
  eden space 69952K, 100% used [0x04800000, 0x08c50000, 0x08c50000)
  from space 8704K,   9% used [0x08c50000, 0x08d20830, 0x094d0000)
  to   space 8704K,   0% used [0x094d0000, 0x094d0000, 0x09d50000)
 tenured generation   total 174784K, used 174784K [0x09d50000, 0x14800000, 0x14800000)
   the space 174784K, 100% used [0x09d50000, 0x14800000, 0x14800000, 0x14800000)
 Metaspace       used 3524K, capacity 3987K, committed 4032K, reserved 4480K
}
Event: 99.053 GC heap before
{Heap before GC invocations=21 (full 9):
 def new generation   total 78656K, used 70786K [0x04800000, 0x09d50000, 0x09d50000)
  eden space 69952K, 100% used [0x04800000, 0x08c50000, 0x08c50000)
  from space 8704K,   9% used [0x08c50000, 0x08d20830, 0x094d0000)
  to   space 8704K,   0% used [0x094d0000, 0x094d0000, 0x09d50000)
 tenured generation   total 174784K, used 174784K [0x09d50000, 0x14800000, 0x14800000)
   the space 174784K, 100% used [0x09d50000, 0x14800000, 0x14800000, 0x14800000)
 Metaspace       used 3524K, capacity 3987K, committed 4032K, reserved 4480K
Event: 101.011 GC heap after
Heap after GC invocations=22 (full 10):
 def new generation   total 78656K, used 70769K [0x04800000, 0x09d50000, 0x09d50000)
  eden space 69952K, 100% used [0x04800000, 0x08c50000, 0x08c50000)
  from space 8704K,   9% used [0x08c50000, 0x08d1c4b0, 0x094d0000)
  to   space 8704K,   0% used [0x094d0000, 0x094d0000, 0x09d50000)
 tenured generation   total 174784K, used 174783K [0x09d50000, 0x14800000, 0x14800000)
   the space 174784K,  99% used [0x09d50000, 0x147ffff8, 0x14800000, 0x14800000)
 Metaspace       used 3524K, capacity 3987K, committed 4032K, reserved 4480K
}

Deoptimization events (0 events):
No events

Internal exceptions (10 events):
Event: 0.281 Thread 0x160f1800 Exception <a 'java/lang/ClassNotFoundException': ToggleButton> (0x04ae2080) thrown at [C:\re\workspace\8-2-build-windows-i586-cygwin\jdk8u91\7017\hotspot\src\share\vm\classfile\systemDictionary.cpp, line 210]
Event: 0.281 Thread 0x160f1800 Exception <a 'java/lang/ClassNotFoundException': javax/swing/JToolBarSeparator> (0x04ae2488) thrown at [C:\re\workspace\8-2-build-windows-i586-cygwin\jdk8u91\7017\hotspot\src\share\vm\classfile\systemDictionary.cpp, line 210]
Event: 0.281 Thread 0x160f1800 Exception <a 'java/lang/ClassNotFoundException': ToolBarSeparator> (0x04ae28e0) thrown at [C:\re\workspace\8-2-build-windows-i586-cygwin\jdk8u91\7017\hotspot\src\share\vm\classfile\systemDictionary.cpp, line 210]
Event: 0.281 Thread 0x160f1800 Exception <a 'java/lang/ClassNotFoundException': ToolTip> (0x04ae2f88) thrown at [C:\re\workspace\8-2-build-windows-i586-cygwin\jdk8u91\7017\hotspot\src\share\vm\classfile\systemDictionary.cpp, line 210]
Event: 0.281 Thread 0x160f1800 Exception <a 'java/lang/ClassNotFoundException': Tree> (0x04ae3a70) thrown at [C:\re\workspace\8-2-build-windows-i586-cygwin\jdk8u91\7017\hotspot\src\share\vm\classfile\systemDictionary.cpp, line 210]
Event: 0.281 Thread 0x160f1800 Exception <a 'java/lang/ClassNotFoundException': Tree> (0x04ae4110) thrown at [C:\re\workspace\8-2-build-windows-i586-cygwin\jdk8u91\7017\hotspot\src\share\vm\classfile\systemDictionary.cpp, line 210]
Event: 0.282 Thread 0x160f1800 Exception <a 'java/lang/ClassNotFoundException': javax/swing/JTreeCell> (0x04ae4448) thrown at [C:\re\workspace\8-2-build-windows-i586-cygwin\jdk8u91\7017\hotspot\src\share\vm\classfile\systemDictionary.cpp, line 210]
Event: 0.282 Thread 0x160f1800 Exception <a 'java/lang/ClassNotFoundException': TreeCell> (0x04ae4890) thrown at [C:\re\workspace\8-2-build-windows-i586-cygwin\jdk8u91\7017\hotspot\src\share\vm\classfile\systemDictionary.cpp, line 210]
Event: 0.282 Thread 0x160f1800 Exception <a 'java/lang/ClassNotFoundException': RootPane> (0x04ae5208) thrown at [C:\re\workspace\8-2-build-windows-i586-cygwin\jdk8u91\7017\hotspot\src\share\vm\classfile\systemDictionary.cpp, line 210]
Event: 101.011 Thread 0x160f1800 Exception <a 'java/lang/OutOfMemoryError'> (0x09f00070) thrown at [C:\re\workspace\8-2-build-windows-i586-cygwin\jdk8u91\7017\hotspot\src\share\vm\gc_interface/collectedHeap.inline.hpp, line 159]

Events (10 events):
Event: 55.914 Executing VM operation: GenCollectForAllocation
Event: 57.346 Executing VM operation: GenCollectForAllocation done
Event: 70.857 Executing VM operation: GenCollectForAllocation
Event: 72.213 Executing VM operation: GenCollectForAllocation done
Event: 84.987 Executing VM operation: GenCollectForAllocation
Event: 86.586 Executing VM operation: GenCollectForAllocation done
Event: 92.835 Executing VM operation: GenCollectForAllocation
Event: 94.741 Executing VM operation: GenCollectForAllocation done
Event: 97.343 Executing VM operation: GenCollectForAllocation
Event: 101.011 Executing VM operation: GenCollectForAllocation done


Dynamic libraries:
0x00dd0000 - 0x00e03000 	C:\Program Files (x86)\Java\jdk1.8.0_91\bin\java.exe
0x77130000 - 0x772b0000 	C:\Windows\SysWOW64\ntdll.dll
0x76c20000 - 0x76d30000 	C:\Windows\syswow64\kernel32.dll
0x751b0000 - 0x751f7000 	C:\Windows\syswow64\KERNELBASE.dll
0x75b50000 - 0x75bf0000 	C:\Windows\syswow64\ADVAPI32.dll
0x74f60000 - 0x7500c000 	C:\Windows\syswow64\msvcrt.dll
0x75b30000 - 0x75b49000 	C:\Windows\SysWOW64\sechost.dll
0x75360000 - 0x75450000 	C:\Windows\syswow64\RPCRT4.dll
0x74c80000 - 0x74ce0000 	C:\Windows\syswow64\SspiCli.dll
0x74c70000 - 0x74c7c000 	C:\Windows\syswow64\CRYPTBASE.dll
0x75d50000 - 0x75e50000 	C:\Windows\syswow64\USER32.dll
0x74e60000 - 0x74ef0000 	C:\Windows\syswow64\GDI32.dll
0x77100000 - 0x7710a000 	C:\Windows\syswow64\LPK.dll
0x75a90000 - 0x75b2d000 	C:\Windows\syswow64\USP10.dll
0x72050000 - 0x721ee000 	C:\Windows\WinSxS\x86_microsoft.windows.common-controls_6595b64144ccf1df_6.0.7601.17514_none_41e6975e2bd6f2b2\COMCTL32.dll
0x74ef0000 - 0x74f47000 	C:\Windows\syswow64\SHLWAPI.dll
0x75010000 - 0x75070000 	C:\Windows\system32\IMM32.DLL
0x750a0000 - 0x7516c000 	C:\Windows\syswow64\MSCTF.dll
0x707e0000 - 0x7089d000 	C:\Program Files (x86)\Java\jdk1.8.0_91\jre\bin\msvcr100.dll
0x6ea60000 - 0x6ee2a000 	C:\Program Files (x86)\Java\jdk1.8.0_91\jre\bin\client\jvm.dll
0x6f4b0000 - 0x6f4b7000 	C:\Windows\system32\WSOCK32.dll
0x75170000 - 0x751a5000 	C:\Windows\syswow64\WS2_32.dll
0x74dc0000 - 0x74dc6000 	C:\Windows\syswow64\NSI.dll
0x717c0000 - 0x717f2000 	C:\Windows\system32\WINMM.dll
0x72800000 - 0x72809000 	C:\Windows\system32\VERSION.dll
0x758d0000 - 0x758d5000 	C:\Windows\syswow64\PSAPI.DLL
0x73c20000 - 0x73c2c000 	C:\Program Files (x86)\Java\jdk1.8.0_91\jre\bin\verify.dll
0x73010000 - 0x73031000 	C:\Program Files (x86)\Java\jdk1.8.0_91\jre\bin\java.dll
0x73190000 - 0x731a3000 	C:\Program Files (x86)\Java\jdk1.8.0_91\jre\bin\zip.dll
0x75fa0000 - 0x76beb000 	C:\Windows\syswow64\SHELL32.dll
0x75200000 - 0x7535c000 	C:\Windows\syswow64\ole32.dll
0x72830000 - 0x7283b000 	C:\Windows\system32\profapi.dll
0x6e910000 - 0x6ea55000 	C:\Program Files (x86)\Java\jdk1.8.0_91\jre\bin\awt.dll
0x75450000 - 0x754df000 	C:\Windows\syswow64\OLEAUT32.dll
0x73bc0000 - 0x73bd3000 	C:\Windows\system32\DWMAPI.DLL
0x72b30000 - 0x72b69000 	C:\Program Files (x86)\Java\jdk1.8.0_91\jre\bin\fontmanager.dll
0x718e0000 - 0x718f6000 	C:\Program Files (x86)\Java\jdk1.8.0_91\jre\bin\net.dll
0x72460000 - 0x7249c000 	C:\Windows\system32\mswsock.dll
0x721f0000 - 0x721f6000 	C:\Windows\System32\wship6.dll
0x72450000 - 0x72455000 	C:\Windows\System32\wshtcpip.dll
0x71f00000 - 0x71f44000 	C:\Windows\system32\DNSAPI.dll
0x71ee0000 - 0x71efc000 	C:\Windows\system32\IPHLPAPI.DLL
0x71ed0000 - 0x71ed7000 	C:\Windows\system32\WINNSI.DLL
0x71e80000 - 0x71e86000 	C:\Windows\system32\rasadhlp.dll
0x71e90000 - 0x71ec8000 	C:\Windows\System32\fwpuclnt.dll
0x73000000 - 0x7300f000 	C:\Program Files (x86)\Java\jdk1.8.0_91\jre\bin\nio.dll
0x707a0000 - 0x707d2000 	C:\Program Files (x86)\Java\jdk1.8.0_91\jre\bin\t2k.dll
0x73770000 - 0x7377a000 	C:\Program Files (x86)\Yandex\Punto Switcher\pshook.dll
0x754e0000 - 0x7550a000 	C:\Windows\syswow64\imagehlp.dll
0x70770000 - 0x70794000 	C:\Program Files (x86)\Java\jdk1.8.0_91\jre\bin\dcpr.dll
0x70740000 - 0x7076f000 	D:\Project\ShopV2\lib\jacob-1.18-x86.dll
0x74dd0000 - 0x74e53000 	C:\Windows\syswow64\CLBCatQ.DLL
0x6e710000 - 0x6e904000 	D:\Sites\TERMINAL\ECRcommX1764.dll
0x71980000 - 0x719df000 	C:\Windows\system32\SXS.DLL
0x75070000 - 0x75097000 	C:\Windows\syswow64\CFGMGR32.dll
0x6c8b0000 - 0x6c99b000 	C:\Windows\system32\dbghelp.dll

VM Arguments:
jvm_args: -Dfile.encoding=UTF-8 
java_command: main.ShopMain
java_class_path (initial): E:\Distrib\MySQL\mysql-connector-java-5.1.35-bin.jar;C:\NetBeans\java\modules\ext\AbsoluteLayout.jar;C:\NetBeans\platform\modules\ext\swing-layout-1.0.4.jar;D:\Project\ShopV2\lib\jacob.jar;E:\Distrib\JAVA\json_simple-1.1-all\lib\json_simple-1.1.jar;E:\Distrib\JAVA\httpcomponents-client-4.5.1\lib\commons-logging-1.2.jar;E:\Distrib\JAVA\httpcomponents-client-4.5.1\lib\httpclient-4.5.1.jar;E:\Distrib\JAVA\httpcomponents-client-4.5.1\lib\httpcore-4.4.3.jar;D:\Project\ShopV2\build\classes
Launcher Type: SUN_STANDARD

Environment Variables:
PATH=C:\ProgramData\Oracle\Java\javapath;C:\Windows\system32;C:\Windows;C:\Windows\System32\Wbem;C:\Windows\System32\WindowsPowerShell\v1.0\;C:\Program Files (x86)\Intel\OpenCL SDK\2.0\bin\x86;C:\Program Files (x86)\Intel\OpenCL SDK\2.0\bin\x64;C:\Program Files (x86)\AMD\ATI.ACE\Core-Static;C:\MariaDB\bin\;C:\Apache24\bin\;C:\Apache24\PHP\;C:\Program Files\Hewlett-Packard\SimplePass\;C:\Program Files (x86)\Skype\Phone\;D:\Project\ShopV2\lib\
USERNAME=alik
OS=Windows_NT
PROCESSOR_IDENTIFIER=Intel64 Family 6 Model 42 Stepping 7, GenuineIntel



---------------  S Y S T E M  ---------------

OS: Windows 7 , 64 bit Build 7601 (6.1.7601.18409)

CPU:total 4 (2 cores per cpu, 2 threads per core) family 6 model 42 stepping 7, cmov, cx8, fxsr, mmx, sse, sse2, sse3, ssse3, sse4.1, sse4.2, popcnt, avx, clmul, ht, tsc, tscinvbit

Memory: 4k page, physical 4140912k(370448k free), swap 8279968k(1128088k free)

vm_info: Java HotSpot(TM) Client VM (25.91-b15) for windows-x86 JRE (1.8.0_91-b15), built on May 20 2016 17:33:18 by "java_re" with MS VC++ 10.0 (VS2010)

time: Fri Jul 15 17:56:24 2016
elapsed time: 101 seconds (0d 0h 1m 41s)

