#
# A fatal error has been detected by the Java Runtime Environment:
#
#  EXCEPTION_ACCESS_VIOLATION (0xc0000005) at pc=0x6d0555fb, pid=3652, tid=12440
#
# JRE version: Java(TM) SE Runtime Environment (8.0_91-b15) (build 1.8.0_91-b15)
# Java VM: Java HotSpot(TM) Client VM (25.91-b15 mixed mode, sharing windows-x86 )
# Problematic frame:
# V  [jvm.dll+0xd55fb]
#
# Failed to write core dump. Minidumps are not enabled by default on client versions of Windows
#
# If you would like to submit a bug report, please visit:
#   http://bugreport.java.com/bugreport/crash.jsp
#

---------------  T H R E A D  ---------------

Current thread (0x160b6400):  JavaThread "AWT-EventQueue-0" [_thread_in_vm, id=12440, stack(0x16640000,0x16690000)]

siginfo: ExceptionCode=0xc0000005, reading address 0x00000000

Registers:
EAX=0x00000000, EBX=0x160b6400, ECX=0x160b6400, EDX=0x00000167
ESP=0x1668dc5c, EBP=0x1668dc78, ESI=0x160b6540, EDI=0x160b6540
EIP=0x6d0555fb, EFLAGS=0x00010246

Top of Stack: (sp=0x1668dc5c)
0x1668dc5c:   160b6540 16126784 00000000 160b6400
0x1668dc6c:   160b54f4 00000167 6d28aad8 00000000
0x1668dc7c:   6de4f841 160b6540 00000000 160b6540
0x1668dc8c:   6de41e4b 160b6540 00000000 160b6540
0x1668dc9c:   16126784 01cc9eec 160b6400 1668e13c
0x1668dcac:   1668e148 00000000 00000000 00000000
0x1668dcbc:   0000000f 1668e15c 1668e138 1acb36e0
0x1668dccc:   1668e160 00000000 00000000 00000000 

Instructions: (pc=0x6d0555fb)
0x6d0555db:   f3 ff 83 c4 08 83 7b 04 00 89 5d f0 c7 45 f4 00
0x6d0555eb:   00 00 00 74 08 8d 4d f0 e8 e8 0c 0d 00 8b 45 0c
0x6d0555fb:   8b 08 8b 51 04 8b 42 38 50 56 e8 56 4d 08 00 83
0x6d05560b:   c4 08 83 7d f4 00 89 45 08 74 08 8d 4d f0 e8 02 


Register to memory mapping:

EAX=0x00000000 is an unknown value
EBX=0x160b6400 is a thread
ECX=0x160b6400 is a thread
EDX=0x00000167 is an unknown value
ESP=0x1668dc5c is pointing into the stack for thread: 0x160b6400
EBP=0x1668dc78 is pointing into the stack for thread: 0x160b6400
ESI=0x160b6540 is an unknown value
EDI=0x160b6540 is an unknown value


Stack: [0x16640000,0x16690000],  sp=0x1668dc5c,  free space=311k
Native frames: (J=compiled Java code, j=interpreted, Vv=VM code, C=native code)
V  [jvm.dll+0xd55fb]
C  [jacob-1.18-x86.dll+0xf841]

Java frames: (J=compiled Java code, j=interpreted, Vv=VM code)
J 458  com.jacob.com.Dispatch.invokev(Lcom/jacob/com/Dispatch;Ljava/lang/String;III[Lcom/jacob/com/Variant;[I)Lcom/jacob/com/Variant; (0 bytes) @ 0x027e3ac8 [0x027e3a20+0xa8]
J 486 C1 main.POS_Terminal.waitResponse()V (207 bytes) @ 0x0285e958 [0x0285e710+0x248]
j  main.POS_Terminal.returnValues()V+1
j  main.POS_Terminal.purchase()Z+632
j  main.EKKA.terminalCheck(Ljava/math/BigDecimal;Ljava/lang/String;Ljava/math/BigDecimal;)Z+183
j  forms.FrmMain.jButtonPrintCheckActionPerformed(Ljava/awt/event/ActionEvent;Z)V+2093
j  forms.FrmMain.jButtonPrintCheckActionPerformed(Ljava/awt/event/ActionEvent;)V+3
j  forms.FrmMain.access$2200(Lforms/FrmMain;Ljava/awt/event/ActionEvent;)V+2
j  forms.FrmMain$2.actionPerformed(Ljava/awt/event/ActionEvent;)V+5
j  javax.swing.AbstractButton.fireActionPerformed(Ljava/awt/event/ActionEvent;)V+83
j  javax.swing.AbstractButton$Handler.actionPerformed(Ljava/awt/event/ActionEvent;)V+5
j  javax.swing.DefaultButtonModel.fireActionPerformed(Ljava/awt/event/ActionEvent;)V+34
j  javax.swing.DefaultButtonModel.setPressed(Z)V+117
j  javax.swing.plaf.basic.BasicButtonListener.focusLost(Ljava/awt/event/FocusEvent;)V+101
j  java.awt.AWTEventMulticaster.focusLost(Ljava/awt/event/FocusEvent;)V+8
j  java.awt.Component.processFocusEvent(Ljava/awt/event/FocusEvent;)V+52
j  java.awt.Component.processEvent(Ljava/awt/AWTEvent;)V+12
j  java.awt.Container.processEvent(Ljava/awt/AWTEvent;)V+18
j  java.awt.Component.dispatchEventImpl(Ljava/awt/AWTEvent;)V+589
j  java.awt.Container.dispatchEventImpl(Ljava/awt/AWTEvent;)V+42
j  java.awt.Component.dispatchEvent(Ljava/awt/AWTEvent;)V+2
j  java.awt.KeyboardFocusManager.redispatchEvent(Ljava/awt/Component;Ljava/awt/AWTEvent;)V+7
j  java.awt.DefaultKeyboardFocusManager.typeAheadAssertions(Ljava/awt/Component;Ljava/awt/AWTEvent;)Z+347
j  java.awt.DefaultKeyboardFocusManager.dispatchEvent(Ljava/awt/AWTEvent;)Z+1233
j  java.awt.Component.dispatchEventImpl(Ljava/awt/AWTEvent;)V+151
j  java.awt.Container.dispatchEventImpl(Ljava/awt/AWTEvent;)V+42
j  java.awt.Component.dispatchEvent(Ljava/awt/AWTEvent;)V+2
j  java.awt.EventQueue.dispatchEventImpl(Ljava/awt/AWTEvent;Ljava/lang/Object;)V+41
j  java.awt.EventQueue.access$500(Ljava/awt/EventQueue;Ljava/awt/AWTEvent;Ljava/lang/Object;)V+3
j  java.awt.EventQueue$3.run()Ljava/lang/Void;+32
j  java.awt.EventQueue$3.run()Ljava/lang/Object;+1
v  ~StubRoutines::call_stub
j  java.security.AccessController.doPrivileged(Ljava/security/PrivilegedAction;Ljava/security/AccessControlContext;)Ljava/lang/Object;+0
j  java.security.ProtectionDomain$JavaSecurityAccessImpl.doIntersectionPrivilege(Ljava/security/PrivilegedAction;Ljava/security/AccessControlContext;Ljava/security/AccessControlContext;)Ljava/lang/Object;+18
j  java.security.ProtectionDomain$JavaSecurityAccessImpl.doIntersectionPrivilege(Ljava/security/PrivilegedAction;Ljava/security/AccessControlContext;)Ljava/lang/Object;+6
j  java.awt.EventQueue$4.run()Ljava/lang/Void;+11
j  java.awt.EventQueue$4.run()Ljava/lang/Object;+1
v  ~StubRoutines::call_stub
j  java.security.AccessController.doPrivileged(Ljava/security/PrivilegedAction;Ljava/security/AccessControlContext;)Ljava/lang/Object;+0
j  java.security.ProtectionDomain$JavaSecurityAccessImpl.doIntersectionPrivilege(Ljava/security/PrivilegedAction;Ljava/security/AccessControlContext;Ljava/security/AccessControlContext;)Ljava/lang/Object;+18
j  java.awt.EventQueue.dispatchEvent(Ljava/awt/AWTEvent;)V+73
j  java.awt.EventDispatchThread.pumpOneEventForFilters(I)V+245
j  java.awt.EventDispatchThread.pumpEventsForFilter(ILjava/awt/Conditional;Ljava/awt/EventFilter;)V+35
j  java.awt.EventDispatchThread.pumpEventsForHierarchy(ILjava/awt/Conditional;Ljava/awt/Component;)V+11
j  java.awt.EventDispatchThread.pumpEvents(ILjava/awt/Conditional;)V+4
j  java.awt.EventDispatchThread.pumpEvents(Ljava/awt/Conditional;)V+3
j  java.awt.EventDispatchThread.run()V+9
v  ~StubRoutines::call_stub

---------------  P R O C E S S  ---------------

Java Threads: ( => current thread )
  0x16958800 JavaThread "TimerQueue" daemon [_thread_blocked, id=5620, stack(0x16c80000,0x16cd0000)]
  0x169f3000 JavaThread "Timer-3" daemon [_thread_blocked, id=11608, stack(0x16e70000,0x16ec0000)]
  0x169f0400 JavaThread "Timer-1" daemon [_thread_blocked, id=11856, stack(0x16b50000,0x16ba0000)]
  0x169efc00 JavaThread "Timer-0" daemon [_thread_blocked, id=12856, stack(0x170c0000,0x17110000)]
  0x16113400 JavaThread "Abandoned connection cleanup thread" daemon [_thread_blocked, id=12964, stack(0x16420000,0x16470000)]
  0x002cc000 JavaThread "DestroyJavaVM" [_thread_blocked, id=12672, stack(0x023a0000,0x023f0000)]
=>0x160b6400 JavaThread "AWT-EventQueue-0" [_thread_in_vm, id=12440, stack(0x16640000,0x16690000)]
  0x160b4c00 JavaThread "AWT-Windows" daemon [_thread_in_native, id=7976, stack(0x164b0000,0x16500000)]
  0x160b4400 JavaThread "AWT-Shutdown" [_thread_blocked, id=11548, stack(0x02320000,0x02370000)]
  0x160af400 JavaThread "Java2D Disposer" daemon [_thread_blocked, id=8720, stack(0x163b0000,0x16400000)]
  0x01ce4800 JavaThread "Service Thread" daemon [_thread_blocked, id=10616, stack(0x15f50000,0x15fa0000)]
  0x01cc5c00 JavaThread "C1 CompilerThread0" daemon [_thread_blocked, id=12064, stack(0x15e30000,0x15e80000)]
  0x01cc4000 JavaThread "Attach Listener" daemon [_thread_blocked, id=10696, stack(0x15da0000,0x15df0000)]
  0x01cbf000 JavaThread "Signal Dispatcher" daemon [_thread_blocked, id=10924, stack(0x15d00000,0x15d50000)]
  0x01cb1c00 JavaThread "Finalizer" daemon [_thread_blocked, id=13056, stack(0x00380000,0x003d0000)]
  0x01c53800 JavaThread "Reference Handler" daemon [_thread_blocked, id=12732, stack(0x14860000,0x148b0000)]

Other Threads:
  0x01c4f400 VMThread [stack: 0x148c0000,0x14910000] [id=11464]
  0x01cf9800 WatcherThread [stack: 0x154a0000,0x154f0000] [id=7400]

VM state:not at safepoint (normal execution)

VM Mutex/Monitor currently owned by a thread: None

Heap:
 def new generation   total 78656K, used 70800K [0x04800000, 0x09d50000, 0x09d50000)
  eden space 69952K, 100% used [0x04800000, 0x08c50000, 0x08c50000)
  from space 8704K,   9% used [0x08c50000, 0x08d24228, 0x094d0000)
  to   space 8704K,   0% used [0x094d0000, 0x094d0000, 0x09d50000)
 tenured generation   total 174784K, used 174783K [0x09d50000, 0x14800000, 0x14800000)
   the space 174784K,  99% used [0x09d50000, 0x147fffe8, 0x14800000, 0x14800000)
 Metaspace       used 3578K, capacity 3987K, committed 4032K, reserved 4480K

Card table byte_map: [0x04700000,0x04790000] byte_map_base: 0x046dc000

Polling page: 0x00120000

CodeCache: size=32768Kb used=1559Kb max_used=1559Kb free=31208Kb
 bounds [0x02700000, 0x02888000, 0x04700000]
 total_blobs=841 nmethods=576 adapters=195
 compilation: enabled

Compilation events (10 events):
Event: 70.863 Thread 0x01cc5c00  578  s          java.awt.Toolkit::getDefaultToolkit (24 bytes)
Event: 70.863 Thread 0x01cc5c00 nmethod 578 0x028852c8 code [0x028853e0, 0x02885608]
Event: 70.879 Thread 0x01cc5c00  579             sun.awt.AWTAutoShutdown::notifyToolkitThreadBusy (8 bytes)
Event: 70.879 Thread 0x01cc5c00 nmethod 579 0x028856c8 code [0x028857c0, 0x0288584c]
Event: 70.887 Thread 0x01cc5c00  580             sun.awt.AWTAutoShutdown::notifyToolkitThreadFree (8 bytes)
Event: 70.887 Thread 0x01cc5c00 nmethod 580 0x028858c8 code [0x028859c0, 0x02885a4c]
Event: 70.999 Thread 0x01cc5c00  581             java.security.AccessControlContext::calculateFields (89 bytes)
Event: 70.999 Thread 0x01cc5c00 nmethod 581 0x02885ac8 code [0x02885be0, 0x02885d38]
Event: 92.044 Thread 0x01cc5c00  582             sun.misc.URLClassPath::findResource (47 bytes)
Event: 92.045 Thread 0x01cc5c00 nmethod 582 0x02885e48 code [0x02885f70, 0x02886094]

GC Heap History (10 events):
Event: 81.721 GC heap before
{Heap before GC invocations=18 (full 6):
 def new generation   total 78656K, used 78656K [0x04800000, 0x09d50000, 0x09d50000)
  eden space 69952K, 100% used [0x04800000, 0x08c50000, 0x08c50000)
  from space 8704K, 100% used [0x08c50000, 0x094d0000, 0x094d0000)
  to   space 8704K,   0% used [0x094d0000, 0x094d0000, 0x09d50000)
 tenured generation   total 174784K, used 174784K [0x09d50000, 0x14800000, 0x14800000)
   the space 174784K, 100% used [0x09d50000, 0x14800000, 0x14800000, 0x14800000)
 Metaspace       used 3578K, capacity 3987K, committed 4032K, reserved 4480K
Event: 83.200 GC heap after
Heap after GC invocations=19 (full 7):
 def new generation   total 78656K, used 56233K [0x04800000, 0x09d50000, 0x09d50000)
  eden space 69952K,  80% used [0x04800000, 0x07eea420, 0x08c50000)
  from space 8704K,   0% used [0x08c50000, 0x08c50000, 0x094d0000)
  to   space 8704K,   0% used [0x094d0000, 0x094d0000, 0x09d50000)
 tenured generation   total 174784K, used 174784K [0x09d50000, 0x14800000, 0x14800000)
   the space 174784K, 100% used [0x09d50000, 0x14800000, 0x14800000, 0x14800000)
 Metaspace       used 3578K, capacity 3987K, committed 4032K, reserved 4480K
}
Event: 87.299 GC heap before
{Heap before GC invocations=19 (full 7):
 def new generation   total 78656K, used 78656K [0x04800000, 0x09d50000, 0x09d50000)
  eden space 69952K, 100% used [0x04800000, 0x08c50000, 0x08c50000)
  from space 8704K, 100% used [0x08c50000, 0x094d0000, 0x094d0000)
  to   space 8704K,   0% used [0x094d0000, 0x094d0000, 0x09d50000)
 tenured generation   total 174784K, used 174784K [0x09d50000, 0x14800000, 0x14800000)
   the space 174784K, 100% used [0x09d50000, 0x14800000, 0x14800000, 0x14800000)
 Metaspace       used 3578K, capacity 3987K, committed 4032K, reserved 4480K
Event: 89.002 GC heap after
Heap after GC invocations=20 (full 8):
 def new generation   total 78656K, used 60659K [0x04800000, 0x09d50000, 0x09d50000)
  eden space 69952K,  86% used [0x04800000, 0x0833cdf0, 0x08c50000)
  from space 8704K,   0% used [0x08c50000, 0x08c50000, 0x094d0000)
  to   space 8704K,   0% used [0x094d0000, 0x094d0000, 0x09d50000)
 tenured generation   total 174784K, used 174783K [0x09d50000, 0x14800000, 0x14800000)
   the space 174784K,  99% used [0x09d50000, 0x147ffff0, 0x14800000, 0x14800000)
 Metaspace       used 3578K, capacity 3987K, committed 4032K, reserved 4480K
}
Event: 92.334 GC heap before
{Heap before GC invocations=20 (full 8):
 def new generation   total 78656K, used 78655K [0x04800000, 0x09d50000, 0x09d50000)
  eden space 69952K, 100% used [0x04800000, 0x08c50000, 0x08c50000)
  from space 8704K,  99% used [0x08c50000, 0x094cfff8, 0x094d0000)
  to   space 8704K,   0% used [0x094d0000, 0x094d0000, 0x09d50000)
 tenured generation   total 174784K, used 174783K [0x09d50000, 0x14800000, 0x14800000)
   the space 174784K,  99% used [0x09d50000, 0x147ffff0, 0x14800000, 0x14800000)
 Metaspace       used 3578K, capacity 3987K, committed 4032K, reserved 4480K
Event: 93.890 GC heap after
Heap after GC invocations=21 (full 9):
 def new generation   total 78656K, used 70180K [0x04800000, 0x09d50000, 0x09d50000)
  eden space 69952K,  99% used [0x04800000, 0x08c4fff8, 0x08c50000)
  from space 8704K,   2% used [0x08c50000, 0x08c892c0, 0x094d0000)
  to   space 8704K,   0% used [0x094d0000, 0x094d0000, 0x09d50000)
 tenured generation   total 174784K, used 174783K [0x09d50000, 0x14800000, 0x14800000)
   the space 174784K,  99% used [0x09d50000, 0x147ffff0, 0x14800000, 0x14800000)
 Metaspace       used 3578K, capacity 3987K, committed 4032K, reserved 4480K
}
Event: 94.191 GC heap before
{Heap before GC invocations=21 (full 9):
 def new generation   total 78656K, used 71382K [0x04800000, 0x09d50000, 0x09d50000)
  eden space 69952K,  99% used [0x04800000, 0x08c4fff8, 0x08c50000)
  from space 8704K,  16% used [0x08c50000, 0x08db5930, 0x094d0000)
  to   space 8704K,   0% used [0x094d0000, 0x094d0000, 0x09d50000)
 tenured generation   total 174784K, used 174783K [0x09d50000, 0x14800000, 0x14800000)
   the space 174784K,  99% used [0x09d50000, 0x147ffff0, 0x14800000, 0x14800000)
 Metaspace       used 3578K, capacity 3987K, committed 4032K, reserved 4480K
Event: 95.733 GC heap after
Heap after GC invocations=22 (full 10):
 def new generation   total 78656K, used 70816K [0x04800000, 0x09d50000, 0x09d50000)
  eden space 69952K,  99% used [0x04800000, 0x08c4fff8, 0x08c50000)
  from space 8704K,   9% used [0x08c50000, 0x08d28370, 0x094d0000)
  to   space 8704K,   0% used [0x094d0000, 0x094d0000, 0x09d50000)
 tenured generation   total 174784K, used 174783K [0x09d50000, 0x14800000, 0x14800000)
   the space 174784K,  99% used [0x09d50000, 0x147ffff0, 0x14800000, 0x14800000)
 Metaspace       used 3578K, capacity 3987K, committed 4032K, reserved 4480K
}
Event: 95.733 GC heap before
{Heap before GC invocations=22 (full 10):
 def new generation   total 78656K, used 70816K [0x04800000, 0x09d50000, 0x09d50000)
  eden space 69952K,  99% used [0x04800000, 0x08c4fff8, 0x08c50000)
  from space 8704K,   9% used [0x08c50000, 0x08d28370, 0x094d0000)
  to   space 8704K,   0% used [0x094d0000, 0x094d0000, 0x09d50000)
 tenured generation   total 174784K, used 174783K [0x09d50000, 0x14800000, 0x14800000)
   the space 174784K,  99% used [0x09d50000, 0x147ffff0, 0x14800000, 0x14800000)
 Metaspace       used 3578K, capacity 3987K, committed 4032K, reserved 4480K
Event: 97.488 GC heap after
Heap after GC invocations=23 (full 11):
 def new generation   total 78656K, used 70799K [0x04800000, 0x09d50000, 0x09d50000)
  eden space 69952K, 100% used [0x04800000, 0x08c50000, 0x08c50000)
  from space 8704K,   9% used [0x08c50000, 0x08d23e58, 0x094d0000)
  to   space 8704K,   0% used [0x094d0000, 0x094d0000, 0x09d50000)
 tenured generation   total 174784K, used 174783K [0x09d50000, 0x14800000, 0x14800000)
   the space 174784K,  99% used [0x09d50000, 0x147fffe8, 0x14800000, 0x14800000)
 Metaspace       used 3578K, capacity 3987K, committed 4032K, reserved 4480K
}

Deoptimization events (0 events):
No events

Internal exceptions (10 events):
Event: 0.207 Thread 0x160b6400 Exception <a 'java/lang/ClassNotFoundException': ToggleButton> (0x04ae2080) thrown at [C:\re\workspace\8-2-build-windows-i586-cygwin\jdk8u91\7017\hotspot\src\share\vm\classfile\systemDictionary.cpp, line 210]
Event: 0.207 Thread 0x160b6400 Exception <a 'java/lang/ClassNotFoundException': javax/swing/JToolBarSeparator> (0x04ae2488) thrown at [C:\re\workspace\8-2-build-windows-i586-cygwin\jdk8u91\7017\hotspot\src\share\vm\classfile\systemDictionary.cpp, line 210]
Event: 0.207 Thread 0x160b6400 Exception <a 'java/lang/ClassNotFoundException': ToolBarSeparator> (0x04ae28e0) thrown at [C:\re\workspace\8-2-build-windows-i586-cygwin\jdk8u91\7017\hotspot\src\share\vm\classfile\systemDictionary.cpp, line 210]
Event: 0.207 Thread 0x160b6400 Exception <a 'java/lang/ClassNotFoundException': ToolTip> (0x04ae2f88) thrown at [C:\re\workspace\8-2-build-windows-i586-cygwin\jdk8u91\7017\hotspot\src\share\vm\classfile\systemDictionary.cpp, line 210]
Event: 0.207 Thread 0x160b6400 Exception <a 'java/lang/ClassNotFoundException': Tree> (0x04ae3a70) thrown at [C:\re\workspace\8-2-build-windows-i586-cygwin\jdk8u91\7017\hotspot\src\share\vm\classfile\systemDictionary.cpp, line 210]
Event: 0.207 Thread 0x160b6400 Exception <a 'java/lang/ClassNotFoundException': Tree> (0x04ae4110) thrown at [C:\re\workspace\8-2-build-windows-i586-cygwin\jdk8u91\7017\hotspot\src\share\vm\classfile\systemDictionary.cpp, line 210]
Event: 0.207 Thread 0x160b6400 Exception <a 'java/lang/ClassNotFoundException': javax/swing/JTreeCell> (0x04ae4448) thrown at [C:\re\workspace\8-2-build-windows-i586-cygwin\jdk8u91\7017\hotspot\src\share\vm\classfile\systemDictionary.cpp, line 210]
Event: 0.207 Thread 0x160b6400 Exception <a 'java/lang/ClassNotFoundException': TreeCell> (0x04ae4890) thrown at [C:\re\workspace\8-2-build-windows-i586-cygwin\jdk8u91\7017\hotspot\src\share\vm\classfile\systemDictionary.cpp, line 210]
Event: 0.207 Thread 0x160b6400 Exception <a 'java/lang/ClassNotFoundException': RootPane> (0x04ae5208) thrown at [C:\re\workspace\8-2-build-windows-i586-cygwin\jdk8u91\7017\hotspot\src\share\vm\classfile\systemDictionary.cpp, line 210]
Event: 97.488 Thread 0x160b6400 Exception <a 'java/lang/OutOfMemoryError'> (0x09f00060) thrown at [C:\re\workspace\8-2-build-windows-i586-cygwin\jdk8u91\7017\hotspot\src\share\vm\gc_interface/collectedHeap.inline.hpp, line 159]

Events (10 events):
Event: 71.059 Executing VM operation: GenCollectForAllocation
Event: 72.479 Executing VM operation: GenCollectForAllocation done
Event: 81.721 Executing VM operation: GenCollectForAllocation
Event: 83.200 Executing VM operation: GenCollectForAllocation done
Event: 87.299 Executing VM operation: GenCollectForAllocation
Event: 89.002 Executing VM operation: GenCollectForAllocation done
Event: 92.334 Executing VM operation: GenCollectForAllocation
Event: 93.890 Executing VM operation: GenCollectForAllocation done
Event: 94.191 Executing VM operation: GenCollectForAllocation
Event: 97.488 Executing VM operation: GenCollectForAllocation done


Dynamic libraries:
0x000c0000 - 0x000f3000 	C:\Program Files (x86)\Java\jdk1.8.0_91\bin\java.exe
0x77130000 - 0x772b0000 	C:\Windows\SysWOW64\ntdll.dll
0x76c20000 - 0x76d30000 	C:\Windows\syswow64\kernel32.dll
0x751b0000 - 0x751f7000 	C:\Windows\syswow64\KERNELBASE.dll
0x75b50000 - 0x75bf0000 	C:\Windows\syswow64\ADVAPI32.dll
0x74f60000 - 0x7500c000 	C:\Windows\syswow64\msvcrt.dll
0x75b30000 - 0x75b49000 	C:\Windows\SysWOW64\sechost.dll
0x75360000 - 0x75450000 	C:\Windows\syswow64\RPCRT4.dll
0x74c80000 - 0x74ce0000 	C:\Windows\syswow64\SspiCli.dll
0x74c70000 - 0x74c7c000 	C:\Windows\syswow64\CRYPTBASE.dll
0x75d50000 - 0x75e50000 	C:\Windows\syswow64\USER32.dll
0x74e60000 - 0x74ef0000 	C:\Windows\syswow64\GDI32.dll
0x77100000 - 0x7710a000 	C:\Windows\syswow64\LPK.dll
0x75a90000 - 0x75b2d000 	C:\Windows\syswow64\USP10.dll
0x72050000 - 0x721ee000 	C:\Windows\WinSxS\x86_microsoft.windows.common-controls_6595b64144ccf1df_6.0.7601.17514_none_41e6975e2bd6f2b2\COMCTL32.dll
0x74ef0000 - 0x74f47000 	C:\Windows\syswow64\SHLWAPI.dll
0x75010000 - 0x75070000 	C:\Windows\system32\IMM32.DLL
0x750a0000 - 0x7516c000 	C:\Windows\syswow64\MSCTF.dll
0x6dea0000 - 0x6df5d000 	C:\Program Files (x86)\Java\jdk1.8.0_91\jre\bin\msvcr100.dll
0x6cf80000 - 0x6d34a000 	C:\Program Files (x86)\Java\jdk1.8.0_91\jre\bin\client\jvm.dll
0x6f4b0000 - 0x6f4b7000 	C:\Windows\system32\WSOCK32.dll
0x75170000 - 0x751a5000 	C:\Windows\syswow64\WS2_32.dll
0x74dc0000 - 0x74dc6000 	C:\Windows\syswow64\NSI.dll
0x717c0000 - 0x717f2000 	C:\Windows\system32\WINMM.dll
0x72800000 - 0x72809000 	C:\Windows\system32\VERSION.dll
0x758d0000 - 0x758d5000 	C:\Windows\syswow64\PSAPI.DLL
0x6e870000 - 0x6e87c000 	C:\Program Files (x86)\Java\jdk1.8.0_91\jre\bin\verify.dll
0x6e4b0000 - 0x6e4d1000 	C:\Program Files (x86)\Java\jdk1.8.0_91\jre\bin\java.dll
0x6e800000 - 0x6e813000 	C:\Program Files (x86)\Java\jdk1.8.0_91\jre\bin\zip.dll
0x75fa0000 - 0x76beb000 	C:\Windows\syswow64\SHELL32.dll
0x75200000 - 0x7535c000 	C:\Windows\syswow64\ole32.dll
0x72830000 - 0x7283b000 	C:\Windows\system32\profapi.dll
0x6d5d0000 - 0x6d715000 	C:\Program Files (x86)\Java\jdk1.8.0_91\jre\bin\awt.dll
0x75450000 - 0x754df000 	C:\Windows\syswow64\OLEAUT32.dll
0x73bc0000 - 0x73bd3000 	C:\Windows\system32\DWMAPI.DLL
0x6e470000 - 0x6e4a9000 	C:\Program Files (x86)\Java\jdk1.8.0_91\jre\bin\fontmanager.dll
0x6e7e0000 - 0x6e7f6000 	C:\Program Files (x86)\Java\jdk1.8.0_91\jre\bin\net.dll
0x72460000 - 0x7249c000 	C:\Windows\system32\mswsock.dll
0x721f0000 - 0x721f6000 	C:\Windows\System32\wship6.dll
0x72450000 - 0x72455000 	C:\Windows\System32\wshtcpip.dll
0x71f00000 - 0x71f44000 	C:\Windows\system32\DNSAPI.dll
0x71ee0000 - 0x71efc000 	C:\Windows\system32\IPHLPAPI.DLL
0x71ed0000 - 0x71ed7000 	C:\Windows\system32\WINNSI.DLL
0x71e80000 - 0x71e86000 	C:\Windows\system32\rasadhlp.dll
0x71e90000 - 0x71ec8000 	C:\Windows\System32\fwpuclnt.dll
0x6e880000 - 0x6e88f000 	C:\Program Files (x86)\Java\jdk1.8.0_91\jre\bin\nio.dll
0x6e430000 - 0x6e462000 	C:\Program Files (x86)\Java\jdk1.8.0_91\jre\bin\t2k.dll
0x73770000 - 0x7377a000 	C:\Program Files (x86)\Yandex\Punto Switcher\pshook.dll
0x754e0000 - 0x7550a000 	C:\Windows\syswow64\imagehlp.dll
0x6de70000 - 0x6de94000 	C:\Program Files (x86)\Java\jdk1.8.0_91\jre\bin\dcpr.dll
0x6de40000 - 0x6de6f000 	D:\Project\ShopV2\lib\jacob-1.18-x86.dll
0x74dd0000 - 0x74e53000 	C:\Windows\syswow64\CLBCatQ.DLL
0x6d490000 - 0x6d5cc000 	D:\Sites\TERMINAL\ECRcommX.dll
0x71980000 - 0x719df000 	C:\Windows\system32\SXS.DLL
0x75070000 - 0x75097000 	C:\Windows\syswow64\CFGMGR32.dll
0x6c8b0000 - 0x6c99b000 	C:\Windows\system32\dbghelp.dll

VM Arguments:
jvm_args: -Dfile.encoding=UTF-8 
java_command: main.ShopMain
java_class_path (initial): E:\Distrib\MySQL\mysql-connector-java-5.1.35-bin.jar;C:\NetBeans\java\modules\ext\AbsoluteLayout.jar;C:\NetBeans\platform\modules\ext\swing-layout-1.0.4.jar;D:\Project\ShopV2\lib\jacob.jar;E:\Distrib\JAVA\json_simple-1.1-all\lib\json_simple-1.1.jar;E:\Distrib\JAVA\httpcomponents-client-4.5.1\lib\commons-logging-1.2.jar;E:\Distrib\JAVA\httpcomponents-client-4.5.1\lib\httpclient-4.5.1.jar;E:\Distrib\JAVA\httpcomponents-client-4.5.1\lib\httpcore-4.4.3.jar;D:\Project\ShopV2\build\classes
Launcher Type: SUN_STANDARD

Environment Variables:
PATH=C:\ProgramData\Oracle\Java\javapath;C:\Windows\system32;C:\Windows;C:\Windows\System32\Wbem;C:\Windows\System32\WindowsPowerShell\v1.0\;C:\Program Files (x86)\Intel\OpenCL SDK\2.0\bin\x86;C:\Program Files (x86)\Intel\OpenCL SDK\2.0\bin\x64;C:\Program Files (x86)\AMD\ATI.ACE\Core-Static;C:\MariaDB\bin\;C:\Apache24\bin\;C:\Apache24\PHP\;C:\Program Files\Hewlett-Packard\SimplePass\;C:\Program Files (x86)\Skype\Phone\;D:\Project\ShopV2\lib\
USERNAME=alik
OS=Windows_NT
PROCESSOR_IDENTIFIER=Intel64 Family 6 Model 42 Stepping 7, GenuineIntel



---------------  S Y S T E M  ---------------

OS: Windows 7 , 64 bit Build 7601 (6.1.7601.18409)

CPU:total 4 (2 cores per cpu, 2 threads per core) family 6 model 42 stepping 7, cmov, cx8, fxsr, mmx, sse, sse2, sse3, ssse3, sse4.1, sse4.2, popcnt, avx, clmul, ht, tsc, tscinvbit

Memory: 4k page, physical 4140912k(418980k free), swap 8622568k(880376k free)

vm_info: Java HotSpot(TM) Client VM (25.91-b15) for windows-x86 JRE (1.8.0_91-b15), built on May 20 2016 17:33:18 by "java_re" with MS VC++ 10.0 (VS2010)

time: Wed Jul 20 17:43:31 2016
elapsed time: 97 seconds (0d 0h 1m 37s)

