#
# A fatal error has been detected by the Java Runtime Environment:
#
#  EXCEPTION_ACCESS_VIOLATION (0xc0000005) at pc=0x6e1655fb, pid=2012, tid=3904
#
# JRE version: Java(TM) SE Runtime Environment (8.0_91-b15) (build 1.8.0_91-b15)
# Java VM: Java HotSpot(TM) Client VM (25.91-b15 mixed mode, sharing windows-x86 )
# Problematic frame:
# V  [jvm.dll+0xd55fb]
#
# Failed to write core dump. Minidumps are not enabled by default on client versions of Windows
#
# If you would like to submit a bug report, please visit:
#   http://bugreport.java.com/bugreport/crash.jsp
#

---------------  T H R E A D  ---------------

Current thread (0x16014c00):  JavaThread "AWT-EventQueue-0" [_thread_in_vm, id=3904, stack(0x16640000,0x16690000)]

siginfo: ExceptionCode=0xc0000005, reading address 0x00000000

Registers:
EAX=0x00000000, EBX=0x16014c00, ECX=0x16014c00, EDX=0x00000167
ESP=0x1668da7c, EBP=0x1668da98, ESI=0x16014d40, EDI=0x16014d40
EIP=0x6e1655fb, EFLAGS=0x00010246

Top of Stack: (sp=0x1668da7c)
0x1668da7c:   16014d40 1608056c 00000000 16014c00
0x1668da8c:   005b19fc 00000167 6e39aad8 00000000
0x1668da9c:   6e58f841 16014d40 00000000 16014d40
0x1668daac:   6e581e4b 16014d40 00000000 16014d40
0x1668dabc:   1608056c 00583f14 16014c00 1668df5c
0x1668dacc:   1668df68 00000000 00000000 00000000
0x1668dadc:   0000000f 1668df7c 1668df58 1a79e680
0x1668daec:   1668df80 00000000 00000000 00000000 

Instructions: (pc=0x6e1655fb)
0x6e1655db:   f3 ff 83 c4 08 83 7b 04 00 89 5d f0 c7 45 f4 00
0x6e1655eb:   00 00 00 74 08 8d 4d f0 e8 e8 0c 0d 00 8b 45 0c
0x6e1655fb:   8b 08 8b 51 04 8b 42 38 50 56 e8 56 4d 08 00 83
0x6e16560b:   c4 08 83 7d f4 00 89 45 08 74 08 8d 4d f0 e8 02 


Register to memory mapping:

EAX=0x00000000 is an unknown value
EBX=0x16014c00 is a thread
ECX=0x16014c00 is a thread
EDX=0x00000167 is an unknown value
ESP=0x1668da7c is pointing into the stack for thread: 0x16014c00
EBP=0x1668da98 is pointing into the stack for thread: 0x16014c00
ESI=0x16014d40 is an unknown value
EDI=0x16014d40 is an unknown value


Stack: [0x16640000,0x16690000],  sp=0x1668da7c,  free space=310k
Native frames: (J=compiled Java code, j=interpreted, Vv=VM code, C=native code)
V  [jvm.dll+0xd55fb]
C  [jacob-1.18-x86.dll+0xf841]

Java frames: (J=compiled Java code, j=interpreted, Vv=VM code)
J 457  com.jacob.com.Dispatch.invokev(Lcom/jacob/com/Dispatch;Ljava/lang/String;III[Lcom/jacob/com/Variant;[I)Lcom/jacob/com/Variant; (0 bytes) @ 0x028c3908 [0x028c3860+0xa8]
J 481 C1 main.POS_Terminal.waitResponse()V (207 bytes) @ 0x0293d158 [0x0293cf10+0x248]
j  main.POS_Terminal.returnValues()V+1
j  main.POS_Terminal.purchase()Z+632
j  main.EKKA.terminalCheck(Ljava/math/BigDecimal;Ljava/lang/String;Ljava/math/BigDecimal;)Z+183
j  forms.FrmMain.jButtonPrintCheckActionPerformed(Ljava/awt/event/ActionEvent;Z)V+2093
j  forms.FrmMain.access$1800(Lforms/FrmMain;Ljava/awt/event/ActionEvent;Z)V+3
j  forms.FrmMain$MyKeyListener.keyOverride(Ljava/awt/event/KeyEvent;)Ljava/awt/event/KeyEvent;+777
j  forms.FrmMain$MyKeyListener.keyPressed(Ljava/awt/event/KeyEvent;)V+35
j  java.awt.AWTEventMulticaster.keyPressed(Ljava/awt/event/KeyEvent;)V+21
j  java.awt.Component.processKeyEvent(Ljava/awt/event/KeyEvent;)V+52
j  javax.swing.JComponent.processKeyEvent(Ljava/awt/event/KeyEvent;)V+2
j  java.awt.Component.processEvent(Ljava/awt/AWTEvent;)V+121
j  java.awt.Container.processEvent(Ljava/awt/AWTEvent;)V+18
j  java.awt.Component.dispatchEventImpl(Ljava/awt/AWTEvent;)V+589
j  java.awt.Container.dispatchEventImpl(Ljava/awt/AWTEvent;)V+42
j  java.awt.Component.dispatchEvent(Ljava/awt/AWTEvent;)V+2
j  java.awt.KeyboardFocusManager.redispatchEvent(Ljava/awt/Component;Ljava/awt/AWTEvent;)V+7
j  java.awt.DefaultKeyboardFocusManager.dispatchKeyEvent(Ljava/awt/event/KeyEvent;)Z+63
j  java.awt.DefaultKeyboardFocusManager.preDispatchKeyEvent(Ljava/awt/event/KeyEvent;)Z+137
j  java.awt.DefaultKeyboardFocusManager.typeAheadAssertions(Ljava/awt/Component;Ljava/awt/AWTEvent;)Z+166
j  java.awt.DefaultKeyboardFocusManager.dispatchEvent(Ljava/awt/AWTEvent;)Z+1581
j  java.awt.Component.dispatchEventImpl(Ljava/awt/AWTEvent;)V+151
j  java.awt.Container.dispatchEventImpl(Ljava/awt/AWTEvent;)V+42
j  java.awt.Window.dispatchEventImpl(Ljava/awt/AWTEvent;)V+19
j  java.awt.Component.dispatchEvent(Ljava/awt/AWTEvent;)V+2
j  java.awt.EventQueue.dispatchEventImpl(Ljava/awt/AWTEvent;Ljava/lang/Object;)V+41
j  java.awt.EventQueue.access$500(Ljava/awt/EventQueue;Ljava/awt/AWTEvent;Ljava/lang/Object;)V+3
j  java.awt.EventQueue$3.run()Ljava/lang/Void;+32
j  java.awt.EventQueue$3.run()Ljava/lang/Object;+1
v  ~StubRoutines::call_stub
j  java.security.AccessController.doPrivileged(Ljava/security/PrivilegedAction;Ljava/security/AccessControlContext;)Ljava/lang/Object;+0
j  java.security.ProtectionDomain$JavaSecurityAccessImpl.doIntersectionPrivilege(Ljava/security/PrivilegedAction;Ljava/security/AccessControlContext;Ljava/security/AccessControlContext;)Ljava/lang/Object;+18
j  java.security.ProtectionDomain$JavaSecurityAccessImpl.doIntersectionPrivilege(Ljava/security/PrivilegedAction;Ljava/security/AccessControlContext;)Ljava/lang/Object;+6
j  java.awt.EventQueue$4.run()Ljava/lang/Void;+11
j  java.awt.EventQueue$4.run()Ljava/lang/Object;+1
v  ~StubRoutines::call_stub
j  java.security.AccessController.doPrivileged(Ljava/security/PrivilegedAction;Ljava/security/AccessControlContext;)Ljava/lang/Object;+0
j  java.security.ProtectionDomain$JavaSecurityAccessImpl.doIntersectionPrivilege(Ljava/security/PrivilegedAction;Ljava/security/AccessControlContext;Ljava/security/AccessControlContext;)Ljava/lang/Object;+18
j  java.awt.EventQueue.dispatchEvent(Ljava/awt/AWTEvent;)V+73
j  java.awt.EventDispatchThread.pumpOneEventForFilters(I)V+245
j  java.awt.EventDispatchThread.pumpEventsForFilter(ILjava/awt/Conditional;Ljava/awt/EventFilter;)V+35
j  java.awt.EventDispatchThread.pumpEventsForHierarchy(ILjava/awt/Conditional;Ljava/awt/Component;)V+11
j  java.awt.EventDispatchThread.pumpEvents(ILjava/awt/Conditional;)V+4
j  java.awt.EventDispatchThread.pumpEvents(Ljava/awt/Conditional;)V+3
j  java.awt.EventDispatchThread.run()V+9
v  ~StubRoutines::call_stub

---------------  P R O C E S S  ---------------

Java Threads: ( => current thread )
  0x16984400 JavaThread "Timer-3" daemon [_thread_blocked, id=1384, stack(0x16de0000,0x16e30000)]
  0x16983800 JavaThread "Timer-1" daemon [_thread_blocked, id=7480, stack(0x171f0000,0x17240000)]
  0x16983000 JavaThread "Timer-0" daemon [_thread_blocked, id=7872, stack(0x16fe0000,0x17030000)]
  0x16070000 JavaThread "Abandoned connection cleanup thread" daemon [_thread_blocked, id=7556, stack(0x16410000,0x16460000)]
  0x0104c000 JavaThread "DestroyJavaVM" [_thread_blocked, id=1120, stack(0x00360000,0x003b0000)]
=>0x16014c00 JavaThread "AWT-EventQueue-0" [_thread_in_vm, id=3904, stack(0x16640000,0x16690000)]
  0x16013400 JavaThread "AWT-Windows" daemon [_thread_in_native, id=1148, stack(0x165e0000,0x16630000)]
  0x16012800 JavaThread "AWT-Shutdown" [_thread_blocked, id=7884, stack(0x16460000,0x164b0000)]
  0x1600d400 JavaThread "Java2D Disposer" daemon [_thread_blocked, id=8040, stack(0x16300000,0x16350000)]
  0x005a0000 JavaThread "Service Thread" daemon [_thread_blocked, id=2124, stack(0x15d60000,0x15db0000)]
  0x0057fc00 JavaThread "C1 CompilerThread0" daemon [_thread_blocked, id=7448, stack(0x15d10000,0x15d60000)]
  0x0057e000 JavaThread "Attach Listener" daemon [_thread_blocked, id=7816, stack(0x15cc0000,0x15d10000)]
  0x0057b000 JavaThread "Signal Dispatcher" daemon [_thread_blocked, id=1236, stack(0x15c70000,0x15cc0000)]
  0x00571c00 JavaThread "Finalizer" daemon [_thread_blocked, id=6208, stack(0x14810000,0x14860000)]
  0x00513800 JavaThread "Reference Handler" daemon [_thread_blocked, id=4588, stack(0x00f80000,0x00fd0000)]

Other Threads:
  0x0050f400 VMThread [stack: 0x148d0000,0x14920000] [id=5540]
  0x005b1000 WatcherThread [stack: 0x15eb0000,0x15f00000] [id=8116]

VM state:not at safepoint (normal execution)

VM Mutex/Monitor currently owned by a thread: None

Heap:
 def new generation   total 78656K, used 71136K [0x04800000, 0x09d50000, 0x09d50000)
  eden space 69952K,  99% used [0x04800000, 0x08c4fff8, 0x08c50000)
  from space 8704K,  13% used [0x08c50000, 0x08d78078, 0x094d0000)
  to   space 8704K,   0% used [0x094d0000, 0x094d0000, 0x09d50000)
 tenured generation   total 174784K, used 174783K [0x09d50000, 0x14800000, 0x14800000)
   the space 174784K,  99% used [0x09d50000, 0x147ffff0, 0x14800000, 0x14800000)
 Metaspace       used 4169K, capacity 4347K, committed 4416K, reserved 4480K

Card table byte_map: [0x00ec0000,0x00f50000] byte_map_base: 0x00e9c000

Polling page: 0x00190000

CodeCache: size=32768Kb used=1647Kb max_used=1647Kb free=31120Kb
 bounds [0x027e0000, 0x02980000, 0x047e0000]
 total_blobs=929 nmethods=659 adapters=200
 compilation: enabled

Compilation events (10 events):
Event: 54.801 Thread 0x0057fc00  661             java.lang.ref.ReferenceQueue::reallyPoll (66 bytes)
Event: 54.801 Thread 0x0057fc00 nmethod 661 0x0297b3c8 code [0x0297b4d0, 0x0297b630]
Event: 62.601 Thread 0x0057fc00  662             sun.awt.AWTAutoShutdown::getInstance (4 bytes)
Event: 62.601 Thread 0x0057fc00 nmethod 662 0x0297b688 code [0x0297b780, 0x0297b7f0]
Event: 71.977 Thread 0x0057fc00  663             sun.misc.URLClassPath::findResource (47 bytes)
Event: 71.978 Thread 0x0057fc00 nmethod 663 0x0297b848 code [0x0297b970, 0x0297ba94]
Event: 83.203 Thread 0x0057fc00  664             sun.misc.URLClassPath$JarLoader::findResource (18 bytes)
Event: 83.204 Thread 0x0057fc00 nmethod 664 0x0297bb88 code [0x0297bca0, 0x0297bd68]
Event: 83.286 Thread 0x0057fc00  665             sun.awt.AWTAutoShutdown::isReadyToShutdown (37 bytes)
Event: 83.287 Thread 0x0057fc00 nmethod 665 0x0297be08 code [0x0297bf10, 0x0297c008]

GC Heap History (10 events):
Event: 74.848 GC heap before
{Heap before GC invocations=18 (full 6):
 def new generation   total 78656K, used 78656K [0x04800000, 0x09d50000, 0x09d50000)
  eden space 69952K, 100% used [0x04800000, 0x08c50000, 0x08c50000)
  from space 8704K, 100% used [0x08c50000, 0x094d0000, 0x094d0000)
  to   space 8704K,   0% used [0x094d0000, 0x094d0000, 0x09d50000)
 tenured generation   total 174784K, used 174783K [0x09d50000, 0x14800000, 0x14800000)
   the space 174784K,  99% used [0x09d50000, 0x147ffff8, 0x14800000, 0x14800000)
 Metaspace       used 4169K, capacity 4347K, committed 4416K, reserved 4480K
Event: 76.224 GC heap after
Heap after GC invocations=19 (full 7):
 def new generation   total 78656K, used 46263K [0x04800000, 0x09d50000, 0x09d50000)
  eden space 69952K,  66% used [0x04800000, 0x0752dda8, 0x08c50000)
  from space 8704K,   0% used [0x08c50000, 0x08c50000, 0x094d0000)
  to   space 8704K,   0% used [0x094d0000, 0x094d0000, 0x09d50000)
 tenured generation   total 174784K, used 174783K [0x09d50000, 0x14800000, 0x14800000)
   the space 174784K,  99% used [0x09d50000, 0x147ffff8, 0x14800000, 0x14800000)
 Metaspace       used 4169K, capacity 4347K, committed 4416K, reserved 4480K
}
Event: 81.548 GC heap before
{Heap before GC invocations=19 (full 7):
 def new generation   total 78656K, used 78656K [0x04800000, 0x09d50000, 0x09d50000)
  eden space 69952K, 100% used [0x04800000, 0x08c50000, 0x08c50000)
  from space 8704K, 100% used [0x08c50000, 0x094d0000, 0x094d0000)
  to   space 8704K,   0% used [0x094d0000, 0x094d0000, 0x09d50000)
 tenured generation   total 174784K, used 174783K [0x09d50000, 0x14800000, 0x14800000)
   the space 174784K,  99% used [0x09d50000, 0x147ffff8, 0x14800000, 0x14800000)
 Metaspace       used 4169K, capacity 4347K, committed 4416K, reserved 4480K
Event: 83.203 GC heap after
Heap after GC invocations=20 (full 8):
 def new generation   total 78656K, used 62968K [0x04800000, 0x09d50000, 0x09d50000)
  eden space 69952K,  90% used [0x04800000, 0x0857e240, 0x08c50000)
  from space 8704K,   0% used [0x08c50000, 0x08c50000, 0x094d0000)
  to   space 8704K,   0% used [0x094d0000, 0x094d0000, 0x09d50000)
 tenured generation   total 174784K, used 174783K [0x09d50000, 0x14800000, 0x14800000)
   the space 174784K,  99% used [0x09d50000, 0x147ffff8, 0x14800000, 0x14800000)
 Metaspace       used 4169K, capacity 4347K, committed 4416K, reserved 4480K
}
Event: 85.840 GC heap before
{Heap before GC invocations=20 (full 8):
 def new generation   total 78656K, used 78656K [0x04800000, 0x09d50000, 0x09d50000)
  eden space 69952K, 100% used [0x04800000, 0x08c50000, 0x08c50000)
  from space 8704K, 100% used [0x08c50000, 0x094d0000, 0x094d0000)
  to   space 8704K,   0% used [0x094d0000, 0x094d0000, 0x09d50000)
 tenured generation   total 174784K, used 174783K [0x09d50000, 0x14800000, 0x14800000)
   the space 174784K,  99% used [0x09d50000, 0x147ffff8, 0x14800000, 0x14800000)
 Metaspace       used 4169K, capacity 4347K, committed 4416K, reserved 4480K
Event: 87.343 GC heap after
Heap after GC invocations=21 (full 9):
 def new generation   total 78656K, used 71023K [0x04800000, 0x09d50000, 0x09d50000)
  eden space 69952K,  99% used [0x04800000, 0x08c4fff0, 0x08c50000)
  from space 8704K,  12% used [0x08c50000, 0x08d5bd90, 0x094d0000)
  to   space 8704K,   0% used [0x094d0000, 0x094d0000, 0x09d50000)
 tenured generation   total 174784K, used 174783K [0x09d50000, 0x14800000, 0x14800000)
   the space 174784K,  99% used [0x09d50000, 0x147ffff8, 0x14800000, 0x14800000)
 Metaspace       used 4169K, capacity 4347K, committed 4416K, reserved 4480K
}
Event: 87.438 GC heap before
{Heap before GC invocations=21 (full 9):
 def new generation   total 78656K, used 71533K [0x04800000, 0x09d50000, 0x09d50000)
  eden space 69952K, 100% used [0x04800000, 0x08c50000, 0x08c50000)
  from space 8704K,  18% used [0x08c50000, 0x08ddb760, 0x094d0000)
  to   space 8704K,   0% used [0x094d0000, 0x094d0000, 0x09d50000)
 tenured generation   total 174784K, used 174783K [0x09d50000, 0x14800000, 0x14800000)
   the space 174784K,  99% used [0x09d50000, 0x147ffff8, 0x14800000, 0x14800000)
 Metaspace       used 4169K, capacity 4347K, committed 4416K, reserved 4480K
Event: 88.861 GC heap after
Heap after GC invocations=22 (full 10):
 def new generation   total 78656K, used 71293K [0x04800000, 0x09d50000, 0x09d50000)
  eden space 69952K, 100% used [0x04800000, 0x08c50000, 0x08c50000)
  from space 8704K,  15% used [0x08c50000, 0x08d9f6a0, 0x094d0000)
  to   space 8704K,   0% used [0x094d0000, 0x094d0000, 0x09d50000)
 tenured generation   total 174784K, used 174783K [0x09d50000, 0x14800000, 0x14800000)
   the space 174784K,  99% used [0x09d50000, 0x147ffff8, 0x14800000, 0x14800000)
 Metaspace       used 4169K, capacity 4347K, committed 4416K, reserved 4480K
}
Event: 88.861 GC heap before
{Heap before GC invocations=22 (full 10):
 def new generation   total 78656K, used 71293K [0x04800000, 0x09d50000, 0x09d50000)
  eden space 69952K, 100% used [0x04800000, 0x08c50000, 0x08c50000)
  from space 8704K,  15% used [0x08c50000, 0x08d9f6a0, 0x094d0000)
  to   space 8704K,   0% used [0x094d0000, 0x094d0000, 0x09d50000)
 tenured generation   total 174784K, used 174783K [0x09d50000, 0x14800000, 0x14800000)
   the space 174784K,  99% used [0x09d50000, 0x147ffff8, 0x14800000, 0x14800000)
 Metaspace       used 4169K, capacity 4347K, committed 4416K, reserved 4480K
Event: 90.549 GC heap after
Heap after GC invocations=23 (full 11):
 def new generation   total 78656K, used 71136K [0x04800000, 0x09d50000, 0x09d50000)
  eden space 69952K,  99% used [0x04800000, 0x08c4fff8, 0x08c50000)
  from space 8704K,  13% used [0x08c50000, 0x08d78078, 0x094d0000)
  to   space 8704K,   0% used [0x094d0000, 0x094d0000, 0x09d50000)
 tenured generation   total 174784K, used 174783K [0x09d50000, 0x14800000, 0x14800000)
   the space 174784K,  99% used [0x09d50000, 0x147ffff0, 0x14800000, 0x14800000)
 Metaspace       used 4169K, capacity 4347K, committed 4416K, reserved 4480K
}

Deoptimization events (0 events):
No events

Internal exceptions (10 events):
Event: 0.236 Thread 0x16014c00 Exception <a 'java/lang/ClassNotFoundException': ToggleButton> (0x04ae2080) thrown at [C:\re\workspace\8-2-build-windows-i586-cygwin\jdk8u91\7017\hotspot\src\share\vm\classfile\systemDictionary.cpp, line 210]
Event: 0.236 Thread 0x16014c00 Exception <a 'java/lang/ClassNotFoundException': javax/swing/JToolBarSeparator> (0x04ae2488) thrown at [C:\re\workspace\8-2-build-windows-i586-cygwin\jdk8u91\7017\hotspot\src\share\vm\classfile\systemDictionary.cpp, line 210]
Event: 0.236 Thread 0x16014c00 Exception <a 'java/lang/ClassNotFoundException': ToolBarSeparator> (0x04ae28e0) thrown at [C:\re\workspace\8-2-build-windows-i586-cygwin\jdk8u91\7017\hotspot\src\share\vm\classfile\systemDictionary.cpp, line 210]
Event: 0.237 Thread 0x16014c00 Exception <a 'java/lang/ClassNotFoundException': ToolTip> (0x04ae2f88) thrown at [C:\re\workspace\8-2-build-windows-i586-cygwin\jdk8u91\7017\hotspot\src\share\vm\classfile\systemDictionary.cpp, line 210]
Event: 0.237 Thread 0x16014c00 Exception <a 'java/lang/ClassNotFoundException': Tree> (0x04ae3a70) thrown at [C:\re\workspace\8-2-build-windows-i586-cygwin\jdk8u91\7017\hotspot\src\share\vm\classfile\systemDictionary.cpp, line 210]
Event: 0.237 Thread 0x16014c00 Exception <a 'java/lang/ClassNotFoundException': Tree> (0x04ae4110) thrown at [C:\re\workspace\8-2-build-windows-i586-cygwin\jdk8u91\7017\hotspot\src\share\vm\classfile\systemDictionary.cpp, line 210]
Event: 0.237 Thread 0x16014c00 Exception <a 'java/lang/ClassNotFoundException': javax/swing/JTreeCell> (0x04ae4448) thrown at [C:\re\workspace\8-2-build-windows-i586-cygwin\jdk8u91\7017\hotspot\src\share\vm\classfile\systemDictionary.cpp, line 210]
Event: 0.237 Thread 0x16014c00 Exception <a 'java/lang/ClassNotFoundException': TreeCell> (0x04ae4890) thrown at [C:\re\workspace\8-2-build-windows-i586-cygwin\jdk8u91\7017\hotspot\src\share\vm\classfile\systemDictionary.cpp, line 210]
Event: 0.237 Thread 0x16014c00 Exception <a 'java/lang/ClassNotFoundException': RootPane> (0x04ae5208) thrown at [C:\re\workspace\8-2-build-windows-i586-cygwin\jdk8u91\7017\hotspot\src\share\vm\classfile\systemDictionary.cpp, line 210]
Event: 90.549 Thread 0x16014c00 Exception <a 'java/lang/OutOfMemoryError'> (0x09f00020) thrown at [C:\re\workspace\8-2-build-windows-i586-cygwin\jdk8u91\7017\hotspot\src\share\vm\gc_interface/collectedHeap.inline.hpp, line 159]

Events (10 events):
Event: 63.101 Executing VM operation: GenCollectForAllocation
Event: 64.258 Executing VM operation: GenCollectForAllocation done
Event: 74.848 Executing VM operation: GenCollectForAllocation
Event: 76.224 Executing VM operation: GenCollectForAllocation done
Event: 81.548 Executing VM operation: GenCollectForAllocation
Event: 83.203 Executing VM operation: GenCollectForAllocation done
Event: 85.840 Executing VM operation: GenCollectForAllocation
Event: 87.343 Executing VM operation: GenCollectForAllocation done
Event: 87.438 Executing VM operation: GenCollectForAllocation
Event: 90.549 Executing VM operation: GenCollectForAllocation done


Dynamic libraries:
0x013a0000 - 0x013d3000 	C:\Program Files (x86)\Java\jdk1.8.0_91\bin\java.exe
0x77130000 - 0x772b0000 	C:\Windows\SysWOW64\ntdll.dll
0x76c20000 - 0x76d30000 	C:\Windows\syswow64\kernel32.dll
0x751b0000 - 0x751f7000 	C:\Windows\syswow64\KERNELBASE.dll
0x75b50000 - 0x75bf0000 	C:\Windows\syswow64\ADVAPI32.dll
0x74f60000 - 0x7500c000 	C:\Windows\syswow64\msvcrt.dll
0x75b30000 - 0x75b49000 	C:\Windows\SysWOW64\sechost.dll
0x75360000 - 0x75450000 	C:\Windows\syswow64\RPCRT4.dll
0x74c80000 - 0x74ce0000 	C:\Windows\syswow64\SspiCli.dll
0x74c70000 - 0x74c7c000 	C:\Windows\syswow64\CRYPTBASE.dll
0x75d50000 - 0x75e50000 	C:\Windows\syswow64\USER32.dll
0x74e60000 - 0x74ef0000 	C:\Windows\syswow64\GDI32.dll
0x77100000 - 0x7710a000 	C:\Windows\syswow64\LPK.dll
0x75a90000 - 0x75b2d000 	C:\Windows\syswow64\USP10.dll
0x72050000 - 0x721ee000 	C:\Windows\WinSxS\x86_microsoft.windows.common-controls_6595b64144ccf1df_6.0.7601.17514_none_41e6975e2bd6f2b2\COMCTL32.dll
0x74ef0000 - 0x74f47000 	C:\Windows\syswow64\SHLWAPI.dll
0x75010000 - 0x75070000 	C:\Windows\system32\IMM32.DLL
0x750a0000 - 0x7516c000 	C:\Windows\syswow64\MSCTF.dll
0x6e460000 - 0x6e51d000 	C:\Program Files (x86)\Java\jdk1.8.0_91\jre\bin\msvcr100.dll
0x6e090000 - 0x6e45a000 	C:\Program Files (x86)\Java\jdk1.8.0_91\jre\bin\client\jvm.dll
0x6f4b0000 - 0x6f4b7000 	C:\Windows\system32\WSOCK32.dll
0x75170000 - 0x751a5000 	C:\Windows\syswow64\WS2_32.dll
0x74dc0000 - 0x74dc6000 	C:\Windows\syswow64\NSI.dll
0x717c0000 - 0x717f2000 	C:\Windows\system32\WINMM.dll
0x72800000 - 0x72809000 	C:\Windows\system32\VERSION.dll
0x758d0000 - 0x758d5000 	C:\Windows\syswow64\PSAPI.DLL
0x73740000 - 0x7374c000 	C:\Program Files (x86)\Java\jdk1.8.0_91\jre\bin\verify.dll
0x71750000 - 0x71771000 	C:\Program Files (x86)\Java\jdk1.8.0_91\jre\bin\java.dll
0x73430000 - 0x73443000 	C:\Program Files (x86)\Java\jdk1.8.0_91\jre\bin\zip.dll
0x75fa0000 - 0x76beb000 	C:\Windows\syswow64\SHELL32.dll
0x75200000 - 0x7535c000 	C:\Windows\syswow64\ole32.dll
0x72830000 - 0x7283b000 	C:\Windows\system32\profapi.dll
0x6df40000 - 0x6e085000 	C:\Program Files (x86)\Java\jdk1.8.0_91\jre\bin\awt.dll
0x75450000 - 0x754df000 	C:\Windows\syswow64\OLEAUT32.dll
0x73bc0000 - 0x73bd3000 	C:\Windows\system32\DWMAPI.DLL
0x71820000 - 0x71859000 	C:\Program Files (x86)\Java\jdk1.8.0_91\jre\bin\fontmanager.dll
0x72b10000 - 0x72b26000 	C:\Program Files (x86)\Java\jdk1.8.0_91\jre\bin\net.dll
0x72460000 - 0x7249c000 	C:\Windows\system32\mswsock.dll
0x721f0000 - 0x721f6000 	C:\Windows\System32\wship6.dll
0x72450000 - 0x72455000 	C:\Windows\System32\wshtcpip.dll
0x71f00000 - 0x71f44000 	C:\Windows\system32\DNSAPI.dll
0x71ee0000 - 0x71efc000 	C:\Windows\system32\IPHLPAPI.DLL
0x71ed0000 - 0x71ed7000 	C:\Windows\system32\WINNSI.DLL
0x71e80000 - 0x71e86000 	C:\Windows\system32\rasadhlp.dll
0x71e90000 - 0x71ec8000 	C:\Windows\System32\fwpuclnt.dll
0x73070000 - 0x7307f000 	C:\Program Files (x86)\Java\jdk1.8.0_91\jre\bin\nio.dll
0x6f4c0000 - 0x6f4f2000 	C:\Program Files (x86)\Java\jdk1.8.0_91\jre\bin\t2k.dll
0x73770000 - 0x7377a000 	C:\Program Files (x86)\Yandex\Punto Switcher\pshook.dll
0x754e0000 - 0x7550a000 	C:\Windows\syswow64\imagehlp.dll
0x6e5b0000 - 0x6e5d4000 	C:\Program Files (x86)\Java\jdk1.8.0_91\jre\bin\dcpr.dll
0x6e580000 - 0x6e5af000 	D:\Project\ShopV2\lib\jacob-1.18-x86.dll
0x74dd0000 - 0x74e53000 	C:\Windows\syswow64\CLBCatQ.DLL
0x6dcc0000 - 0x6ddfc000 	D:\Project\ShopV2\lib\ECRcommX.dll
0x71980000 - 0x719df000 	C:\Windows\system32\SXS.DLL
0x75070000 - 0x75097000 	C:\Windows\syswow64\CFGMGR32.dll
0x73620000 - 0x7371b000 	C:\Windows\system32\WindowsCodecs.dll
0x725c0000 - 0x7260c000 	C:\Windows\system32\apphelp.dll
0x733d0000 - 0x73401000 	C:\Windows\system32\EhStorShell.dll
0x758f0000 - 0x75a8d000 	C:\Windows\syswow64\SETUPAPI.dll
0x75f80000 - 0x75f92000 	C:\Windows\syswow64\DEVOBJ.dll
0x71f50000 - 0x72045000 	C:\Windows\system32\PROPSYS.dll
0x73800000 - 0x73870000 	C:\Windows\system32\ntshrui.dll
0x724d0000 - 0x724e9000 	C:\Windows\system32\srvcli.dll
0x737f0000 - 0x737fb000 	C:\Windows\system32\cscapi.dll
0x737e0000 - 0x737ea000 	C:\Windows\system32\slc.dll
0x6de50000 - 0x6df3b000 	C:\Windows\system32\dbghelp.dll

VM Arguments:
jvm_args: -Dfile.encoding=UTF-8 
java_command: main.ShopMain
java_class_path (initial): E:\Distrib\MySQL\mysql-connector-java-5.1.35-bin.jar;C:\NetBeans\java\modules\ext\AbsoluteLayout.jar;C:\NetBeans\platform\modules\ext\swing-layout-1.0.4.jar;D:\Project\ShopV2\lib\jacob.jar;E:\Distrib\JAVA\json_simple-1.1-all\lib\json_simple-1.1.jar;E:\Distrib\JAVA\httpcomponents-client-4.5.1\lib\commons-logging-1.2.jar;E:\Distrib\JAVA\httpcomponents-client-4.5.1\lib\httpclient-4.5.1.jar;E:\Distrib\JAVA\httpcomponents-client-4.5.1\lib\httpcore-4.4.3.jar;D:\Project\ShopV2\build\classes
Launcher Type: SUN_STANDARD

Environment Variables:
PATH=C:\ProgramData\Oracle\Java\javapath;C:\Windows\system32;C:\Windows;C:\Windows\System32\Wbem;C:\Windows\System32\WindowsPowerShell\v1.0\;C:\Program Files (x86)\Intel\OpenCL SDK\2.0\bin\x86;C:\Program Files (x86)\Intel\OpenCL SDK\2.0\bin\x64;C:\Program Files (x86)\AMD\ATI.ACE\Core-Static;C:\MariaDB\bin\;C:\Apache24\bin\;C:\Apache24\PHP\;C:\Program Files\Hewlett-Packard\SimplePass\;C:\Program Files (x86)\Skype\Phone\;D:\Project\ShopV2\lib\
USERNAME=alik
OS=Windows_NT
PROCESSOR_IDENTIFIER=Intel64 Family 6 Model 42 Stepping 7, GenuineIntel



---------------  S Y S T E M  ---------------

OS: Windows 7 , 64 bit Build 7601 (6.1.7601.18409)

CPU:total 4 (2 cores per cpu, 2 threads per core) family 6 model 42 stepping 7, cmov, cx8, fxsr, mmx, sse, sse2, sse3, ssse3, sse4.1, sse4.2, popcnt, avx, clmul, ht, tsc, tscinvbit

Memory: 4k page, physical 4140912k(836328k free), swap 8279968k(2010724k free)

vm_info: Java HotSpot(TM) Client VM (25.91-b15) for windows-x86 JRE (1.8.0_91-b15), built on May 20 2016 17:33:18 by "java_re" with MS VC++ 10.0 (VS2010)

time: Tue Jul 12 12:39:18 2016
elapsed time: 90 seconds (0d 0h 1m 30s)

