#
# A fatal error has been detected by the Java Runtime Environment:
#
#  EXCEPTION_ACCESS_VIOLATION (0xc0000005) at pc=0x77aadf85, pid=9028, tid=5336
#
# JRE version: Java(TM) SE Runtime Environment (7.0_60-b19) (build 1.7.0_60-b19)
# Java VM: Java HotSpot(TM) Client VM (24.60-b09 mixed mode, sharing windows-x86 )
# Problematic frame:
# C  [ntdll.dll+0x2df85]
#
# Failed to write core dump. Minidumps are not enabled by default on client versions of Windows
#
# If you would like to submit a bug report, please visit:
#   http://bugreport.sun.com/bugreport/crash.jsp
# The crash happened outside the Java Virtual Machine in native code.
# See problematic frame for where to report the bug.
#

---------------  T H R E A D  ---------------

Current thread (0x04cd7400):  JavaThread "AWT-EventQueue-0" [_thread_in_native, id=5336, stack(0x052c0000,0x05310000)]

siginfo: ExceptionCode=0xc0000005, writing address 0x02470000

Registers:
EAX=0x00000000, EBX=0x0530dff4, ECX=0x00000001, EDX=0x00000000
ESP=0x0530de78, EBP=0x0530deac, ESI=0x7704b20c, EDI=0x02470000
EIP=0x77aadf85, EFLAGS=0x00010202

Top of Stack: (sp=0x0530de78)
0x0530de78:   0530def4 7751521a 02470000 00000000
0x0530de88:   00000004 00000001 77046840 002d060c
0x0530de98:   00000000 77046892 00000000 00000007
0x0530dea8:   476cdec8 0530e2c4 775900d4 0530dff0
0x0530deb8:   7b02bd7f 00000000 0530e5e8 00000000
0x0530dec8:   00000000 76cd7190 002d3350 76be6e8c
0x0530ded8:   00000006 0530def0 00000000 76cd71a8
0x0530dee8:   76cd7190 0530df40 00000000 0530dec8 

Instructions: (pc=0x77aadf85)
0x77aadf65:   83 c7 01 83 e9 01 75 f6 8b c8 c1 e0 08 03 c1 8b
0x77aadf75:   c8 c1 e0 10 03 c1 8b ca 83 e2 03 c1 e9 02 74 06
0x77aadf85:   f3 ab 85 d2 74 0a 88 07 83 c7 01 83 ea 01 75 f6
0x77aadf95:   8b 44 24 08 5f c3 8b 44 24 04 c3 90 90 90 90 90 


Register to memory mapping:

EAX=0x00000000 is an unknown value
EBX=0x0530dff4 is pointing into the stack for thread: 0x04cd7400
ECX=0x00000001 is an unknown value
EDX=0x00000000 is an unknown value
ESP=0x0530de78 is pointing into the stack for thread: 0x04cd7400
EBP=0x0530deac is pointing into the stack for thread: 0x04cd7400
ESI=0x7704b20c is an unknown value
EDI=0x02470000 is an unknown value


Stack: [0x052c0000,0x05310000],  sp=0x0530de78,  free space=311k
Native frames: (J=compiled Java code, j=interpreted, Vv=VM code, C=native code)
C  [ntdll.dll+0x2df85]
C  [RPCRT4.dll+0xb00d4]
C  [OLEAUT32.dll+0x3429f]
C  [OLEAUT32.dll+0x3426c]

Java frames: (J=compiled Java code, j=interpreted, Vv=VM code)
j  com.jacob.com.Dispatch.invokev(Ljava/lang/Object;Ljava/lang/String;III[Lcom/jacob/com/Variant;[I)Lcom/jacob/com/Variant;+0
j  com.jacob.activeX.ActiveXComponent.getProperty(Ljava/lang/String;)Lcom/jacob/com/Variant;+39
j  main.MyEKKA2.<init>()V+31
j  main.ShopMain$1.run()V+4
j  java.awt.event.InvocationEvent.dispatch()V+47
j  java.awt.EventQueue.dispatchEventImpl(Ljava/awt/AWTEvent;Ljava/lang/Object;)V+21
j  java.awt.EventQueue.access$200(Ljava/awt/EventQueue;Ljava/awt/AWTEvent;Ljava/lang/Object;)V+3
j  java.awt.EventQueue$3.run()Ljava/lang/Void;+12
j  java.awt.EventQueue$3.run()Ljava/lang/Object;+1
v  ~StubRoutines::call_stub
j  java.security.AccessController.doPrivileged(Ljava/security/PrivilegedAction;Ljava/security/AccessControlContext;)Ljava/lang/Object;+0
j  java.security.ProtectionDomain$1.doIntersectionPrivilege(Ljava/security/PrivilegedAction;Ljava/security/AccessControlContext;Ljava/security/AccessControlContext;)Ljava/lang/Object;+28
j  java.awt.EventQueue.dispatchEvent(Ljava/awt/AWTEvent;)V+46
j  java.awt.EventDispatchThread.pumpOneEventForFilters(I)V+245
j  java.awt.EventDispatchThread.pumpEventsForFilter(ILjava/awt/Conditional;Ljava/awt/EventFilter;)V+35
j  java.awt.EventDispatchThread.pumpEventsForHierarchy(ILjava/awt/Conditional;Ljava/awt/Component;)V+11
j  java.awt.EventDispatchThread.pumpEvents(ILjava/awt/Conditional;)V+4
j  java.awt.EventDispatchThread.pumpEvents(Ljava/awt/Conditional;)V+3
j  java.awt.EventDispatchThread.run()V+9
v  ~StubRoutines::call_stub

---------------  P R O C E S S  ---------------

Java Threads: ( => current thread )
  0x0019c000 JavaThread "DestroyJavaVM" [_thread_blocked, id=4688, stack(0x00f00000,0x00f50000)]
=>0x04cd7400 JavaThread "AWT-EventQueue-0" [_thread_in_native, id=5336, stack(0x052c0000,0x05310000)]
  0x04cd5c00 JavaThread "AWT-Windows" daemon [_thread_in_native, id=6276, stack(0x045f0000,0x04640000)]
  0x04cd5400 JavaThread "AWT-Shutdown" [_thread_blocked, id=7076, stack(0x05020000,0x05070000)]
  0x04cd2c00 JavaThread "Java2D Disposer" daemon [_thread_blocked, id=7440, stack(0x04f50000,0x04fa0000)]
  0x00e9ac00 JavaThread "Service Thread" daemon [_thread_blocked, id=6716, stack(0x04ab0000,0x04b00000)]
  0x00e92800 JavaThread "C1 CompilerThread0" daemon [_thread_blocked, id=5820, stack(0x04a10000,0x04a60000)]
  0x00e91400 JavaThread "Attach Listener" daemon [_thread_blocked, id=2380, stack(0x04770000,0x047c0000)]
  0x00e8e400 JavaThread "Signal Dispatcher" daemon [_thread_blocked, id=8808, stack(0x048d0000,0x04920000)]
  0x00e23400 JavaThread "Finalizer" daemon [_thread_blocked, id=5172, stack(0x04810000,0x04860000)]
  0x00e1e400 JavaThread "Reference Handler" daemon [_thread_blocked, id=7856, stack(0x02480000,0x024d0000)]

Other Threads:
  0x00e1c800 VMThread [stack: 0x02420000,0x02470000] [id=7860]
  0x00ead000 WatcherThread [stack: 0x04c10000,0x04c60000] [id=6084]

VM state:not at safepoint (normal execution)

VM Mutex/Monitor currently owned by a thread: None

Heap
 def new generation   total 4928K, used 1156K [0x24400000, 0x24950000, 0x29950000)
  eden space 4416K,  26% used [0x24400000, 0x245211b0, 0x24850000)
  from space 512K,   0% used [0x24850000, 0x24850000, 0x248d0000)
  to   space 512K,   0% used [0x248d0000, 0x248d0000, 0x24950000)
 tenured generation   total 10944K, used 0K [0x29950000, 0x2a400000, 0x34400000)
   the space 10944K,   0% used [0x29950000, 0x29950000, 0x29950200, 0x2a400000)
 compacting perm gen  total 12288K, used 350K [0x34400000, 0x35000000, 0x38400000)
   the space 12288K,   2% used [0x34400000, 0x34457a90, 0x34457c00, 0x35000000)
    ro space 10240K,  44% used [0x38400000, 0x3887a7a8, 0x3887a800, 0x38e00000)
    rw space 12288K,  52% used [0x38e00000, 0x39451db0, 0x39451e00, 0x39a00000)

Card table byte_map: [0x007e0000,0x00890000] byte_map_base: 0x006be000

Polling page: 0x00160000

Code Cache  [0x025f0000, 0x02698000, 0x045f0000)
 total_blobs=192 nmethods=30 adapters=100 free_code_cache=32102Kb largest_free_block=32872448

Compilation events (10 events):
Event: 0.100 Thread 0x00e92800   26             sun.net.www.ParseUtil::encodePath (336 bytes)
Event: 0.101 Thread 0x00e92800 nmethod 26 0x02694208 code [0x026943b0, 0x02694a58]
Event: 0.101 Thread 0x00e92800   27             sun.nio.cs.UTF_8$Encoder::encode (361 bytes)
Event: 0.102 Thread 0x00e92800 nmethod 27 0x026950c8 code [0x02695220, 0x026956a8]
Event: 0.102 Thread 0x00e92800   28             java.util.jar.Manifest$FastInputStream::readLine (167 bytes)
Event: 0.102 Thread 0x00e92800 nmethod 28 0x02695c88 code [0x02695db0, 0x02696008]
Event: 0.107 Thread 0x00e92800   29             java.lang.Math::min (11 bytes)
Event: 0.107 Thread 0x00e92800 nmethod 29 0x02696248 code [0x02696340, 0x026963b0]
Event: 0.269 Thread 0x00e92800   30             java.lang.String::startsWith (72 bytes)
Event: 0.269 Thread 0x00e92800 nmethod 30 0x02696408 code [0x02696510, 0x02696650]

GC Heap History (0 events):
No events

Deoptimization events (0 events):
No events

Internal exceptions (10 events):
Event: 0.100 Thread 0x04cd7400 Threw 0x244c3320 at C:\re\jdk7u60\1081\hotspot\src\share\vm\prims\jvm.cpp:1244
Event: 0.104 Thread 0x04cd7400 Threw 0x244d4b28 at C:\re\jdk7u60\1081\hotspot\src\share\vm\prims\jvm.cpp:1244
Event: 0.107 Thread 0x04cd7400 Threw 0x244f50d8 at C:\re\jdk7u60\1081\hotspot\src\share\vm\prims\jvm.cpp:1244
Event: 0.108 Thread 0x04cd7400 Threw 0x244f7dc8 at C:\re\jdk7u60\1081\hotspot\src\share\vm\prims\jvm.cpp:1244
Event: 0.108 Thread 0x04cd7400 Threw 0x244fa270 at C:\re\jdk7u60\1081\hotspot\src\share\vm\prims\jvm.cpp:1244
Event: 0.109 Thread 0x04cd7400 Threw 0x244fbee0 at C:\re\jdk7u60\1081\hotspot\src\share\vm\prims\jvm.cpp:1244
Event: 0.109 Thread 0x04cd7400 Threw 0x244fdff8 at C:\re\jdk7u60\1081\hotspot\src\share\vm\prims\jvm.cpp:1244
Event: 0.267 Thread 0x04cd7400 Threw 0x24500e50 at C:\re\jdk7u60\1081\hotspot\src\share\vm\prims\jvm.cpp:1244
Event: 0.269 Thread 0x04cd7400 Threw 0x24506ca0 at C:\re\jdk7u60\1081\hotspot\src\share\vm\prims\jvm.cpp:1244
Event: 0.269 Thread 0x04cd7400 Threw 0x24508bf8 at C:\re\jdk7u60\1081\hotspot\src\share\vm\prims\jvm.cpp:1244

Events (10 events):
Event: 0.109 loading class 0x04cdf3d8
Event: 0.109 loading class 0x04cdf3d8 done
Event: 0.109 loading class 0x00e1bc60
Event: 0.109 loading class 0x00e1bc60 done
Event: 0.267 loading class 0x00ed3cf8
Event: 0.267 loading class 0x00ed3cf8 done
Event: 0.269 loading class 0x00e1bdb0
Event: 0.269 loading class 0x00e1bdb0 done
Event: 0.269 loading class 0x00ea3e00
Event: 0.269 loading class 0x00ea3e00 done


Dynamic libraries:
0x00f90000 - 0x00fbf000 	C:\Program Files (x86)\Java\jdk1.7.0_60\bin\java.exe
0x77a80000 - 0x77c00000 	C:\Windows\SysWOW64\ntdll.dll
0x76500000 - 0x76610000 	C:\Windows\syswow64\kernel32.dll
0x75620000 - 0x75667000 	C:\Windows\syswow64\KERNELBASE.dll
0x775e0000 - 0x77680000 	C:\Windows\syswow64\ADVAPI32.dll
0x757e0000 - 0x7588c000 	C:\Windows\syswow64\msvcrt.dll
0x76f40000 - 0x76f59000 	C:\Windows\SysWOW64\sechost.dll
0x774e0000 - 0x775d0000 	C:\Windows\syswow64\RPCRT4.dll
0x75410000 - 0x75470000 	C:\Windows\syswow64\SspiCli.dll
0x75400000 - 0x7540c000 	C:\Windows\syswow64\CRYPTBASE.dll
0x76de0000 - 0x76ee0000 	C:\Windows\syswow64\USER32.dll
0x76d50000 - 0x76de0000 	C:\Windows\syswow64\GDI32.dll
0x775d0000 - 0x775da000 	C:\Windows\syswow64\LPK.dll
0x75740000 - 0x757dd000 	C:\Windows\syswow64\USP10.dll
0x72d70000 - 0x72f0e000 	C:\Windows\WinSxS\x86_microsoft.windows.common-controls_6595b64144ccf1df_6.0.7601.17514_none_41e6975e2bd6f2b2\COMCTL32.dll
0x76620000 - 0x76677000 	C:\Windows\syswow64\SHLWAPI.dll
0x76ee0000 - 0x76f40000 	C:\Windows\system32\IMM32.DLL
0x76f70000 - 0x7703c000 	C:\Windows\syswow64\MSCTF.dll
0x739d0000 - 0x73a8f000 	C:\Program Files (x86)\Java\jdk1.7.0_60\jre\bin\msvcr100.dll
0x6e340000 - 0x6e6c8000 	C:\Program Files (x86)\Java\jdk1.7.0_60\jre\bin\client\jvm.dll
0x73850000 - 0x73857000 	C:\Windows\system32\WSOCK32.dll
0x76b40000 - 0x76b75000 	C:\Windows\syswow64\WS2_32.dll
0x758a0000 - 0x758a6000 	C:\Windows\syswow64\NSI.dll
0x73020000 - 0x73052000 	C:\Windows\system32\WINMM.dll
0x75890000 - 0x75895000 	C:\Windows\syswow64\PSAPI.DLL
0x74cd0000 - 0x74cdc000 	C:\Program Files (x86)\Java\jdk1.7.0_60\jre\bin\verify.dll
0x74a30000 - 0x74a50000 	C:\Program Files (x86)\Java\jdk1.7.0_60\jre\bin\java.dll
0x73b70000 - 0x73b83000 	C:\Program Files (x86)\Java\jdk1.7.0_60\jre\bin\zip.dll
0x70440000 - 0x70583000 	C:\Program Files (x86)\Java\jdk1.7.0_60\jre\bin\awt.dll
0x77040000 - 0x770cf000 	C:\Windows\syswow64\OLEAUT32.dll
0x76b90000 - 0x76cec000 	C:\Windows\syswow64\ole32.dll
0x10000000 - 0x10012000 	C:\Program Files (x86)\RocketDock\RocketDock.dll
0x74aa0000 - 0x74aaa000 	C:\Program Files (x86)\Yandex\Punto Switcher\pshook.dll
0x755d0000 - 0x755fb000 	C:\Windows\syswow64\imagehlp.dll
0x008a0000 - 0x008b8000 	C:\Program Files (x86)\Java\jdk1.7.0_60\bin\jacob.dll
0x770d0000 - 0x77153000 	C:\Windows\syswow64\CLBCatQ.DLL
0x734b0000 - 0x734c7000 	C:\Windows\system32\CRYPTSP.dll
0x73470000 - 0x734ab000 	C:\Windows\system32\rsaenh.dll
0x73210000 - 0x7321e000 	C:\Windows\system32\RpcRtRemote.dll
0x73380000 - 0x7346b000 	C:\Windows\system32\dbghelp.dll

VM Arguments:
jvm_args: -Dfile.encoding=UTF-8 
java_command: main.ShopMain
Launcher Type: SUN_STANDARD

Environment Variables:
PATH=C:\Program Files (x86)\PC Connectivity Solution\;C:\Program Files (x86)\HP SimplePass 2012\;C:\Program Files (x86)\AMD APP\bin\x86_64;C:\Program Files (x86)\AMD APP\bin\x86;C:\Windows\system32;C:\Windows;C:\Windows\System32\Wbem;C:\Windows\System32\WindowsPowerShell\v1.0\;C:\Program Files (x86)\ATI Technologies\ATI.ACE\Core-Static;C:\MySQL\MySQL Utilities\;C:\MySQL\MySQL Utilities\Doctrine extensions for PHP\;C:\WEB\nodejs\;C:\WEB\ant\;C:\WEB\ant\\bin;C:\Program Files (x86)\Java\jdk1.7.0_60\bin\;C:\Program Files (x86)\Skype\Phone\;C:\Users\alik\AppData\Roaming\npm
USERNAME=alik
OS=Windows_NT
PROCESSOR_IDENTIFIER=Intel64 Family 6 Model 42 Stepping 7, GenuineIntel



---------------  S Y S T E M  ---------------

OS: Windows 7 , 64 bit Build 7601 Service Pack 1

CPU:total 4 (2 cores per cpu, 2 threads per core) family 6 model 42 stepping 7, cmov, cx8, fxsr, mmx, sse, sse2, sse3, ssse3, sse4.1, sse4.2, popcnt, avx, ht, tsc, tscinvbit

Memory: 4k page, physical 4140912k(1828576k free), swap 8279968k(4190852k free)

vm_info: Java HotSpot(TM) Client VM (24.60-b09) for windows-x86 JRE (1.7.0_60-b19), built on May  7 2014 13:09:52 by "java_re" with unknown MS VC++:1600

time: Thu Apr 16 11:43:03 2015
elapsed time: 0 seconds

