апр 17, 2015 8:29:32 PM main.MyUtil errorToLog
SEVERE: Exception:
java.text.ParseException: Format.parseObject(String) failed
	at java.text.Format.parseObject(Format.java:245)
	at javax.swing.text.NumberFormatter.stringToValue(NumberFormatter.java:163)
	at javax.swing.text.InternationalFormatter.stringToValue(InternationalFormatter.java:320)
	at javax.swing.JFormattedTextField.commitEdit(JFormattedTextField.java:530)
	at forms.FrmQuantity.jFormattedTextField1ActionPerformed(FrmQuantity.java:43)
	at forms.FrmQuantity.jFormattedTextField1FocusLost(FrmQuantity.java:285)
	at forms.FrmQuantity.access$600(FrmQuantity.java:23)
	at forms.FrmQuantity$2.focusLost(FrmQuantity.java:183)
	at java.awt.AWTEventMulticaster.focusLost(AWTEventMulticaster.java:230)
	at java.awt.AWTEventMulticaster.focusLost(AWTEventMulticaster.java:229)
	at java.awt.Component.processFocusEvent(Component.java:6408)
	at javax.swing.JFormattedTextField.processFocusEvent(JFormattedTextField.java:613)
	at java.awt.Component.processEvent(Component.java:6272)
	at java.awt.Container.processEvent(Container.java:2229)
	at java.awt.Component.dispatchEventImpl(Component.java:4872)
	at java.awt.Container.dispatchEventImpl(Container.java:2287)
	at java.awt.Component.dispatchEvent(Component.java:4698)
	at java.awt.KeyboardFocusManager.redispatchEvent(KeyboardFocusManager.java:1895)
	at java.awt.DefaultKeyboardFocusManager.typeAheadAssertions(DefaultKeyboardFocusManager.java:947)
	at java.awt.DefaultKeyboardFocusManager.dispatchEvent(DefaultKeyboardFocusManager.java:621)
	at java.awt.Component.dispatchEventImpl(Component.java:4742)
	at java.awt.Container.dispatchEventImpl(Container.java:2287)
	at java.awt.Component.dispatchEvent(Component.java:4698)
	at sun.awt.SunToolkit$1.run(SunToolkit.java:508)
	at java.awt.event.InvocationEvent.dispatch(InvocationEvent.java:312)
	at java.awt.EventQueue.dispatchEventImpl(EventQueue.java:733)
	at java.awt.EventQueue.access$200(EventQueue.java:103)
	at java.awt.EventQueue$3.run(EventQueue.java:694)
	at java.awt.EventQueue$3.run(EventQueue.java:692)
	at java.security.AccessController.doPrivileged(Native Method)
	at java.security.ProtectionDomain$1.doIntersectionPrivilege(ProtectionDomain.java:76)
	at java.awt.EventQueue.dispatchEvent(EventQueue.java:703)
	at java.awt.EventDispatchThread.pumpOneEventForFilters(EventDispatchThread.java:242)
	at java.awt.EventDispatchThread.pumpEventsForFilter(EventDispatchThread.java:161)
	at java.awt.EventDispatchThread.pumpEventsForHierarchy(EventDispatchThread.java:150)
	at java.awt.EventDispatchThread.pumpEvents(EventDispatchThread.java:146)
	at java.awt.EventDispatchThread.pumpEvents(EventDispatchThread.java:138)
	at java.awt.EventDispatchThread.run(EventDispatchThread.java:91)

апр 17, 2015 8:29:41 PM main.MyUtil errorToLog
SEVERE: Exception:
java.text.ParseException: Format.parseObject(String) failed
	at java.text.Format.parseObject(Format.java:245)
	at javax.swing.text.NumberFormatter.stringToValue(NumberFormatter.java:163)
	at javax.swing.text.InternationalFormatter.stringToValue(InternationalFormatter.java:320)
	at javax.swing.JFormattedTextField.commitEdit(JFormattedTextField.java:530)
	at forms.FrmQuantity.jFormattedTextField1ActionPerformed(FrmQuantity.java:43)
	at forms.FrmQuantity.jFormattedTextField1FocusLost(FrmQuantity.java:285)
	at forms.FrmQuantity.access$600(FrmQuantity.java:23)
	at forms.FrmQuantity$2.focusLost(FrmQuantity.java:183)
	at java.awt.AWTEventMulticaster.focusLost(AWTEventMulticaster.java:230)
	at java.awt.AWTEventMulticaster.focusLost(AWTEventMulticaster.java:229)
	at java.awt.Component.processFocusEvent(Component.java:6408)
	at javax.swing.JFormattedTextField.processFocusEvent(JFormattedTextField.java:613)
	at java.awt.Component.processEvent(Component.java:6272)
	at java.awt.Container.processEvent(Container.java:2229)
	at java.awt.Component.dispatchEventImpl(Component.java:4872)
	at java.awt.Container.dispatchEventImpl(Container.java:2287)
	at java.awt.Component.dispatchEvent(Component.java:4698)
	at java.awt.KeyboardFocusManager.redispatchEvent(KeyboardFocusManager.java:1895)
	at java.awt.DefaultKeyboardFocusManager.typeAheadAssertions(DefaultKeyboardFocusManager.java:947)
	at java.awt.DefaultKeyboardFocusManager.dispatchEvent(DefaultKeyboardFocusManager.java:621)
	at java.awt.Component.dispatchEventImpl(Component.java:4742)
	at java.awt.Container.dispatchEventImpl(Container.java:2287)
	at java.awt.Component.dispatchEvent(Component.java:4698)
	at sun.awt.SunToolkit$1.run(SunToolkit.java:508)
	at java.awt.event.InvocationEvent.dispatch(InvocationEvent.java:312)
	at java.awt.EventQueue.dispatchEventImpl(EventQueue.java:733)
	at java.awt.EventQueue.access$200(EventQueue.java:103)
	at java.awt.EventQueue$3.run(EventQueue.java:694)
	at java.awt.EventQueue$3.run(EventQueue.java:692)
	at java.security.AccessController.doPrivileged(Native Method)
	at java.security.ProtectionDomain$1.doIntersectionPrivilege(ProtectionDomain.java:76)
	at java.awt.EventQueue.dispatchEvent(EventQueue.java:703)
	at java.awt.EventDispatchThread.pumpOneEventForFilters(EventDispatchThread.java:242)
	at java.awt.EventDispatchThread.pumpEventsForFilter(EventDispatchThread.java:161)
	at java.awt.EventDispatchThread.pumpEventsForHierarchy(EventDispatchThread.java:150)
	at java.awt.EventDispatchThread.pumpEvents(EventDispatchThread.java:146)
	at java.awt.EventDispatchThread.pumpEvents(EventDispatchThread.java:138)
	at java.awt.EventDispatchThread.run(EventDispatchThread.java:91)

апр 20, 2015 2:10:42 PM main.MyUtil errorToLog
SEVERE: Exception:
java.text.ParseException: Format.parseObject(String) failed
	at java.text.Format.parseObject(Format.java:245)
	at javax.swing.text.NumberFormatter.stringToValue(NumberFormatter.java:163)
	at javax.swing.text.InternationalFormatter.stringToValue(InternationalFormatter.java:320)
	at javax.swing.JFormattedTextField.commitEdit(JFormattedTextField.java:530)
	at forms.FrmQuantity.jFormattedTextField1ActionPerformed(FrmQuantity.java:43)
	at forms.FrmQuantity.jFormattedTextField1FocusLost(FrmQuantity.java:285)
	at forms.FrmQuantity.access$600(FrmQuantity.java:23)
	at forms.FrmQuantity$2.focusLost(FrmQuantity.java:183)
	at java.awt.AWTEventMulticaster.focusLost(AWTEventMulticaster.java:230)
	at java.awt.AWTEventMulticaster.focusLost(AWTEventMulticaster.java:229)
	at java.awt.Component.processFocusEvent(Component.java:6408)
	at javax.swing.JFormattedTextField.processFocusEvent(JFormattedTextField.java:613)
	at java.awt.Component.processEvent(Component.java:6272)
	at java.awt.Container.processEvent(Container.java:2229)
	at java.awt.Component.dispatchEventImpl(Component.java:4872)
	at java.awt.Container.dispatchEventImpl(Container.java:2287)
	at java.awt.Component.dispatchEvent(Component.java:4698)
	at java.awt.KeyboardFocusManager.redispatchEvent(KeyboardFocusManager.java:1895)
	at java.awt.DefaultKeyboardFocusManager.typeAheadAssertions(DefaultKeyboardFocusManager.java:947)
	at java.awt.DefaultKeyboardFocusManager.dispatchEvent(DefaultKeyboardFocusManager.java:621)
	at java.awt.Component.dispatchEventImpl(Component.java:4742)
	at java.awt.Container.dispatchEventImpl(Container.java:2287)
	at java.awt.Component.dispatchEvent(Component.java:4698)
	at sun.awt.SunToolkit$1.run(SunToolkit.java:508)
	at java.awt.event.InvocationEvent.dispatch(InvocationEvent.java:312)
	at java.awt.EventQueue.dispatchEventImpl(EventQueue.java:733)
	at java.awt.EventQueue.access$200(EventQueue.java:103)
	at java.awt.EventQueue$3.run(EventQueue.java:694)
	at java.awt.EventQueue$3.run(EventQueue.java:692)
	at java.security.AccessController.doPrivileged(Native Method)
	at java.security.ProtectionDomain$1.doIntersectionPrivilege(ProtectionDomain.java:76)
	at java.awt.EventQueue.dispatchEvent(EventQueue.java:703)
	at java.awt.EventDispatchThread.pumpOneEventForFilters(EventDispatchThread.java:242)
	at java.awt.EventDispatchThread.pumpEventsForFilter(EventDispatchThread.java:161)
	at java.awt.EventDispatchThread.pumpEventsForHierarchy(EventDispatchThread.java:150)
	at java.awt.EventDispatchThread.pumpEvents(EventDispatchThread.java:146)
	at java.awt.EventDispatchThread.pumpEvents(EventDispatchThread.java:138)
	at java.awt.EventDispatchThread.run(EventDispatchThread.java:91)

апр 20, 2015 2:17:20 PM main.MyUtil errorToLog
SEVERE: Exception:
java.text.ParseException: Format.parseObject(String) failed
	at java.text.Format.parseObject(Format.java:245)
	at javax.swing.text.NumberFormatter.stringToValue(NumberFormatter.java:163)
	at javax.swing.text.InternationalFormatter.stringToValue(InternationalFormatter.java:320)
	at javax.swing.JFormattedTextField.commitEdit(JFormattedTextField.java:530)
	at forms.FrmQuantity.jFormattedTextField1ActionPerformed(FrmQuantity.java:44)
	at forms.FrmQuantity.jFormattedTextField1FocusLost(FrmQuantity.java:287)
	at forms.FrmQuantity.access$600(FrmQuantity.java:23)
	at forms.FrmQuantity$2.focusLost(FrmQuantity.java:185)
	at java.awt.AWTEventMulticaster.focusLost(AWTEventMulticaster.java:230)
	at java.awt.AWTEventMulticaster.focusLost(AWTEventMulticaster.java:229)
	at java.awt.Component.processFocusEvent(Component.java:6408)
	at javax.swing.JFormattedTextField.processFocusEvent(JFormattedTextField.java:613)
	at java.awt.Component.processEvent(Component.java:6272)
	at java.awt.Container.processEvent(Container.java:2229)
	at java.awt.Component.dispatchEventImpl(Component.java:4872)
	at java.awt.Container.dispatchEventImpl(Container.java:2287)
	at java.awt.Component.dispatchEvent(Component.java:4698)
	at java.awt.KeyboardFocusManager.redispatchEvent(KeyboardFocusManager.java:1895)
	at java.awt.DefaultKeyboardFocusManager.typeAheadAssertions(DefaultKeyboardFocusManager.java:947)
	at java.awt.DefaultKeyboardFocusManager.dispatchEvent(DefaultKeyboardFocusManager.java:621)
	at java.awt.Component.dispatchEventImpl(Component.java:4742)
	at java.awt.Container.dispatchEventImpl(Container.java:2287)
	at java.awt.Component.dispatchEvent(Component.java:4698)
	at sun.awt.SunToolkit$1.run(SunToolkit.java:508)
	at java.awt.event.InvocationEvent.dispatch(InvocationEvent.java:312)
	at java.awt.EventQueue.dispatchEventImpl(EventQueue.java:733)
	at java.awt.EventQueue.access$200(EventQueue.java:103)
	at java.awt.EventQueue$3.run(EventQueue.java:694)
	at java.awt.EventQueue$3.run(EventQueue.java:692)
	at java.security.AccessController.doPrivileged(Native Method)
	at java.security.ProtectionDomain$1.doIntersectionPrivilege(ProtectionDomain.java:76)
	at java.awt.EventQueue.dispatchEvent(EventQueue.java:703)
	at java.awt.EventDispatchThread.pumpOneEventForFilters(EventDispatchThread.java:242)
	at java.awt.EventDispatchThread.pumpEventsForFilter(EventDispatchThread.java:161)
	at java.awt.EventDispatchThread.pumpEventsForHierarchy(EventDispatchThread.java:150)
	at java.awt.EventDispatchThread.pumpEvents(EventDispatchThread.java:146)
	at java.awt.EventDispatchThread.pumpEvents(EventDispatchThread.java:138)
	at java.awt.EventDispatchThread.run(EventDispatchThread.java:91)

апр 20, 2015 2:17:26 PM main.MyUtil errorToLog
SEVERE: Exception:
java.text.ParseException: Format.parseObject(String) failed
	at java.text.Format.parseObject(Format.java:245)
	at javax.swing.text.NumberFormatter.stringToValue(NumberFormatter.java:163)
	at javax.swing.text.InternationalFormatter.stringToValue(InternationalFormatter.java:320)
	at javax.swing.JFormattedTextField.commitEdit(JFormattedTextField.java:530)
	at forms.FrmQuantity.jFormattedTextField1ActionPerformed(FrmQuantity.java:44)
	at forms.FrmQuantity.jFormattedTextField1FocusLost(FrmQuantity.java:287)
	at forms.FrmQuantity.access$600(FrmQuantity.java:23)
	at forms.FrmQuantity$2.focusLost(FrmQuantity.java:185)
	at java.awt.AWTEventMulticaster.focusLost(AWTEventMulticaster.java:230)
	at java.awt.AWTEventMulticaster.focusLost(AWTEventMulticaster.java:229)
	at java.awt.Component.processFocusEvent(Component.java:6408)
	at javax.swing.JFormattedTextField.processFocusEvent(JFormattedTextField.java:613)
	at java.awt.Component.processEvent(Component.java:6272)
	at java.awt.Container.processEvent(Container.java:2229)
	at java.awt.Component.dispatchEventImpl(Component.java:4872)
	at java.awt.Container.dispatchEventImpl(Container.java:2287)
	at java.awt.Component.dispatchEvent(Component.java:4698)
	at java.awt.KeyboardFocusManager.redispatchEvent(KeyboardFocusManager.java:1895)
	at java.awt.DefaultKeyboardFocusManager.typeAheadAssertions(DefaultKeyboardFocusManager.java:947)
	at java.awt.DefaultKeyboardFocusManager.dispatchEvent(DefaultKeyboardFocusManager.java:621)
	at java.awt.Component.dispatchEventImpl(Component.java:4742)
	at java.awt.Container.dispatchEventImpl(Container.java:2287)
	at java.awt.Component.dispatchEvent(Component.java:4698)
	at sun.awt.SunToolkit$1.run(SunToolkit.java:508)
	at java.awt.event.InvocationEvent.dispatch(InvocationEvent.java:312)
	at java.awt.EventQueue.dispatchEventImpl(EventQueue.java:733)
	at java.awt.EventQueue.access$200(EventQueue.java:103)
	at java.awt.EventQueue$3.run(EventQueue.java:694)
	at java.awt.EventQueue$3.run(EventQueue.java:692)
	at java.security.AccessController.doPrivileged(Native Method)
	at java.security.ProtectionDomain$1.doIntersectionPrivilege(ProtectionDomain.java:76)
	at java.awt.EventQueue.dispatchEvent(EventQueue.java:703)
	at java.awt.EventDispatchThread.pumpOneEventForFilters(EventDispatchThread.java:242)
	at java.awt.EventDispatchThread.pumpEventsForFilter(EventDispatchThread.java:161)
	at java.awt.EventDispatchThread.pumpEventsForHierarchy(EventDispatchThread.java:150)
	at java.awt.EventDispatchThread.pumpEvents(EventDispatchThread.java:146)
	at java.awt.EventDispatchThread.pumpEvents(EventDispatchThread.java:138)
	at java.awt.EventDispatchThread.run(EventDispatchThread.java:91)

апр 20, 2015 2:18:17 PM main.MyUtil errorToLog
SEVERE: Exception:
java.text.ParseException: Format.parseObject(String) failed
	at java.text.Format.parseObject(Format.java:245)
	at javax.swing.text.NumberFormatter.stringToValue(NumberFormatter.java:163)
	at javax.swing.text.InternationalFormatter.stringToValue(InternationalFormatter.java:320)
	at javax.swing.JFormattedTextField.commitEdit(JFormattedTextField.java:530)
	at forms.FrmQuantity.jFormattedTextField1ActionPerformed(FrmQuantity.java:44)
	at forms.FrmQuantity.jFormattedTextField1FocusLost(FrmQuantity.java:287)
	at forms.FrmQuantity.access$600(FrmQuantity.java:23)
	at forms.FrmQuantity$2.focusLost(FrmQuantity.java:185)
	at java.awt.AWTEventMulticaster.focusLost(AWTEventMulticaster.java:230)
	at java.awt.AWTEventMulticaster.focusLost(AWTEventMulticaster.java:229)
	at java.awt.Component.processFocusEvent(Component.java:6408)
	at javax.swing.JFormattedTextField.processFocusEvent(JFormattedTextField.java:613)
	at java.awt.Component.processEvent(Component.java:6272)
	at java.awt.Container.processEvent(Container.java:2229)
	at java.awt.Component.dispatchEventImpl(Component.java:4872)
	at java.awt.Container.dispatchEventImpl(Container.java:2287)
	at java.awt.Component.dispatchEvent(Component.java:4698)
	at java.awt.KeyboardFocusManager.redispatchEvent(KeyboardFocusManager.java:1895)
	at java.awt.DefaultKeyboardFocusManager.typeAheadAssertions(DefaultKeyboardFocusManager.java:947)
	at java.awt.DefaultKeyboardFocusManager.dispatchEvent(DefaultKeyboardFocusManager.java:621)
	at java.awt.Component.dispatchEventImpl(Component.java:4742)
	at java.awt.Container.dispatchEventImpl(Container.java:2287)
	at java.awt.Component.dispatchEvent(Component.java:4698)
	at sun.awt.SunToolkit$1.run(SunToolkit.java:508)
	at java.awt.event.InvocationEvent.dispatch(InvocationEvent.java:312)
	at java.awt.EventQueue.dispatchEventImpl(EventQueue.java:733)
	at java.awt.EventQueue.access$200(EventQueue.java:103)
	at java.awt.EventQueue$3.run(EventQueue.java:694)
	at java.awt.EventQueue$3.run(EventQueue.java:692)
	at java.security.AccessController.doPrivileged(Native Method)
	at java.security.ProtectionDomain$1.doIntersectionPrivilege(ProtectionDomain.java:76)
	at java.awt.EventQueue.dispatchEvent(EventQueue.java:703)
	at java.awt.EventDispatchThread.pumpOneEventForFilters(EventDispatchThread.java:242)
	at java.awt.EventDispatchThread.pumpEventsForFilter(EventDispatchThread.java:161)
	at java.awt.EventDispatchThread.pumpEventsForHierarchy(EventDispatchThread.java:150)
	at java.awt.EventDispatchThread.pumpEvents(EventDispatchThread.java:146)
	at java.awt.EventDispatchThread.pumpEvents(EventDispatchThread.java:138)
	at java.awt.EventDispatchThread.run(EventDispatchThread.java:91)

апр 20, 2015 2:18:20 PM main.MyUtil errorToLog
SEVERE: Exception:
java.text.ParseException: Format.parseObject(String) failed
	at java.text.Format.parseObject(Format.java:245)
	at javax.swing.text.NumberFormatter.stringToValue(NumberFormatter.java:163)
	at javax.swing.text.InternationalFormatter.stringToValue(InternationalFormatter.java:320)
	at javax.swing.JFormattedTextField.commitEdit(JFormattedTextField.java:530)
	at forms.FrmQuantity.jFormattedTextField1ActionPerformed(FrmQuantity.java:44)
	at forms.FrmQuantity.jFormattedTextField1FocusLost(FrmQuantity.java:287)
	at forms.FrmQuantity.access$600(FrmQuantity.java:23)
	at forms.FrmQuantity$2.focusLost(FrmQuantity.java:185)
	at java.awt.AWTEventMulticaster.focusLost(AWTEventMulticaster.java:230)
	at java.awt.AWTEventMulticaster.focusLost(AWTEventMulticaster.java:229)
	at java.awt.Component.processFocusEvent(Component.java:6408)
	at javax.swing.JFormattedTextField.processFocusEvent(JFormattedTextField.java:613)
	at java.awt.Component.processEvent(Component.java:6272)
	at java.awt.Container.processEvent(Container.java:2229)
	at java.awt.Component.dispatchEventImpl(Component.java:4872)
	at java.awt.Container.dispatchEventImpl(Container.java:2287)
	at java.awt.Component.dispatchEvent(Component.java:4698)
	at java.awt.KeyboardFocusManager.redispatchEvent(KeyboardFocusManager.java:1895)
	at java.awt.DefaultKeyboardFocusManager.typeAheadAssertions(DefaultKeyboardFocusManager.java:947)
	at java.awt.DefaultKeyboardFocusManager.dispatchEvent(DefaultKeyboardFocusManager.java:621)
	at java.awt.Component.dispatchEventImpl(Component.java:4742)
	at java.awt.Container.dispatchEventImpl(Container.java:2287)
	at java.awt.Component.dispatchEvent(Component.java:4698)
	at sun.awt.SunToolkit$1.run(SunToolkit.java:508)
	at java.awt.event.InvocationEvent.dispatch(InvocationEvent.java:312)
	at java.awt.EventQueue.dispatchEventImpl(EventQueue.java:733)
	at java.awt.EventQueue.access$200(EventQueue.java:103)
	at java.awt.EventQueue$3.run(EventQueue.java:694)
	at java.awt.EventQueue$3.run(EventQueue.java:692)
	at java.security.AccessController.doPrivileged(Native Method)
	at java.security.ProtectionDomain$1.doIntersectionPrivilege(ProtectionDomain.java:76)
	at java.awt.EventQueue.dispatchEvent(EventQueue.java:703)
	at java.awt.EventDispatchThread.pumpOneEventForFilters(EventDispatchThread.java:242)
	at java.awt.EventDispatchThread.pumpEventsForFilter(EventDispatchThread.java:161)
	at java.awt.EventDispatchThread.pumpEventsForHierarchy(EventDispatchThread.java:150)
	at java.awt.EventDispatchThread.pumpEvents(EventDispatchThread.java:146)
	at java.awt.EventDispatchThread.pumpEvents(EventDispatchThread.java:138)
	at java.awt.EventDispatchThread.run(EventDispatchThread.java:91)

апр 20, 2015 2:30:32 PM main.MyUtil errorToLog
SEVERE: Exception:
java.text.ParseException: Format.parseObject(String) failed
	at java.text.Format.parseObject(Format.java:245)
	at javax.swing.text.NumberFormatter.stringToValue(NumberFormatter.java:163)
	at javax.swing.text.InternationalFormatter.stringToValue(InternationalFormatter.java:320)
	at javax.swing.JFormattedTextField.commitEdit(JFormattedTextField.java:530)
	at forms.FrmQuantity.jFormattedTextField1ActionPerformed(FrmQuantity.java:44)
	at forms.FrmQuantity.jFormattedTextField1FocusLost(FrmQuantity.java:287)
	at forms.FrmQuantity.access$600(FrmQuantity.java:23)
	at forms.FrmQuantity$2.focusLost(FrmQuantity.java:185)
	at java.awt.AWTEventMulticaster.focusLost(AWTEventMulticaster.java:230)
	at java.awt.AWTEventMulticaster.focusLost(AWTEventMulticaster.java:229)
	at java.awt.Component.processFocusEvent(Component.java:6408)
	at javax.swing.JFormattedTextField.processFocusEvent(JFormattedTextField.java:613)
	at java.awt.Component.processEvent(Component.java:6272)
	at java.awt.Container.processEvent(Container.java:2229)
	at java.awt.Component.dispatchEventImpl(Component.java:4872)
	at java.awt.Container.dispatchEventImpl(Container.java:2287)
	at java.awt.Component.dispatchEvent(Component.java:4698)
	at java.awt.KeyboardFocusManager.redispatchEvent(KeyboardFocusManager.java:1895)
	at java.awt.DefaultKeyboardFocusManager.typeAheadAssertions(DefaultKeyboardFocusManager.java:947)
	at java.awt.DefaultKeyboardFocusManager.dispatchEvent(DefaultKeyboardFocusManager.java:621)
	at java.awt.Component.dispatchEventImpl(Component.java:4742)
	at java.awt.Container.dispatchEventImpl(Container.java:2287)
	at java.awt.Component.dispatchEvent(Component.java:4698)
	at sun.awt.SunToolkit$1.run(SunToolkit.java:508)
	at java.awt.event.InvocationEvent.dispatch(InvocationEvent.java:312)
	at java.awt.EventQueue.dispatchEventImpl(EventQueue.java:733)
	at java.awt.EventQueue.access$200(EventQueue.java:103)
	at java.awt.EventQueue$3.run(EventQueue.java:694)
	at java.awt.EventQueue$3.run(EventQueue.java:692)
	at java.security.AccessController.doPrivileged(Native Method)
	at java.security.ProtectionDomain$1.doIntersectionPrivilege(ProtectionDomain.java:76)
	at java.awt.EventQueue.dispatchEvent(EventQueue.java:703)
	at java.awt.EventDispatchThread.pumpOneEventForFilters(EventDispatchThread.java:242)
	at java.awt.EventDispatchThread.pumpEventsForFilter(EventDispatchThread.java:161)
	at java.awt.EventDispatchThread.pumpEventsForHierarchy(EventDispatchThread.java:150)
	at java.awt.EventDispatchThread.pumpEvents(EventDispatchThread.java:146)
	at java.awt.EventDispatchThread.pumpEvents(EventDispatchThread.java:138)
	at java.awt.EventDispatchThread.run(EventDispatchThread.java:91)

апр 20, 2015 2:31:12 PM main.MyUtil errorToLog
SEVERE: Exception:
java.text.ParseException: Format.parseObject(String) failed
	at java.text.Format.parseObject(Format.java:245)
	at javax.swing.text.NumberFormatter.stringToValue(NumberFormatter.java:163)
	at javax.swing.text.InternationalFormatter.stringToValue(InternationalFormatter.java:320)
	at javax.swing.JFormattedTextField.commitEdit(JFormattedTextField.java:530)
	at forms.FrmQuantity.jFormattedTextField1ActionPerformed(FrmQuantity.java:44)
	at forms.FrmQuantity.jFormattedTextField1FocusLost(FrmQuantity.java:287)
	at forms.FrmQuantity.access$600(FrmQuantity.java:23)
	at forms.FrmQuantity$2.focusLost(FrmQuantity.java:185)
	at java.awt.AWTEventMulticaster.focusLost(AWTEventMulticaster.java:230)
	at java.awt.AWTEventMulticaster.focusLost(AWTEventMulticaster.java:229)
	at java.awt.Component.processFocusEvent(Component.java:6408)
	at javax.swing.JFormattedTextField.processFocusEvent(JFormattedTextField.java:613)
	at java.awt.Component.processEvent(Component.java:6272)
	at java.awt.Container.processEvent(Container.java:2229)
	at java.awt.Component.dispatchEventImpl(Component.java:4872)
	at java.awt.Container.dispatchEventImpl(Container.java:2287)
	at java.awt.Component.dispatchEvent(Component.java:4698)
	at java.awt.KeyboardFocusManager.redispatchEvent(KeyboardFocusManager.java:1895)
	at java.awt.DefaultKeyboardFocusManager.typeAheadAssertions(DefaultKeyboardFocusManager.java:947)
	at java.awt.DefaultKeyboardFocusManager.dispatchEvent(DefaultKeyboardFocusManager.java:621)
	at java.awt.Component.dispatchEventImpl(Component.java:4742)
	at java.awt.Container.dispatchEventImpl(Container.java:2287)
	at java.awt.Component.dispatchEvent(Component.java:4698)
	at sun.awt.SunToolkit$1.run(SunToolkit.java:508)
	at java.awt.event.InvocationEvent.dispatch(InvocationEvent.java:312)
	at java.awt.EventQueue.dispatchEventImpl(EventQueue.java:733)
	at java.awt.EventQueue.access$200(EventQueue.java:103)
	at java.awt.EventQueue$3.run(EventQueue.java:694)
	at java.awt.EventQueue$3.run(EventQueue.java:692)
	at java.security.AccessController.doPrivileged(Native Method)
	at java.security.ProtectionDomain$1.doIntersectionPrivilege(ProtectionDomain.java:76)
	at java.awt.EventQueue.dispatchEvent(EventQueue.java:703)
	at java.awt.EventDispatchThread.pumpOneEventForFilters(EventDispatchThread.java:242)
	at java.awt.EventDispatchThread.pumpEventsForFilter(EventDispatchThread.java:161)
	at java.awt.EventDispatchThread.pumpEventsForHierarchy(EventDispatchThread.java:150)
	at java.awt.EventDispatchThread.pumpEvents(EventDispatchThread.java:146)
	at java.awt.EventDispatchThread.pumpEvents(EventDispatchThread.java:138)
	at java.awt.EventDispatchThread.run(EventDispatchThread.java:91)

апр 20, 2015 2:32:11 PM main.MyUtil errorToLog
SEVERE: Exception:
java.text.ParseException: Format.parseObject(String) failed
	at java.text.Format.parseObject(Format.java:245)
	at javax.swing.text.NumberFormatter.stringToValue(NumberFormatter.java:163)
	at javax.swing.text.InternationalFormatter.stringToValue(InternationalFormatter.java:320)
	at javax.swing.JFormattedTextField.commitEdit(JFormattedTextField.java:530)
	at forms.FrmQuantity.jFormattedTextField1ActionPerformed(FrmQuantity.java:44)
	at forms.FrmQuantity.jFormattedTextField1FocusLost(FrmQuantity.java:287)
	at forms.FrmQuantity.access$600(FrmQuantity.java:23)
	at forms.FrmQuantity$2.focusLost(FrmQuantity.java:185)
	at java.awt.AWTEventMulticaster.focusLost(AWTEventMulticaster.java:230)
	at java.awt.AWTEventMulticaster.focusLost(AWTEventMulticaster.java:229)
	at java.awt.Component.processFocusEvent(Component.java:6408)
	at javax.swing.JFormattedTextField.processFocusEvent(JFormattedTextField.java:613)
	at java.awt.Component.processEvent(Component.java:6272)
	at java.awt.Container.processEvent(Container.java:2229)
	at java.awt.Component.dispatchEventImpl(Component.java:4872)
	at java.awt.Container.dispatchEventImpl(Container.java:2287)
	at java.awt.Component.dispatchEvent(Component.java:4698)
	at java.awt.KeyboardFocusManager.redispatchEvent(KeyboardFocusManager.java:1895)
	at java.awt.DefaultKeyboardFocusManager.typeAheadAssertions(DefaultKeyboardFocusManager.java:947)
	at java.awt.DefaultKeyboardFocusManager.dispatchEvent(DefaultKeyboardFocusManager.java:621)
	at java.awt.Component.dispatchEventImpl(Component.java:4742)
	at java.awt.Container.dispatchEventImpl(Container.java:2287)
	at java.awt.Component.dispatchEvent(Component.java:4698)
	at sun.awt.SunToolkit$1.run(SunToolkit.java:508)
	at java.awt.event.InvocationEvent.dispatch(InvocationEvent.java:312)
	at java.awt.EventQueue.dispatchEventImpl(EventQueue.java:733)
	at java.awt.EventQueue.access$200(EventQueue.java:103)
	at java.awt.EventQueue$3.run(EventQueue.java:694)
	at java.awt.EventQueue$3.run(EventQueue.java:692)
	at java.security.AccessController.doPrivileged(Native Method)
	at java.security.ProtectionDomain$1.doIntersectionPrivilege(ProtectionDomain.java:76)
	at java.awt.EventQueue.dispatchEvent(EventQueue.java:703)
	at java.awt.EventDispatchThread.pumpOneEventForFilters(EventDispatchThread.java:242)
	at java.awt.EventDispatchThread.pumpEventsForFilter(EventDispatchThread.java:161)
	at java.awt.EventDispatchThread.pumpEventsForHierarchy(EventDispatchThread.java:150)
	at java.awt.EventDispatchThread.pumpEvents(EventDispatchThread.java:146)
	at java.awt.EventDispatchThread.pumpEvents(EventDispatchThread.java:138)
	at java.awt.EventDispatchThread.run(EventDispatchThread.java:91)

апр 20, 2015 2:36:59 PM main.MyUtil errorToLog
SEVERE: Exception:
java.text.ParseException: Format.parseObject(String) failed
	at java.text.Format.parseObject(Format.java:245)
	at javax.swing.text.NumberFormatter.stringToValue(NumberFormatter.java:163)
	at javax.swing.text.InternationalFormatter.stringToValue(InternationalFormatter.java:320)
	at javax.swing.JFormattedTextField.commitEdit(JFormattedTextField.java:530)
	at forms.FrmQuantity.jFormattedTextField1ActionPerformed(FrmQuantity.java:44)
	at forms.FrmQuantity.jFormattedTextField1FocusLost(FrmQuantity.java:287)
	at forms.FrmQuantity.access$600(FrmQuantity.java:23)
	at forms.FrmQuantity$2.focusLost(FrmQuantity.java:185)
	at java.awt.AWTEventMulticaster.focusLost(AWTEventMulticaster.java:230)
	at java.awt.AWTEventMulticaster.focusLost(AWTEventMulticaster.java:229)
	at java.awt.Component.processFocusEvent(Component.java:6408)
	at javax.swing.JFormattedTextField.processFocusEvent(JFormattedTextField.java:613)
	at java.awt.Component.processEvent(Component.java:6272)
	at java.awt.Container.processEvent(Container.java:2229)
	at java.awt.Component.dispatchEventImpl(Component.java:4872)
	at java.awt.Container.dispatchEventImpl(Container.java:2287)
	at java.awt.Component.dispatchEvent(Component.java:4698)
	at java.awt.KeyboardFocusManager.redispatchEvent(KeyboardFocusManager.java:1895)
	at java.awt.DefaultKeyboardFocusManager.typeAheadAssertions(DefaultKeyboardFocusManager.java:947)
	at java.awt.DefaultKeyboardFocusManager.dispatchEvent(DefaultKeyboardFocusManager.java:621)
	at java.awt.Component.dispatchEventImpl(Component.java:4742)
	at java.awt.Container.dispatchEventImpl(Container.java:2287)
	at java.awt.Component.dispatchEvent(Component.java:4698)
	at sun.awt.SunToolkit$1.run(SunToolkit.java:508)
	at java.awt.event.InvocationEvent.dispatch(InvocationEvent.java:312)
	at java.awt.EventQueue.dispatchEventImpl(EventQueue.java:733)
	at java.awt.EventQueue.access$200(EventQueue.java:103)
	at java.awt.EventQueue$3.run(EventQueue.java:694)
	at java.awt.EventQueue$3.run(EventQueue.java:692)
	at java.security.AccessController.doPrivileged(Native Method)
	at java.security.ProtectionDomain$1.doIntersectionPrivilege(ProtectionDomain.java:76)
	at java.awt.EventQueue.dispatchEvent(EventQueue.java:703)
	at java.awt.EventDispatchThread.pumpOneEventForFilters(EventDispatchThread.java:242)
	at java.awt.EventDispatchThread.pumpEventsForFilter(EventDispatchThread.java:161)
	at java.awt.EventDispatchThread.pumpEventsForHierarchy(EventDispatchThread.java:150)
	at java.awt.EventDispatchThread.pumpEvents(EventDispatchThread.java:146)
	at java.awt.EventDispatchThread.pumpEvents(EventDispatchThread.java:138)
	at java.awt.EventDispatchThread.run(EventDispatchThread.java:91)

апр 20, 2015 3:48:01 PM main.MyUtil errorToLog
SEVERE: Exception:
java.text.ParseException: Format.parseObject(String) failed
	at java.text.Format.parseObject(Format.java:245)
	at javax.swing.text.NumberFormatter.stringToValue(NumberFormatter.java:163)
	at javax.swing.text.InternationalFormatter.stringToValue(InternationalFormatter.java:320)
	at javax.swing.JFormattedTextField.commitEdit(JFormattedTextField.java:530)
	at forms.FrmQuantity.jFormattedTextField1ActionPerformed(FrmQuantity.java:45)
	at forms.FrmQuantity.jFormattedTextField1FocusLost(FrmQuantity.java:291)
	at forms.FrmQuantity.access$600(FrmQuantity.java:23)
	at forms.FrmQuantity$2.focusLost(FrmQuantity.java:189)
	at java.awt.AWTEventMulticaster.focusLost(AWTEventMulticaster.java:230)
	at java.awt.AWTEventMulticaster.focusLost(AWTEventMulticaster.java:229)
	at java.awt.Component.processFocusEvent(Component.java:6408)
	at javax.swing.JFormattedTextField.processFocusEvent(JFormattedTextField.java:613)
	at java.awt.Component.processEvent(Component.java:6272)
	at java.awt.Container.processEvent(Container.java:2229)
	at java.awt.Component.dispatchEventImpl(Component.java:4872)
	at java.awt.Container.dispatchEventImpl(Container.java:2287)
	at java.awt.Component.dispatchEvent(Component.java:4698)
	at java.awt.KeyboardFocusManager.redispatchEvent(KeyboardFocusManager.java:1895)
	at java.awt.DefaultKeyboardFocusManager.typeAheadAssertions(DefaultKeyboardFocusManager.java:947)
	at java.awt.DefaultKeyboardFocusManager.dispatchEvent(DefaultKeyboardFocusManager.java:621)
	at java.awt.Component.dispatchEventImpl(Component.java:4742)
	at java.awt.Container.dispatchEventImpl(Container.java:2287)
	at java.awt.Component.dispatchEvent(Component.java:4698)
	at sun.awt.SunToolkit$1.run(SunToolkit.java:508)
	at java.awt.event.InvocationEvent.dispatch(InvocationEvent.java:312)
	at java.awt.EventQueue.dispatchEventImpl(EventQueue.java:733)
	at java.awt.EventQueue.access$200(EventQueue.java:103)
	at java.awt.EventQueue$3.run(EventQueue.java:694)
	at java.awt.EventQueue$3.run(EventQueue.java:692)
	at java.security.AccessController.doPrivileged(Native Method)
	at java.security.ProtectionDomain$1.doIntersectionPrivilege(ProtectionDomain.java:76)
	at java.awt.EventQueue.dispatchEvent(EventQueue.java:703)
	at java.awt.EventDispatchThread.pumpOneEventForFilters(EventDispatchThread.java:242)
	at java.awt.EventDispatchThread.pumpEventsForFilter(EventDispatchThread.java:161)
	at java.awt.EventDispatchThread.pumpEventsForHierarchy(EventDispatchThread.java:150)
	at java.awt.EventDispatchThread.pumpEvents(EventDispatchThread.java:146)
	at java.awt.EventDispatchThread.pumpEvents(EventDispatchThread.java:138)
	at java.awt.EventDispatchThread.run(EventDispatchThread.java:91)

