мая 02, 2017 5:33:46 PM main.MyUtil errorToLog
SEVERE: Exception:
java.io.FileNotFoundException: given file does not exist: ..\shop-k\data.mdb
	at com.healthmarketscience.jackcess.impl.DatabaseImpl.open(DatabaseImpl.java:372)
	at com.healthmarketscience.jackcess.DatabaseBuilder.open(DatabaseBuilder.java:252)
	at com.healthmarketscience.jackcess.DatabaseBuilder.open(DatabaseBuilder.java:291)
	at forms.FrmOffline.requeryListOffline(FrmOffline.java:131)
	at forms.FrmOffline.<init>(FrmOffline.java:50)
	at main.ShopMain$1.run(ShopMain.java:146)
	at java.awt.event.InvocationEvent.dispatch(InvocationEvent.java:311)
	at java.awt.EventQueue.dispatchEventImpl(EventQueue.java:756)
	at java.awt.EventQueue.access$500(EventQueue.java:97)
	at java.awt.EventQueue$3.run(EventQueue.java:709)
	at java.awt.EventQueue$3.run(EventQueue.java:703)
	at java.security.AccessController.doPrivileged(Native Method)
	at java.security.ProtectionDomain$JavaSecurityAccessImpl.doIntersectionPrivilege(ProtectionDomain.java:76)
	at java.awt.EventQueue.dispatchEvent(EventQueue.java:726)
	at java.awt.EventDispatchThread.pumpOneEventForFilters(EventDispatchThread.java:201)
	at java.awt.EventDispatchThread.pumpEventsForFilter(EventDispatchThread.java:116)
	at java.awt.EventDispatchThread.pumpEventsForHierarchy(EventDispatchThread.java:105)
	at java.awt.EventDispatchThread.pumpEvents(EventDispatchThread.java:101)
	at java.awt.EventDispatchThread.pumpEvents(EventDispatchThread.java:93)
	at java.awt.EventDispatchThread.run(EventDispatchThread.java:82)

мая 02, 2017 5:35:29 PM main.MyUtil errorToLog
SEVERE: Exception:
java.io.FileNotFoundException: given file does not exist: ..\shop-k\data.mdb
	at com.healthmarketscience.jackcess.impl.DatabaseImpl.open(DatabaseImpl.java:372)
	at com.healthmarketscience.jackcess.DatabaseBuilder.open(DatabaseBuilder.java:252)
	at com.healthmarketscience.jackcess.DatabaseBuilder.open(DatabaseBuilder.java:291)
	at forms.FrmOffline.requeryListOffline(FrmOffline.java:131)
	at forms.FrmOffline.<init>(FrmOffline.java:50)
	at main.ShopMain$1.run(ShopMain.java:146)
	at java.awt.event.InvocationEvent.dispatch(InvocationEvent.java:311)
	at java.awt.EventQueue.dispatchEventImpl(EventQueue.java:756)
	at java.awt.EventQueue.access$500(EventQueue.java:97)
	at java.awt.EventQueue$3.run(EventQueue.java:709)
	at java.awt.EventQueue$3.run(EventQueue.java:703)
	at java.security.AccessController.doPrivileged(Native Method)
	at java.security.ProtectionDomain$JavaSecurityAccessImpl.doIntersectionPrivilege(ProtectionDomain.java:76)
	at java.awt.EventQueue.dispatchEvent(EventQueue.java:726)
	at java.awt.EventDispatchThread.pumpOneEventForFilters(EventDispatchThread.java:201)
	at java.awt.EventDispatchThread.pumpEventsForFilter(EventDispatchThread.java:116)
	at java.awt.EventDispatchThread.pumpEventsForHierarchy(EventDispatchThread.java:105)
	at java.awt.EventDispatchThread.pumpEvents(EventDispatchThread.java:101)
	at java.awt.EventDispatchThread.pumpEvents(EventDispatchThread.java:93)
	at java.awt.EventDispatchThread.run(EventDispatchThread.java:82)

