фев 10, 2017 4:24:05 PM main.MyUtil errorToLog
SEVERE: Exception:isProgramRunning - Already running
фев 10, 2017 6:03:38 PM main.MyUtil errorToLog
SEVERE: Exception:isProgramRunning - Already running
мая 02, 2017 2:36:36 PM main.MyUtil errorToLog
SEVERE: Exception:isProgramRunning - Already running
мая 02, 2017 3:37:58 PM main.MyUtil errorToLog
SEVERE: Exception:isProgramRunning - Already running
мая 02, 2017 3:41:36 PM main.MyUtil errorToLog
SEVERE: Exception:isProgramRunning - Already running
мая 02, 2017 3:44:01 PM main.MyUtil errorToLog
SEVERE: Exception:isProgramRunning - Already running
мая 02, 2017 3:56:27 PM main.MyUtil errorToLog
SEVERE: Exception:isProgramRunning - Already running
мая 02, 2017 3:57:59 PM main.MyUtil errorToLog
SEVERE: Exception:isProgramRunning - Already running
мая 02, 2017 4:03:12 PM main.MyUtil errorToLog
SEVERE: Exception:isProgramRunning - Already running
мая 02, 2017 4:10:34 PM main.MyUtil errorToLog
SEVERE: Exception:isProgramRunning - Already running
мая 02, 2017 4:12:49 PM main.MyUtil errorToLog
SEVERE: Exception:isProgramRunning - Already running
мая 02, 2017 4:17:22 PM main.MyUtil errorToLog
SEVERE: Exception:isProgramRunning - Already running
мая 02, 2017 4:20:22 PM main.MyUtil errorToLog
SEVERE: Exception:isProgramRunning - Already running
мая 02, 2017 5:35:16 PM main.MyUtil errorToLog
SEVERE: Exception:isProgramRunning - Already running
мая 12, 2017 11:18:11 AM main.MyUtil errorToLog
SEVERE: Exception:isProgramRunning - Already running
мая 12, 2017 11:20:58 AM main.MyUtil errorToLog
SEVERE: Exception:isProgramRunning - Already running
мая 22, 2017 2:31:12 PM main.MyUtil errorToLog
SEVERE: Exception:isProgramRunning - Already running
июн 17, 2017 1:02:36 PM main.MyUtil errorToLog
SEVERE: Exception:isProgramRunning - Already running
