июн 26, 2015 12:55:54 PM main.MyUtil errorToLog
SEVERE: Exception:Send command: open_port;22;115200

Error number:301
Error message:301- Port error
июн 26, 2015 1:04:40 PM main.MyUtil errorToLog
SEVERE: Exception:Send command: open_port;22;115200

Error number:301
Error message:301- Port error
июн 26, 2015 1:05:24 PM main.MyUtil errorToLog
SEVERE: Exception:Send command: open_port;22;115200

Error number:301
Error message:301- Port error
июн 26, 2015 1:11:03 PM main.MyUtil errorToLog
SEVERE: Exception:Send command: open_port;22;115200

Error number:301
Error message:301- Port error
июн 29, 2015 11:39:33 AM main.MyUtil errorToLog
SEVERE: Exception:Send command: open_port;22;115200

Error number:301
Error message:301- Port error
июн 29, 2015 12:48:15 PM main.MyUtil errorToLog
SEVERE: Exception:Send command: open_port;22;115200

Error number:301
Error message:301- Port error
июн 29, 2015 12:50:10 PM main.MyUtil errorToLog
SEVERE: Exception:Send command: open_port;22;115200

Error number:301
Error message:301- Port error
июн 29, 2015 12:58:04 PM main.MyUtil errorToLog
SEVERE: Exception:Send command: open_port;22;115200

Error number:301
Error message:301- Port error
июн 29, 2015 1:04:00 PM main.MyUtil errorToLog
SEVERE: Exception:Send command: open_port;22;115200

Error number:301
Error message:301- Port error
июн 29, 2015 1:26:01 PM main.MyUtil errorToLog
SEVERE: Exception:Send command: open_port;22;115200

Error number:301
Error message:301- Port error
июн 29, 2015 1:27:40 PM main.MyUtil errorToLog
SEVERE: Exception:Send command: open_port;22;115200

Error number:301
Error message:301- Port error
июн 29, 2015 1:28:06 PM main.MyUtil errorToLog
SEVERE: Exception:Send command: open_port;22;115200

Error number:301
Error message:301- Port error
июн 29, 2015 1:43:38 PM main.MyUtil errorToLog
SEVERE: Exception:Send command: open_port;22;115200

Error number:301
Error message:301- Port error
июн 29, 2015 2:29:56 PM main.MyUtil errorToLog
SEVERE: Exception:Send command: open_port;22;115200

Error number:301
Error message:301- Port error
июн 29, 2015 2:30:33 PM main.MyUtil errorToLog
SEVERE: Exception:Send command: open_port;22;115200

Error number:301
Error message:301- Port error
июн 29, 2015 2:35:22 PM main.MyUtil errorToLog
SEVERE: Exception:Send command: open_port;22;115200

Error number:301
Error message:301- Port error
