июл 05, 2016 8:50:32 AM main.MyUtil messageToLog
INFO: 
Successful:		OK
StatMsgCode:	3
StatMsgDesc:	Авторизація з банком
TerminalID:		S1HA0TEP
MerchantID:		S1HA0TEP
PAN:			XXXXXXXXXXXX9630
RRN:			019743614802
AuthCode:		492007
DateTime:		160705085031

июл 05, 2016 8:50:32 AM main.MyUtil messageToLog
INFO: 
Receipt:                Майстер зоо              
         вул.Червонi Ряди,буд.14        
                м.Харкiв                
 ОПЛАТА
СУМА                            0.01 ГРН
Пiдпис власника картки не потрiбен!PIN O
                             DEBIT WGMMS
MASTER ПРИВАТ        XXXXXXXXXXXX9630   
ТЕРМIНАЛ # S1HA0TEP  05/07/2016 08:50:31
КОД АВТОРИЗАЦІЇ: 492007       ЧЕК N: 658
RRN: 019743614802 
EXTERNAL RRN:             
    'Банкомзв'язок'TE7Ev121b.03/07/P5   

июл 06, 2016 12:11:00 PM main.MyUtil messageToLog
INFO: lastResult: 1	lastError: 1 Ошибка открытия COM-порта	lastStatMsg: 0 
июл 06, 2016 12:12:05 PM main.MyUtil messageToLog
INFO: lastResult: 1	lastError: 1 Ошибка открытия COM-порта	lastStatMsg: 0 
