сен 26, 2014 4:35:39 PM main.MyUtil errorToLog
SEVERE: Exception:
java.io.FileNotFoundException: update\ver.txt (Не удается найти указанный файл)
	at java.io.FileInputStream.open(Native Method)
	at java.io.FileInputStream.<init>(FileInputStream.java:146)
	at java.io.FileInputStream.<init>(FileInputStream.java:101)
	at java.io.FileReader.<init>(FileReader.java:58)
	at main.Updater.readFile(Updater.java:113)
	at main.Updater.run(Updater.java:54)
	at java.lang.Thread.run(Thread.java:744)

сен 26, 2014 5:25:14 PM main.MyUtil errorToLog
SEVERE: Exception:
java.io.FileNotFoundException: update\ver.txt (Не удается найти указанный файл)
	at java.io.FileInputStream.open(Native Method)
	at java.io.FileInputStream.<init>(FileInputStream.java:146)
	at java.io.FileInputStream.<init>(FileInputStream.java:101)
	at java.io.FileReader.<init>(FileReader.java:58)
	at main.Updater.readFile(Updater.java:113)
	at main.Updater.run(Updater.java:54)
	at java.lang.Thread.run(Thread.java:744)

сен 27, 2014 2:54:07 PM main.MyUtil errorToLog
SEVERE: Exception:
java.io.FileNotFoundException: update\ver.txt (Не удается найти указанный файл)
	at java.io.FileInputStream.open(Native Method)
	at java.io.FileInputStream.<init>(FileInputStream.java:146)
	at java.io.FileInputStream.<init>(FileInputStream.java:101)
	at java.io.FileReader.<init>(FileReader.java:58)
	at main.Updater.readFile(Updater.java:113)
	at main.Updater.run(Updater.java:54)
	at java.lang.Thread.run(Thread.java:744)

сен 27, 2014 2:54:07 PM main.MyUtil errorToLog
SEVERE: Exception:
java.io.FileNotFoundException: update\ver.txt (Не удается найти указанный файл)
	at java.io.FileInputStream.open(Native Method)
	at java.io.FileInputStream.<init>(FileInputStream.java:146)
	at java.io.FileInputStream.<init>(FileInputStream.java:101)
	at java.io.FileReader.<init>(FileReader.java:58)
	at main.Updater.readFile(Updater.java:113)
	at main.Updater.run(Updater.java:54)
	at java.lang.Thread.run(Thread.java:744)

сен 27, 2014 4:14:38 PM main.MyUtil errorToLog
SEVERE: Exception:
java.io.FileNotFoundException: update\ver.txt (Не удается найти указанный файл)
	at java.io.FileInputStream.open(Native Method)
	at java.io.FileInputStream.<init>(FileInputStream.java:146)
	at java.io.FileInputStream.<init>(FileInputStream.java:101)
	at java.io.FileReader.<init>(FileReader.java:58)
	at main.Updater.readFile(Updater.java:113)
	at main.Updater.run(Updater.java:54)
	at java.lang.Thread.run(Thread.java:744)

сен 27, 2014 4:48:11 PM main.MyUtil errorToLog
SEVERE: Exception:
java.io.FileNotFoundException: update\ver.txt (Не удается найти указанный файл)
	at java.io.FileInputStream.open(Native Method)
	at java.io.FileInputStream.<init>(FileInputStream.java:146)
	at java.io.FileInputStream.<init>(FileInputStream.java:101)
	at java.io.FileReader.<init>(FileReader.java:58)
	at main.Updater.readFile(Updater.java:113)
	at main.Updater.run(Updater.java:54)
	at java.lang.Thread.run(Thread.java:744)

сен 27, 2014 8:25:48 PM main.MyUtil errorToLog
SEVERE: Exception:
java.io.FileNotFoundException: update\ver.txt (Не удается найти указанный файл)
	at java.io.FileInputStream.open(Native Method)
	at java.io.FileInputStream.<init>(FileInputStream.java:146)
	at java.io.FileInputStream.<init>(FileInputStream.java:101)
	at java.io.FileReader.<init>(FileReader.java:58)
	at main.Updater.readFile(Updater.java:113)
	at main.Updater.run(Updater.java:54)
	at java.lang.Thread.run(Thread.java:744)

сен 27, 2014 10:14:16 PM main.MyUtil errorToLog
SEVERE: Exception:
java.io.FileNotFoundException: update\ver.txt (Не удается найти указанный файл)
	at java.io.FileInputStream.open(Native Method)
	at java.io.FileInputStream.<init>(FileInputStream.java:146)
	at java.io.FileInputStream.<init>(FileInputStream.java:101)
	at java.io.FileReader.<init>(FileReader.java:58)
	at main.Updater.readFile(Updater.java:113)
	at main.Updater.run(Updater.java:54)
	at java.lang.Thread.run(Thread.java:744)

сен 27, 2014 10:14:24 PM main.MyUtil errorToLog
SEVERE: Exception:
java.io.FileNotFoundException: update\ver.txt (Не удается найти указанный файл)
	at java.io.FileInputStream.open(Native Method)
	at java.io.FileInputStream.<init>(FileInputStream.java:146)
	at java.io.FileInputStream.<init>(FileInputStream.java:101)
	at java.io.FileReader.<init>(FileReader.java:58)
	at main.Updater.readFile(Updater.java:113)
	at main.Updater.run(Updater.java:54)
	at java.lang.Thread.run(Thread.java:744)

сен 28, 2014 4:57:55 AM main.MyUtil errorToLog
SEVERE: Exception:
java.io.FileNotFoundException: update\ver.txt (Не удается найти указанный файл)
	at java.io.FileInputStream.open(Native Method)
	at java.io.FileInputStream.<init>(FileInputStream.java:146)
	at java.io.FileInputStream.<init>(FileInputStream.java:101)
	at java.io.FileReader.<init>(FileReader.java:58)
	at main.Updater.readFile(Updater.java:113)
	at main.Updater.run(Updater.java:54)
	at java.lang.Thread.run(Thread.java:744)

сен 28, 2014 4:57:58 AM main.MyUtil errorToLog
SEVERE: Exception:
java.io.FileNotFoundException: update\ver.txt (Не удается найти указанный файл)
	at java.io.FileInputStream.open(Native Method)
	at java.io.FileInputStream.<init>(FileInputStream.java:146)
	at java.io.FileInputStream.<init>(FileInputStream.java:101)
	at java.io.FileReader.<init>(FileReader.java:58)
	at main.Updater.readFile(Updater.java:113)
	at main.Updater.run(Updater.java:54)
	at java.lang.Thread.run(Thread.java:744)

сен 28, 2014 4:57:58 AM main.MyUtil errorToLog
SEVERE: Exception:
java.io.FileNotFoundException: update\ver.txt (Не удается найти указанный файл)
	at java.io.FileInputStream.open(Native Method)
	at java.io.FileInputStream.<init>(FileInputStream.java:146)
	at java.io.FileInputStream.<init>(FileInputStream.java:101)
	at java.io.FileReader.<init>(FileReader.java:58)
	at main.Updater.readFile(Updater.java:113)
	at main.Updater.run(Updater.java:54)
	at java.lang.Thread.run(Thread.java:744)

сен 28, 2014 11:15:20 AM main.MyUtil errorToLog
SEVERE: Exception:
java.io.FileNotFoundException: update\ver.txt (Не удается найти указанный файл)
	at java.io.FileInputStream.open(Native Method)
	at java.io.FileInputStream.<init>(FileInputStream.java:146)
	at java.io.FileInputStream.<init>(FileInputStream.java:101)
	at java.io.FileReader.<init>(FileReader.java:58)
	at main.Updater.readFile(Updater.java:113)
	at main.Updater.run(Updater.java:54)
	at java.lang.Thread.run(Thread.java:744)

сен 28, 2014 1:22:41 PM main.MyUtil errorToLog
SEVERE: Exception:
java.io.FileNotFoundException: update\ver.txt (Не удается найти указанный файл)
	at java.io.FileInputStream.open(Native Method)
	at java.io.FileInputStream.<init>(FileInputStream.java:146)
	at java.io.FileInputStream.<init>(FileInputStream.java:101)
	at java.io.FileReader.<init>(FileReader.java:58)
	at main.Updater.readFile(Updater.java:113)
	at main.Updater.run(Updater.java:54)
	at java.lang.Thread.run(Thread.java:744)

сен 28, 2014 6:39:31 PM main.MyUtil errorToLog
SEVERE: Exception:
java.io.FileNotFoundException: update\ver.txt (Не удается найти указанный файл)
	at java.io.FileInputStream.open(Native Method)
	at java.io.FileInputStream.<init>(FileInputStream.java:146)
	at java.io.FileInputStream.<init>(FileInputStream.java:101)
	at java.io.FileReader.<init>(FileReader.java:58)
	at main.Updater.readFile(Updater.java:113)
	at main.Updater.run(Updater.java:54)
	at java.lang.Thread.run(Thread.java:744)

сен 28, 2014 6:39:31 PM main.MyUtil errorToLog
SEVERE: Exception:
java.io.FileNotFoundException: update\ver.txt (Не удается найти указанный файл)
	at java.io.FileInputStream.open(Native Method)
	at java.io.FileInputStream.<init>(FileInputStream.java:146)
	at java.io.FileInputStream.<init>(FileInputStream.java:101)
	at java.io.FileReader.<init>(FileReader.java:58)
	at main.Updater.readFile(Updater.java:113)
	at main.Updater.run(Updater.java:54)
	at java.lang.Thread.run(Thread.java:744)

сен 28, 2014 6:39:31 PM main.MyUtil errorToLog
SEVERE: Exception:
java.io.FileNotFoundException: update\ver.txt (Не удается найти указанный файл)
	at java.io.FileInputStream.open(Native Method)
	at java.io.FileInputStream.<init>(FileInputStream.java:146)
	at java.io.FileInputStream.<init>(FileInputStream.java:101)
	at java.io.FileReader.<init>(FileReader.java:58)
	at main.Updater.readFile(Updater.java:113)
	at main.Updater.run(Updater.java:54)
	at java.lang.Thread.run(Thread.java:744)

сен 28, 2014 6:39:31 PM main.MyUtil errorToLog
SEVERE: Exception:
java.io.FileNotFoundException: update\ver.txt (Не удается найти указанный файл)
	at java.io.FileInputStream.open(Native Method)
	at java.io.FileInputStream.<init>(FileInputStream.java:146)
	at java.io.FileInputStream.<init>(FileInputStream.java:101)
	at java.io.FileReader.<init>(FileReader.java:58)
	at main.Updater.readFile(Updater.java:113)
	at main.Updater.run(Updater.java:54)
	at java.lang.Thread.run(Thread.java:744)

ноя 08, 2014 4:22:42 PM main.MyUtil errorToLog
SEVERE: Exception:
java.io.FileNotFoundException: update\ver.txt (Не удается найти указанный файл)
	at java.io.FileInputStream.open(Native Method)
	at java.io.FileInputStream.<init>(FileInputStream.java:146)
	at java.io.FileInputStream.<init>(FileInputStream.java:101)
	at java.io.FileReader.<init>(FileReader.java:58)
	at main.Updater.readFile(Updater.java:113)
	at main.Updater.run(Updater.java:54)
	at java.lang.Thread.run(Thread.java:744)

дек 24, 2014 10:52:49 AM main.MyUtil errorToLog
SEVERE: Exception:
java.io.FileNotFoundException: update\ver.txt (Не удается найти указанный файл)
	at java.io.FileInputStream.open(Native Method)
	at java.io.FileInputStream.<init>(FileInputStream.java:146)
	at java.io.FileInputStream.<init>(FileInputStream.java:101)
	at java.io.FileReader.<init>(FileReader.java:58)
	at main.Updater.readFile(Updater.java:113)
	at main.Updater.run(Updater.java:54)
	at java.lang.Thread.run(Thread.java:744)

