дек 24, 2014 1:53:32 PM main.MyUtil errorToLog
SEVERE: Exception:
java.sql.SQLException: Column 'QuantitySale' not found.
	at com.mysql.jdbc.SQLError.createSQLException(SQLError.java:1074)
	at com.mysql.jdbc.SQLError.createSQLException(SQLError.java:988)
	at com.mysql.jdbc.SQLError.createSQLException(SQLError.java:974)
	at com.mysql.jdbc.SQLError.createSQLException(SQLError.java:919)
	at com.mysql.jdbc.ResultSetImpl.findColumn(ResultSetImpl.java:1167)
	at com.mysql.jdbc.ResultSetImpl.getDouble(ResultSetImpl.java:2468)
	at tablemodel.TmSearchContent.<init>(TmSearchContent.java:29)
	at forms.FrmSearch.requery(FrmSearch.java:47)
	at forms.FrmSearch.jButtonSearchActionPerformed(FrmSearch.java:119)
	at forms.FrmSearch.access$200(FrmSearch.java:30)
	at forms.FrmSearch$MyKeyListener.keyOverride(FrmSearch.java:102)
	at forms.FrmSearch$MyKeyListener.keyPressed(FrmSearch.java:86)
	at java.awt.AWTEventMulticaster.keyPressed(AWTEventMulticaster.java:250)
	at java.awt.Component.processKeyEvent(Component.java:6463)
	at javax.swing.JComponent.processKeyEvent(JComponent.java:2828)
	at java.awt.Component.processEvent(Component.java:6282)
	at java.awt.Container.processEvent(Container.java:2229)
	at java.awt.Component.dispatchEventImpl(Component.java:4861)
	at java.awt.Container.dispatchEventImpl(Container.java:2287)
	at java.awt.Component.dispatchEvent(Component.java:4687)
	at java.awt.KeyboardFocusManager.redispatchEvent(KeyboardFocusManager.java:1895)
	at java.awt.DefaultKeyboardFocusManager.dispatchKeyEvent(DefaultKeyboardFocusManager.java:762)
	at java.awt.DefaultKeyboardFocusManager.preDispatchKeyEvent(DefaultKeyboardFocusManager.java:1027)
	at java.awt.DefaultKeyboardFocusManager.typeAheadAssertions(DefaultKeyboardFocusManager.java:899)
	at java.awt.DefaultKeyboardFocusManager.dispatchEvent(DefaultKeyboardFocusManager.java:727)
	at java.awt.Component.dispatchEventImpl(Component.java:4731)
	at java.awt.Container.dispatchEventImpl(Container.java:2287)
	at java.awt.Window.dispatchEventImpl(Window.java:2719)
	at java.awt.Component.dispatchEvent(Component.java:4687)
	at java.awt.EventQueue.dispatchEventImpl(EventQueue.java:735)
	at java.awt.EventQueue.access$200(EventQueue.java:103)
	at java.awt.EventQueue$3.run(EventQueue.java:694)
	at java.awt.EventQueue$3.run(EventQueue.java:692)
	at java.security.AccessController.doPrivileged(Native Method)
	at java.security.ProtectionDomain$1.doIntersectionPrivilege(ProtectionDomain.java:76)
	at java.security.ProtectionDomain$1.doIntersectionPrivilege(ProtectionDomain.java:87)
	at java.awt.EventQueue$4.run(EventQueue.java:708)
	at java.awt.EventQueue$4.run(EventQueue.java:706)
	at java.security.AccessController.doPrivileged(Native Method)
	at java.security.ProtectionDomain$1.doIntersectionPrivilege(ProtectionDomain.java:76)
	at java.awt.EventQueue.dispatchEvent(EventQueue.java:705)
	at java.awt.EventDispatchThread.pumpOneEventForFilters(EventDispatchThread.java:242)
	at java.awt.EventDispatchThread.pumpEventsForFilter(EventDispatchThread.java:161)
	at java.awt.EventDispatchThread.pumpEventsForFilter(EventDispatchThread.java:154)
	at java.awt.WaitDispatchSupport$2.run(WaitDispatchSupport.java:182)
	at java.awt.event.InvocationEvent.dispatch(InvocationEvent.java:251)
	at java.awt.EventQueue.dispatchEventImpl(EventQueue.java:733)
	at java.awt.EventQueue.access$200(EventQueue.java:103)
	at java.awt.EventQueue$3.run(EventQueue.java:694)
	at java.awt.EventQueue$3.run(EventQueue.java:692)
	at java.security.AccessController.doPrivileged(Native Method)
	at java.security.ProtectionDomain$1.doIntersectionPrivilege(ProtectionDomain.java:76)
	at java.awt.EventQueue.dispatchEvent(EventQueue.java:703)
	at java.awt.EventDispatchThread.pumpOneEventForFilters(EventDispatchThread.java:242)
	at java.awt.EventDispatchThread.pumpEventsForFilter(EventDispatchThread.java:161)
	at java.awt.EventDispatchThread.pumpEventsForFilter(EventDispatchThread.java:154)
	at java.awt.WaitDispatchSupport$2.run(WaitDispatchSupport.java:182)
	at java.awt.WaitDispatchSupport$4.run(WaitDispatchSupport.java:221)
	at java.security.AccessController.doPrivileged(Native Method)
	at java.awt.WaitDispatchSupport.enter(WaitDispatchSupport.java:219)
	at java.awt.Dialog.show(Dialog.java:1082)
	at java.awt.Component.show(Component.java:1651)
	at java.awt.Component.setVisible(Component.java:1603)
	at java.awt.Window.setVisible(Window.java:1014)
	at java.awt.Dialog.setVisible(Dialog.java:1005)
	at forms.FrmMain.jButtonSearchActionPerformed(FrmMain.java:1049)
	at forms.FrmMain.access$1000(FrmMain.java:38)
	at forms.FrmMain$MyKeyListener.keyOverride(FrmMain.java:313)
	at forms.FrmMain$MyKeyListener.keyPressed(FrmMain.java:188)
	at java.awt.AWTEventMulticaster.keyPressed(AWTEventMulticaster.java:250)
	at java.awt.Component.processKeyEvent(Component.java:6463)
	at javax.swing.JComponent.processKeyEvent(JComponent.java:2828)
	at java.awt.Component.processEvent(Component.java:6282)
	at java.awt.Container.processEvent(Container.java:2229)
	at java.awt.Component.dispatchEventImpl(Component.java:4861)
	at java.awt.Container.dispatchEventImpl(Container.java:2287)
	at java.awt.Component.dispatchEvent(Component.java:4687)
	at java.awt.KeyboardFocusManager.redispatchEvent(KeyboardFocusManager.java:1895)
	at java.awt.DefaultKeyboardFocusManager.dispatchKeyEvent(DefaultKeyboardFocusManager.java:762)
	at java.awt.DefaultKeyboardFocusManager.preDispatchKeyEvent(DefaultKeyboardFocusManager.java:1027)
	at java.awt.DefaultKeyboardFocusManager.typeAheadAssertions(DefaultKeyboardFocusManager.java:899)
	at java.awt.DefaultKeyboardFocusManager.dispatchEvent(DefaultKeyboardFocusManager.java:727)
	at java.awt.Component.dispatchEventImpl(Component.java:4731)
	at java.awt.Container.dispatchEventImpl(Container.java:2287)
	at java.awt.Window.dispatchEventImpl(Window.java:2719)
	at java.awt.Component.dispatchEvent(Component.java:4687)
	at java.awt.EventQueue.dispatchEventImpl(EventQueue.java:735)
	at java.awt.EventQueue.access$200(EventQueue.java:103)
	at java.awt.EventQueue$3.run(EventQueue.java:694)
	at java.awt.EventQueue$3.run(EventQueue.java:692)
	at java.security.AccessController.doPrivileged(Native Method)
	at java.security.ProtectionDomain$1.doIntersectionPrivilege(ProtectionDomain.java:76)
	at java.security.ProtectionDomain$1.doIntersectionPrivilege(ProtectionDomain.java:87)
	at java.awt.EventQueue$4.run(EventQueue.java:708)
	at java.awt.EventQueue$4.run(EventQueue.java:706)
	at java.security.AccessController.doPrivileged(Native Method)
	at java.security.ProtectionDomain$1.doIntersectionPrivilege(ProtectionDomain.java:76)
	at java.awt.EventQueue.dispatchEvent(EventQueue.java:705)
	at java.awt.EventDispatchThread.pumpOneEventForFilters(EventDispatchThread.java:242)
	at java.awt.EventDispatchThread.pumpEventsForFilter(EventDispatchThread.java:161)
	at java.awt.EventDispatchThread.pumpEventsForHierarchy(EventDispatchThread.java:150)
	at java.awt.EventDispatchThread.pumpEvents(EventDispatchThread.java:146)
	at java.awt.EventDispatchThread.pumpEvents(EventDispatchThread.java:138)
	at java.awt.EventDispatchThread.run(EventDispatchThread.java:91)

фев 18, 2015 12:04:15 PM main.MyUtil errorToLog
SEVERE: Exception:
java.lang.NullPointerException
	at tablemodel.TmSearchContent.<init>(TmSearchContent.java:21)
	at forms.FrmSearch.requery(FrmSearch.java:47)
	at forms.FrmSearch.jButtonSearchActionPerformed(FrmSearch.java:119)
	at forms.FrmSearch.jButtonSearchActionPerformed(FrmSearch.java:323)
	at forms.FrmSearch.access$400(FrmSearch.java:30)
	at forms.FrmSearch$1.actionPerformed(FrmSearch.java:259)
	at javax.swing.AbstractButton.fireActionPerformed(AbstractButton.java:2018)
	at javax.swing.AbstractButton$Handler.actionPerformed(AbstractButton.java:2341)
	at javax.swing.DefaultButtonModel.fireActionPerformed(DefaultButtonModel.java:402)
	at javax.swing.DefaultButtonModel.setPressed(DefaultButtonModel.java:259)
	at javax.swing.plaf.basic.BasicButtonListener$Actions.actionPerformed(BasicButtonListener.java:303)
	at javax.swing.SwingUtilities.notifyAction(SwingUtilities.java:1664)
	at javax.swing.JComponent.processKeyBinding(JComponent.java:2878)
	at javax.swing.JComponent.processKeyBindings(JComponent.java:2925)
	at javax.swing.JComponent.processKeyEvent(JComponent.java:2841)
	at java.awt.Component.processEvent(Component.java:6282)
	at java.awt.Container.processEvent(Container.java:2229)
	at java.awt.Component.dispatchEventImpl(Component.java:4861)
	at java.awt.Container.dispatchEventImpl(Container.java:2287)
	at java.awt.Component.dispatchEvent(Component.java:4687)
	at java.awt.KeyboardFocusManager.redispatchEvent(KeyboardFocusManager.java:1895)
	at java.awt.DefaultKeyboardFocusManager.dispatchKeyEvent(DefaultKeyboardFocusManager.java:762)
	at java.awt.DefaultKeyboardFocusManager.preDispatchKeyEvent(DefaultKeyboardFocusManager.java:1027)
	at java.awt.DefaultKeyboardFocusManager.typeAheadAssertions(DefaultKeyboardFocusManager.java:899)
	at java.awt.DefaultKeyboardFocusManager.dispatchEvent(DefaultKeyboardFocusManager.java:727)
	at java.awt.Component.dispatchEventImpl(Component.java:4731)
	at java.awt.Container.dispatchEventImpl(Container.java:2287)
	at java.awt.Window.dispatchEventImpl(Window.java:2719)
	at java.awt.Component.dispatchEvent(Component.java:4687)
	at java.awt.EventQueue.dispatchEventImpl(EventQueue.java:735)
	at java.awt.EventQueue.access$200(EventQueue.java:103)
	at java.awt.EventQueue$3.run(EventQueue.java:694)
	at java.awt.EventQueue$3.run(EventQueue.java:692)
	at java.security.AccessController.doPrivileged(Native Method)
	at java.security.ProtectionDomain$1.doIntersectionPrivilege(ProtectionDomain.java:76)
	at java.security.ProtectionDomain$1.doIntersectionPrivilege(ProtectionDomain.java:87)
	at java.awt.EventQueue$4.run(EventQueue.java:708)
	at java.awt.EventQueue$4.run(EventQueue.java:706)
	at java.security.AccessController.doPrivileged(Native Method)
	at java.security.ProtectionDomain$1.doIntersectionPrivilege(ProtectionDomain.java:76)
	at java.awt.EventQueue.dispatchEvent(EventQueue.java:705)
	at java.awt.EventDispatchThread.pumpOneEventForFilters(EventDispatchThread.java:242)
	at java.awt.EventDispatchThread.pumpEventsForFilter(EventDispatchThread.java:161)
	at java.awt.EventDispatchThread.pumpEventsForFilter(EventDispatchThread.java:154)
	at java.awt.WaitDispatchSupport$2.run(WaitDispatchSupport.java:182)
	at java.awt.WaitDispatchSupport$4.run(WaitDispatchSupport.java:221)
	at java.security.AccessController.doPrivileged(Native Method)
	at java.awt.WaitDispatchSupport.enter(WaitDispatchSupport.java:219)
	at java.awt.Dialog.show(Dialog.java:1082)
	at javax.swing.JOptionPane.showOptionDialog(JOptionPane.java:870)
	at javax.swing.JOptionPane.showMessageDialog(JOptionPane.java:667)
	at javax.swing.JOptionPane.showMessageDialog(JOptionPane.java:638)
	at main.DialogBoxs.viewError(DialogBoxs.java:7)
	at db.ConnectionDb.getSearchContent(ConnectionDb.java:1662)
	at forms.FrmSearch.getSearchContentRS(FrmSearch.java:136)
	at forms.FrmSearch.requery(FrmSearch.java:47)
	at forms.FrmSearch.jButtonSearchActionPerformed(FrmSearch.java:119)
	at forms.FrmSearch.jButtonSearchActionPerformed(FrmSearch.java:323)
	at forms.FrmSearch.access$400(FrmSearch.java:30)
	at forms.FrmSearch$1.actionPerformed(FrmSearch.java:259)
	at javax.swing.AbstractButton.fireActionPerformed(AbstractButton.java:2018)
	at javax.swing.AbstractButton$Handler.actionPerformed(AbstractButton.java:2341)
	at javax.swing.DefaultButtonModel.fireActionPerformed(DefaultButtonModel.java:402)
	at javax.swing.DefaultButtonModel.setPressed(DefaultButtonModel.java:259)
	at javax.swing.plaf.basic.BasicButtonListener$Actions.actionPerformed(BasicButtonListener.java:303)
	at javax.swing.SwingUtilities.notifyAction(SwingUtilities.java:1664)
	at javax.swing.JComponent.processKeyBinding(JComponent.java:2878)
	at javax.swing.JComponent.processKeyBindings(JComponent.java:2925)
	at javax.swing.JComponent.processKeyEvent(JComponent.java:2841)
	at java.awt.Component.processEvent(Component.java:6282)
	at java.awt.Container.processEvent(Container.java:2229)
	at java.awt.Component.dispatchEventImpl(Component.java:4861)
	at java.awt.Container.dispatchEventImpl(Container.java:2287)
	at java.awt.Component.dispatchEvent(Component.java:4687)
	at java.awt.KeyboardFocusManager.redispatchEvent(KeyboardFocusManager.java:1895)
	at java.awt.DefaultKeyboardFocusManager.dispatchKeyEvent(DefaultKeyboardFocusManager.java:762)
	at java.awt.DefaultKeyboardFocusManager.preDispatchKeyEvent(DefaultKeyboardFocusManager.java:1027)
	at java.awt.DefaultKeyboardFocusManager.typeAheadAssertions(DefaultKeyboardFocusManager.java:899)
	at java.awt.DefaultKeyboardFocusManager.dispatchEvent(DefaultKeyboardFocusManager.java:727)
	at java.awt.Component.dispatchEventImpl(Component.java:4731)
	at java.awt.Container.dispatchEventImpl(Container.java:2287)
	at java.awt.Window.dispatchEventImpl(Window.java:2719)
	at java.awt.Component.dispatchEvent(Component.java:4687)
	at java.awt.EventQueue.dispatchEventImpl(EventQueue.java:735)
	at java.awt.EventQueue.access$200(EventQueue.java:103)
	at java.awt.EventQueue$3.run(EventQueue.java:694)
	at java.awt.EventQueue$3.run(EventQueue.java:692)
	at java.security.AccessController.doPrivileged(Native Method)
	at java.security.ProtectionDomain$1.doIntersectionPrivilege(ProtectionDomain.java:76)
	at java.security.ProtectionDomain$1.doIntersectionPrivilege(ProtectionDomain.java:87)
	at java.awt.EventQueue$4.run(EventQueue.java:708)
	at java.awt.EventQueue$4.run(EventQueue.java:706)
	at java.security.AccessController.doPrivileged(Native Method)
	at java.security.ProtectionDomain$1.doIntersectionPrivilege(ProtectionDomain.java:76)
	at java.awt.EventQueue.dispatchEvent(EventQueue.java:705)
	at java.awt.EventDispatchThread.pumpOneEventForFilters(EventDispatchThread.java:242)
	at java.awt.EventDispatchThread.pumpEventsForFilter(EventDispatchThread.java:161)
	at java.awt.EventDispatchThread.pumpEventsForFilter(EventDispatchThread.java:154)
	at java.awt.WaitDispatchSupport$2.run(WaitDispatchSupport.java:182)
	at java.awt.WaitDispatchSupport$4.run(WaitDispatchSupport.java:221)
	at java.security.AccessController.doPrivileged(Native Method)
	at java.awt.WaitDispatchSupport.enter(WaitDispatchSupport.java:219)
	at java.awt.Dialog.show(Dialog.java:1082)
	at javax.swing.JOptionPane.showOptionDialog(JOptionPane.java:870)
	at javax.swing.JOptionPane.showMessageDialog(JOptionPane.java:667)
	at javax.swing.JOptionPane.showMessageDialog(JOptionPane.java:638)
	at main.DialogBoxs.viewError(DialogBoxs.java:7)
	at db.ConnectionDb.getSearchContent(ConnectionDb.java:1662)
	at forms.FrmSearch.getSearchContentRS(FrmSearch.java:136)
	at forms.FrmSearch.requery(FrmSearch.java:47)
	at forms.FrmSearch.jButtonSearchActionPerformed(FrmSearch.java:119)
	at forms.FrmSearch.access$200(FrmSearch.java:30)
	at forms.FrmSearch$MyKeyListener.keyOverride(FrmSearch.java:102)
	at forms.FrmSearch$MyKeyListener.keyPressed(FrmSearch.java:86)
	at java.awt.AWTEventMulticaster.keyPressed(AWTEventMulticaster.java:250)
	at java.awt.Component.processKeyEvent(Component.java:6463)
	at javax.swing.JComponent.processKeyEvent(JComponent.java:2828)
	at java.awt.Component.processEvent(Component.java:6282)
	at java.awt.Container.processEvent(Container.java:2229)
	at java.awt.Component.dispatchEventImpl(Component.java:4861)
	at java.awt.Container.dispatchEventImpl(Container.java:2287)
	at java.awt.Component.dispatchEvent(Component.java:4687)
	at java.awt.KeyboardFocusManager.redispatchEvent(KeyboardFocusManager.java:1895)
	at java.awt.DefaultKeyboardFocusManager.dispatchKeyEvent(DefaultKeyboardFocusManager.java:762)
	at java.awt.DefaultKeyboardFocusManager.preDispatchKeyEvent(DefaultKeyboardFocusManager.java:1027)
	at java.awt.DefaultKeyboardFocusManager.typeAheadAssertions(DefaultKeyboardFocusManager.java:899)
	at java.awt.DefaultKeyboardFocusManager.dispatchEvent(DefaultKeyboardFocusManager.java:727)
	at java.awt.Component.dispatchEventImpl(Component.java:4731)
	at java.awt.Container.dispatchEventImpl(Container.java:2287)
	at java.awt.Window.dispatchEventImpl(Window.java:2719)
	at java.awt.Component.dispatchEvent(Component.java:4687)
	at java.awt.EventQueue.dispatchEventImpl(EventQueue.java:735)
	at java.awt.EventQueue.access$200(EventQueue.java:103)
	at java.awt.EventQueue$3.run(EventQueue.java:694)
	at java.awt.EventQueue$3.run(EventQueue.java:692)
	at java.security.AccessController.doPrivileged(Native Method)
	at java.security.ProtectionDomain$1.doIntersectionPrivilege(ProtectionDomain.java:76)
	at java.security.ProtectionDomain$1.doIntersectionPrivilege(ProtectionDomain.java:87)
	at java.awt.EventQueue$4.run(EventQueue.java:708)
	at java.awt.EventQueue$4.run(EventQueue.java:706)
	at java.security.AccessController.doPrivileged(Native Method)
	at java.security.ProtectionDomain$1.doIntersectionPrivilege(ProtectionDomain.java:76)
	at java.awt.EventQueue.dispatchEvent(EventQueue.java:705)
	at java.awt.EventDispatchThread.pumpOneEventForFilters(EventDispatchThread.java:242)
	at java.awt.EventDispatchThread.pumpEventsForFilter(EventDispatchThread.java:161)
	at java.awt.EventDispatchThread.pumpEventsForFilter(EventDispatchThread.java:154)
	at java.awt.WaitDispatchSupport$2.run(WaitDispatchSupport.java:182)
	at java.awt.WaitDispatchSupport$4.run(WaitDispatchSupport.java:221)
	at java.security.AccessController.doPrivileged(Native Method)
	at java.awt.WaitDispatchSupport.enter(WaitDispatchSupport.java:219)
	at java.awt.Dialog.show(Dialog.java:1082)
	at java.awt.Component.show(Component.java:1651)
	at java.awt.Component.setVisible(Component.java:1603)
	at java.awt.Window.setVisible(Window.java:1014)
	at java.awt.Dialog.setVisible(Dialog.java:1005)
	at forms.FrmMain.jButtonSearchActionPerformed(FrmMain.java:1064)
	at forms.FrmMain.access$1000(FrmMain.java:38)
	at forms.FrmMain$MyKeyListener.keyOverride(FrmMain.java:266)
	at forms.FrmMain$MyKeyListener.keyPressed(FrmMain.java:188)
	at java.awt.AWTEventMulticaster.keyPressed(AWTEventMulticaster.java:250)
	at java.awt.Component.processKeyEvent(Component.java:6463)
	at javax.swing.JComponent.processKeyEvent(JComponent.java:2828)
	at java.awt.Component.processEvent(Component.java:6282)
	at java.awt.Container.processEvent(Container.java:2229)
	at java.awt.Component.dispatchEventImpl(Component.java:4861)
	at java.awt.Container.dispatchEventImpl(Container.java:2287)
	at java.awt.Component.dispatchEvent(Component.java:4687)
	at java.awt.KeyboardFocusManager.redispatchEvent(KeyboardFocusManager.java:1895)
	at java.awt.DefaultKeyboardFocusManager.dispatchKeyEvent(DefaultKeyboardFocusManager.java:762)
	at java.awt.DefaultKeyboardFocusManager.preDispatchKeyEvent(DefaultKeyboardFocusManager.java:1027)
	at java.awt.DefaultKeyboardFocusManager.typeAheadAssertions(DefaultKeyboardFocusManager.java:899)
	at java.awt.DefaultKeyboardFocusManager.dispatchEvent(DefaultKeyboardFocusManager.java:727)
	at java.awt.Component.dispatchEventImpl(Component.java:4731)
	at java.awt.Container.dispatchEventImpl(Container.java:2287)
	at java.awt.Window.dispatchEventImpl(Window.java:2719)
	at java.awt.Component.dispatchEvent(Component.java:4687)
	at java.awt.EventQueue.dispatchEventImpl(EventQueue.java:735)
	at java.awt.EventQueue.access$200(EventQueue.java:103)
	at java.awt.EventQueue$3.run(EventQueue.java:694)
	at java.awt.EventQueue$3.run(EventQueue.java:692)
	at java.security.AccessController.doPrivileged(Native Method)
	at java.security.ProtectionDomain$1.doIntersectionPrivilege(ProtectionDomain.java:76)
	at java.security.ProtectionDomain$1.doIntersectionPrivilege(ProtectionDomain.java:87)
	at java.awt.EventQueue$4.run(EventQueue.java:708)
	at java.awt.EventQueue$4.run(EventQueue.java:706)
	at java.security.AccessController.doPrivileged(Native Method)
	at java.security.ProtectionDomain$1.doIntersectionPrivilege(ProtectionDomain.java:76)
	at java.awt.EventQueue.dispatchEvent(EventQueue.java:705)
	at java.awt.EventDispatchThread.pumpOneEventForFilters(EventDispatchThread.java:242)
	at java.awt.EventDispatchThread.pumpEventsForFilter(EventDispatchThread.java:161)
	at java.awt.EventDispatchThread.pumpEventsForHierarchy(EventDispatchThread.java:150)
	at java.awt.EventDispatchThread.pumpEvents(EventDispatchThread.java:146)
	at java.awt.EventDispatchThread.pumpEvents(EventDispatchThread.java:138)
	at java.awt.EventDispatchThread.run(EventDispatchThread.java:91)

фев 18, 2015 12:04:16 PM main.MyUtil errorToLog
SEVERE: Exception:
java.lang.NullPointerException
	at tablemodel.TmSearchContent.<init>(TmSearchContent.java:21)
	at forms.FrmSearch.requery(FrmSearch.java:47)
	at forms.FrmSearch.jButtonSearchActionPerformed(FrmSearch.java:119)
	at forms.FrmSearch.jButtonSearchActionPerformed(FrmSearch.java:323)
	at forms.FrmSearch.access$400(FrmSearch.java:30)
	at forms.FrmSearch$1.actionPerformed(FrmSearch.java:259)
	at javax.swing.AbstractButton.fireActionPerformed(AbstractButton.java:2018)
	at javax.swing.AbstractButton$Handler.actionPerformed(AbstractButton.java:2341)
	at javax.swing.DefaultButtonModel.fireActionPerformed(DefaultButtonModel.java:402)
	at javax.swing.DefaultButtonModel.setPressed(DefaultButtonModel.java:259)
	at javax.swing.plaf.basic.BasicButtonListener$Actions.actionPerformed(BasicButtonListener.java:303)
	at javax.swing.SwingUtilities.notifyAction(SwingUtilities.java:1664)
	at javax.swing.JComponent.processKeyBinding(JComponent.java:2878)
	at javax.swing.JComponent.processKeyBindings(JComponent.java:2925)
	at javax.swing.JComponent.processKeyEvent(JComponent.java:2841)
	at java.awt.Component.processEvent(Component.java:6282)
	at java.awt.Container.processEvent(Container.java:2229)
	at java.awt.Component.dispatchEventImpl(Component.java:4861)
	at java.awt.Container.dispatchEventImpl(Container.java:2287)
	at java.awt.Component.dispatchEvent(Component.java:4687)
	at java.awt.KeyboardFocusManager.redispatchEvent(KeyboardFocusManager.java:1895)
	at java.awt.DefaultKeyboardFocusManager.dispatchKeyEvent(DefaultKeyboardFocusManager.java:762)
	at java.awt.DefaultKeyboardFocusManager.preDispatchKeyEvent(DefaultKeyboardFocusManager.java:1027)
	at java.awt.DefaultKeyboardFocusManager.typeAheadAssertions(DefaultKeyboardFocusManager.java:899)
	at java.awt.DefaultKeyboardFocusManager.dispatchEvent(DefaultKeyboardFocusManager.java:727)
	at java.awt.Component.dispatchEventImpl(Component.java:4731)
	at java.awt.Container.dispatchEventImpl(Container.java:2287)
	at java.awt.Window.dispatchEventImpl(Window.java:2719)
	at java.awt.Component.dispatchEvent(Component.java:4687)
	at java.awt.EventQueue.dispatchEventImpl(EventQueue.java:735)
	at java.awt.EventQueue.access$200(EventQueue.java:103)
	at java.awt.EventQueue$3.run(EventQueue.java:694)
	at java.awt.EventQueue$3.run(EventQueue.java:692)
	at java.security.AccessController.doPrivileged(Native Method)
	at java.security.ProtectionDomain$1.doIntersectionPrivilege(ProtectionDomain.java:76)
	at java.security.ProtectionDomain$1.doIntersectionPrivilege(ProtectionDomain.java:87)
	at java.awt.EventQueue$4.run(EventQueue.java:708)
	at java.awt.EventQueue$4.run(EventQueue.java:706)
	at java.security.AccessController.doPrivileged(Native Method)
	at java.security.ProtectionDomain$1.doIntersectionPrivilege(ProtectionDomain.java:76)
	at java.awt.EventQueue.dispatchEvent(EventQueue.java:705)
	at java.awt.EventDispatchThread.pumpOneEventForFilters(EventDispatchThread.java:242)
	at java.awt.EventDispatchThread.pumpEventsForFilter(EventDispatchThread.java:161)
	at java.awt.EventDispatchThread.pumpEventsForFilter(EventDispatchThread.java:154)
	at java.awt.WaitDispatchSupport$2.run(WaitDispatchSupport.java:182)
	at java.awt.WaitDispatchSupport$4.run(WaitDispatchSupport.java:221)
	at java.security.AccessController.doPrivileged(Native Method)
	at java.awt.WaitDispatchSupport.enter(WaitDispatchSupport.java:219)
	at java.awt.Dialog.show(Dialog.java:1082)
	at javax.swing.JOptionPane.showOptionDialog(JOptionPane.java:870)
	at javax.swing.JOptionPane.showMessageDialog(JOptionPane.java:667)
	at javax.swing.JOptionPane.showMessageDialog(JOptionPane.java:638)
	at main.DialogBoxs.viewError(DialogBoxs.java:7)
	at db.ConnectionDb.getSearchContent(ConnectionDb.java:1662)
	at forms.FrmSearch.getSearchContentRS(FrmSearch.java:136)
	at forms.FrmSearch.requery(FrmSearch.java:47)
	at forms.FrmSearch.jButtonSearchActionPerformed(FrmSearch.java:119)
	at forms.FrmSearch.access$200(FrmSearch.java:30)
	at forms.FrmSearch$MyKeyListener.keyOverride(FrmSearch.java:102)
	at forms.FrmSearch$MyKeyListener.keyPressed(FrmSearch.java:86)
	at java.awt.AWTEventMulticaster.keyPressed(AWTEventMulticaster.java:250)
	at java.awt.Component.processKeyEvent(Component.java:6463)
	at javax.swing.JComponent.processKeyEvent(JComponent.java:2828)
	at java.awt.Component.processEvent(Component.java:6282)
	at java.awt.Container.processEvent(Container.java:2229)
	at java.awt.Component.dispatchEventImpl(Component.java:4861)
	at java.awt.Container.dispatchEventImpl(Container.java:2287)
	at java.awt.Component.dispatchEvent(Component.java:4687)
	at java.awt.KeyboardFocusManager.redispatchEvent(KeyboardFocusManager.java:1895)
	at java.awt.DefaultKeyboardFocusManager.dispatchKeyEvent(DefaultKeyboardFocusManager.java:762)
	at java.awt.DefaultKeyboardFocusManager.preDispatchKeyEvent(DefaultKeyboardFocusManager.java:1027)
	at java.awt.DefaultKeyboardFocusManager.typeAheadAssertions(DefaultKeyboardFocusManager.java:899)
	at java.awt.DefaultKeyboardFocusManager.dispatchEvent(DefaultKeyboardFocusManager.java:727)
	at java.awt.Component.dispatchEventImpl(Component.java:4731)
	at java.awt.Container.dispatchEventImpl(Container.java:2287)
	at java.awt.Window.dispatchEventImpl(Window.java:2719)
	at java.awt.Component.dispatchEvent(Component.java:4687)
	at java.awt.EventQueue.dispatchEventImpl(EventQueue.java:735)
	at java.awt.EventQueue.access$200(EventQueue.java:103)
	at java.awt.EventQueue$3.run(EventQueue.java:694)
	at java.awt.EventQueue$3.run(EventQueue.java:692)
	at java.security.AccessController.doPrivileged(Native Method)
	at java.security.ProtectionDomain$1.doIntersectionPrivilege(ProtectionDomain.java:76)
	at java.security.ProtectionDomain$1.doIntersectionPrivilege(ProtectionDomain.java:87)
	at java.awt.EventQueue$4.run(EventQueue.java:708)
	at java.awt.EventQueue$4.run(EventQueue.java:706)
	at java.security.AccessController.doPrivileged(Native Method)
	at java.security.ProtectionDomain$1.doIntersectionPrivilege(ProtectionDomain.java:76)
	at java.awt.EventQueue.dispatchEvent(EventQueue.java:705)
	at java.awt.EventDispatchThread.pumpOneEventForFilters(EventDispatchThread.java:242)
	at java.awt.EventDispatchThread.pumpEventsForFilter(EventDispatchThread.java:161)
	at java.awt.EventDispatchThread.pumpEventsForFilter(EventDispatchThread.java:154)
	at java.awt.WaitDispatchSupport$2.run(WaitDispatchSupport.java:182)
	at java.awt.WaitDispatchSupport$4.run(WaitDispatchSupport.java:221)
	at java.security.AccessController.doPrivileged(Native Method)
	at java.awt.WaitDispatchSupport.enter(WaitDispatchSupport.java:219)
	at java.awt.Dialog.show(Dialog.java:1082)
	at java.awt.Component.show(Component.java:1651)
	at java.awt.Component.setVisible(Component.java:1603)
	at java.awt.Window.setVisible(Window.java:1014)
	at java.awt.Dialog.setVisible(Dialog.java:1005)
	at forms.FrmMain.jButtonSearchActionPerformed(FrmMain.java:1064)
	at forms.FrmMain.access$1000(FrmMain.java:38)
	at forms.FrmMain$MyKeyListener.keyOverride(FrmMain.java:266)
	at forms.FrmMain$MyKeyListener.keyPressed(FrmMain.java:188)
	at java.awt.AWTEventMulticaster.keyPressed(AWTEventMulticaster.java:250)
	at java.awt.Component.processKeyEvent(Component.java:6463)
	at javax.swing.JComponent.processKeyEvent(JComponent.java:2828)
	at java.awt.Component.processEvent(Component.java:6282)
	at java.awt.Container.processEvent(Container.java:2229)
	at java.awt.Component.dispatchEventImpl(Component.java:4861)
	at java.awt.Container.dispatchEventImpl(Container.java:2287)
	at java.awt.Component.dispatchEvent(Component.java:4687)
	at java.awt.KeyboardFocusManager.redispatchEvent(KeyboardFocusManager.java:1895)
	at java.awt.DefaultKeyboardFocusManager.dispatchKeyEvent(DefaultKeyboardFocusManager.java:762)
	at java.awt.DefaultKeyboardFocusManager.preDispatchKeyEvent(DefaultKeyboardFocusManager.java:1027)
	at java.awt.DefaultKeyboardFocusManager.typeAheadAssertions(DefaultKeyboardFocusManager.java:899)
	at java.awt.DefaultKeyboardFocusManager.dispatchEvent(DefaultKeyboardFocusManager.java:727)
	at java.awt.Component.dispatchEventImpl(Component.java:4731)
	at java.awt.Container.dispatchEventImpl(Container.java:2287)
	at java.awt.Window.dispatchEventImpl(Window.java:2719)
	at java.awt.Component.dispatchEvent(Component.java:4687)
	at java.awt.EventQueue.dispatchEventImpl(EventQueue.java:735)
	at java.awt.EventQueue.access$200(EventQueue.java:103)
	at java.awt.EventQueue$3.run(EventQueue.java:694)
	at java.awt.EventQueue$3.run(EventQueue.java:692)
	at java.security.AccessController.doPrivileged(Native Method)
	at java.security.ProtectionDomain$1.doIntersectionPrivilege(ProtectionDomain.java:76)
	at java.security.ProtectionDomain$1.doIntersectionPrivilege(ProtectionDomain.java:87)
	at java.awt.EventQueue$4.run(EventQueue.java:708)
	at java.awt.EventQueue$4.run(EventQueue.java:706)
	at java.security.AccessController.doPrivileged(Native Method)
	at java.security.ProtectionDomain$1.doIntersectionPrivilege(ProtectionDomain.java:76)
	at java.awt.EventQueue.dispatchEvent(EventQueue.java:705)
	at java.awt.EventDispatchThread.pumpOneEventForFilters(EventDispatchThread.java:242)
	at java.awt.EventDispatchThread.pumpEventsForFilter(EventDispatchThread.java:161)
	at java.awt.EventDispatchThread.pumpEventsForHierarchy(EventDispatchThread.java:150)
	at java.awt.EventDispatchThread.pumpEvents(EventDispatchThread.java:146)
	at java.awt.EventDispatchThread.pumpEvents(EventDispatchThread.java:138)
	at java.awt.EventDispatchThread.run(EventDispatchThread.java:91)

фев 18, 2015 12:04:16 PM main.MyUtil errorToLog
SEVERE: Exception:
java.lang.NullPointerException
	at tablemodel.TmSearchContent.<init>(TmSearchContent.java:21)
	at forms.FrmSearch.requery(FrmSearch.java:47)
	at forms.FrmSearch.jButtonSearchActionPerformed(FrmSearch.java:119)
	at forms.FrmSearch.access$200(FrmSearch.java:30)
	at forms.FrmSearch$MyKeyListener.keyOverride(FrmSearch.java:102)
	at forms.FrmSearch$MyKeyListener.keyPressed(FrmSearch.java:86)
	at java.awt.AWTEventMulticaster.keyPressed(AWTEventMulticaster.java:250)
	at java.awt.Component.processKeyEvent(Component.java:6463)
	at javax.swing.JComponent.processKeyEvent(JComponent.java:2828)
	at java.awt.Component.processEvent(Component.java:6282)
	at java.awt.Container.processEvent(Container.java:2229)
	at java.awt.Component.dispatchEventImpl(Component.java:4861)
	at java.awt.Container.dispatchEventImpl(Container.java:2287)
	at java.awt.Component.dispatchEvent(Component.java:4687)
	at java.awt.KeyboardFocusManager.redispatchEvent(KeyboardFocusManager.java:1895)
	at java.awt.DefaultKeyboardFocusManager.dispatchKeyEvent(DefaultKeyboardFocusManager.java:762)
	at java.awt.DefaultKeyboardFocusManager.preDispatchKeyEvent(DefaultKeyboardFocusManager.java:1027)
	at java.awt.DefaultKeyboardFocusManager.typeAheadAssertions(DefaultKeyboardFocusManager.java:899)
	at java.awt.DefaultKeyboardFocusManager.dispatchEvent(DefaultKeyboardFocusManager.java:727)
	at java.awt.Component.dispatchEventImpl(Component.java:4731)
	at java.awt.Container.dispatchEventImpl(Container.java:2287)
	at java.awt.Window.dispatchEventImpl(Window.java:2719)
	at java.awt.Component.dispatchEvent(Component.java:4687)
	at java.awt.EventQueue.dispatchEventImpl(EventQueue.java:735)
	at java.awt.EventQueue.access$200(EventQueue.java:103)
	at java.awt.EventQueue$3.run(EventQueue.java:694)
	at java.awt.EventQueue$3.run(EventQueue.java:692)
	at java.security.AccessController.doPrivileged(Native Method)
	at java.security.ProtectionDomain$1.doIntersectionPrivilege(ProtectionDomain.java:76)
	at java.security.ProtectionDomain$1.doIntersectionPrivilege(ProtectionDomain.java:87)
	at java.awt.EventQueue$4.run(EventQueue.java:708)
	at java.awt.EventQueue$4.run(EventQueue.java:706)
	at java.security.AccessController.doPrivileged(Native Method)
	at java.security.ProtectionDomain$1.doIntersectionPrivilege(ProtectionDomain.java:76)
	at java.awt.EventQueue.dispatchEvent(EventQueue.java:705)
	at java.awt.EventDispatchThread.pumpOneEventForFilters(EventDispatchThread.java:242)
	at java.awt.EventDispatchThread.pumpEventsForFilter(EventDispatchThread.java:161)
	at java.awt.EventDispatchThread.pumpEventsForFilter(EventDispatchThread.java:154)
	at java.awt.WaitDispatchSupport$2.run(WaitDispatchSupport.java:182)
	at java.awt.WaitDispatchSupport$4.run(WaitDispatchSupport.java:221)
	at java.security.AccessController.doPrivileged(Native Method)
	at java.awt.WaitDispatchSupport.enter(WaitDispatchSupport.java:219)
	at java.awt.Dialog.show(Dialog.java:1082)
	at java.awt.Component.show(Component.java:1651)
	at java.awt.Component.setVisible(Component.java:1603)
	at java.awt.Window.setVisible(Window.java:1014)
	at java.awt.Dialog.setVisible(Dialog.java:1005)
	at forms.FrmMain.jButtonSearchActionPerformed(FrmMain.java:1064)
	at forms.FrmMain.access$1000(FrmMain.java:38)
	at forms.FrmMain$MyKeyListener.keyOverride(FrmMain.java:266)
	at forms.FrmMain$MyKeyListener.keyPressed(FrmMain.java:188)
	at java.awt.AWTEventMulticaster.keyPressed(AWTEventMulticaster.java:250)
	at java.awt.Component.processKeyEvent(Component.java:6463)
	at javax.swing.JComponent.processKeyEvent(JComponent.java:2828)
	at java.awt.Component.processEvent(Component.java:6282)
	at java.awt.Container.processEvent(Container.java:2229)
	at java.awt.Component.dispatchEventImpl(Component.java:4861)
	at java.awt.Container.dispatchEventImpl(Container.java:2287)
	at java.awt.Component.dispatchEvent(Component.java:4687)
	at java.awt.KeyboardFocusManager.redispatchEvent(KeyboardFocusManager.java:1895)
	at java.awt.DefaultKeyboardFocusManager.dispatchKeyEvent(DefaultKeyboardFocusManager.java:762)
	at java.awt.DefaultKeyboardFocusManager.preDispatchKeyEvent(DefaultKeyboardFocusManager.java:1027)
	at java.awt.DefaultKeyboardFocusManager.typeAheadAssertions(DefaultKeyboardFocusManager.java:899)
	at java.awt.DefaultKeyboardFocusManager.dispatchEvent(DefaultKeyboardFocusManager.java:727)
	at java.awt.Component.dispatchEventImpl(Component.java:4731)
	at java.awt.Container.dispatchEventImpl(Container.java:2287)
	at java.awt.Window.dispatchEventImpl(Window.java:2719)
	at java.awt.Component.dispatchEvent(Component.java:4687)
	at java.awt.EventQueue.dispatchEventImpl(EventQueue.java:735)
	at java.awt.EventQueue.access$200(EventQueue.java:103)
	at java.awt.EventQueue$3.run(EventQueue.java:694)
	at java.awt.EventQueue$3.run(EventQueue.java:692)
	at java.security.AccessController.doPrivileged(Native Method)
	at java.security.ProtectionDomain$1.doIntersectionPrivilege(ProtectionDomain.java:76)
	at java.security.ProtectionDomain$1.doIntersectionPrivilege(ProtectionDomain.java:87)
	at java.awt.EventQueue$4.run(EventQueue.java:708)
	at java.awt.EventQueue$4.run(EventQueue.java:706)
	at java.security.AccessController.doPrivileged(Native Method)
	at java.security.ProtectionDomain$1.doIntersectionPrivilege(ProtectionDomain.java:76)
	at java.awt.EventQueue.dispatchEvent(EventQueue.java:705)
	at java.awt.EventDispatchThread.pumpOneEventForFilters(EventDispatchThread.java:242)
	at java.awt.EventDispatchThread.pumpEventsForFilter(EventDispatchThread.java:161)
	at java.awt.EventDispatchThread.pumpEventsForHierarchy(EventDispatchThread.java:150)
	at java.awt.EventDispatchThread.pumpEvents(EventDispatchThread.java:146)
	at java.awt.EventDispatchThread.pumpEvents(EventDispatchThread.java:138)
	at java.awt.EventDispatchThread.run(EventDispatchThread.java:91)

фев 18, 2015 4:08:08 PM main.MyUtil errorToLog
SEVERE: Exception:
java.lang.NullPointerException
	at tablemodel.TmSearchContent.<init>(TmSearchContent.java:21)
	at forms.FrmSearch.requery(FrmSearch.java:47)
	at forms.FrmSearch.jButtonSearchActionPerformed(FrmSearch.java:119)
	at forms.FrmSearch.access$200(FrmSearch.java:30)
	at forms.FrmSearch$MyKeyListener.keyOverride(FrmSearch.java:102)
	at forms.FrmSearch$MyKeyListener.keyPressed(FrmSearch.java:86)
	at java.awt.AWTEventMulticaster.keyPressed(AWTEventMulticaster.java:250)
	at java.awt.Component.processKeyEvent(Component.java:6463)
	at javax.swing.JComponent.processKeyEvent(JComponent.java:2828)
	at java.awt.Component.processEvent(Component.java:6282)
	at java.awt.Container.processEvent(Container.java:2229)
	at java.awt.Component.dispatchEventImpl(Component.java:4861)
	at java.awt.Container.dispatchEventImpl(Container.java:2287)
	at java.awt.Component.dispatchEvent(Component.java:4687)
	at java.awt.KeyboardFocusManager.redispatchEvent(KeyboardFocusManager.java:1895)
	at java.awt.DefaultKeyboardFocusManager.dispatchKeyEvent(DefaultKeyboardFocusManager.java:762)
	at java.awt.DefaultKeyboardFocusManager.preDispatchKeyEvent(DefaultKeyboardFocusManager.java:1027)
	at java.awt.DefaultKeyboardFocusManager.typeAheadAssertions(DefaultKeyboardFocusManager.java:899)
	at java.awt.DefaultKeyboardFocusManager.dispatchEvent(DefaultKeyboardFocusManager.java:727)
	at java.awt.Component.dispatchEventImpl(Component.java:4731)
	at java.awt.Container.dispatchEventImpl(Container.java:2287)
	at java.awt.Window.dispatchEventImpl(Window.java:2719)
	at java.awt.Component.dispatchEvent(Component.java:4687)
	at java.awt.EventQueue.dispatchEventImpl(EventQueue.java:735)
	at java.awt.EventQueue.access$200(EventQueue.java:103)
	at java.awt.EventQueue$3.run(EventQueue.java:694)
	at java.awt.EventQueue$3.run(EventQueue.java:692)
	at java.security.AccessController.doPrivileged(Native Method)
	at java.security.ProtectionDomain$1.doIntersectionPrivilege(ProtectionDomain.java:76)
	at java.security.ProtectionDomain$1.doIntersectionPrivilege(ProtectionDomain.java:87)
	at java.awt.EventQueue$4.run(EventQueue.java:708)
	at java.awt.EventQueue$4.run(EventQueue.java:706)
	at java.security.AccessController.doPrivileged(Native Method)
	at java.security.ProtectionDomain$1.doIntersectionPrivilege(ProtectionDomain.java:76)
	at java.awt.EventQueue.dispatchEvent(EventQueue.java:705)
	at java.awt.EventDispatchThread.pumpOneEventForFilters(EventDispatchThread.java:242)
	at java.awt.EventDispatchThread.pumpEventsForFilter(EventDispatchThread.java:161)
	at java.awt.EventDispatchThread.pumpEventsForFilter(EventDispatchThread.java:154)
	at java.awt.WaitDispatchSupport$2.run(WaitDispatchSupport.java:182)
	at java.awt.WaitDispatchSupport$4.run(WaitDispatchSupport.java:221)
	at java.security.AccessController.doPrivileged(Native Method)
	at java.awt.WaitDispatchSupport.enter(WaitDispatchSupport.java:219)
	at java.awt.Dialog.show(Dialog.java:1082)
	at java.awt.Component.show(Component.java:1651)
	at java.awt.Component.setVisible(Component.java:1603)
	at java.awt.Window.setVisible(Window.java:1014)
	at java.awt.Dialog.setVisible(Dialog.java:1005)
	at forms.FrmMain.jButtonSearchActionPerformed(FrmMain.java:1064)
	at forms.FrmMain.access$1000(FrmMain.java:38)
	at forms.FrmMain$MyKeyListener.keyOverride(FrmMain.java:266)
	at forms.FrmMain$MyKeyListener.keyPressed(FrmMain.java:188)
	at java.awt.AWTEventMulticaster.keyPressed(AWTEventMulticaster.java:250)
	at java.awt.Component.processKeyEvent(Component.java:6463)
	at javax.swing.JComponent.processKeyEvent(JComponent.java:2828)
	at java.awt.Component.processEvent(Component.java:6282)
	at java.awt.Container.processEvent(Container.java:2229)
	at java.awt.Component.dispatchEventImpl(Component.java:4861)
	at java.awt.Container.dispatchEventImpl(Container.java:2287)
	at java.awt.Component.dispatchEvent(Component.java:4687)
	at java.awt.KeyboardFocusManager.redispatchEvent(KeyboardFocusManager.java:1895)
	at java.awt.DefaultKeyboardFocusManager.dispatchKeyEvent(DefaultKeyboardFocusManager.java:762)
	at java.awt.DefaultKeyboardFocusManager.preDispatchKeyEvent(DefaultKeyboardFocusManager.java:1027)
	at java.awt.DefaultKeyboardFocusManager.typeAheadAssertions(DefaultKeyboardFocusManager.java:899)
	at java.awt.DefaultKeyboardFocusManager.dispatchEvent(DefaultKeyboardFocusManager.java:727)
	at java.awt.Component.dispatchEventImpl(Component.java:4731)
	at java.awt.Container.dispatchEventImpl(Container.java:2287)
	at java.awt.Window.dispatchEventImpl(Window.java:2719)
	at java.awt.Component.dispatchEvent(Component.java:4687)
	at java.awt.EventQueue.dispatchEventImpl(EventQueue.java:735)
	at java.awt.EventQueue.access$200(EventQueue.java:103)
	at java.awt.EventQueue$3.run(EventQueue.java:694)
	at java.awt.EventQueue$3.run(EventQueue.java:692)
	at java.security.AccessController.doPrivileged(Native Method)
	at java.security.ProtectionDomain$1.doIntersectionPrivilege(ProtectionDomain.java:76)
	at java.security.ProtectionDomain$1.doIntersectionPrivilege(ProtectionDomain.java:87)
	at java.awt.EventQueue$4.run(EventQueue.java:708)
	at java.awt.EventQueue$4.run(EventQueue.java:706)
	at java.security.AccessController.doPrivileged(Native Method)
	at java.security.ProtectionDomain$1.doIntersectionPrivilege(ProtectionDomain.java:76)
	at java.awt.EventQueue.dispatchEvent(EventQueue.java:705)
	at java.awt.EventDispatchThread.pumpOneEventForFilters(EventDispatchThread.java:242)
	at java.awt.EventDispatchThread.pumpEventsForFilter(EventDispatchThread.java:161)
	at java.awt.EventDispatchThread.pumpEventsForHierarchy(EventDispatchThread.java:150)
	at java.awt.EventDispatchThread.pumpEvents(EventDispatchThread.java:146)
	at java.awt.EventDispatchThread.pumpEvents(EventDispatchThread.java:138)
	at java.awt.EventDispatchThread.run(EventDispatchThread.java:91)

