июн 24, 2015 4:58:33 PM main.MyUtil errorToLog
SEVERE: Exception:
java.sql.SQLException: Column 'ZakazMin' not found.
	at com.mysql.jdbc.SQLError.createSQLException(SQLError.java:998)
	at com.mysql.jdbc.SQLError.createSQLException(SQLError.java:937)
	at com.mysql.jdbc.SQLError.createSQLException(SQLError.java:926)
	at com.mysql.jdbc.SQLError.createSQLException(SQLError.java:872)
	at com.mysql.jdbc.ResultSetImpl.findColumn(ResultSetImpl.java:1073)
	at com.mysql.jdbc.ResultSetImpl.getInt(ResultSetImpl.java:2571)
	at tablemodel.TmOrderAutoContent.<init>(TmOrderAutoContent.java:27)
	at forms.FrmOrderEditAuto.requeryOrderContent(FrmOrderEditAuto.java:158)
	at forms.FrmOrderEditAuto.<init>(FrmOrderEditAuto.java:109)
	at forms.FrmOrderList.jButtonDocEditActionPerformed(FrmOrderList.java:198)
	at forms.FrmOrderList.jButtonDocEditActionPerformed(FrmOrderList.java:761)
	at forms.FrmOrderList.access$1200(FrmOrderList.java:45)
	at forms.FrmOrderList$7.actionPerformed(FrmOrderList.java:573)
	at javax.swing.AbstractButton.fireActionPerformed(AbstractButton.java:2018)
	at javax.swing.AbstractButton$Handler.actionPerformed(AbstractButton.java:2341)
	at javax.swing.DefaultButtonModel.fireActionPerformed(DefaultButtonModel.java:402)
	at javax.swing.DefaultButtonModel.setPressed(DefaultButtonModel.java:259)
	at javax.swing.plaf.basic.BasicButtonListener.mouseReleased(BasicButtonListener.java:252)
	at java.awt.AWTEventMulticaster.mouseReleased(AWTEventMulticaster.java:289)
	at java.awt.Component.processMouseEvent(Component.java:6516)
	at javax.swing.JComponent.processMouseEvent(JComponent.java:3320)
	at java.awt.Component.processEvent(Component.java:6281)
	at java.awt.Container.processEvent(Container.java:2229)
	at java.awt.Component.dispatchEventImpl(Component.java:4872)
	at java.awt.Container.dispatchEventImpl(Container.java:2287)
	at java.awt.Component.dispatchEvent(Component.java:4698)
	at java.awt.LightweightDispatcher.retargetMouseEvent(Container.java:4832)
	at java.awt.LightweightDispatcher.processMouseEvent(Container.java:4492)
	at java.awt.LightweightDispatcher.dispatchEvent(Container.java:4422)
	at java.awt.Container.dispatchEventImpl(Container.java:2273)
	at java.awt.Window.dispatchEventImpl(Window.java:2719)
	at java.awt.Component.dispatchEvent(Component.java:4698)
	at java.awt.EventQueue.dispatchEventImpl(EventQueue.java:735)
	at java.awt.EventQueue.access$200(EventQueue.java:103)
	at java.awt.EventQueue$3.run(EventQueue.java:694)
	at java.awt.EventQueue$3.run(EventQueue.java:692)
	at java.security.AccessController.doPrivileged(Native Method)
	at java.security.ProtectionDomain$1.doIntersectionPrivilege(ProtectionDomain.java:76)
	at java.security.ProtectionDomain$1.doIntersectionPrivilege(ProtectionDomain.java:87)
	at java.awt.EventQueue$4.run(EventQueue.java:708)
	at java.awt.EventQueue$4.run(EventQueue.java:706)
	at java.security.AccessController.doPrivileged(Native Method)
	at java.security.ProtectionDomain$1.doIntersectionPrivilege(ProtectionDomain.java:76)
	at java.awt.EventQueue.dispatchEvent(EventQueue.java:705)
	at java.awt.EventDispatchThread.pumpOneEventForFilters(EventDispatchThread.java:242)
	at java.awt.EventDispatchThread.pumpEventsForFilter(EventDispatchThread.java:161)
	at java.awt.EventDispatchThread.pumpEventsForFilter(EventDispatchThread.java:154)
	at java.awt.WaitDispatchSupport$2.run(WaitDispatchSupport.java:182)
	at java.awt.WaitDispatchSupport$4.run(WaitDispatchSupport.java:221)
	at java.security.AccessController.doPrivileged(Native Method)
	at java.awt.WaitDispatchSupport.enter(WaitDispatchSupport.java:219)
	at java.awt.Dialog.show(Dialog.java:1082)
	at java.awt.Component.show(Component.java:1655)
	at java.awt.Component.setVisible(Component.java:1607)
	at java.awt.Window.setVisible(Window.java:1014)
	at java.awt.Dialog.setVisible(Dialog.java:1005)
	at forms.FrmAdmin.jButtonOrderActionPerformed(FrmAdmin.java:73)
	at forms.FrmAdmin.jButtonOrderActionPerformed(FrmAdmin.java:617)
	at forms.FrmAdmin.access$500(FrmAdmin.java:27)
	at forms.FrmAdmin$3.actionPerformed(FrmAdmin.java:300)
	at javax.swing.AbstractButton.fireActionPerformed(AbstractButton.java:2018)
	at javax.swing.AbstractButton$Handler.actionPerformed(AbstractButton.java:2341)
	at javax.swing.DefaultButtonModel.fireActionPerformed(DefaultButtonModel.java:402)
	at javax.swing.DefaultButtonModel.setPressed(DefaultButtonModel.java:259)
	at javax.swing.plaf.basic.BasicButtonListener.mouseReleased(BasicButtonListener.java:252)
	at java.awt.AWTEventMulticaster.mouseReleased(AWTEventMulticaster.java:289)
	at java.awt.Component.processMouseEvent(Component.java:6516)
	at javax.swing.JComponent.processMouseEvent(JComponent.java:3320)
	at java.awt.Component.processEvent(Component.java:6281)
	at java.awt.Container.processEvent(Container.java:2229)
	at java.awt.Component.dispatchEventImpl(Component.java:4872)
	at java.awt.Container.dispatchEventImpl(Container.java:2287)
	at java.awt.Component.dispatchEvent(Component.java:4698)
	at java.awt.LightweightDispatcher.retargetMouseEvent(Container.java:4832)
	at java.awt.LightweightDispatcher.processMouseEvent(Container.java:4492)
	at java.awt.LightweightDispatcher.dispatchEvent(Container.java:4422)
	at java.awt.Container.dispatchEventImpl(Container.java:2273)
	at java.awt.Window.dispatchEventImpl(Window.java:2719)
	at java.awt.Component.dispatchEvent(Component.java:4698)
	at java.awt.EventQueue.dispatchEventImpl(EventQueue.java:735)
	at java.awt.EventQueue.access$200(EventQueue.java:103)
	at java.awt.EventQueue$3.run(EventQueue.java:694)
	at java.awt.EventQueue$3.run(EventQueue.java:692)
	at java.security.AccessController.doPrivileged(Native Method)
	at java.security.ProtectionDomain$1.doIntersectionPrivilege(ProtectionDomain.java:76)
	at java.security.ProtectionDomain$1.doIntersectionPrivilege(ProtectionDomain.java:87)
	at java.awt.EventQueue$4.run(EventQueue.java:708)
	at java.awt.EventQueue$4.run(EventQueue.java:706)
	at java.security.AccessController.doPrivileged(Native Method)
	at java.security.ProtectionDomain$1.doIntersectionPrivilege(ProtectionDomain.java:76)
	at java.awt.EventQueue.dispatchEvent(EventQueue.java:705)
	at java.awt.EventDispatchThread.pumpOneEventForFilters(EventDispatchThread.java:242)
	at java.awt.EventDispatchThread.pumpEventsForFilter(EventDispatchThread.java:161)
	at java.awt.EventDispatchThread.pumpEventsForFilter(EventDispatchThread.java:154)
	at java.awt.WaitDispatchSupport$2.run(WaitDispatchSupport.java:182)
	at java.awt.WaitDispatchSupport$4.run(WaitDispatchSupport.java:221)
	at java.security.AccessController.doPrivileged(Native Method)
	at java.awt.WaitDispatchSupport.enter(WaitDispatchSupport.java:219)
	at java.awt.Dialog.show(Dialog.java:1082)
	at java.awt.Component.show(Component.java:1655)
	at java.awt.Component.setVisible(Component.java:1607)
	at java.awt.Window.setVisible(Window.java:1014)
	at java.awt.Dialog.setVisible(Dialog.java:1005)
	at forms.FrmMain.jButtonAdminActionPerformed(FrmMain.java:1380)
	at forms.FrmMain.access$1300(FrmMain.java:39)
	at forms.FrmMain$MyKeyListener.keyOverride(FrmMain.java:266)
	at forms.FrmMain$MyKeyListener.keyPressed(FrmMain.java:190)
	at java.awt.AWTEventMulticaster.keyPressed(AWTEventMulticaster.java:250)
	at java.awt.Component.processKeyEvent(Component.java:6474)
	at javax.swing.JComponent.processKeyEvent(JComponent.java:2828)
	at java.awt.Component.processEvent(Component.java:6293)
	at java.awt.Container.processEvent(Container.java:2229)
	at java.awt.Component.dispatchEventImpl(Component.java:4872)
	at java.awt.Container.dispatchEventImpl(Container.java:2287)
	at java.awt.Component.dispatchEvent(Component.java:4698)
	at java.awt.KeyboardFocusManager.redispatchEvent(KeyboardFocusManager.java:1895)
	at java.awt.DefaultKeyboardFocusManager.dispatchKeyEvent(DefaultKeyboardFocusManager.java:762)
	at java.awt.DefaultKeyboardFocusManager.preDispatchKeyEvent(DefaultKeyboardFocusManager.java:1027)
	at java.awt.DefaultKeyboardFocusManager.typeAheadAssertions(DefaultKeyboardFocusManager.java:899)
	at java.awt.DefaultKeyboardFocusManager.dispatchEvent(DefaultKeyboardFocusManager.java:727)
	at java.awt.Component.dispatchEventImpl(Component.java:4742)
	at java.awt.Container.dispatchEventImpl(Container.java:2287)
	at java.awt.Window.dispatchEventImpl(Window.java:2719)
	at java.awt.Component.dispatchEvent(Component.java:4698)
	at java.awt.EventQueue.dispatchEventImpl(EventQueue.java:735)
	at java.awt.EventQueue.access$200(EventQueue.java:103)
	at java.awt.EventQueue$3.run(EventQueue.java:694)
	at java.awt.EventQueue$3.run(EventQueue.java:692)
	at java.security.AccessController.doPrivileged(Native Method)
	at java.security.ProtectionDomain$1.doIntersectionPrivilege(ProtectionDomain.java:76)
	at java.security.ProtectionDomain$1.doIntersectionPrivilege(ProtectionDomain.java:87)
	at java.awt.EventQueue$4.run(EventQueue.java:708)
	at java.awt.EventQueue$4.run(EventQueue.java:706)
	at java.security.AccessController.doPrivileged(Native Method)
	at java.security.ProtectionDomain$1.doIntersectionPrivilege(ProtectionDomain.java:76)
	at java.awt.EventQueue.dispatchEvent(EventQueue.java:705)
	at java.awt.EventDispatchThread.pumpOneEventForFilters(EventDispatchThread.java:242)
	at java.awt.EventDispatchThread.pumpEventsForFilter(EventDispatchThread.java:161)
	at java.awt.EventDispatchThread.pumpEventsForHierarchy(EventDispatchThread.java:150)
	at java.awt.EventDispatchThread.pumpEvents(EventDispatchThread.java:146)
	at java.awt.EventDispatchThread.pumpEvents(EventDispatchThread.java:138)
	at java.awt.EventDispatchThread.run(EventDispatchThread.java:91)

июн 24, 2015 5:00:47 PM main.MyUtil errorToLog
SEVERE: Exception:
java.sql.SQLException: Column 'ZakazMin' not found.
	at com.mysql.jdbc.SQLError.createSQLException(SQLError.java:998)
	at com.mysql.jdbc.SQLError.createSQLException(SQLError.java:937)
	at com.mysql.jdbc.SQLError.createSQLException(SQLError.java:926)
	at com.mysql.jdbc.SQLError.createSQLException(SQLError.java:872)
	at com.mysql.jdbc.ResultSetImpl.findColumn(ResultSetImpl.java:1073)
	at com.mysql.jdbc.ResultSetImpl.getInt(ResultSetImpl.java:2571)
	at tablemodel.TmOrderAutoContent.<init>(TmOrderAutoContent.java:27)
	at forms.FrmOrderEditAuto.requeryOrderContent(FrmOrderEditAuto.java:158)
	at forms.FrmOrderEditAuto.<init>(FrmOrderEditAuto.java:109)
	at forms.FrmOrderList.jButtonDocEditActionPerformed(FrmOrderList.java:198)
	at forms.FrmOrderList.jButtonDocEditActionPerformed(FrmOrderList.java:761)
	at forms.FrmOrderList.access$1200(FrmOrderList.java:45)
	at forms.FrmOrderList$7.actionPerformed(FrmOrderList.java:573)
	at javax.swing.AbstractButton.fireActionPerformed(AbstractButton.java:2018)
	at javax.swing.AbstractButton$Handler.actionPerformed(AbstractButton.java:2341)
	at javax.swing.DefaultButtonModel.fireActionPerformed(DefaultButtonModel.java:402)
	at javax.swing.DefaultButtonModel.setPressed(DefaultButtonModel.java:259)
	at javax.swing.plaf.basic.BasicButtonListener.mouseReleased(BasicButtonListener.java:252)
	at java.awt.AWTEventMulticaster.mouseReleased(AWTEventMulticaster.java:289)
	at java.awt.Component.processMouseEvent(Component.java:6516)
	at javax.swing.JComponent.processMouseEvent(JComponent.java:3320)
	at java.awt.Component.processEvent(Component.java:6281)
	at java.awt.Container.processEvent(Container.java:2229)
	at java.awt.Component.dispatchEventImpl(Component.java:4872)
	at java.awt.Container.dispatchEventImpl(Container.java:2287)
	at java.awt.Component.dispatchEvent(Component.java:4698)
	at java.awt.LightweightDispatcher.retargetMouseEvent(Container.java:4832)
	at java.awt.LightweightDispatcher.processMouseEvent(Container.java:4492)
	at java.awt.LightweightDispatcher.dispatchEvent(Container.java:4422)
	at java.awt.Container.dispatchEventImpl(Container.java:2273)
	at java.awt.Window.dispatchEventImpl(Window.java:2719)
	at java.awt.Component.dispatchEvent(Component.java:4698)
	at java.awt.EventQueue.dispatchEventImpl(EventQueue.java:735)
	at java.awt.EventQueue.access$200(EventQueue.java:103)
	at java.awt.EventQueue$3.run(EventQueue.java:694)
	at java.awt.EventQueue$3.run(EventQueue.java:692)
	at java.security.AccessController.doPrivileged(Native Method)
	at java.security.ProtectionDomain$1.doIntersectionPrivilege(ProtectionDomain.java:76)
	at java.security.ProtectionDomain$1.doIntersectionPrivilege(ProtectionDomain.java:87)
	at java.awt.EventQueue$4.run(EventQueue.java:708)
	at java.awt.EventQueue$4.run(EventQueue.java:706)
	at java.security.AccessController.doPrivileged(Native Method)
	at java.security.ProtectionDomain$1.doIntersectionPrivilege(ProtectionDomain.java:76)
	at java.awt.EventQueue.dispatchEvent(EventQueue.java:705)
	at java.awt.EventDispatchThread.pumpOneEventForFilters(EventDispatchThread.java:242)
	at java.awt.EventDispatchThread.pumpEventsForFilter(EventDispatchThread.java:161)
	at java.awt.EventDispatchThread.pumpEventsForFilter(EventDispatchThread.java:154)
	at java.awt.WaitDispatchSupport$2.run(WaitDispatchSupport.java:182)
	at java.awt.WaitDispatchSupport$4.run(WaitDispatchSupport.java:221)
	at java.security.AccessController.doPrivileged(Native Method)
	at java.awt.WaitDispatchSupport.enter(WaitDispatchSupport.java:219)
	at java.awt.Dialog.show(Dialog.java:1082)
	at java.awt.Component.show(Component.java:1655)
	at java.awt.Component.setVisible(Component.java:1607)
	at java.awt.Window.setVisible(Window.java:1014)
	at java.awt.Dialog.setVisible(Dialog.java:1005)
	at forms.FrmAdmin.jButtonOrderActionPerformed(FrmAdmin.java:73)
	at forms.FrmAdmin.jButtonOrderActionPerformed(FrmAdmin.java:617)
	at forms.FrmAdmin.access$500(FrmAdmin.java:27)
	at forms.FrmAdmin$3.actionPerformed(FrmAdmin.java:300)
	at javax.swing.AbstractButton.fireActionPerformed(AbstractButton.java:2018)
	at javax.swing.AbstractButton$Handler.actionPerformed(AbstractButton.java:2341)
	at javax.swing.DefaultButtonModel.fireActionPerformed(DefaultButtonModel.java:402)
	at javax.swing.DefaultButtonModel.setPressed(DefaultButtonModel.java:259)
	at javax.swing.plaf.basic.BasicButtonListener.mouseReleased(BasicButtonListener.java:252)
	at java.awt.AWTEventMulticaster.mouseReleased(AWTEventMulticaster.java:289)
	at java.awt.Component.processMouseEvent(Component.java:6516)
	at javax.swing.JComponent.processMouseEvent(JComponent.java:3320)
	at java.awt.Component.processEvent(Component.java:6281)
	at java.awt.Container.processEvent(Container.java:2229)
	at java.awt.Component.dispatchEventImpl(Component.java:4872)
	at java.awt.Container.dispatchEventImpl(Container.java:2287)
	at java.awt.Component.dispatchEvent(Component.java:4698)
	at java.awt.LightweightDispatcher.retargetMouseEvent(Container.java:4832)
	at java.awt.LightweightDispatcher.processMouseEvent(Container.java:4492)
	at java.awt.LightweightDispatcher.dispatchEvent(Container.java:4422)
	at java.awt.Container.dispatchEventImpl(Container.java:2273)
	at java.awt.Window.dispatchEventImpl(Window.java:2719)
	at java.awt.Component.dispatchEvent(Component.java:4698)
	at java.awt.EventQueue.dispatchEventImpl(EventQueue.java:735)
	at java.awt.EventQueue.access$200(EventQueue.java:103)
	at java.awt.EventQueue$3.run(EventQueue.java:694)
	at java.awt.EventQueue$3.run(EventQueue.java:692)
	at java.security.AccessController.doPrivileged(Native Method)
	at java.security.ProtectionDomain$1.doIntersectionPrivilege(ProtectionDomain.java:76)
	at java.security.ProtectionDomain$1.doIntersectionPrivilege(ProtectionDomain.java:87)
	at java.awt.EventQueue$4.run(EventQueue.java:708)
	at java.awt.EventQueue$4.run(EventQueue.java:706)
	at java.security.AccessController.doPrivileged(Native Method)
	at java.security.ProtectionDomain$1.doIntersectionPrivilege(ProtectionDomain.java:76)
	at java.awt.EventQueue.dispatchEvent(EventQueue.java:705)
	at java.awt.EventDispatchThread.pumpOneEventForFilters(EventDispatchThread.java:242)
	at java.awt.EventDispatchThread.pumpEventsForFilter(EventDispatchThread.java:161)
	at java.awt.EventDispatchThread.pumpEventsForFilter(EventDispatchThread.java:154)
	at java.awt.WaitDispatchSupport$2.run(WaitDispatchSupport.java:182)
	at java.awt.WaitDispatchSupport$4.run(WaitDispatchSupport.java:221)
	at java.security.AccessController.doPrivileged(Native Method)
	at java.awt.WaitDispatchSupport.enter(WaitDispatchSupport.java:219)
	at java.awt.Dialog.show(Dialog.java:1082)
	at java.awt.Component.show(Component.java:1655)
	at java.awt.Component.setVisible(Component.java:1607)
	at java.awt.Window.setVisible(Window.java:1014)
	at java.awt.Dialog.setVisible(Dialog.java:1005)
	at forms.FrmMain.jButtonAdminActionPerformed(FrmMain.java:1380)
	at forms.FrmMain.access$1300(FrmMain.java:39)
	at forms.FrmMain$MyKeyListener.keyOverride(FrmMain.java:266)
	at forms.FrmMain$MyKeyListener.keyPressed(FrmMain.java:190)
	at java.awt.AWTEventMulticaster.keyPressed(AWTEventMulticaster.java:250)
	at java.awt.Component.processKeyEvent(Component.java:6474)
	at javax.swing.JComponent.processKeyEvent(JComponent.java:2828)
	at java.awt.Component.processEvent(Component.java:6293)
	at java.awt.Container.processEvent(Container.java:2229)
	at java.awt.Component.dispatchEventImpl(Component.java:4872)
	at java.awt.Container.dispatchEventImpl(Container.java:2287)
	at java.awt.Component.dispatchEvent(Component.java:4698)
	at java.awt.KeyboardFocusManager.redispatchEvent(KeyboardFocusManager.java:1895)
	at java.awt.DefaultKeyboardFocusManager.dispatchKeyEvent(DefaultKeyboardFocusManager.java:762)
	at java.awt.DefaultKeyboardFocusManager.preDispatchKeyEvent(DefaultKeyboardFocusManager.java:1027)
	at java.awt.DefaultKeyboardFocusManager.typeAheadAssertions(DefaultKeyboardFocusManager.java:899)
	at java.awt.DefaultKeyboardFocusManager.dispatchEvent(DefaultKeyboardFocusManager.java:727)
	at java.awt.Component.dispatchEventImpl(Component.java:4742)
	at java.awt.Container.dispatchEventImpl(Container.java:2287)
	at java.awt.Window.dispatchEventImpl(Window.java:2719)
	at java.awt.Component.dispatchEvent(Component.java:4698)
	at java.awt.EventQueue.dispatchEventImpl(EventQueue.java:735)
	at java.awt.EventQueue.access$200(EventQueue.java:103)
	at java.awt.EventQueue$3.run(EventQueue.java:694)
	at java.awt.EventQueue$3.run(EventQueue.java:692)
	at java.security.AccessController.doPrivileged(Native Method)
	at java.security.ProtectionDomain$1.doIntersectionPrivilege(ProtectionDomain.java:76)
	at java.security.ProtectionDomain$1.doIntersectionPrivilege(ProtectionDomain.java:87)
	at java.awt.EventQueue$4.run(EventQueue.java:708)
	at java.awt.EventQueue$4.run(EventQueue.java:706)
	at java.security.AccessController.doPrivileged(Native Method)
	at java.security.ProtectionDomain$1.doIntersectionPrivilege(ProtectionDomain.java:76)
	at java.awt.EventQueue.dispatchEvent(EventQueue.java:705)
	at java.awt.EventDispatchThread.pumpOneEventForFilters(EventDispatchThread.java:242)
	at java.awt.EventDispatchThread.pumpEventsForFilter(EventDispatchThread.java:161)
	at java.awt.EventDispatchThread.pumpEventsForHierarchy(EventDispatchThread.java:150)
	at java.awt.EventDispatchThread.pumpEvents(EventDispatchThread.java:146)
	at java.awt.EventDispatchThread.pumpEvents(EventDispatchThread.java:138)
	at java.awt.EventDispatchThread.run(EventDispatchThread.java:91)

июн 24, 2015 5:03:48 PM main.MyUtil errorToLog
SEVERE: Exception:
java.sql.SQLException: Column 'ZakazMin' not found.
	at com.mysql.jdbc.SQLError.createSQLException(SQLError.java:998)
	at com.mysql.jdbc.SQLError.createSQLException(SQLError.java:937)
	at com.mysql.jdbc.SQLError.createSQLException(SQLError.java:926)
	at com.mysql.jdbc.SQLError.createSQLException(SQLError.java:872)
	at com.mysql.jdbc.ResultSetImpl.findColumn(ResultSetImpl.java:1073)
	at com.mysql.jdbc.ResultSetImpl.getInt(ResultSetImpl.java:2571)
	at tablemodel.TmOrderAutoContent.<init>(TmOrderAutoContent.java:27)
	at forms.FrmOrderEditAuto.requeryOrderContent(FrmOrderEditAuto.java:158)
	at forms.FrmOrderEditAuto.<init>(FrmOrderEditAuto.java:109)
	at forms.FrmOrderList.jButtonDocEditActionPerformed(FrmOrderList.java:198)
	at forms.FrmOrderList.jButtonDocEditActionPerformed(FrmOrderList.java:761)
	at forms.FrmOrderList.access$1200(FrmOrderList.java:45)
	at forms.FrmOrderList$7.actionPerformed(FrmOrderList.java:573)
	at javax.swing.AbstractButton.fireActionPerformed(AbstractButton.java:2018)
	at javax.swing.AbstractButton$Handler.actionPerformed(AbstractButton.java:2341)
	at javax.swing.DefaultButtonModel.fireActionPerformed(DefaultButtonModel.java:402)
	at javax.swing.DefaultButtonModel.setPressed(DefaultButtonModel.java:259)
	at javax.swing.plaf.basic.BasicButtonListener.mouseReleased(BasicButtonListener.java:252)
	at java.awt.AWTEventMulticaster.mouseReleased(AWTEventMulticaster.java:289)
	at java.awt.Component.processMouseEvent(Component.java:6516)
	at javax.swing.JComponent.processMouseEvent(JComponent.java:3320)
	at java.awt.Component.processEvent(Component.java:6281)
	at java.awt.Container.processEvent(Container.java:2229)
	at java.awt.Component.dispatchEventImpl(Component.java:4872)
	at java.awt.Container.dispatchEventImpl(Container.java:2287)
	at java.awt.Component.dispatchEvent(Component.java:4698)
	at java.awt.LightweightDispatcher.retargetMouseEvent(Container.java:4832)
	at java.awt.LightweightDispatcher.processMouseEvent(Container.java:4492)
	at java.awt.LightweightDispatcher.dispatchEvent(Container.java:4422)
	at java.awt.Container.dispatchEventImpl(Container.java:2273)
	at java.awt.Window.dispatchEventImpl(Window.java:2719)
	at java.awt.Component.dispatchEvent(Component.java:4698)
	at java.awt.EventQueue.dispatchEventImpl(EventQueue.java:735)
	at java.awt.EventQueue.access$200(EventQueue.java:103)
	at java.awt.EventQueue$3.run(EventQueue.java:694)
	at java.awt.EventQueue$3.run(EventQueue.java:692)
	at java.security.AccessController.doPrivileged(Native Method)
	at java.security.ProtectionDomain$1.doIntersectionPrivilege(ProtectionDomain.java:76)
	at java.security.ProtectionDomain$1.doIntersectionPrivilege(ProtectionDomain.java:87)
	at java.awt.EventQueue$4.run(EventQueue.java:708)
	at java.awt.EventQueue$4.run(EventQueue.java:706)
	at java.security.AccessController.doPrivileged(Native Method)
	at java.security.ProtectionDomain$1.doIntersectionPrivilege(ProtectionDomain.java:76)
	at java.awt.EventQueue.dispatchEvent(EventQueue.java:705)
	at java.awt.EventDispatchThread.pumpOneEventForFilters(EventDispatchThread.java:242)
	at java.awt.EventDispatchThread.pumpEventsForFilter(EventDispatchThread.java:161)
	at java.awt.EventDispatchThread.pumpEventsForFilter(EventDispatchThread.java:154)
	at java.awt.WaitDispatchSupport$2.run(WaitDispatchSupport.java:182)
	at java.awt.WaitDispatchSupport$4.run(WaitDispatchSupport.java:221)
	at java.security.AccessController.doPrivileged(Native Method)
	at java.awt.WaitDispatchSupport.enter(WaitDispatchSupport.java:219)
	at java.awt.Dialog.show(Dialog.java:1082)
	at java.awt.Component.show(Component.java:1655)
	at java.awt.Component.setVisible(Component.java:1607)
	at java.awt.Window.setVisible(Window.java:1014)
	at java.awt.Dialog.setVisible(Dialog.java:1005)
	at forms.FrmAdmin.jButtonOrderActionPerformed(FrmAdmin.java:73)
	at forms.FrmAdmin.jButtonOrderActionPerformed(FrmAdmin.java:617)
	at forms.FrmAdmin.access$500(FrmAdmin.java:27)
	at forms.FrmAdmin$3.actionPerformed(FrmAdmin.java:300)
	at javax.swing.AbstractButton.fireActionPerformed(AbstractButton.java:2018)
	at javax.swing.AbstractButton$Handler.actionPerformed(AbstractButton.java:2341)
	at javax.swing.DefaultButtonModel.fireActionPerformed(DefaultButtonModel.java:402)
	at javax.swing.DefaultButtonModel.setPressed(DefaultButtonModel.java:259)
	at javax.swing.plaf.basic.BasicButtonListener.mouseReleased(BasicButtonListener.java:252)
	at java.awt.AWTEventMulticaster.mouseReleased(AWTEventMulticaster.java:289)
	at java.awt.Component.processMouseEvent(Component.java:6516)
	at javax.swing.JComponent.processMouseEvent(JComponent.java:3320)
	at java.awt.Component.processEvent(Component.java:6281)
	at java.awt.Container.processEvent(Container.java:2229)
	at java.awt.Component.dispatchEventImpl(Component.java:4872)
	at java.awt.Container.dispatchEventImpl(Container.java:2287)
	at java.awt.Component.dispatchEvent(Component.java:4698)
	at java.awt.LightweightDispatcher.retargetMouseEvent(Container.java:4832)
	at java.awt.LightweightDispatcher.processMouseEvent(Container.java:4492)
	at java.awt.LightweightDispatcher.dispatchEvent(Container.java:4422)
	at java.awt.Container.dispatchEventImpl(Container.java:2273)
	at java.awt.Window.dispatchEventImpl(Window.java:2719)
	at java.awt.Component.dispatchEvent(Component.java:4698)
	at java.awt.EventQueue.dispatchEventImpl(EventQueue.java:735)
	at java.awt.EventQueue.access$200(EventQueue.java:103)
	at java.awt.EventQueue$3.run(EventQueue.java:694)
	at java.awt.EventQueue$3.run(EventQueue.java:692)
	at java.security.AccessController.doPrivileged(Native Method)
	at java.security.ProtectionDomain$1.doIntersectionPrivilege(ProtectionDomain.java:76)
	at java.security.ProtectionDomain$1.doIntersectionPrivilege(ProtectionDomain.java:87)
	at java.awt.EventQueue$4.run(EventQueue.java:708)
	at java.awt.EventQueue$4.run(EventQueue.java:706)
	at java.security.AccessController.doPrivileged(Native Method)
	at java.security.ProtectionDomain$1.doIntersectionPrivilege(ProtectionDomain.java:76)
	at java.awt.EventQueue.dispatchEvent(EventQueue.java:705)
	at java.awt.EventDispatchThread.pumpOneEventForFilters(EventDispatchThread.java:242)
	at java.awt.EventDispatchThread.pumpEventsForFilter(EventDispatchThread.java:161)
	at java.awt.EventDispatchThread.pumpEventsForFilter(EventDispatchThread.java:154)
	at java.awt.WaitDispatchSupport$2.run(WaitDispatchSupport.java:182)
	at java.awt.WaitDispatchSupport$4.run(WaitDispatchSupport.java:221)
	at java.security.AccessController.doPrivileged(Native Method)
	at java.awt.WaitDispatchSupport.enter(WaitDispatchSupport.java:219)
	at java.awt.Dialog.show(Dialog.java:1082)
	at java.awt.Component.show(Component.java:1655)
	at java.awt.Component.setVisible(Component.java:1607)
	at java.awt.Window.setVisible(Window.java:1014)
	at java.awt.Dialog.setVisible(Dialog.java:1005)
	at forms.FrmMain.jButtonAdminActionPerformed(FrmMain.java:1380)
	at forms.FrmMain.access$1300(FrmMain.java:39)
	at forms.FrmMain$MyKeyListener.keyOverride(FrmMain.java:266)
	at forms.FrmMain$MyKeyListener.keyPressed(FrmMain.java:190)
	at java.awt.AWTEventMulticaster.keyPressed(AWTEventMulticaster.java:250)
	at java.awt.Component.processKeyEvent(Component.java:6474)
	at javax.swing.JComponent.processKeyEvent(JComponent.java:2828)
	at java.awt.Component.processEvent(Component.java:6293)
	at java.awt.Container.processEvent(Container.java:2229)
	at java.awt.Component.dispatchEventImpl(Component.java:4872)
	at java.awt.Container.dispatchEventImpl(Container.java:2287)
	at java.awt.Component.dispatchEvent(Component.java:4698)
	at java.awt.KeyboardFocusManager.redispatchEvent(KeyboardFocusManager.java:1895)
	at java.awt.DefaultKeyboardFocusManager.dispatchKeyEvent(DefaultKeyboardFocusManager.java:762)
	at java.awt.DefaultKeyboardFocusManager.preDispatchKeyEvent(DefaultKeyboardFocusManager.java:1027)
	at java.awt.DefaultKeyboardFocusManager.typeAheadAssertions(DefaultKeyboardFocusManager.java:899)
	at java.awt.DefaultKeyboardFocusManager.dispatchEvent(DefaultKeyboardFocusManager.java:727)
	at java.awt.Component.dispatchEventImpl(Component.java:4742)
	at java.awt.Container.dispatchEventImpl(Container.java:2287)
	at java.awt.Window.dispatchEventImpl(Window.java:2719)
	at java.awt.Component.dispatchEvent(Component.java:4698)
	at java.awt.EventQueue.dispatchEventImpl(EventQueue.java:735)
	at java.awt.EventQueue.access$200(EventQueue.java:103)
	at java.awt.EventQueue$3.run(EventQueue.java:694)
	at java.awt.EventQueue$3.run(EventQueue.java:692)
	at java.security.AccessController.doPrivileged(Native Method)
	at java.security.ProtectionDomain$1.doIntersectionPrivilege(ProtectionDomain.java:76)
	at java.security.ProtectionDomain$1.doIntersectionPrivilege(ProtectionDomain.java:87)
	at java.awt.EventQueue$4.run(EventQueue.java:708)
	at java.awt.EventQueue$4.run(EventQueue.java:706)
	at java.security.AccessController.doPrivileged(Native Method)
	at java.security.ProtectionDomain$1.doIntersectionPrivilege(ProtectionDomain.java:76)
	at java.awt.EventQueue.dispatchEvent(EventQueue.java:705)
	at java.awt.EventDispatchThread.pumpOneEventForFilters(EventDispatchThread.java:242)
	at java.awt.EventDispatchThread.pumpEventsForFilter(EventDispatchThread.java:161)
	at java.awt.EventDispatchThread.pumpEventsForHierarchy(EventDispatchThread.java:150)
	at java.awt.EventDispatchThread.pumpEvents(EventDispatchThread.java:146)
	at java.awt.EventDispatchThread.pumpEvents(EventDispatchThread.java:138)
	at java.awt.EventDispatchThread.run(EventDispatchThread.java:91)

июн 24, 2015 5:08:25 PM main.MyUtil errorToLog
SEVERE: Exception:
java.lang.NullPointerException
	at tablemodel.TmOrderAutoContent.<init>(TmOrderAutoContent.java:22)
	at forms.FrmOrderEditAuto.requeryOrderContent(FrmOrderEditAuto.java:158)
	at forms.FrmOrderEditAuto.<init>(FrmOrderEditAuto.java:109)
	at forms.FrmOrderList.jButtonDocEditActionPerformed(FrmOrderList.java:198)
	at forms.FrmOrderList.jButtonDocEditActionPerformed(FrmOrderList.java:761)
	at forms.FrmOrderList.access$1200(FrmOrderList.java:45)
	at forms.FrmOrderList$7.actionPerformed(FrmOrderList.java:573)
	at javax.swing.AbstractButton.fireActionPerformed(AbstractButton.java:2018)
	at javax.swing.AbstractButton$Handler.actionPerformed(AbstractButton.java:2341)
	at javax.swing.DefaultButtonModel.fireActionPerformed(DefaultButtonModel.java:402)
	at javax.swing.DefaultButtonModel.setPressed(DefaultButtonModel.java:259)
	at javax.swing.plaf.basic.BasicButtonListener.mouseReleased(BasicButtonListener.java:252)
	at java.awt.AWTEventMulticaster.mouseReleased(AWTEventMulticaster.java:289)
	at java.awt.Component.processMouseEvent(Component.java:6516)
	at javax.swing.JComponent.processMouseEvent(JComponent.java:3320)
	at java.awt.Component.processEvent(Component.java:6281)
	at java.awt.Container.processEvent(Container.java:2229)
	at java.awt.Component.dispatchEventImpl(Component.java:4872)
	at java.awt.Container.dispatchEventImpl(Container.java:2287)
	at java.awt.Component.dispatchEvent(Component.java:4698)
	at java.awt.LightweightDispatcher.retargetMouseEvent(Container.java:4832)
	at java.awt.LightweightDispatcher.processMouseEvent(Container.java:4492)
	at java.awt.LightweightDispatcher.dispatchEvent(Container.java:4422)
	at java.awt.Container.dispatchEventImpl(Container.java:2273)
	at java.awt.Window.dispatchEventImpl(Window.java:2719)
	at java.awt.Component.dispatchEvent(Component.java:4698)
	at java.awt.EventQueue.dispatchEventImpl(EventQueue.java:735)
	at java.awt.EventQueue.access$200(EventQueue.java:103)
	at java.awt.EventQueue$3.run(EventQueue.java:694)
	at java.awt.EventQueue$3.run(EventQueue.java:692)
	at java.security.AccessController.doPrivileged(Native Method)
	at java.security.ProtectionDomain$1.doIntersectionPrivilege(ProtectionDomain.java:76)
	at java.security.ProtectionDomain$1.doIntersectionPrivilege(ProtectionDomain.java:87)
	at java.awt.EventQueue$4.run(EventQueue.java:708)
	at java.awt.EventQueue$4.run(EventQueue.java:706)
	at java.security.AccessController.doPrivileged(Native Method)
	at java.security.ProtectionDomain$1.doIntersectionPrivilege(ProtectionDomain.java:76)
	at java.awt.EventQueue.dispatchEvent(EventQueue.java:705)
	at java.awt.EventDispatchThread.pumpOneEventForFilters(EventDispatchThread.java:242)
	at java.awt.EventDispatchThread.pumpEventsForFilter(EventDispatchThread.java:161)
	at java.awt.EventDispatchThread.pumpEventsForFilter(EventDispatchThread.java:154)
	at java.awt.WaitDispatchSupport$2.run(WaitDispatchSupport.java:182)
	at java.awt.WaitDispatchSupport$4.run(WaitDispatchSupport.java:221)
	at java.security.AccessController.doPrivileged(Native Method)
	at java.awt.WaitDispatchSupport.enter(WaitDispatchSupport.java:219)
	at java.awt.Dialog.show(Dialog.java:1082)
	at java.awt.Component.show(Component.java:1655)
	at java.awt.Component.setVisible(Component.java:1607)
	at java.awt.Window.setVisible(Window.java:1014)
	at java.awt.Dialog.setVisible(Dialog.java:1005)
	at forms.FrmAdmin.jButtonOrderActionPerformed(FrmAdmin.java:73)
	at forms.FrmAdmin.jButtonOrderActionPerformed(FrmAdmin.java:617)
	at forms.FrmAdmin.access$500(FrmAdmin.java:27)
	at forms.FrmAdmin$3.actionPerformed(FrmAdmin.java:300)
	at javax.swing.AbstractButton.fireActionPerformed(AbstractButton.java:2018)
	at javax.swing.AbstractButton$Handler.actionPerformed(AbstractButton.java:2341)
	at javax.swing.DefaultButtonModel.fireActionPerformed(DefaultButtonModel.java:402)
	at javax.swing.DefaultButtonModel.setPressed(DefaultButtonModel.java:259)
	at javax.swing.plaf.basic.BasicButtonListener.mouseReleased(BasicButtonListener.java:252)
	at java.awt.AWTEventMulticaster.mouseReleased(AWTEventMulticaster.java:289)
	at java.awt.Component.processMouseEvent(Component.java:6516)
	at javax.swing.JComponent.processMouseEvent(JComponent.java:3320)
	at java.awt.Component.processEvent(Component.java:6281)
	at java.awt.Container.processEvent(Container.java:2229)
	at java.awt.Component.dispatchEventImpl(Component.java:4872)
	at java.awt.Container.dispatchEventImpl(Container.java:2287)
	at java.awt.Component.dispatchEvent(Component.java:4698)
	at java.awt.LightweightDispatcher.retargetMouseEvent(Container.java:4832)
	at java.awt.LightweightDispatcher.processMouseEvent(Container.java:4492)
	at java.awt.LightweightDispatcher.dispatchEvent(Container.java:4422)
	at java.awt.Container.dispatchEventImpl(Container.java:2273)
	at java.awt.Window.dispatchEventImpl(Window.java:2719)
	at java.awt.Component.dispatchEvent(Component.java:4698)
	at java.awt.EventQueue.dispatchEventImpl(EventQueue.java:735)
	at java.awt.EventQueue.access$200(EventQueue.java:103)
	at java.awt.EventQueue$3.run(EventQueue.java:694)
	at java.awt.EventQueue$3.run(EventQueue.java:692)
	at java.security.AccessController.doPrivileged(Native Method)
	at java.security.ProtectionDomain$1.doIntersectionPrivilege(ProtectionDomain.java:76)
	at java.security.ProtectionDomain$1.doIntersectionPrivilege(ProtectionDomain.java:87)
	at java.awt.EventQueue$4.run(EventQueue.java:708)
	at java.awt.EventQueue$4.run(EventQueue.java:706)
	at java.security.AccessController.doPrivileged(Native Method)
	at java.security.ProtectionDomain$1.doIntersectionPrivilege(ProtectionDomain.java:76)
	at java.awt.EventQueue.dispatchEvent(EventQueue.java:705)
	at java.awt.EventDispatchThread.pumpOneEventForFilters(EventDispatchThread.java:242)
	at java.awt.EventDispatchThread.pumpEventsForFilter(EventDispatchThread.java:161)
	at java.awt.EventDispatchThread.pumpEventsForFilter(EventDispatchThread.java:154)
	at java.awt.WaitDispatchSupport$2.run(WaitDispatchSupport.java:182)
	at java.awt.WaitDispatchSupport$4.run(WaitDispatchSupport.java:221)
	at java.security.AccessController.doPrivileged(Native Method)
	at java.awt.WaitDispatchSupport.enter(WaitDispatchSupport.java:219)
	at java.awt.Dialog.show(Dialog.java:1082)
	at java.awt.Component.show(Component.java:1655)
	at java.awt.Component.setVisible(Component.java:1607)
	at java.awt.Window.setVisible(Window.java:1014)
	at java.awt.Dialog.setVisible(Dialog.java:1005)
	at forms.FrmMain.jButtonAdminActionPerformed(FrmMain.java:1380)
	at forms.FrmMain.access$1300(FrmMain.java:39)
	at forms.FrmMain$MyKeyListener.keyOverride(FrmMain.java:266)
	at forms.FrmMain$MyKeyListener.keyPressed(FrmMain.java:190)
	at java.awt.AWTEventMulticaster.keyPressed(AWTEventMulticaster.java:250)
	at java.awt.Component.processKeyEvent(Component.java:6474)
	at javax.swing.JComponent.processKeyEvent(JComponent.java:2828)
	at java.awt.Component.processEvent(Component.java:6293)
	at java.awt.Container.processEvent(Container.java:2229)
	at java.awt.Component.dispatchEventImpl(Component.java:4872)
	at java.awt.Container.dispatchEventImpl(Container.java:2287)
	at java.awt.Component.dispatchEvent(Component.java:4698)
	at java.awt.KeyboardFocusManager.redispatchEvent(KeyboardFocusManager.java:1895)
	at java.awt.DefaultKeyboardFocusManager.dispatchKeyEvent(DefaultKeyboardFocusManager.java:762)
	at java.awt.DefaultKeyboardFocusManager.preDispatchKeyEvent(DefaultKeyboardFocusManager.java:1027)
	at java.awt.DefaultKeyboardFocusManager.typeAheadAssertions(DefaultKeyboardFocusManager.java:899)
	at java.awt.DefaultKeyboardFocusManager.dispatchEvent(DefaultKeyboardFocusManager.java:727)
	at java.awt.Component.dispatchEventImpl(Component.java:4742)
	at java.awt.Container.dispatchEventImpl(Container.java:2287)
	at java.awt.Window.dispatchEventImpl(Window.java:2719)
	at java.awt.Component.dispatchEvent(Component.java:4698)
	at java.awt.EventQueue.dispatchEventImpl(EventQueue.java:735)
	at java.awt.EventQueue.access$200(EventQueue.java:103)
	at java.awt.EventQueue$3.run(EventQueue.java:694)
	at java.awt.EventQueue$3.run(EventQueue.java:692)
	at java.security.AccessController.doPrivileged(Native Method)
	at java.security.ProtectionDomain$1.doIntersectionPrivilege(ProtectionDomain.java:76)
	at java.security.ProtectionDomain$1.doIntersectionPrivilege(ProtectionDomain.java:87)
	at java.awt.EventQueue$4.run(EventQueue.java:708)
	at java.awt.EventQueue$4.run(EventQueue.java:706)
	at java.security.AccessController.doPrivileged(Native Method)
	at java.security.ProtectionDomain$1.doIntersectionPrivilege(ProtectionDomain.java:76)
	at java.awt.EventQueue.dispatchEvent(EventQueue.java:705)
	at java.awt.EventDispatchThread.pumpOneEventForFilters(EventDispatchThread.java:242)
	at java.awt.EventDispatchThread.pumpEventsForFilter(EventDispatchThread.java:161)
	at java.awt.EventDispatchThread.pumpEventsForHierarchy(EventDispatchThread.java:150)
	at java.awt.EventDispatchThread.pumpEvents(EventDispatchThread.java:146)
	at java.awt.EventDispatchThread.pumpEvents(EventDispatchThread.java:138)
	at java.awt.EventDispatchThread.run(EventDispatchThread.java:91)

