фев 09, 2017 12:11:46 PM main.MyUtil messageToLog
INFO: ошибка генерации CSV файла
фев 10, 2017 4:25:04 PM main.MyUtil messageToLog
INFO: SHOP v.15.08.18 1010
фев 10, 2017 4:25:04 PM main.MyUtil messageToLog
INFO: SHOP v.15.08.18 1010
фев 10, 2017 4:27:38 PM main.MyUtil messageToLog
INFO: SHOP v.15.08.18 1010
фев 10, 2017 4:27:38 PM main.MyUtil messageToLog
INFO: SHOP v.15.08.18 1010
фев 10, 2017 4:27:41 PM main.MyUtil messageToLog
INFO: файл скачан успешно: http://stat.priroda.pp.ua/shopv2/shop-k/goods_1000.csv
фев 10, 2017 4:29:19 PM main.MyUtil messageToLog
INFO: SHOP v.15.08.18 1010
фев 10, 2017 4:29:19 PM main.MyUtil messageToLog
INFO: SHOP v.15.08.18 1010
фев 10, 2017 4:29:23 PM main.MyUtil messageToLog
INFO: файл скачан успешно: http://stat.priroda.pp.ua/shopv2/shop-k/goods_1000.csv
фев 10, 2017 4:29:39 PM main.MyUtil messageToLog
INFO: SHOP v.15.08.18 1010
фев 10, 2017 4:29:39 PM main.MyUtil messageToLog
INFO: SHOP v.15.08.18 1010
фев 10, 2017 4:29:42 PM main.MyUtil messageToLog
INFO: файл скачан успешно: http://stat.priroda.pp.ua/shopv2/shop-k/goods_1000.csv
фев 10, 2017 4:33:11 PM main.MyUtil messageToLog
INFO: SHOP v.15.08.18 1010
фев 10, 2017 4:33:11 PM main.MyUtil messageToLog
INFO: SHOP v.15.08.18 1010
фев 10, 2017 4:33:51 PM main.MyUtil messageToLog
INFO: SHOP v.15.08.18 1010
фев 10, 2017 4:33:51 PM main.MyUtil messageToLog
INFO: SHOP v.15.08.18 1010
фев 10, 2017 4:33:53 PM main.MyUtil messageToLog
INFO: файл скачан успешно: http://stat.priroda.pp.ua/shopv2/shop-k/goods_1000.csv
фев 10, 2017 6:10:52 PM main.MyUtil messageToLog
INFO: SHOP v.15.08.18 1010
фев 10, 2017 6:10:52 PM main.MyUtil messageToLog
INFO: SHOP v.15.08.18 1010
фев 10, 2017 6:10:56 PM main.MyUtil messageToLog
INFO: файл скачан успешно: http://stat.priroda.pp.ua/shopv2/shop-k/goods_1000.csv
фев 11, 2017 10:56:09 AM main.MyUtil messageToLog
INFO: SHOP v.15.08.18 1010
фев 11, 2017 10:56:10 AM main.MyUtil messageToLog
INFO: SHOP v.15.08.18 1010
фев 11, 2017 10:56:12 AM main.MyUtil messageToLog
INFO: файл скачан успешно: http://stat.priroda.pp.ua/shopv2/shop-k/goods_1000.csv
фев 14, 2017 2:27:47 PM main.MyUtil messageToLog
INFO: SHOP v.15.08.18 1010
фев 14, 2017 2:27:47 PM main.MyUtil messageToLog
INFO: SHOP v.15.08.18 1010
фев 14, 2017 2:27:51 PM main.MyUtil messageToLog
INFO: файл скачан успешно: http://stat.priroda.pp.ua/shopv2/shop-k/goods_1000.csv
мая 01, 2017 11:34:59 AM main.MyUtil messageToLog
INFO: SHOP v.15.08.18 1010
мая 01, 2017 11:34:59 AM main.MyUtil messageToLog
INFO: SHOP v.15.08.18 1010
мая 01, 2017 11:35:01 AM main.MyUtil messageToLog
INFO: файл скачан успешно: http://stat.priroda.pp.ua/shopv2/shop-k/goods_6211.csv
мая 05, 2017 11:09:48 AM main.MyUtil messageToLog
INFO: ошибка генерации CSV файла
